<?xml version="1.0" encoding="utf-8"?>
<TestRun id="20937e8a-38c2-4c89-923f-db4bee07de16" name="luiz.barbieri@LAPTOP-1EMVEQGB 2024-01-05 15:41:06" runUser="LAPTOP-1EMVEQGB\luiz.barbieri" xmlns="http://microsoft.com/schemas/VisualStudio/TeamTest/2010">
  <Times creation="2024-01-05T15:41:06.6916628+01:00" queuing="2024-01-05T15:41:06.6916633+01:00" start="2024-01-05T15:41:04.9806980+01:00" finish="2024-01-05T15:41:12.1121103+01:00" />
  <TestSettings name="default" id="53c0d5f1-28f8-4ffb-8a5a-cdf991572acd">
    <Deployment runDeploymentRoot="luiz.barbieri_LAPTOP-1EMVEQGB_2024-01-05_15_41_06" />
  </TestSettings>
  <Results>
    <UnitTestResult executionId="f5ed3998-61ee-4718-8584-a8d83d540796" testId="bcccf3df-639e-e23d-1a55-0702a2507011" testName="QuickLap.Tests.TempDatabase.WithClassFixture.UserRepositoryTests.RegisterUserAsync_ShouldAddNewUserAndReturnUserId" computerName="LAPTOP-1EMVEQGB" duration="00:00:00.0046402" startTime="2024-01-05T15:41:11.9774876+01:00" endTime="2024-01-05T15:41:11.9774878+01:00" testType="13cdc9d9-ddb5-4fa4-a97d-d965ccfc6d4b" outcome="Passed" testListId="8c84fa94-04c1-424b-9868-57a2d4851a1d" relativeResultsDirectory="f5ed3998-61ee-4718-8584-a8d83d540796" />
    <UnitTestResult executionId="0ee62088-7500-4bd9-8172-67f1ea4226d7" testId="f69291b4-d9ff-622f-6c5a-ed33c0734cd5" testName="QuickLap.Tests.TempDatabase.WithoutClassFixture.UserRepositoryTests.LoginAsync_ShouldReturnFalse_WhenUserDoesNotExistWithMatchingCredentials" computerName="LAPTOP-1EMVEQGB" duration="00:00:00.4818518" startTime="2024-01-05T15:41:11.4338324+01:00" endTime="2024-01-05T15:41:11.4338326+01:00" testType="13cdc9d9-ddb5-4fa4-a97d-d965ccfc6d4b" outcome="Passed" testListId="8c84fa94-04c1-424b-9868-57a2d4851a1d" relativeResultsDirectory="0ee62088-7500-4bd9-8172-67f1ea4226d7" />
    <UnitTestResult executionId="f659849c-2295-48c7-a223-c3f95509ca4f" testId="f9893a2a-2520-d3da-e820-f067a2d2028c" testName="QuickLap.Tests.TempDatabase.WithClassFixture.ProductRepositoryTests.GetByIdAsync_ShouldThrowNotFoundException_WhenProductDoesNotExist" computerName="LAPTOP-1EMVEQGB" duration="00:00:00.0029286" startTime="2024-01-05T15:41:11.2813602+01:00" endTime="2024-01-05T15:41:11.2813604+01:00" testType="13cdc9d9-ddb5-4fa4-a97d-d965ccfc6d4b" outcome="Passed" testListId="8c84fa94-04c1-424b-9868-57a2d4851a1d" relativeResultsDirectory="f659849c-2295-48c7-a223-c3f95509ca4f" />
    <UnitTestResult executionId="8f62050d-3da0-48f7-a574-4214dccf23ab" testId="1ce97ed8-fb10-3854-70b8-17871fddcff4" testName="QuickLap.Tests.TempDatabase.WithoutClassFixture.ProductRepositoryTests.GetByIdAsync_ShouldThrowNotFoundException_WhenProductDoesNotExist" computerName="LAPTOP-1EMVEQGB" duration="00:00:01.8982736" startTime="2024-01-05T15:41:07.8001045+01:00" endTime="2024-01-05T15:41:07.8001047+01:00" testType="13cdc9d9-ddb5-4fa4-a97d-d965ccfc6d4b" outcome="Passed" testListId="8c84fa94-04c1-424b-9868-57a2d4851a1d" relativeResultsDirectory="8f62050d-3da0-48f7-a574-4214dccf23ab" />
    <UnitTestResult executionId="fe626b2d-8bd0-4cc8-93b1-92813ca71068" testId="46cd4733-3f00-6947-5995-d24d8e6c32b3" testName="QuickLap.Tests.InMemory.WithClassFixture.OrderRepositoryTests.CreateOrderAsync_ShouldCreateOrderAndReturnOrderId" computerName="LAPTOP-1EMVEQGB" duration="00:00:00.0016863" startTime="2024-01-05T15:41:06.7541475+01:00" endTime="2024-01-05T15:41:06.7541478+01:00" testType="13cdc9d9-ddb5-4fa4-a97d-d965ccfc6d4b" outcome="Passed" testListId="8c84fa94-04c1-424b-9868-57a2d4851a1d" relativeResultsDirectory="fe626b2d-8bd0-4cc8-93b1-92813ca71068" />
    <UnitTestResult executionId="b1f82bd0-b506-4c24-a2b1-b55266e520ec" testId="ad5d8362-40af-9427-71a3-2f821ca85ab7" testName="QuickLap.Tests.TempDatabase.WithoutClassFixture.CustomerRepositoryTests.RegisterCustomerAsync_ShouldRegisterCustomerAndReturnCustomerId" computerName="LAPTOP-1EMVEQGB" duration="00:00:01.9000603" startTime="2024-01-05T15:41:07.8001645+01:00" endTime="2024-01-05T15:41:07.8001646+01:00" testType="13cdc9d9-ddb5-4fa4-a97d-d965ccfc6d4b" outcome="Passed" testListId="8c84fa94-04c1-424b-9868-57a2d4851a1d" relativeResultsDirectory="b1f82bd0-b506-4c24-a2b1-b55266e520ec" />
    <UnitTestResult executionId="c50f1c84-7b5d-4e6b-84bb-03796b57ac21" testId="17ad132b-5f7c-912f-f4c3-4ece8c258e12" testName="QuickLap.Tests.InMemory.WithoutClassFixture.UserRepositoryTests.LoginAsync_ShouldReturnTrue_WhenUserExistsWithMatchingCredentials" computerName="LAPTOP-1EMVEQGB" duration="00:00:00.0102624" startTime="2024-01-05T15:41:06.6659129+01:00" endTime="2024-01-05T15:41:06.6659134+01:00" testType="13cdc9d9-ddb5-4fa4-a97d-d965ccfc6d4b" outcome="Passed" testListId="8c84fa94-04c1-424b-9868-57a2d4851a1d" relativeResultsDirectory="c50f1c84-7b5d-4e6b-84bb-03796b57ac21" />
    <UnitTestResult executionId="abf7fd1b-fc12-4d33-b0f3-866ad405b6b2" testId="3e21f879-ddde-e3cc-eecb-52ab7bff2b5f" testName="QuickLap.Tests.TempDatabase.WithoutClassFixture.OrderRepositoryTests.CreateOrderAsync_ShouldCreateOrderAndReturnOrderId" computerName="LAPTOP-1EMVEQGB" duration="00:00:00.9852425" startTime="2024-01-05T15:41:09.9013284+01:00" endTime="2024-01-05T15:41:09.9013289+01:00" testType="13cdc9d9-ddb5-4fa4-a97d-d965ccfc6d4b" outcome="Passed" testListId="8c84fa94-04c1-424b-9868-57a2d4851a1d" relativeResultsDirectory="abf7fd1b-fc12-4d33-b0f3-866ad405b6b2" />
    <UnitTestResult executionId="356b5a63-eed7-40e2-bfa5-7222dae9d2bc" testId="f27469e9-43f0-6ebf-d1b9-a71d754c65d0" testName="QuickLap.Tests.InMemory.WithoutClassFixture.UserRepositoryTests.RegisterUserAsync_ShouldAddNewUserAndReturnUserId" computerName="LAPTOP-1EMVEQGB" duration="00:00:00.6975867" startTime="2024-01-05T15:41:06.6444217+01:00" endTime="2024-01-05T15:41:06.6444218+01:00" testType="13cdc9d9-ddb5-4fa4-a97d-d965ccfc6d4b" outcome="Passed" testListId="8c84fa94-04c1-424b-9868-57a2d4851a1d" relativeResultsDirectory="356b5a63-eed7-40e2-bfa5-7222dae9d2bc" />
    <UnitTestResult executionId="744fb50a-cdb8-49f6-9151-8bb88e07c9d7" testId="e3a06078-0b50-7fbf-f666-aaffc96526a5" testName="QuickLap.Tests.InMemory.WithoutClassFixture.OrderRepositoryTests.AddOrderItemAsync_ShouldIncrementOrderItem_WhenOrderAlreadyHasProduct" computerName="LAPTOP-1EMVEQGB" duration="00:00:00.0047588" startTime="2024-01-05T15:41:06.7513674+01:00" endTime="2024-01-05T15:41:06.7513677+01:00" testType="13cdc9d9-ddb5-4fa4-a97d-d965ccfc6d4b" outcome="Passed" testListId="8c84fa94-04c1-424b-9868-57a2d4851a1d" relativeResultsDirectory="744fb50a-cdb8-49f6-9151-8bb88e07c9d7" />
    <UnitTestResult executionId="e2ca42c6-8b3a-41dd-a763-d9b4c123de04" testId="d54318f1-4ee1-ea7d-c831-d97ce15fd952" testName="QuickLap.Tests.InMemory.WithClassFixture.UserRepositoryTests.RegisterUserAsync_ShouldAddNewUserAndReturnUserId" computerName="LAPTOP-1EMVEQGB" duration="00:00:00.0007823" startTime="2024-01-05T15:41:06.7713226+01:00" endTime="2024-01-05T15:41:06.7713230+01:00" testType="13cdc9d9-ddb5-4fa4-a97d-d965ccfc6d4b" outcome="Passed" testListId="8c84fa94-04c1-424b-9868-57a2d4851a1d" relativeResultsDirectory="e2ca42c6-8b3a-41dd-a763-d9b4c123de04" />
    <UnitTestResult executionId="088c0ed9-81f7-4909-a61b-f1d96afb8e13" testId="8a0bfc88-7ee3-3d0b-4a12-3a518ab90276" testName="QuickLap.Tests.InMemory.WithClassFixture.CustomerRepositoryTests.RegisterCustomerAsync_ShouldThrowEntityAlreadyExistsException_WhenCustomerWithEmailAlreadyExists" computerName="LAPTOP-1EMVEQGB" duration="00:00:00.5643285" startTime="2024-01-05T15:41:06.5974169+01:00" endTime="2024-01-05T15:41:06.5974171+01:00" testType="13cdc9d9-ddb5-4fa4-a97d-d965ccfc6d4b" outcome="Passed" testListId="8c84fa94-04c1-424b-9868-57a2d4851a1d" relativeResultsDirectory="088c0ed9-81f7-4909-a61b-f1d96afb8e13" />
    <UnitTestResult executionId="89e6769e-b359-4cef-a19a-0c69d5764eca" testId="4f69fe12-90de-841d-6b23-9fab0acbe0d1" testName="QuickLap.Tests.InMemory.WithoutClassFixture.CustomerRepositoryTests.RegisterCustomerAsync_ShouldRegisterCustomerAndReturnCustomerId" computerName="LAPTOP-1EMVEQGB" duration="00:00:00.0387554" startTime="2024-01-05T15:41:06.6445509+01:00" endTime="2024-01-05T15:41:06.6445509+01:00" testType="13cdc9d9-ddb5-4fa4-a97d-d965ccfc6d4b" outcome="Passed" testListId="8c84fa94-04c1-424b-9868-57a2d4851a1d" relativeResultsDirectory="89e6769e-b359-4cef-a19a-0c69d5764eca" />
    <UnitTestResult executionId="950f04ac-6756-4f81-84af-3901d32ae206" testId="1ca4d800-a8da-27e1-b1e3-d6e6f0fadfa2" testName="QuickLap.Tests.TempDatabase.WithClassFixture.CustomerRepositoryTests.RegisterCustomerAsync_ShouldThrowEntityAlreadyExistsException_WhenCustomerWithEmailAlreadyExists" computerName="LAPTOP-1EMVEQGB" duration="00:00:00.0083081" startTime="2024-01-05T15:41:08.3236504+01:00" endTime="2024-01-05T15:41:08.3236506+01:00" testType="13cdc9d9-ddb5-4fa4-a97d-d965ccfc6d4b" outcome="Passed" testListId="8c84fa94-04c1-424b-9868-57a2d4851a1d" relativeResultsDirectory="950f04ac-6756-4f81-84af-3901d32ae206" />
    <UnitTestResult executionId="e560b58c-d1bc-48bb-921b-96838fcbd185" testId="cb1fe8fb-11af-cc48-d956-4ad557f4be3f" testName="QuickLap.Tests.InMemory.WithClassFixture.OrderRepositoryTests.AddOrderItemAsync_ShouldIncrementOrderItem_WhenOrderAlreadyHasProduct" computerName="LAPTOP-1EMVEQGB" duration="00:00:00.1380190" startTime="2024-01-05T15:41:06.7464931+01:00" endTime="2024-01-05T15:41:06.7464937+01:00" testType="13cdc9d9-ddb5-4fa4-a97d-d965ccfc6d4b" outcome="Passed" testListId="8c84fa94-04c1-424b-9868-57a2d4851a1d" relativeResultsDirectory="e560b58c-d1bc-48bb-921b-96838fcbd185" />
    <UnitTestResult executionId="36f0009c-b1c5-4845-8ba0-d09b377666eb" testId="cc4f8100-58c9-5b75-1d07-4ffac49e0314" testName="QuickLap.Tests.InMemory.WithClassFixture.UserRepositoryTests.RegisterUserAsync_ShouldThrowEntityAlreadyExistsException_WhenUserWithEmailAlreadyExists" computerName="LAPTOP-1EMVEQGB" duration="00:00:00.0029600" startTime="2024-01-05T15:41:06.7766703+01:00" endTime="2024-01-05T15:41:06.7766705+01:00" testType="13cdc9d9-ddb5-4fa4-a97d-d965ccfc6d4b" outcome="Passed" testListId="8c84fa94-04c1-424b-9868-57a2d4851a1d" relativeResultsDirectory="36f0009c-b1c5-4845-8ba0-d09b377666eb" />
    <UnitTestResult executionId="6184b85a-8cf2-44c8-9771-f09eaa2dc70e" testId="acc3284d-1420-0d7b-41bc-aa95c6df0173" testName="QuickLap.Tests.InMemory.WithClassFixture.UserRepositoryTests.LoginAsync_ShouldReturnTrue_WhenUserExistsWithMatchingCredentials" computerName="LAPTOP-1EMVEQGB" duration="00:00:00.0014077" startTime="2024-01-05T15:41:06.7704789+01:00" endTime="2024-01-05T15:41:06.7704791+01:00" testType="13cdc9d9-ddb5-4fa4-a97d-d965ccfc6d4b" outcome="Passed" testListId="8c84fa94-04c1-424b-9868-57a2d4851a1d" relativeResultsDirectory="6184b85a-8cf2-44c8-9771-f09eaa2dc70e" />
    <UnitTestResult executionId="1a14d34c-bd4c-4664-bf14-0715128cfad0" testId="a02524af-43bd-b2a2-47ad-803ed7126c48" testName="QuickLap.Tests.TempDatabase.WithoutClassFixture.UserRepositoryTests.CompleteProfileAsync_ShouldUpdateUserDetails_WhenUserExists" computerName="LAPTOP-1EMVEQGB" duration="00:00:00.9105939" startTime="2024-01-05T15:41:08.7038099+01:00" endTime="2024-01-05T15:41:08.7038102+01:00" testType="13cdc9d9-ddb5-4fa4-a97d-d965ccfc6d4b" outcome="Passed" testListId="8c84fa94-04c1-424b-9868-57a2d4851a1d" relativeResultsDirectory="1a14d34c-bd4c-4664-bf14-0715128cfad0" />
    <UnitTestResult executionId="abec06ee-ac83-4cc7-a061-df6b67c522e4" testId="91d5ff86-719d-b058-4dd2-8c8cff7f4977" testName="QuickLap.Tests.InMemory.WithClassFixture.OrderRepositoryTests.AddOrderItemAsync_ShouldAddOrderItem_WhenOrderDoesntHaveProductYet" computerName="LAPTOP-1EMVEQGB" duration="00:00:00.0057636" startTime="2024-01-05T15:41:06.7523453+01:00" endTime="2024-01-05T15:41:06.7523455+01:00" testType="13cdc9d9-ddb5-4fa4-a97d-d965ccfc6d4b" outcome="Passed" testListId="8c84fa94-04c1-424b-9868-57a2d4851a1d" relativeResultsDirectory="abec06ee-ac83-4cc7-a061-df6b67c522e4" />
    <UnitTestResult executionId="c2a93fb3-ae51-4406-9bc6-2e6241104633" testId="62f51c8a-217e-863f-ca17-944dcaffe5fa" testName="QuickLap.Tests.TempDatabase.WithClassFixture.OrderRepositoryTests.CreateOrderAsync_ShouldCreateOrderAndReturnOrderId" computerName="LAPTOP-1EMVEQGB" duration="00:00:00.0096619" startTime="2024-01-05T15:41:10.1246827+01:00" endTime="2024-01-05T15:41:10.1246829+01:00" testType="13cdc9d9-ddb5-4fa4-a97d-d965ccfc6d4b" outcome="Passed" testListId="8c84fa94-04c1-424b-9868-57a2d4851a1d" relativeResultsDirectory="c2a93fb3-ae51-4406-9bc6-2e6241104633" />
    <UnitTestResult executionId="15fa5b66-6e8e-4c60-afa4-1fe6a97e110a" testId="b4542277-6809-6c2d-048c-f7cc829b890f" testName="QuickLap.Tests.InMemory.WithClassFixture.ProductRepositoryTests.GetByIdAsync_ShouldThrowNotFoundException_WhenProductDoesNotExist" computerName="LAPTOP-1EMVEQGB" duration="00:00:00.0028086" startTime="2024-01-05T15:41:06.7600747+01:00" endTime="2024-01-05T15:41:06.7600751+01:00" testType="13cdc9d9-ddb5-4fa4-a97d-d965ccfc6d4b" outcome="Passed" testListId="8c84fa94-04c1-424b-9868-57a2d4851a1d" relativeResultsDirectory="15fa5b66-6e8e-4c60-afa4-1fe6a97e110a" />
    <UnitTestResult executionId="429fd26b-14ca-474b-8fee-c3355fca9eed" testId="77dcc98d-6b07-895c-8129-9b4d9c09ef23" testName="QuickLap.Tests.InMemory.WithClassFixture.ProductRepositoryTests.GetByIdAsync_ShouldReturnProduct_WhenProductExists" computerName="LAPTOP-1EMVEQGB" duration="00:00:00.0023347" startTime="2024-01-05T15:41:06.7571185+01:00" endTime="2024-01-05T15:41:06.7571189+01:00" testType="13cdc9d9-ddb5-4fa4-a97d-d965ccfc6d4b" outcome="Passed" testListId="8c84fa94-04c1-424b-9868-57a2d4851a1d" relativeResultsDirectory="429fd26b-14ca-474b-8fee-c3355fca9eed" />
    <UnitTestResult executionId="f8f875b6-a87f-41e9-aaff-e4efde36de07" testId="87948de4-9d20-5a73-e5b9-b63baec58b80" testName="QuickLap.Tests.InMemory.WithClassFixture.ProductRepositoryTests.AddProductAsync_ShouldAddProductAndReturnProductId" computerName="LAPTOP-1EMVEQGB" duration="00:00:00.0024729" startTime="2024-01-05T15:41:06.7662678+01:00" endTime="2024-01-05T15:41:06.7662680+01:00" testType="13cdc9d9-ddb5-4fa4-a97d-d965ccfc6d4b" outcome="Passed" testListId="8c84fa94-04c1-424b-9868-57a2d4851a1d" relativeResultsDirectory="f8f875b6-a87f-41e9-aaff-e4efde36de07" />
    <UnitTestResult executionId="2211ae9a-e8bb-4198-8f93-f3b09cde91ac" testId="75dbc904-454d-3fba-c563-bb7ebffd7ca8" testName="QuickLap.Tests.InMemory.WithoutClassFixture.ProductRepositoryTests.GetByIdAsync_ShouldReturnProduct_WhenProductExists" computerName="LAPTOP-1EMVEQGB" duration="00:00:00.0819768" startTime="2024-01-05T15:41:06.6737411+01:00" endTime="2024-01-05T15:41:06.6737413+01:00" testType="13cdc9d9-ddb5-4fa4-a97d-d965ccfc6d4b" outcome="Passed" testListId="8c84fa94-04c1-424b-9868-57a2d4851a1d" relativeResultsDirectory="2211ae9a-e8bb-4198-8f93-f3b09cde91ac" />
    <UnitTestResult executionId="e0a3278c-0b56-4b4a-96e0-d40c74c9882f" testId="3b75b512-251c-f426-eca2-062a7bced349" testName="QuickLap.Tests.InMemory.WithoutClassFixture.UserRepositoryTests.RegisterUserAsync_ShouldThrowEntityAlreadyExistsException_WhenUserWithEmailAlreadyExists" computerName="LAPTOP-1EMVEQGB" duration="00:00:00.0048490" startTime="2024-01-05T15:41:06.6708592+01:00" endTime="2024-01-05T15:41:06.6708594+01:00" testType="13cdc9d9-ddb5-4fa4-a97d-d965ccfc6d4b" outcome="Passed" testListId="8c84fa94-04c1-424b-9868-57a2d4851a1d" relativeResultsDirectory="e0a3278c-0b56-4b4a-96e0-d40c74c9882f" />
    <UnitTestResult executionId="0c88806b-ea3a-4c5f-8869-cc016c6d4443" testId="c884c42f-7db6-eac8-2502-dfd7a63da7ae" testName="QuickLap.Tests.TempDatabase.WithClassFixture.UserRepositoryTests.LoginAsync_ShouldReturnTrue_WhenUserExistsWithMatchingCredentials" computerName="LAPTOP-1EMVEQGB" duration="00:00:00.0067306" startTime="2024-01-05T15:41:11.9662580+01:00" endTime="2024-01-05T15:41:11.9662581+01:00" testType="13cdc9d9-ddb5-4fa4-a97d-d965ccfc6d4b" outcome="Passed" testListId="8c84fa94-04c1-424b-9868-57a2d4851a1d" relativeResultsDirectory="0c88806b-ea3a-4c5f-8869-cc016c6d4443" />
    <UnitTestResult executionId="2b37787f-eb8c-46b0-ad3c-d4cff3eec758" testId="c8848481-7ad0-8453-ece5-9433c79d6bfd" testName="QuickLap.Tests.TempDatabase.WithoutClassFixture.ProductRepositoryTests.GetByIdAsync_ShouldReturnProduct_WhenProductExists" computerName="LAPTOP-1EMVEQGB" duration="00:00:01.0456742" startTime="2024-01-05T15:41:08.8460208+01:00" endTime="2024-01-05T15:41:08.8460212+01:00" testType="13cdc9d9-ddb5-4fa4-a97d-d965ccfc6d4b" outcome="Passed" testListId="8c84fa94-04c1-424b-9868-57a2d4851a1d" relativeResultsDirectory="2b37787f-eb8c-46b0-ad3c-d4cff3eec758" />
    <UnitTestResult executionId="127f5342-9e2f-4442-bae0-3782e9f5f6b3" testId="905d6018-869c-38e0-c062-b2bc05ec69f9" testName="QuickLap.Tests.InMemory.WithClassFixture.UserRepositoryTests.CompleteProfileAsync_ShouldThrowNotFoundException_WhenUserDoesNotExist" computerName="LAPTOP-1EMVEQGB" duration="00:00:00.0022483" startTime="2024-01-05T15:41:06.7689823+01:00" endTime="2024-01-05T15:41:06.7689825+01:00" testType="13cdc9d9-ddb5-4fa4-a97d-d965ccfc6d4b" outcome="Passed" testListId="8c84fa94-04c1-424b-9868-57a2d4851a1d" relativeResultsDirectory="127f5342-9e2f-4442-bae0-3782e9f5f6b3" />
    <UnitTestResult executionId="cc733d31-f99f-43db-bd0d-3723aa9b67cb" testId="8fe41210-0ea1-c313-d8e7-2ecca0c2dbd5" testName="QuickLap.Tests.TempDatabase.WithoutClassFixture.OrderRepositoryTests.AddOrderItemAsync_ShouldIncrementOrderItem_WhenOrderAlreadyHasProduct" computerName="LAPTOP-1EMVEQGB" duration="00:00:01.9530873" startTime="2024-01-05T15:41:07.8531793+01:00" endTime="2024-01-05T15:41:07.8531795+01:00" testType="13cdc9d9-ddb5-4fa4-a97d-d965ccfc6d4b" outcome="Passed" testListId="8c84fa94-04c1-424b-9868-57a2d4851a1d" relativeResultsDirectory="cc733d31-f99f-43db-bd0d-3723aa9b67cb" />
    <UnitTestResult executionId="ffa4ba08-958f-4ff8-a148-d1293fb4269f" testId="2c7f51d8-210a-701e-efee-996d6690a153" testName="QuickLap.Tests.InMemory.WithoutClassFixture.OrderRepositoryTests.CreateOrderAsync_ShouldCreateOrderAndReturnOrderId" computerName="LAPTOP-1EMVEQGB" duration="00:00:00.6883830" startTime="2024-01-05T15:41:06.6441796+01:00" endTime="2024-01-05T15:41:06.6441796+01:00" testType="13cdc9d9-ddb5-4fa4-a97d-d965ccfc6d4b" outcome="Passed" testListId="8c84fa94-04c1-424b-9868-57a2d4851a1d" relativeResultsDirectory="ffa4ba08-958f-4ff8-a148-d1293fb4269f" />
    <UnitTestResult executionId="1a21a00d-144d-434f-afe5-917517408e87" testId="1b5f022a-5d30-81ba-1561-a3d481ccfa87" testName="QuickLap.Tests.InMemory.WithoutClassFixture.ProductRepositoryTests.GetAllAsync_ShouldReturnListOfProducts" computerName="LAPTOP-1EMVEQGB" duration="00:00:00.0612637" startTime="2024-01-05T15:41:06.7351581+01:00" endTime="2024-01-05T15:41:06.7351584+01:00" testType="13cdc9d9-ddb5-4fa4-a97d-d965ccfc6d4b" outcome="Passed" testListId="8c84fa94-04c1-424b-9868-57a2d4851a1d" relativeResultsDirectory="1a21a00d-144d-434f-afe5-917517408e87" />
    <UnitTestResult executionId="89e41665-febb-4826-bdf8-e235159d6cc0" testId="1ecadd98-b7c7-5952-2d0b-4875486944ab" testName="QuickLap.Tests.TempDatabase.WithClassFixture.UserRepositoryTests.RegisterUserAsync_ShouldThrowEntityAlreadyExistsException_WhenUserWithEmailAlreadyExists" computerName="LAPTOP-1EMVEQGB" duration="00:00:00.0063803" startTime="2024-01-05T15:41:11.9727363+01:00" endTime="2024-01-05T15:41:11.9727365+01:00" testType="13cdc9d9-ddb5-4fa4-a97d-d965ccfc6d4b" outcome="Passed" testListId="8c84fa94-04c1-424b-9868-57a2d4851a1d" relativeResultsDirectory="89e41665-febb-4826-bdf8-e235159d6cc0" />
    <UnitTestResult executionId="02a0449c-beeb-437f-9689-1fa508b30e1b" testId="39734f60-401d-f84c-7987-74bb30b8c344" testName="QuickLap.Tests.TempDatabase.WithClassFixture.UserRepositoryTests.CompleteProfileAsync_ShouldThrowNotFoundException_WhenUserDoesNotExist" computerName="LAPTOP-1EMVEQGB" duration="00:00:00.0032848" startTime="2024-01-05T15:41:11.9808759+01:00" endTime="2024-01-05T15:41:11.9808761+01:00" testType="13cdc9d9-ddb5-4fa4-a97d-d965ccfc6d4b" outcome="Passed" testListId="8c84fa94-04c1-424b-9868-57a2d4851a1d" relativeResultsDirectory="02a0449c-beeb-437f-9689-1fa508b30e1b" />
    <UnitTestResult executionId="cd2f10ee-b44f-4411-a46f-1278cacf7f1a" testId="95d06feb-42b2-fa49-f3af-a6f132c45fb9" testName="QuickLap.Tests.TempDatabase.WithClassFixture.OrderRepositoryTests.AddOrderItemAsync_ShouldIncrementOrderItem_WhenOrderAlreadyHasProduct" computerName="LAPTOP-1EMVEQGB" duration="00:00:00.0177129" startTime="2024-01-05T15:41:10.1148919+01:00" endTime="2024-01-05T15:41:10.1148921+01:00" testType="13cdc9d9-ddb5-4fa4-a97d-d965ccfc6d4b" outcome="Passed" testListId="8c84fa94-04c1-424b-9868-57a2d4851a1d" relativeResultsDirectory="cd2f10ee-b44f-4411-a46f-1278cacf7f1a" />
    <UnitTestResult executionId="75dee3b9-c6d5-44ca-aefe-e3d63e0ab874" testId="0b54f752-dd2f-3968-0389-a10204700fe8" testName="QuickLap.Tests.InMemory.WithClassFixture.ProductRepositoryTests.GetAllAsync_ShouldReturnListOfProducts" computerName="LAPTOP-1EMVEQGB" duration="00:00:00.0034920" startTime="2024-01-05T15:41:06.7636854+01:00" endTime="2024-01-05T15:41:06.7636858+01:00" testType="13cdc9d9-ddb5-4fa4-a97d-d965ccfc6d4b" outcome="Passed" testListId="8c84fa94-04c1-424b-9868-57a2d4851a1d" relativeResultsDirectory="75dee3b9-c6d5-44ca-aefe-e3d63e0ab874" />
    <UnitTestResult executionId="4bf06c5e-d628-4652-9945-b70720b95d6c" testId="6c74461b-c721-c6fa-74ed-1a09f55f2b69" testName="QuickLap.Tests.InMemory.WithoutClassFixture.UserRepositoryTests.CompleteProfileAsync_ShouldUpdateUserDetails_WhenUserExists" computerName="LAPTOP-1EMVEQGB" duration="00:00:00.0119098" startTime="2024-01-05T15:41:06.6554715+01:00" endTime="2024-01-05T15:41:06.6554720+01:00" testType="13cdc9d9-ddb5-4fa4-a97d-d965ccfc6d4b" outcome="Passed" testListId="8c84fa94-04c1-424b-9868-57a2d4851a1d" relativeResultsDirectory="4bf06c5e-d628-4652-9945-b70720b95d6c" />
    <UnitTestResult executionId="0c402a9a-837e-4040-a336-36acfe35e885" testId="f8f79563-3b33-6a2c-4d9d-5921e3775d57" testName="QuickLap.Tests.InMemory.WithoutClassFixture.OrderRepositoryTests.AddOrderItemAsync_ShouldAddOrderItem_WhenOrderDoesntHaveProductYet" computerName="LAPTOP-1EMVEQGB" duration="00:00:00.1533165" startTime="2024-01-05T15:41:06.7465620+01:00" endTime="2024-01-05T15:41:06.7465622+01:00" testType="13cdc9d9-ddb5-4fa4-a97d-d965ccfc6d4b" outcome="Passed" testListId="8c84fa94-04c1-424b-9868-57a2d4851a1d" relativeResultsDirectory="0c402a9a-837e-4040-a336-36acfe35e885" />
    <UnitTestResult executionId="402a7790-1a5e-444d-8ced-e2ca3a92beab" testId="e2503fc9-71c3-5edf-9444-22f1ede2d00c" testName="QuickLap.Tests.TempDatabase.WithoutClassFixture.OrderRepositoryTests.AddOrderItemAsync_ShouldAddOrderItem_WhenOrderDoesntHaveProductYet" computerName="LAPTOP-1EMVEQGB" duration="00:00:01.0623258" startTime="2024-01-05T15:41:08.9157848+01:00" endTime="2024-01-05T15:41:08.9157849+01:00" testType="13cdc9d9-ddb5-4fa4-a97d-d965ccfc6d4b" outcome="Passed" testListId="8c84fa94-04c1-424b-9868-57a2d4851a1d" relativeResultsDirectory="402a7790-1a5e-444d-8ced-e2ca3a92beab" />
    <UnitTestResult executionId="0881a07f-1a82-430d-827e-0f6f0d549709" testId="55aac076-097c-3f88-8435-383763ce4eb7" testName="QuickLap.Tests.TempDatabase.WithoutClassFixture.UserRepositoryTests.LoginAsync_ShouldReturnTrue_WhenUserExistsWithMatchingCredentials" computerName="LAPTOP-1EMVEQGB" duration="00:00:00.5169276" startTime="2024-01-05T15:41:10.9518071+01:00" endTime="2024-01-05T15:41:10.9518073+01:00" testType="13cdc9d9-ddb5-4fa4-a97d-d965ccfc6d4b" outcome="Passed" testListId="8c84fa94-04c1-424b-9868-57a2d4851a1d" relativeResultsDirectory="0881a07f-1a82-430d-827e-0f6f0d549709" />
    <UnitTestResult executionId="04597923-d7bd-4caf-8b2c-2278c9be3e2d" testId="9c8225fd-c605-93c4-36cc-b14173f9b898" testName="QuickLap.Tests.InMemory.WithClassFixture.UserRepositoryTests.LoginAsync_ShouldReturnFalse_WhenUserDoesNotExistWithMatchingCredentials" computerName="LAPTOP-1EMVEQGB" duration="00:00:00.0009278" startTime="2024-01-05T15:41:06.7735641+01:00" endTime="2024-01-05T15:41:06.7735644+01:00" testType="13cdc9d9-ddb5-4fa4-a97d-d965ccfc6d4b" outcome="Passed" testListId="8c84fa94-04c1-424b-9868-57a2d4851a1d" relativeResultsDirectory="04597923-d7bd-4caf-8b2c-2278c9be3e2d" />
    <UnitTestResult executionId="c2b70582-31c0-40c0-897f-431479295826" testId="15a30c8d-3a7b-2f18-e0ee-eccdfdcd25a1" testName="QuickLap.Tests.TempDatabase.WithClassFixture.OrderRepositoryTests.AddOrderItemAsync_ShouldAddOrderItem_WhenOrderDoesntHaveProductYet" computerName="LAPTOP-1EMVEQGB" duration="00:00:00.0149008" startTime="2024-01-05T15:41:10.0969984+01:00" endTime="2024-01-05T15:41:10.0969986+01:00" testType="13cdc9d9-ddb5-4fa4-a97d-d965ccfc6d4b" outcome="Passed" testListId="8c84fa94-04c1-424b-9868-57a2d4851a1d" relativeResultsDirectory="c2b70582-31c0-40c0-897f-431479295826" />
    <UnitTestResult executionId="3d0884ed-dd6c-49c4-9c47-21361018d470" testId="024fae90-899a-19fa-0c93-3ef90e82a44f" testName="QuickLap.Tests.TempDatabase.WithClassFixture.ProductRepositoryTests.AddProductAsync_ShouldAddProductAndReturnProductId" computerName="LAPTOP-1EMVEQGB" duration="00:00:00.0066652" startTime="2024-01-05T15:41:11.2941299+01:00" endTime="2024-01-05T15:41:11.2941300+01:00" testType="13cdc9d9-ddb5-4fa4-a97d-d965ccfc6d4b" outcome="Passed" testListId="8c84fa94-04c1-424b-9868-57a2d4851a1d" relativeResultsDirectory="3d0884ed-dd6c-49c4-9c47-21361018d470" />
    <UnitTestResult executionId="83819783-5477-4e51-8d02-a00e63228677" testId="a776eefd-6596-e19f-c31f-844ddaf01d85" testName="QuickLap.Tests.TempDatabase.WithClassFixture.ProductRepositoryTests.GetByIdAsync_ShouldReturnProduct_WhenProductExists" computerName="LAPTOP-1EMVEQGB" duration="00:00:00.0085819" startTime="2024-01-05T15:41:11.2783239+01:00" endTime="2024-01-05T15:41:11.2783241+01:00" testType="13cdc9d9-ddb5-4fa4-a97d-d965ccfc6d4b" outcome="Passed" testListId="8c84fa94-04c1-424b-9868-57a2d4851a1d" relativeResultsDirectory="83819783-5477-4e51-8d02-a00e63228677" />
    <UnitTestResult executionId="21b22081-0a31-4c8b-8ab9-e891e1773632" testId="40c86054-1385-fad6-2667-fe02b9793bec" testName="QuickLap.Tests.InMemory.WithoutClassFixture.ProductRepositoryTests.AddProductAsync_ShouldAddProductAndReturnProductId" computerName="LAPTOP-1EMVEQGB" duration="00:00:00.6868355" startTime="2024-01-05T15:41:06.6006600+01:00" endTime="2024-01-05T15:41:06.6006603+01:00" testType="13cdc9d9-ddb5-4fa4-a97d-d965ccfc6d4b" outcome="Passed" testListId="8c84fa94-04c1-424b-9868-57a2d4851a1d" relativeResultsDirectory="21b22081-0a31-4c8b-8ab9-e891e1773632" />
    <UnitTestResult executionId="f0eb6a08-466d-4320-b4c9-ea007eab250c" testId="5a7c2469-1e04-f5dc-baac-f6dfaa1d46e4" testName="QuickLap.Tests.TempDatabase.WithClassFixture.CustomerRepositoryTests.RegisterCustomerAsync_ShouldRegisterCustomerAndReturnCustomerId" computerName="LAPTOP-1EMVEQGB" duration="00:00:00.0092437" startTime="2024-01-05T15:41:08.3330276+01:00" endTime="2024-01-05T15:41:08.3330278+01:00" testType="13cdc9d9-ddb5-4fa4-a97d-d965ccfc6d4b" outcome="Passed" testListId="8c84fa94-04c1-424b-9868-57a2d4851a1d" relativeResultsDirectory="f0eb6a08-466d-4320-b4c9-ea007eab250c" />
    <UnitTestResult executionId="4d6cef0c-758c-4082-8483-a91ef14caa08" testId="5756351e-1cf7-6f28-2835-4cd55f0154d2" testName="QuickLap.Tests.InMemory.WithoutClassFixture.ProductRepositoryTests.GetByIdAsync_ShouldThrowNotFoundException_WhenProductDoesNotExist" computerName="LAPTOP-1EMVEQGB" duration="00:00:00.0035690" startTime="2024-01-05T15:41:06.7388110+01:00" endTime="2024-01-05T15:41:06.7388113+01:00" testType="13cdc9d9-ddb5-4fa4-a97d-d965ccfc6d4b" outcome="Passed" testListId="8c84fa94-04c1-424b-9868-57a2d4851a1d" relativeResultsDirectory="4d6cef0c-758c-4082-8483-a91ef14caa08" />
    <UnitTestResult executionId="a85ffabb-25c9-425d-94bd-d05856030140" testId="482aa2ce-7d31-9887-f0e4-d179e27c2ce8" testName="QuickLap.Tests.InMemory.WithClassFixture.CustomerRepositoryTests.RegisterCustomerAsync_ShouldRegisterCustomerAndReturnCustomerId" computerName="LAPTOP-1EMVEQGB" duration="00:00:00.0137833" startTime="2024-01-05T15:41:06.6444649+01:00" endTime="2024-01-05T15:41:06.6444650+01:00" testType="13cdc9d9-ddb5-4fa4-a97d-d965ccfc6d4b" outcome="Passed" testListId="8c84fa94-04c1-424b-9868-57a2d4851a1d" relativeResultsDirectory="a85ffabb-25c9-425d-94bd-d05856030140" />
    <UnitTestResult executionId="188d5585-9a05-42da-bd8b-fd562bdd487c" testId="514b1ae5-96ca-d420-7127-107633ef9f36" testName="QuickLap.Tests.InMemory.WithoutClassFixture.CustomerRepositoryTests.RegisterCustomerAsync_ShouldThrowEntityAlreadyExistsException_WhenCustomerWithEmailAlreadyExists" computerName="LAPTOP-1EMVEQGB" duration="00:00:00.6811501" startTime="2024-01-05T15:41:06.5922632+01:00" endTime="2024-01-05T15:41:06.5922863+01:00" testType="13cdc9d9-ddb5-4fa4-a97d-d965ccfc6d4b" outcome="Passed" testListId="8c84fa94-04c1-424b-9868-57a2d4851a1d" relativeResultsDirectory="188d5585-9a05-42da-bd8b-fd562bdd487c" />
    <UnitTestResult executionId="8d87b0cb-9910-4576-a9a7-c531f4e85fa2" testId="ae353b48-4582-95f4-6ed3-77358877b5d5" testName="QuickLap.Tests.TempDatabase.WithClassFixture.UserRepositoryTests.CompleteProfileAsync_ShouldUpdateUserDetails_WhenUserExists" computerName="LAPTOP-1EMVEQGB" duration="00:00:00.0084957" startTime="2024-01-05T15:41:11.9894823+01:00" endTime="2024-01-05T15:41:11.9894825+01:00" testType="13cdc9d9-ddb5-4fa4-a97d-d965ccfc6d4b" outcome="Passed" testListId="8c84fa94-04c1-424b-9868-57a2d4851a1d" relativeResultsDirectory="8d87b0cb-9910-4576-a9a7-c531f4e85fa2" />
    <UnitTestResult executionId="8c4c4ff7-ac2a-44cf-bdc1-456bdaabef87" testId="6956cea8-3b70-ab4d-0a70-44021c4d03be" testName="QuickLap.Tests.TempDatabase.WithoutClassFixture.ProductRepositoryTests.AddProductAsync_ShouldAddProductAndReturnProductId" computerName="LAPTOP-1EMVEQGB" duration="00:00:00.9347507" startTime="2024-01-05T15:41:09.7810453+01:00" endTime="2024-01-05T15:41:09.7810455+01:00" testType="13cdc9d9-ddb5-4fa4-a97d-d965ccfc6d4b" outcome="Passed" testListId="8c84fa94-04c1-424b-9868-57a2d4851a1d" relativeResultsDirectory="8c4c4ff7-ac2a-44cf-bdc1-456bdaabef87" />
    <UnitTestResult executionId="c840beee-f834-43f0-857f-76c782f6fb5f" testId="d1b45ebd-f980-5fd0-5274-b58e4f0e2775" testName="QuickLap.Tests.TempDatabase.WithClassFixture.UserRepositoryTests.LoginAsync_ShouldReturnFalse_WhenUserDoesNotExistWithMatchingCredentials" computerName="LAPTOP-1EMVEQGB" duration="00:00:00.0016199" startTime="2024-01-05T15:41:11.9912180+01:00" endTime="2024-01-05T15:41:11.9912184+01:00" testType="13cdc9d9-ddb5-4fa4-a97d-d965ccfc6d4b" outcome="Passed" testListId="8c84fa94-04c1-424b-9868-57a2d4851a1d" relativeResultsDirectory="c840beee-f834-43f0-857f-76c782f6fb5f" />
    <UnitTestResult executionId="f6fd15f5-6701-4b54-a4d5-9f137a7b608d" testId="6fe46184-1535-b2e1-5609-eae0409a9281" testName="QuickLap.Tests.InMemory.WithoutClassFixture.UserRepositoryTests.LoginAsync_ShouldReturnFalse_WhenUserDoesNotExistWithMatchingCredentials" computerName="LAPTOP-1EMVEQGB" duration="00:00:00.0019646" startTime="2024-01-05T15:41:06.6729651+01:00" endTime="2024-01-05T15:41:06.6729653+01:00" testType="13cdc9d9-ddb5-4fa4-a97d-d965ccfc6d4b" outcome="Passed" testListId="8c84fa94-04c1-424b-9868-57a2d4851a1d" relativeResultsDirectory="f6fd15f5-6701-4b54-a4d5-9f137a7b608d" />
    <UnitTestResult executionId="1e65ca4d-f81d-456e-8b08-c854c6ad0cba" testId="d763b7c7-90ea-1ab9-0c18-2741901564c6" testName="QuickLap.Tests.TempDatabase.WithoutClassFixture.CustomerRepositoryTests.RegisterCustomerAsync_ShouldThrowEntityAlreadyExistsException_WhenCustomerWithEmailAlreadyExists" computerName="LAPTOP-1EMVEQGB" duration="00:00:01.1218918" startTime="2024-01-05T15:41:08.9222189+01:00" endTime="2024-01-05T15:41:08.9222190+01:00" testType="13cdc9d9-ddb5-4fa4-a97d-d965ccfc6d4b" outcome="Passed" testListId="8c84fa94-04c1-424b-9868-57a2d4851a1d" relativeResultsDirectory="1e65ca4d-f81d-456e-8b08-c854c6ad0cba" />
    <UnitTestResult executionId="d939b2a4-13f9-49fa-93ed-305e9785e6f4" testId="3b338677-1775-15e6-a14f-4766662acc57" testName="QuickLap.Tests.InMemory.WithClassFixture.UserRepositoryTests.CompleteProfileAsync_ShouldUpdateUserDetails_WhenUserExists" computerName="LAPTOP-1EMVEQGB" duration="00:00:00.0011203" startTime="2024-01-05T15:41:06.7725070+01:00" endTime="2024-01-05T15:41:06.7725072+01:00" testType="13cdc9d9-ddb5-4fa4-a97d-d965ccfc6d4b" outcome="Passed" testListId="8c84fa94-04c1-424b-9868-57a2d4851a1d" relativeResultsDirectory="d939b2a4-13f9-49fa-93ed-305e9785e6f4" />
    <UnitTestResult executionId="a132e663-ef46-4135-bf01-7b73e159af7f" testId="995d70cd-2baa-a5b0-5fca-b41d05709a0d" testName="QuickLap.Tests.TempDatabase.WithoutClassFixture.UserRepositoryTests.CompleteProfileAsync_ShouldThrowNotFoundException_WhenUserDoesNotExist" computerName="LAPTOP-1EMVEQGB" duration="00:00:00.7656978" startTime="2024-01-05T15:41:10.4345838+01:00" endTime="2024-01-05T15:41:10.4345840+01:00" testType="13cdc9d9-ddb5-4fa4-a97d-d965ccfc6d4b" outcome="Passed" testListId="8c84fa94-04c1-424b-9868-57a2d4851a1d" relativeResultsDirectory="a132e663-ef46-4135-bf01-7b73e159af7f" />
    <UnitTestResult executionId="68eff2e6-2eab-401e-96f9-c7ab4fc33f2a" testId="f4fde79a-7299-05a3-237e-926ead7d2471" testName="QuickLap.Tests.TempDatabase.WithoutClassFixture.ProductRepositoryTests.GetAllAsync_ShouldReturnListOfProducts" computerName="LAPTOP-1EMVEQGB" duration="00:00:00.6974105" startTime="2024-01-05T15:41:10.4787292+01:00" endTime="2024-01-05T15:41:10.4787294+01:00" testType="13cdc9d9-ddb5-4fa4-a97d-d965ccfc6d4b" outcome="Passed" testListId="8c84fa94-04c1-424b-9868-57a2d4851a1d" relativeResultsDirectory="68eff2e6-2eab-401e-96f9-c7ab4fc33f2a" />
    <UnitTestResult executionId="14c15c88-bf8e-4847-be59-263531261392" testId="bdb8d388-b713-24aa-5807-ccebce3003f2" testName="QuickLap.Tests.TempDatabase.WithoutClassFixture.UserRepositoryTests.RegisterUserAsync_ShouldAddNewUserAndReturnUserId" computerName="LAPTOP-1EMVEQGB" duration="00:00:01.8897454" startTime="2024-01-05T15:41:07.7916105+01:00" endTime="2024-01-05T15:41:07.7916109+01:00" testType="13cdc9d9-ddb5-4fa4-a97d-d965ccfc6d4b" outcome="Passed" testListId="8c84fa94-04c1-424b-9868-57a2d4851a1d" relativeResultsDirectory="14c15c88-bf8e-4847-be59-263531261392" />
    <UnitTestResult executionId="09b12c32-6fa2-4bbb-8c18-f035d9acaade" testId="e64f1770-c79d-2f14-5308-66c63eb26b9a" testName="QuickLap.Tests.InMemory.WithoutClassFixture.UserRepositoryTests.CompleteProfileAsync_ShouldThrowNotFoundException_WhenUserDoesNotExist" computerName="LAPTOP-1EMVEQGB" duration="00:00:00.0409133" startTime="2024-01-05T15:41:06.6445920+01:00" endTime="2024-01-05T15:41:06.6445921+01:00" testType="13cdc9d9-ddb5-4fa4-a97d-d965ccfc6d4b" outcome="Passed" testListId="8c84fa94-04c1-424b-9868-57a2d4851a1d" relativeResultsDirectory="09b12c32-6fa2-4bbb-8c18-f035d9acaade" />
    <UnitTestResult executionId="63425e0a-c048-4f24-90ab-79cad9ef00ce" testId="5620cac4-1a62-1cbb-b4d5-46e269ca5a0e" testName="QuickLap.Tests.TempDatabase.WithClassFixture.ProductRepositoryTests.GetAllAsync_ShouldReturnListOfProducts" computerName="LAPTOP-1EMVEQGB" duration="00:00:00.0058691" startTime="2024-01-05T15:41:11.2873327+01:00" endTime="2024-01-05T15:41:11.2873328+01:00" testType="13cdc9d9-ddb5-4fa4-a97d-d965ccfc6d4b" outcome="Passed" testListId="8c84fa94-04c1-424b-9868-57a2d4851a1d" relativeResultsDirectory="63425e0a-c048-4f24-90ab-79cad9ef00ce" />
    <UnitTestResult executionId="c4f802ce-6d95-4c76-a236-2b696546250a" testId="7b19220b-bf5e-9c34-1517-803d7389fc6d" testName="QuickLap.Tests.TempDatabase.WithoutClassFixture.UserRepositoryTests.RegisterUserAsync_ShouldThrowEntityAlreadyExistsException_WhenUserWithEmailAlreadyExists" computerName="LAPTOP-1EMVEQGB" duration="00:00:00.9640399" startTime="2024-01-05T15:41:09.6681488+01:00" endTime="2024-01-05T15:41:09.6681490+01:00" testType="13cdc9d9-ddb5-4fa4-a97d-d965ccfc6d4b" outcome="Passed" testListId="8c84fa94-04c1-424b-9868-57a2d4851a1d" relativeResultsDirectory="c4f802ce-6d95-4c76-a236-2b696546250a" />
  </Results>
  <TestDefinitions>
    <UnitTest name="QuickLap.Tests.InMemory.WithoutClassFixture.UserRepositoryTests.RegisterUserAsync_ShouldAddNewUserAndReturnUserId" storage="c:\repos\quicklap\quicklap.tests\bin\debug\net7.0\quicklap.tests.dll" id="f27469e9-43f0-6ebf-d1b9-a71d754c65d0">
      <Execution id="356b5a63-eed7-40e2-bfa5-7222dae9d2bc" />
      <TestMethod codeBase="C:\repos\QuickLap\QuickLap.Tests\bin\Debug\net7.0\QuickLap.Tests.dll" adapterTypeName="executor://xunit/VsTestRunner2/netcoreapp" className="QuickLap.Tests.InMemory.WithoutClassFixture.UserRepositoryTests" name="RegisterUserAsync_ShouldAddNewUserAndReturnUserId" />
    </UnitTest>
    <UnitTest name="QuickLap.Tests.InMemory.WithoutClassFixture.OrderRepositoryTests.AddOrderItemAsync_ShouldAddOrderItem_WhenOrderDoesntHaveProductYet" storage="c:\repos\quicklap\quicklap.tests\bin\debug\net7.0\quicklap.tests.dll" id="f8f79563-3b33-6a2c-4d9d-5921e3775d57">
      <Execution id="0c402a9a-837e-4040-a336-36acfe35e885" />
      <TestMethod codeBase="C:\repos\QuickLap\QuickLap.Tests\bin\Debug\net7.0\QuickLap.Tests.dll" adapterTypeName="executor://xunit/VsTestRunner2/netcoreapp" className="QuickLap.Tests.InMemory.WithoutClassFixture.OrderRepositoryTests" name="AddOrderItemAsync_ShouldAddOrderItem_WhenOrderDoesntHaveProductYet" />
    </UnitTest>
    <UnitTest name="QuickLap.Tests.InMemory.WithClassFixture.UserRepositoryTests.CompleteProfileAsync_ShouldThrowNotFoundException_WhenUserDoesNotExist" storage="c:\repos\quicklap\quicklap.tests\bin\debug\net7.0\quicklap.tests.dll" id="905d6018-869c-38e0-c062-b2bc05ec69f9">
      <Execution id="127f5342-9e2f-4442-bae0-3782e9f5f6b3" />
      <TestMethod codeBase="C:\repos\QuickLap\QuickLap.Tests\bin\Debug\net7.0\QuickLap.Tests.dll" adapterTypeName="executor://xunit/VsTestRunner2/netcoreapp" className="QuickLap.Tests.InMemory.WithClassFixture.UserRepositoryTests" name="CompleteProfileAsync_ShouldThrowNotFoundException_WhenUserDoesNotExist" />
    </UnitTest>
    <UnitTest name="QuickLap.Tests.TempDatabase.WithoutClassFixture.CustomerRepositoryTests.RegisterCustomerAsync_ShouldRegisterCustomerAndReturnCustomerId" storage="c:\repos\quicklap\quicklap.tests\bin\debug\net7.0\quicklap.tests.dll" id="ad5d8362-40af-9427-71a3-2f821ca85ab7">
      <Execution id="b1f82bd0-b506-4c24-a2b1-b55266e520ec" />
      <TestMethod codeBase="C:\repos\QuickLap\QuickLap.Tests\bin\Debug\net7.0\QuickLap.Tests.dll" adapterTypeName="executor://xunit/VsTestRunner2/netcoreapp" className="QuickLap.Tests.TempDatabase.WithoutClassFixture.CustomerRepositoryTests" name="RegisterCustomerAsync_ShouldRegisterCustomerAndReturnCustomerId" />
    </UnitTest>
    <UnitTest name="QuickLap.Tests.TempDatabase.WithoutClassFixture.UserRepositoryTests.CompleteProfileAsync_ShouldUpdateUserDetails_WhenUserExists" storage="c:\repos\quicklap\quicklap.tests\bin\debug\net7.0\quicklap.tests.dll" id="a02524af-43bd-b2a2-47ad-803ed7126c48">
      <Execution id="1a14d34c-bd4c-4664-bf14-0715128cfad0" />
      <TestMethod codeBase="C:\repos\QuickLap\QuickLap.Tests\bin\Debug\net7.0\QuickLap.Tests.dll" adapterTypeName="executor://xunit/VsTestRunner2/netcoreapp" className="QuickLap.Tests.TempDatabase.WithoutClassFixture.UserRepositoryTests" name="CompleteProfileAsync_ShouldUpdateUserDetails_WhenUserExists" />
    </UnitTest>
    <UnitTest name="QuickLap.Tests.InMemory.WithClassFixture.UserRepositoryTests.LoginAsync_ShouldReturnTrue_WhenUserExistsWithMatchingCredentials" storage="c:\repos\quicklap\quicklap.tests\bin\debug\net7.0\quicklap.tests.dll" id="acc3284d-1420-0d7b-41bc-aa95c6df0173">
      <Execution id="6184b85a-8cf2-44c8-9771-f09eaa2dc70e" />
      <TestMethod codeBase="C:\repos\QuickLap\QuickLap.Tests\bin\Debug\net7.0\QuickLap.Tests.dll" adapterTypeName="executor://xunit/VsTestRunner2/netcoreapp" className="QuickLap.Tests.InMemory.WithClassFixture.UserRepositoryTests" name="LoginAsync_ShouldReturnTrue_WhenUserExistsWithMatchingCredentials" />
    </UnitTest>
    <UnitTest name="QuickLap.Tests.InMemory.WithClassFixture.OrderRepositoryTests.AddOrderItemAsync_ShouldAddOrderItem_WhenOrderDoesntHaveProductYet" storage="c:\repos\quicklap\quicklap.tests\bin\debug\net7.0\quicklap.tests.dll" id="91d5ff86-719d-b058-4dd2-8c8cff7f4977">
      <Execution id="abec06ee-ac83-4cc7-a061-df6b67c522e4" />
      <TestMethod codeBase="C:\repos\QuickLap\QuickLap.Tests\bin\Debug\net7.0\QuickLap.Tests.dll" adapterTypeName="executor://xunit/VsTestRunner2/netcoreapp" className="QuickLap.Tests.InMemory.WithClassFixture.OrderRepositoryTests" name="AddOrderItemAsync_ShouldAddOrderItem_WhenOrderDoesntHaveProductYet" />
    </UnitTest>
    <UnitTest name="QuickLap.Tests.TempDatabase.WithoutClassFixture.UserRepositoryTests.RegisterUserAsync_ShouldAddNewUserAndReturnUserId" storage="c:\repos\quicklap\quicklap.tests\bin\debug\net7.0\quicklap.tests.dll" id="bdb8d388-b713-24aa-5807-ccebce3003f2">
      <Execution id="14c15c88-bf8e-4847-be59-263531261392" />
      <TestMethod codeBase="C:\repos\QuickLap\QuickLap.Tests\bin\Debug\net7.0\QuickLap.Tests.dll" adapterTypeName="executor://xunit/VsTestRunner2/netcoreapp" className="QuickLap.Tests.TempDatabase.WithoutClassFixture.UserRepositoryTests" name="RegisterUserAsync_ShouldAddNewUserAndReturnUserId" />
    </UnitTest>
    <UnitTest name="QuickLap.Tests.TempDatabase.WithClassFixture.OrderRepositoryTests.AddOrderItemAsync_ShouldIncrementOrderItem_WhenOrderAlreadyHasProduct" storage="c:\repos\quicklap\quicklap.tests\bin\debug\net7.0\quicklap.tests.dll" id="95d06feb-42b2-fa49-f3af-a6f132c45fb9">
      <Execution id="cd2f10ee-b44f-4411-a46f-1278cacf7f1a" />
      <TestMethod codeBase="C:\repos\QuickLap\QuickLap.Tests\bin\Debug\net7.0\QuickLap.Tests.dll" adapterTypeName="executor://xunit/VsTestRunner2/netcoreapp" className="QuickLap.Tests.TempDatabase.WithClassFixture.OrderRepositoryTests" name="AddOrderItemAsync_ShouldIncrementOrderItem_WhenOrderAlreadyHasProduct" />
    </UnitTest>
    <UnitTest name="QuickLap.Tests.TempDatabase.WithClassFixture.UserRepositoryTests.CompleteProfileAsync_ShouldThrowNotFoundException_WhenUserDoesNotExist" storage="c:\repos\quicklap\quicklap.tests\bin\debug\net7.0\quicklap.tests.dll" id="39734f60-401d-f84c-7987-74bb30b8c344">
      <Execution id="02a0449c-beeb-437f-9689-1fa508b30e1b" />
      <TestMethod codeBase="C:\repos\QuickLap\QuickLap.Tests\bin\Debug\net7.0\QuickLap.Tests.dll" adapterTypeName="executor://xunit/VsTestRunner2/netcoreapp" className="QuickLap.Tests.TempDatabase.WithClassFixture.UserRepositoryTests" name="CompleteProfileAsync_ShouldThrowNotFoundException_WhenUserDoesNotExist" />
    </UnitTest>
    <UnitTest name="QuickLap.Tests.InMemory.WithClassFixture.ProductRepositoryTests.AddProductAsync_ShouldAddProductAndReturnProductId" storage="c:\repos\quicklap\quicklap.tests\bin\debug\net7.0\quicklap.tests.dll" id="87948de4-9d20-5a73-e5b9-b63baec58b80">
      <Execution id="f8f875b6-a87f-41e9-aaff-e4efde36de07" />
      <TestMethod codeBase="C:\repos\QuickLap\QuickLap.Tests\bin\Debug\net7.0\QuickLap.Tests.dll" adapterTypeName="executor://xunit/VsTestRunner2/netcoreapp" className="QuickLap.Tests.InMemory.WithClassFixture.ProductRepositoryTests" name="AddProductAsync_ShouldAddProductAndReturnProductId" />
    </UnitTest>
    <UnitTest name="QuickLap.Tests.InMemory.WithClassFixture.OrderRepositoryTests.CreateOrderAsync_ShouldCreateOrderAndReturnOrderId" storage="c:\repos\quicklap\quicklap.tests\bin\debug\net7.0\quicklap.tests.dll" id="46cd4733-3f00-6947-5995-d24d8e6c32b3">
      <Execution id="fe626b2d-8bd0-4cc8-93b1-92813ca71068" />
      <TestMethod codeBase="C:\repos\QuickLap\QuickLap.Tests\bin\Debug\net7.0\QuickLap.Tests.dll" adapterTypeName="executor://xunit/VsTestRunner2/netcoreapp" className="QuickLap.Tests.InMemory.WithClassFixture.OrderRepositoryTests" name="CreateOrderAsync_ShouldCreateOrderAndReturnOrderId" />
    </UnitTest>
    <UnitTest name="QuickLap.Tests.InMemory.WithoutClassFixture.UserRepositoryTests.RegisterUserAsync_ShouldThrowEntityAlreadyExistsException_WhenUserWithEmailAlreadyExists" storage="c:\repos\quicklap\quicklap.tests\bin\debug\net7.0\quicklap.tests.dll" id="3b75b512-251c-f426-eca2-062a7bced349">
      <Execution id="e0a3278c-0b56-4b4a-96e0-d40c74c9882f" />
      <TestMethod codeBase="C:\repos\QuickLap\QuickLap.Tests\bin\Debug\net7.0\QuickLap.Tests.dll" adapterTypeName="executor://xunit/VsTestRunner2/netcoreapp" className="QuickLap.Tests.InMemory.WithoutClassFixture.UserRepositoryTests" name="RegisterUserAsync_ShouldThrowEntityAlreadyExistsException_WhenUserWithEmailAlreadyExists" />
    </UnitTest>
    <UnitTest name="QuickLap.Tests.TempDatabase.WithClassFixture.CustomerRepositoryTests.RegisterCustomerAsync_ShouldRegisterCustomerAndReturnCustomerId" storage="c:\repos\quicklap\quicklap.tests\bin\debug\net7.0\quicklap.tests.dll" id="5a7c2469-1e04-f5dc-baac-f6dfaa1d46e4">
      <Execution id="f0eb6a08-466d-4320-b4c9-ea007eab250c" />
      <TestMethod codeBase="C:\repos\QuickLap\QuickLap.Tests\bin\Debug\net7.0\QuickLap.Tests.dll" adapterTypeName="executor://xunit/VsTestRunner2/netcoreapp" className="QuickLap.Tests.TempDatabase.WithClassFixture.CustomerRepositoryTests" name="RegisterCustomerAsync_ShouldRegisterCustomerAndReturnCustomerId" />
    </UnitTest>
    <UnitTest name="QuickLap.Tests.InMemory.WithClassFixture.CustomerRepositoryTests.RegisterCustomerAsync_ShouldThrowEntityAlreadyExistsException_WhenCustomerWithEmailAlreadyExists" storage="c:\repos\quicklap\quicklap.tests\bin\debug\net7.0\quicklap.tests.dll" id="8a0bfc88-7ee3-3d0b-4a12-3a518ab90276">
      <Execution id="088c0ed9-81f7-4909-a61b-f1d96afb8e13" />
      <TestMethod codeBase="C:\repos\QuickLap\QuickLap.Tests\bin\Debug\net7.0\QuickLap.Tests.dll" adapterTypeName="executor://xunit/VsTestRunner2/netcoreapp" className="QuickLap.Tests.InMemory.WithClassFixture.CustomerRepositoryTests" name="RegisterCustomerAsync_ShouldThrowEntityAlreadyExistsException_WhenCustomerWithEmailAlreadyExists" />
    </UnitTest>
    <UnitTest name="QuickLap.Tests.InMemory.WithoutClassFixture.ProductRepositoryTests.AddProductAsync_ShouldAddProductAndReturnProductId" storage="c:\repos\quicklap\quicklap.tests\bin\debug\net7.0\quicklap.tests.dll" id="40c86054-1385-fad6-2667-fe02b9793bec">
      <Execution id="21b22081-0a31-4c8b-8ab9-e891e1773632" />
      <TestMethod codeBase="C:\repos\QuickLap\QuickLap.Tests\bin\Debug\net7.0\QuickLap.Tests.dll" adapterTypeName="executor://xunit/VsTestRunner2/netcoreapp" className="QuickLap.Tests.InMemory.WithoutClassFixture.ProductRepositoryTests" name="AddProductAsync_ShouldAddProductAndReturnProductId" />
    </UnitTest>
    <UnitTest name="QuickLap.Tests.InMemory.WithClassFixture.ProductRepositoryTests.GetByIdAsync_ShouldThrowNotFoundException_WhenProductDoesNotExist" storage="c:\repos\quicklap\quicklap.tests\bin\debug\net7.0\quicklap.tests.dll" id="b4542277-6809-6c2d-048c-f7cc829b890f">
      <Execution id="15fa5b66-6e8e-4c60-afa4-1fe6a97e110a" />
      <TestMethod codeBase="C:\repos\QuickLap\QuickLap.Tests\bin\Debug\net7.0\QuickLap.Tests.dll" adapterTypeName="executor://xunit/VsTestRunner2/netcoreapp" className="QuickLap.Tests.InMemory.WithClassFixture.ProductRepositoryTests" name="GetByIdAsync_ShouldThrowNotFoundException_WhenProductDoesNotExist" />
    </UnitTest>
    <UnitTest name="QuickLap.Tests.TempDatabase.WithClassFixture.UserRepositoryTests.LoginAsync_ShouldReturnTrue_WhenUserExistsWithMatchingCredentials" storage="c:\repos\quicklap\quicklap.tests\bin\debug\net7.0\quicklap.tests.dll" id="c884c42f-7db6-eac8-2502-dfd7a63da7ae">
      <Execution id="0c88806b-ea3a-4c5f-8869-cc016c6d4443" />
      <TestMethod codeBase="C:\repos\QuickLap\QuickLap.Tests\bin\Debug\net7.0\QuickLap.Tests.dll" adapterTypeName="executor://xunit/VsTestRunner2/netcoreapp" className="QuickLap.Tests.TempDatabase.WithClassFixture.UserRepositoryTests" name="LoginAsync_ShouldReturnTrue_WhenUserExistsWithMatchingCredentials" />
    </UnitTest>
    <UnitTest name="QuickLap.Tests.InMemory.WithoutClassFixture.CustomerRepositoryTests.RegisterCustomerAsync_ShouldRegisterCustomerAndReturnCustomerId" storage="c:\repos\quicklap\quicklap.tests\bin\debug\net7.0\quicklap.tests.dll" id="4f69fe12-90de-841d-6b23-9fab0acbe0d1">
      <Execution id="89e6769e-b359-4cef-a19a-0c69d5764eca" />
      <TestMethod codeBase="C:\repos\QuickLap\QuickLap.Tests\bin\Debug\net7.0\QuickLap.Tests.dll" adapterTypeName="executor://xunit/VsTestRunner2/netcoreapp" className="QuickLap.Tests.InMemory.WithoutClassFixture.CustomerRepositoryTests" name="RegisterCustomerAsync_ShouldRegisterCustomerAndReturnCustomerId" />
    </UnitTest>
    <UnitTest name="QuickLap.Tests.InMemory.WithClassFixture.UserRepositoryTests.RegisterUserAsync_ShouldAddNewUserAndReturnUserId" storage="c:\repos\quicklap\quicklap.tests\bin\debug\net7.0\quicklap.tests.dll" id="d54318f1-4ee1-ea7d-c831-d97ce15fd952">
      <Execution id="e2ca42c6-8b3a-41dd-a763-d9b4c123de04" />
      <TestMethod codeBase="C:\repos\QuickLap\QuickLap.Tests\bin\Debug\net7.0\QuickLap.Tests.dll" adapterTypeName="executor://xunit/VsTestRunner2/netcoreapp" className="QuickLap.Tests.InMemory.WithClassFixture.UserRepositoryTests" name="RegisterUserAsync_ShouldAddNewUserAndReturnUserId" />
    </UnitTest>
    <UnitTest name="QuickLap.Tests.InMemory.WithClassFixture.ProductRepositoryTests.GetAllAsync_ShouldReturnListOfProducts" storage="c:\repos\quicklap\quicklap.tests\bin\debug\net7.0\quicklap.tests.dll" id="0b54f752-dd2f-3968-0389-a10204700fe8">
      <Execution id="75dee3b9-c6d5-44ca-aefe-e3d63e0ab874" />
      <TestMethod codeBase="C:\repos\QuickLap\QuickLap.Tests\bin\Debug\net7.0\QuickLap.Tests.dll" adapterTypeName="executor://xunit/VsTestRunner2/netcoreapp" className="QuickLap.Tests.InMemory.WithClassFixture.ProductRepositoryTests" name="GetAllAsync_ShouldReturnListOfProducts" />
    </UnitTest>
    <UnitTest name="QuickLap.Tests.TempDatabase.WithClassFixture.UserRepositoryTests.LoginAsync_ShouldReturnFalse_WhenUserDoesNotExistWithMatchingCredentials" storage="c:\repos\quicklap\quicklap.tests\bin\debug\net7.0\quicklap.tests.dll" id="d1b45ebd-f980-5fd0-5274-b58e4f0e2775">
      <Execution id="c840beee-f834-43f0-857f-76c782f6fb5f" />
      <TestMethod codeBase="C:\repos\QuickLap\QuickLap.Tests\bin\Debug\net7.0\QuickLap.Tests.dll" adapterTypeName="executor://xunit/VsTestRunner2/netcoreapp" className="QuickLap.Tests.TempDatabase.WithClassFixture.UserRepositoryTests" name="LoginAsync_ShouldReturnFalse_WhenUserDoesNotExistWithMatchingCredentials" />
    </UnitTest>
    <UnitTest name="QuickLap.Tests.InMemory.WithoutClassFixture.UserRepositoryTests.LoginAsync_ShouldReturnTrue_WhenUserExistsWithMatchingCredentials" storage="c:\repos\quicklap\quicklap.tests\bin\debug\net7.0\quicklap.tests.dll" id="17ad132b-5f7c-912f-f4c3-4ece8c258e12">
      <Execution id="c50f1c84-7b5d-4e6b-84bb-03796b57ac21" />
      <TestMethod codeBase="C:\repos\QuickLap\QuickLap.Tests\bin\Debug\net7.0\QuickLap.Tests.dll" adapterTypeName="executor://xunit/VsTestRunner2/netcoreapp" className="QuickLap.Tests.InMemory.WithoutClassFixture.UserRepositoryTests" name="LoginAsync_ShouldReturnTrue_WhenUserExistsWithMatchingCredentials" />
    </UnitTest>
    <UnitTest name="QuickLap.Tests.InMemory.WithoutClassFixture.UserRepositoryTests.CompleteProfileAsync_ShouldUpdateUserDetails_WhenUserExists" storage="c:\repos\quicklap\quicklap.tests\bin\debug\net7.0\quicklap.tests.dll" id="6c74461b-c721-c6fa-74ed-1a09f55f2b69">
      <Execution id="4bf06c5e-d628-4652-9945-b70720b95d6c" />
      <TestMethod codeBase="C:\repos\QuickLap\QuickLap.Tests\bin\Debug\net7.0\QuickLap.Tests.dll" adapterTypeName="executor://xunit/VsTestRunner2/netcoreapp" className="QuickLap.Tests.InMemory.WithoutClassFixture.UserRepositoryTests" name="CompleteProfileAsync_ShouldUpdateUserDetails_WhenUserExists" />
    </UnitTest>
    <UnitTest name="QuickLap.Tests.TempDatabase.WithoutClassFixture.ProductRepositoryTests.GetAllAsync_ShouldReturnListOfProducts" storage="c:\repos\quicklap\quicklap.tests\bin\debug\net7.0\quicklap.tests.dll" id="f4fde79a-7299-05a3-237e-926ead7d2471">
      <Execution id="68eff2e6-2eab-401e-96f9-c7ab4fc33f2a" />
      <TestMethod codeBase="C:\repos\QuickLap\QuickLap.Tests\bin\Debug\net7.0\QuickLap.Tests.dll" adapterTypeName="executor://xunit/VsTestRunner2/netcoreapp" className="QuickLap.Tests.TempDatabase.WithoutClassFixture.ProductRepositoryTests" name="GetAllAsync_ShouldReturnListOfProducts" />
    </UnitTest>
    <UnitTest name="QuickLap.Tests.InMemory.WithoutClassFixture.ProductRepositoryTests.GetAllAsync_ShouldReturnListOfProducts" storage="c:\repos\quicklap\quicklap.tests\bin\debug\net7.0\quicklap.tests.dll" id="1b5f022a-5d30-81ba-1561-a3d481ccfa87">
      <Execution id="1a21a00d-144d-434f-afe5-917517408e87" />
      <TestMethod codeBase="C:\repos\QuickLap\QuickLap.Tests\bin\Debug\net7.0\QuickLap.Tests.dll" adapterTypeName="executor://xunit/VsTestRunner2/netcoreapp" className="QuickLap.Tests.InMemory.WithoutClassFixture.ProductRepositoryTests" name="GetAllAsync_ShouldReturnListOfProducts" />
    </UnitTest>
    <UnitTest name="QuickLap.Tests.TempDatabase.WithoutClassFixture.UserRepositoryTests.LoginAsync_ShouldReturnTrue_WhenUserExistsWithMatchingCredentials" storage="c:\repos\quicklap\quicklap.tests\bin\debug\net7.0\quicklap.tests.dll" id="55aac076-097c-3f88-8435-383763ce4eb7">
      <Execution id="0881a07f-1a82-430d-827e-0f6f0d549709" />
      <TestMethod codeBase="C:\repos\QuickLap\QuickLap.Tests\bin\Debug\net7.0\QuickLap.Tests.dll" adapterTypeName="executor://xunit/VsTestRunner2/netcoreapp" className="QuickLap.Tests.TempDatabase.WithoutClassFixture.UserRepositoryTests" name="LoginAsync_ShouldReturnTrue_WhenUserExistsWithMatchingCredentials" />
    </UnitTest>
    <UnitTest name="QuickLap.Tests.InMemory.WithClassFixture.UserRepositoryTests.CompleteProfileAsync_ShouldUpdateUserDetails_WhenUserExists" storage="c:\repos\quicklap\quicklap.tests\bin\debug\net7.0\quicklap.tests.dll" id="3b338677-1775-15e6-a14f-4766662acc57">
      <Execution id="d939b2a4-13f9-49fa-93ed-305e9785e6f4" />
      <TestMethod codeBase="C:\repos\QuickLap\QuickLap.Tests\bin\Debug\net7.0\QuickLap.Tests.dll" adapterTypeName="executor://xunit/VsTestRunner2/netcoreapp" className="QuickLap.Tests.InMemory.WithClassFixture.UserRepositoryTests" name="CompleteProfileAsync_ShouldUpdateUserDetails_WhenUserExists" />
    </UnitTest>
    <UnitTest name="QuickLap.Tests.InMemory.WithoutClassFixture.OrderRepositoryTests.AddOrderItemAsync_ShouldIncrementOrderItem_WhenOrderAlreadyHasProduct" storage="c:\repos\quicklap\quicklap.tests\bin\debug\net7.0\quicklap.tests.dll" id="e3a06078-0b50-7fbf-f666-aaffc96526a5">
      <Execution id="744fb50a-cdb8-49f6-9151-8bb88e07c9d7" />
      <TestMethod codeBase="C:\repos\QuickLap\QuickLap.Tests\bin\Debug\net7.0\QuickLap.Tests.dll" adapterTypeName="executor://xunit/VsTestRunner2/netcoreapp" className="QuickLap.Tests.InMemory.WithoutClassFixture.OrderRepositoryTests" name="AddOrderItemAsync_ShouldIncrementOrderItem_WhenOrderAlreadyHasProduct" />
    </UnitTest>
    <UnitTest name="QuickLap.Tests.TempDatabase.WithoutClassFixture.ProductRepositoryTests.AddProductAsync_ShouldAddProductAndReturnProductId" storage="c:\repos\quicklap\quicklap.tests\bin\debug\net7.0\quicklap.tests.dll" id="6956cea8-3b70-ab4d-0a70-44021c4d03be">
      <Execution id="8c4c4ff7-ac2a-44cf-bdc1-456bdaabef87" />
      <TestMethod codeBase="C:\repos\QuickLap\QuickLap.Tests\bin\Debug\net7.0\QuickLap.Tests.dll" adapterTypeName="executor://xunit/VsTestRunner2/netcoreapp" className="QuickLap.Tests.TempDatabase.WithoutClassFixture.ProductRepositoryTests" name="AddProductAsync_ShouldAddProductAndReturnProductId" />
    </UnitTest>
    <UnitTest name="QuickLap.Tests.InMemory.WithoutClassFixture.ProductRepositoryTests.GetByIdAsync_ShouldThrowNotFoundException_WhenProductDoesNotExist" storage="c:\repos\quicklap\quicklap.tests\bin\debug\net7.0\quicklap.tests.dll" id="5756351e-1cf7-6f28-2835-4cd55f0154d2">
      <Execution id="4d6cef0c-758c-4082-8483-a91ef14caa08" />
      <TestMethod codeBase="C:\repos\QuickLap\QuickLap.Tests\bin\Debug\net7.0\QuickLap.Tests.dll" adapterTypeName="executor://xunit/VsTestRunner2/netcoreapp" className="QuickLap.Tests.InMemory.WithoutClassFixture.ProductRepositoryTests" name="GetByIdAsync_ShouldThrowNotFoundException_WhenProductDoesNotExist" />
    </UnitTest>
    <UnitTest name="QuickLap.Tests.TempDatabase.WithClassFixture.OrderRepositoryTests.CreateOrderAsync_ShouldCreateOrderAndReturnOrderId" storage="c:\repos\quicklap\quicklap.tests\bin\debug\net7.0\quicklap.tests.dll" id="62f51c8a-217e-863f-ca17-944dcaffe5fa">
      <Execution id="c2a93fb3-ae51-4406-9bc6-2e6241104633" />
      <TestMethod codeBase="C:\repos\QuickLap\QuickLap.Tests\bin\Debug\net7.0\QuickLap.Tests.dll" adapterTypeName="executor://xunit/VsTestRunner2/netcoreapp" className="QuickLap.Tests.TempDatabase.WithClassFixture.OrderRepositoryTests" name="CreateOrderAsync_ShouldCreateOrderAndReturnOrderId" />
    </UnitTest>
    <UnitTest name="QuickLap.Tests.TempDatabase.WithClassFixture.OrderRepositoryTests.AddOrderItemAsync_ShouldAddOrderItem_WhenOrderDoesntHaveProductYet" storage="c:\repos\quicklap\quicklap.tests\bin\debug\net7.0\quicklap.tests.dll" id="15a30c8d-3a7b-2f18-e0ee-eccdfdcd25a1">
      <Execution id="c2b70582-31c0-40c0-897f-431479295826" />
      <TestMethod codeBase="C:\repos\QuickLap\QuickLap.Tests\bin\Debug\net7.0\QuickLap.Tests.dll" adapterTypeName="executor://xunit/VsTestRunner2/netcoreapp" className="QuickLap.Tests.TempDatabase.WithClassFixture.OrderRepositoryTests" name="AddOrderItemAsync_ShouldAddOrderItem_WhenOrderDoesntHaveProductYet" />
    </UnitTest>
    <UnitTest name="QuickLap.Tests.InMemory.WithoutClassFixture.OrderRepositoryTests.CreateOrderAsync_ShouldCreateOrderAndReturnOrderId" storage="c:\repos\quicklap\quicklap.tests\bin\debug\net7.0\quicklap.tests.dll" id="2c7f51d8-210a-701e-efee-996d6690a153">
      <Execution id="ffa4ba08-958f-4ff8-a148-d1293fb4269f" />
      <TestMethod codeBase="C:\repos\QuickLap\QuickLap.Tests\bin\Debug\net7.0\QuickLap.Tests.dll" adapterTypeName="executor://xunit/VsTestRunner2/netcoreapp" className="QuickLap.Tests.InMemory.WithoutClassFixture.OrderRepositoryTests" name="CreateOrderAsync_ShouldCreateOrderAndReturnOrderId" />
    </UnitTest>
    <UnitTest name="QuickLap.Tests.InMemory.WithoutClassFixture.ProductRepositoryTests.GetByIdAsync_ShouldReturnProduct_WhenProductExists" storage="c:\repos\quicklap\quicklap.tests\bin\debug\net7.0\quicklap.tests.dll" id="75dbc904-454d-3fba-c563-bb7ebffd7ca8">
      <Execution id="2211ae9a-e8bb-4198-8f93-f3b09cde91ac" />
      <TestMethod codeBase="C:\repos\QuickLap\QuickLap.Tests\bin\Debug\net7.0\QuickLap.Tests.dll" adapterTypeName="executor://xunit/VsTestRunner2/netcoreapp" className="QuickLap.Tests.InMemory.WithoutClassFixture.ProductRepositoryTests" name="GetByIdAsync_ShouldReturnProduct_WhenProductExists" />
    </UnitTest>
    <UnitTest name="QuickLap.Tests.InMemory.WithClassFixture.UserRepositoryTests.LoginAsync_ShouldReturnFalse_WhenUserDoesNotExistWithMatchingCredentials" storage="c:\repos\quicklap\quicklap.tests\bin\debug\net7.0\quicklap.tests.dll" id="9c8225fd-c605-93c4-36cc-b14173f9b898">
      <Execution id="04597923-d7bd-4caf-8b2c-2278c9be3e2d" />
      <TestMethod codeBase="C:\repos\QuickLap\QuickLap.Tests\bin\Debug\net7.0\QuickLap.Tests.dll" adapterTypeName="executor://xunit/VsTestRunner2/netcoreapp" className="QuickLap.Tests.InMemory.WithClassFixture.UserRepositoryTests" name="LoginAsync_ShouldReturnFalse_WhenUserDoesNotExistWithMatchingCredentials" />
    </UnitTest>
    <UnitTest name="QuickLap.Tests.TempDatabase.WithClassFixture.UserRepositoryTests.CompleteProfileAsync_ShouldUpdateUserDetails_WhenUserExists" storage="c:\repos\quicklap\quicklap.tests\bin\debug\net7.0\quicklap.tests.dll" id="ae353b48-4582-95f4-6ed3-77358877b5d5">
      <Execution id="8d87b0cb-9910-4576-a9a7-c531f4e85fa2" />
      <TestMethod codeBase="C:\repos\QuickLap\QuickLap.Tests\bin\Debug\net7.0\QuickLap.Tests.dll" adapterTypeName="executor://xunit/VsTestRunner2/netcoreapp" className="QuickLap.Tests.TempDatabase.WithClassFixture.UserRepositoryTests" name="CompleteProfileAsync_ShouldUpdateUserDetails_WhenUserExists" />
    </UnitTest>
    <UnitTest name="QuickLap.Tests.TempDatabase.WithoutClassFixture.UserRepositoryTests.CompleteProfileAsync_ShouldThrowNotFoundException_WhenUserDoesNotExist" storage="c:\repos\quicklap\quicklap.tests\bin\debug\net7.0\quicklap.tests.dll" id="995d70cd-2baa-a5b0-5fca-b41d05709a0d">
      <Execution id="a132e663-ef46-4135-bf01-7b73e159af7f" />
      <TestMethod codeBase="C:\repos\QuickLap\QuickLap.Tests\bin\Debug\net7.0\QuickLap.Tests.dll" adapterTypeName="executor://xunit/VsTestRunner2/netcoreapp" className="QuickLap.Tests.TempDatabase.WithoutClassFixture.UserRepositoryTests" name="CompleteProfileAsync_ShouldThrowNotFoundException_WhenUserDoesNotExist" />
    </UnitTest>
    <UnitTest name="QuickLap.Tests.TempDatabase.WithClassFixture.CustomerRepositoryTests.RegisterCustomerAsync_ShouldThrowEntityAlreadyExistsException_WhenCustomerWithEmailAlreadyExists" storage="c:\repos\quicklap\quicklap.tests\bin\debug\net7.0\quicklap.tests.dll" id="1ca4d800-a8da-27e1-b1e3-d6e6f0fadfa2">
      <Execution id="950f04ac-6756-4f81-84af-3901d32ae206" />
      <TestMethod codeBase="C:\repos\QuickLap\QuickLap.Tests\bin\Debug\net7.0\QuickLap.Tests.dll" adapterTypeName="executor://xunit/VsTestRunner2/netcoreapp" className="QuickLap.Tests.TempDatabase.WithClassFixture.CustomerRepositoryTests" name="RegisterCustomerAsync_ShouldThrowEntityAlreadyExistsException_WhenCustomerWithEmailAlreadyExists" />
    </UnitTest>
    <UnitTest name="QuickLap.Tests.TempDatabase.WithClassFixture.UserRepositoryTests.RegisterUserAsync_ShouldAddNewUserAndReturnUserId" storage="c:\repos\quicklap\quicklap.tests\bin\debug\net7.0\quicklap.tests.dll" id="bcccf3df-639e-e23d-1a55-0702a2507011">
      <Execution id="f5ed3998-61ee-4718-8584-a8d83d540796" />
      <TestMethod codeBase="C:\repos\QuickLap\QuickLap.Tests\bin\Debug\net7.0\QuickLap.Tests.dll" adapterTypeName="executor://xunit/VsTestRunner2/netcoreapp" className="QuickLap.Tests.TempDatabase.WithClassFixture.UserRepositoryTests" name="RegisterUserAsync_ShouldAddNewUserAndReturnUserId" />
    </UnitTest>
    <UnitTest name="QuickLap.Tests.TempDatabase.WithClassFixture.ProductRepositoryTests.GetByIdAsync_ShouldReturnProduct_WhenProductExists" storage="c:\repos\quicklap\quicklap.tests\bin\debug\net7.0\quicklap.tests.dll" id="a776eefd-6596-e19f-c31f-844ddaf01d85">
      <Execution id="83819783-5477-4e51-8d02-a00e63228677" />
      <TestMethod codeBase="C:\repos\QuickLap\QuickLap.Tests\bin\Debug\net7.0\QuickLap.Tests.dll" adapterTypeName="executor://xunit/VsTestRunner2/netcoreapp" className="QuickLap.Tests.TempDatabase.WithClassFixture.ProductRepositoryTests" name="GetByIdAsync_ShouldReturnProduct_WhenProductExists" />
    </UnitTest>
    <UnitTest name="QuickLap.Tests.TempDatabase.WithoutClassFixture.UserRepositoryTests.RegisterUserAsync_ShouldThrowEntityAlreadyExistsException_WhenUserWithEmailAlreadyExists" storage="c:\repos\quicklap\quicklap.tests\bin\debug\net7.0\quicklap.tests.dll" id="7b19220b-bf5e-9c34-1517-803d7389fc6d">
      <Execution id="c4f802ce-6d95-4c76-a236-2b696546250a" />
      <TestMethod codeBase="C:\repos\QuickLap\QuickLap.Tests\bin\Debug\net7.0\QuickLap.Tests.dll" adapterTypeName="executor://xunit/VsTestRunner2/netcoreapp" className="QuickLap.Tests.TempDatabase.WithoutClassFixture.UserRepositoryTests" name="RegisterUserAsync_ShouldThrowEntityAlreadyExistsException_WhenUserWithEmailAlreadyExists" />
    </UnitTest>
    <UnitTest name="QuickLap.Tests.TempDatabase.WithoutClassFixture.ProductRepositoryTests.GetByIdAsync_ShouldReturnProduct_WhenProductExists" storage="c:\repos\quicklap\quicklap.tests\bin\debug\net7.0\quicklap.tests.dll" id="c8848481-7ad0-8453-ece5-9433c79d6bfd">
      <Execution id="2b37787f-eb8c-46b0-ad3c-d4cff3eec758" />
      <TestMethod codeBase="C:\repos\QuickLap\QuickLap.Tests\bin\Debug\net7.0\QuickLap.Tests.dll" adapterTypeName="executor://xunit/VsTestRunner2/netcoreapp" className="QuickLap.Tests.TempDatabase.WithoutClassFixture.ProductRepositoryTests" name="GetByIdAsync_ShouldReturnProduct_WhenProductExists" />
    </UnitTest>
    <UnitTest name="QuickLap.Tests.InMemory.WithClassFixture.UserRepositoryTests.RegisterUserAsync_ShouldThrowEntityAlreadyExistsException_WhenUserWithEmailAlreadyExists" storage="c:\repos\quicklap\quicklap.tests\bin\debug\net7.0\quicklap.tests.dll" id="cc4f8100-58c9-5b75-1d07-4ffac49e0314">
      <Execution id="36f0009c-b1c5-4845-8ba0-d09b377666eb" />
      <TestMethod codeBase="C:\repos\QuickLap\QuickLap.Tests\bin\Debug\net7.0\QuickLap.Tests.dll" adapterTypeName="executor://xunit/VsTestRunner2/netcoreapp" className="QuickLap.Tests.InMemory.WithClassFixture.UserRepositoryTests" name="RegisterUserAsync_ShouldThrowEntityAlreadyExistsException_WhenUserWithEmailAlreadyExists" />
    </UnitTest>
    <UnitTest name="QuickLap.Tests.InMemory.WithoutClassFixture.UserRepositoryTests.LoginAsync_ShouldReturnFalse_WhenUserDoesNotExistWithMatchingCredentials" storage="c:\repos\quicklap\quicklap.tests\bin\debug\net7.0\quicklap.tests.dll" id="6fe46184-1535-b2e1-5609-eae0409a9281">
      <Execution id="f6fd15f5-6701-4b54-a4d5-9f137a7b608d" />
      <TestMethod codeBase="C:\repos\QuickLap\QuickLap.Tests\bin\Debug\net7.0\QuickLap.Tests.dll" adapterTypeName="executor://xunit/VsTestRunner2/netcoreapp" className="QuickLap.Tests.InMemory.WithoutClassFixture.UserRepositoryTests" name="LoginAsync_ShouldReturnFalse_WhenUserDoesNotExistWithMatchingCredentials" />
    </UnitTest>
    <UnitTest name="QuickLap.Tests.TempDatabase.WithoutClassFixture.UserRepositoryTests.LoginAsync_ShouldReturnFalse_WhenUserDoesNotExistWithMatchingCredentials" storage="c:\repos\quicklap\quicklap.tests\bin\debug\net7.0\quicklap.tests.dll" id="f69291b4-d9ff-622f-6c5a-ed33c0734cd5">
      <Execution id="0ee62088-7500-4bd9-8172-67f1ea4226d7" />
      <TestMethod codeBase="C:\repos\QuickLap\QuickLap.Tests\bin\Debug\net7.0\QuickLap.Tests.dll" adapterTypeName="executor://xunit/VsTestRunner2/netcoreapp" className="QuickLap.Tests.TempDatabase.WithoutClassFixture.UserRepositoryTests" name="LoginAsync_ShouldReturnFalse_WhenUserDoesNotExistWithMatchingCredentials" />
    </UnitTest>
    <UnitTest name="QuickLap.Tests.TempDatabase.WithoutClassFixture.OrderRepositoryTests.AddOrderItemAsync_ShouldAddOrderItem_WhenOrderDoesntHaveProductYet" storage="c:\repos\quicklap\quicklap.tests\bin\debug\net7.0\quicklap.tests.dll" id="e2503fc9-71c3-5edf-9444-22f1ede2d00c">
      <Execution id="402a7790-1a5e-444d-8ced-e2ca3a92beab" />
      <TestMethod codeBase="C:\repos\QuickLap\QuickLap.Tests\bin\Debug\net7.0\QuickLap.Tests.dll" adapterTypeName="executor://xunit/VsTestRunner2/netcoreapp" className="QuickLap.Tests.TempDatabase.WithoutClassFixture.OrderRepositoryTests" name="AddOrderItemAsync_ShouldAddOrderItem_WhenOrderDoesntHaveProductYet" />
    </UnitTest>
    <UnitTest name="QuickLap.Tests.InMemory.WithClassFixture.CustomerRepositoryTests.RegisterCustomerAsync_ShouldRegisterCustomerAndReturnCustomerId" storage="c:\repos\quicklap\quicklap.tests\bin\debug\net7.0\quicklap.tests.dll" id="482aa2ce-7d31-9887-f0e4-d179e27c2ce8">
      <Execution id="a85ffabb-25c9-425d-94bd-d05856030140" />
      <TestMethod codeBase="C:\repos\QuickLap\QuickLap.Tests\bin\Debug\net7.0\QuickLap.Tests.dll" adapterTypeName="executor://xunit/VsTestRunner2/netcoreapp" className="QuickLap.Tests.InMemory.WithClassFixture.CustomerRepositoryTests" name="RegisterCustomerAsync_ShouldRegisterCustomerAndReturnCustomerId" />
    </UnitTest>
    <UnitTest name="QuickLap.Tests.InMemory.WithClassFixture.OrderRepositoryTests.AddOrderItemAsync_ShouldIncrementOrderItem_WhenOrderAlreadyHasProduct" storage="c:\repos\quicklap\quicklap.tests\bin\debug\net7.0\quicklap.tests.dll" id="cb1fe8fb-11af-cc48-d956-4ad557f4be3f">
      <Execution id="e560b58c-d1bc-48bb-921b-96838fcbd185" />
      <TestMethod codeBase="C:\repos\QuickLap\QuickLap.Tests\bin\Debug\net7.0\QuickLap.Tests.dll" adapterTypeName="executor://xunit/VsTestRunner2/netcoreapp" className="QuickLap.Tests.InMemory.WithClassFixture.OrderRepositoryTests" name="AddOrderItemAsync_ShouldIncrementOrderItem_WhenOrderAlreadyHasProduct" />
    </UnitTest>
    <UnitTest name="QuickLap.Tests.TempDatabase.WithoutClassFixture.ProductRepositoryTests.GetByIdAsync_ShouldThrowNotFoundException_WhenProductDoesNotExist" storage="c:\repos\quicklap\quicklap.tests\bin\debug\net7.0\quicklap.tests.dll" id="1ce97ed8-fb10-3854-70b8-17871fddcff4">
      <Execution id="8f62050d-3da0-48f7-a574-4214dccf23ab" />
      <TestMethod codeBase="C:\repos\QuickLap\QuickLap.Tests\bin\Debug\net7.0\QuickLap.Tests.dll" adapterTypeName="executor://xunit/VsTestRunner2/netcoreapp" className="QuickLap.Tests.TempDatabase.WithoutClassFixture.ProductRepositoryTests" name="GetByIdAsync_ShouldThrowNotFoundException_WhenProductDoesNotExist" />
    </UnitTest>
    <UnitTest name="QuickLap.Tests.TempDatabase.WithoutClassFixture.OrderRepositoryTests.CreateOrderAsync_ShouldCreateOrderAndReturnOrderId" storage="c:\repos\quicklap\quicklap.tests\bin\debug\net7.0\quicklap.tests.dll" id="3e21f879-ddde-e3cc-eecb-52ab7bff2b5f">
      <Execution id="abf7fd1b-fc12-4d33-b0f3-866ad405b6b2" />
      <TestMethod codeBase="C:\repos\QuickLap\QuickLap.Tests\bin\Debug\net7.0\QuickLap.Tests.dll" adapterTypeName="executor://xunit/VsTestRunner2/netcoreapp" className="QuickLap.Tests.TempDatabase.WithoutClassFixture.OrderRepositoryTests" name="CreateOrderAsync_ShouldCreateOrderAndReturnOrderId" />
    </UnitTest>
    <UnitTest name="QuickLap.Tests.TempDatabase.WithClassFixture.ProductRepositoryTests.GetAllAsync_ShouldReturnListOfProducts" storage="c:\repos\quicklap\quicklap.tests\bin\debug\net7.0\quicklap.tests.dll" id="5620cac4-1a62-1cbb-b4d5-46e269ca5a0e">
      <Execution id="63425e0a-c048-4f24-90ab-79cad9ef00ce" />
      <TestMethod codeBase="C:\repos\QuickLap\QuickLap.Tests\bin\Debug\net7.0\QuickLap.Tests.dll" adapterTypeName="executor://xunit/VsTestRunner2/netcoreapp" className="QuickLap.Tests.TempDatabase.WithClassFixture.ProductRepositoryTests" name="GetAllAsync_ShouldReturnListOfProducts" />
    </UnitTest>
    <UnitTest name="QuickLap.Tests.TempDatabase.WithoutClassFixture.OrderRepositoryTests.AddOrderItemAsync_ShouldIncrementOrderItem_WhenOrderAlreadyHasProduct" storage="c:\repos\quicklap\quicklap.tests\bin\debug\net7.0\quicklap.tests.dll" id="8fe41210-0ea1-c313-d8e7-2ecca0c2dbd5">
      <Execution id="cc733d31-f99f-43db-bd0d-3723aa9b67cb" />
      <TestMethod codeBase="C:\repos\QuickLap\QuickLap.Tests\bin\Debug\net7.0\QuickLap.Tests.dll" adapterTypeName="executor://xunit/VsTestRunner2/netcoreapp" className="QuickLap.Tests.TempDatabase.WithoutClassFixture.OrderRepositoryTests" name="AddOrderItemAsync_ShouldIncrementOrderItem_WhenOrderAlreadyHasProduct" />
    </UnitTest>
    <UnitTest name="QuickLap.Tests.InMemory.WithClassFixture.ProductRepositoryTests.GetByIdAsync_ShouldReturnProduct_WhenProductExists" storage="c:\repos\quicklap\quicklap.tests\bin\debug\net7.0\quicklap.tests.dll" id="77dcc98d-6b07-895c-8129-9b4d9c09ef23">
      <Execution id="429fd26b-14ca-474b-8fee-c3355fca9eed" />
      <TestMethod codeBase="C:\repos\QuickLap\QuickLap.Tests\bin\Debug\net7.0\QuickLap.Tests.dll" adapterTypeName="executor://xunit/VsTestRunner2/netcoreapp" className="QuickLap.Tests.InMemory.WithClassFixture.ProductRepositoryTests" name="GetByIdAsync_ShouldReturnProduct_WhenProductExists" />
    </UnitTest>
    <UnitTest name="QuickLap.Tests.InMemory.WithoutClassFixture.UserRepositoryTests.CompleteProfileAsync_ShouldThrowNotFoundException_WhenUserDoesNotExist" storage="c:\repos\quicklap\quicklap.tests\bin\debug\net7.0\quicklap.tests.dll" id="e64f1770-c79d-2f14-5308-66c63eb26b9a">
      <Execution id="09b12c32-6fa2-4bbb-8c18-f035d9acaade" />
      <TestMethod codeBase="C:\repos\QuickLap\QuickLap.Tests\bin\Debug\net7.0\QuickLap.Tests.dll" adapterTypeName="executor://xunit/VsTestRunner2/netcoreapp" className="QuickLap.Tests.InMemory.WithoutClassFixture.UserRepositoryTests" name="CompleteProfileAsync_ShouldThrowNotFoundException_WhenUserDoesNotExist" />
    </UnitTest>
    <UnitTest name="QuickLap.Tests.TempDatabase.WithClassFixture.ProductRepositoryTests.AddProductAsync_ShouldAddProductAndReturnProductId" storage="c:\repos\quicklap\quicklap.tests\bin\debug\net7.0\quicklap.tests.dll" id="024fae90-899a-19fa-0c93-3ef90e82a44f">
      <Execution id="3d0884ed-dd6c-49c4-9c47-21361018d470" />
      <TestMethod codeBase="C:\repos\QuickLap\QuickLap.Tests\bin\Debug\net7.0\QuickLap.Tests.dll" adapterTypeName="executor://xunit/VsTestRunner2/netcoreapp" className="QuickLap.Tests.TempDatabase.WithClassFixture.ProductRepositoryTests" name="AddProductAsync_ShouldAddProductAndReturnProductId" />
    </UnitTest>
    <UnitTest name="QuickLap.Tests.InMemory.WithoutClassFixture.CustomerRepositoryTests.RegisterCustomerAsync_ShouldThrowEntityAlreadyExistsException_WhenCustomerWithEmailAlreadyExists" storage="c:\repos\quicklap\quicklap.tests\bin\debug\net7.0\quicklap.tests.dll" id="514b1ae5-96ca-d420-7127-107633ef9f36">
      <Execution id="188d5585-9a05-42da-bd8b-fd562bdd487c" />
      <TestMethod codeBase="C:\repos\QuickLap\QuickLap.Tests\bin\Debug\net7.0\QuickLap.Tests.dll" adapterTypeName="executor://xunit/VsTestRunner2/netcoreapp" className="QuickLap.Tests.InMemory.WithoutClassFixture.CustomerRepositoryTests" name="RegisterCustomerAsync_ShouldThrowEntityAlreadyExistsException_WhenCustomerWithEmailAlreadyExists" />
    </UnitTest>
    <UnitTest name="QuickLap.Tests.TempDatabase.WithClassFixture.UserRepositoryTests.RegisterUserAsync_ShouldThrowEntityAlreadyExistsException_WhenUserWithEmailAlreadyExists" storage="c:\repos\quicklap\quicklap.tests\bin\debug\net7.0\quicklap.tests.dll" id="1ecadd98-b7c7-5952-2d0b-4875486944ab">
      <Execution id="89e41665-febb-4826-bdf8-e235159d6cc0" />
      <TestMethod codeBase="C:\repos\QuickLap\QuickLap.Tests\bin\Debug\net7.0\QuickLap.Tests.dll" adapterTypeName="executor://xunit/VsTestRunner2/netcoreapp" className="QuickLap.Tests.TempDatabase.WithClassFixture.UserRepositoryTests" name="RegisterUserAsync_ShouldThrowEntityAlreadyExistsException_WhenUserWithEmailAlreadyExists" />
    </UnitTest>
    <UnitTest name="QuickLap.Tests.TempDatabase.WithClassFixture.ProductRepositoryTests.GetByIdAsync_ShouldThrowNotFoundException_WhenProductDoesNotExist" storage="c:\repos\quicklap\quicklap.tests\bin\debug\net7.0\quicklap.tests.dll" id="f9893a2a-2520-d3da-e820-f067a2d2028c">
      <Execution id="f659849c-2295-48c7-a223-c3f95509ca4f" />
      <TestMethod codeBase="C:\repos\QuickLap\QuickLap.Tests\bin\Debug\net7.0\QuickLap.Tests.dll" adapterTypeName="executor://xunit/VsTestRunner2/netcoreapp" className="QuickLap.Tests.TempDatabase.WithClassFixture.ProductRepositoryTests" name="GetByIdAsync_ShouldThrowNotFoundException_WhenProductDoesNotExist" />
    </UnitTest>
    <UnitTest name="QuickLap.Tests.TempDatabase.WithoutClassFixture.CustomerRepositoryTests.RegisterCustomerAsync_ShouldThrowEntityAlreadyExistsException_WhenCustomerWithEmailAlreadyExists" storage="c:\repos\quicklap\quicklap.tests\bin\debug\net7.0\quicklap.tests.dll" id="d763b7c7-90ea-1ab9-0c18-2741901564c6">
      <Execution id="1e65ca4d-f81d-456e-8b08-c854c6ad0cba" />
      <TestMethod codeBase="C:\repos\QuickLap\QuickLap.Tests\bin\Debug\net7.0\QuickLap.Tests.dll" adapterTypeName="executor://xunit/VsTestRunner2/netcoreapp" className="QuickLap.Tests.TempDatabase.WithoutClassFixture.CustomerRepositoryTests" name="RegisterCustomerAsync_ShouldThrowEntityAlreadyExistsException_WhenCustomerWithEmailAlreadyExists" />
    </UnitTest>
  </TestDefinitions>
  <TestEntries>
    <TestEntry testId="bcccf3df-639e-e23d-1a55-0702a2507011" executionId="f5ed3998-61ee-4718-8584-a8d83d540796" testListId="8c84fa94-04c1-424b-9868-57a2d4851a1d" />
    <TestEntry testId="f69291b4-d9ff-622f-6c5a-ed33c0734cd5" executionId="0ee62088-7500-4bd9-8172-67f1ea4226d7" testListId="8c84fa94-04c1-424b-9868-57a2d4851a1d" />
    <TestEntry testId="f9893a2a-2520-d3da-e820-f067a2d2028c" executionId="f659849c-2295-48c7-a223-c3f95509ca4f" testListId="8c84fa94-04c1-424b-9868-57a2d4851a1d" />
    <TestEntry testId="1ce97ed8-fb10-3854-70b8-17871fddcff4" executionId="8f62050d-3da0-48f7-a574-4214dccf23ab" testListId="8c84fa94-04c1-424b-9868-57a2d4851a1d" />
    <TestEntry testId="46cd4733-3f00-6947-5995-d24d8e6c32b3" executionId="fe626b2d-8bd0-4cc8-93b1-92813ca71068" testListId="8c84fa94-04c1-424b-9868-57a2d4851a1d" />
    <TestEntry testId="ad5d8362-40af-9427-71a3-2f821ca85ab7" executionId="b1f82bd0-b506-4c24-a2b1-b55266e520ec" testListId="8c84fa94-04c1-424b-9868-57a2d4851a1d" />
    <TestEntry testId="17ad132b-5f7c-912f-f4c3-4ece8c258e12" executionId="c50f1c84-7b5d-4e6b-84bb-03796b57ac21" testListId="8c84fa94-04c1-424b-9868-57a2d4851a1d" />
    <TestEntry testId="3e21f879-ddde-e3cc-eecb-52ab7bff2b5f" executionId="abf7fd1b-fc12-4d33-b0f3-866ad405b6b2" testListId="8c84fa94-04c1-424b-9868-57a2d4851a1d" />
    <TestEntry testId="f27469e9-43f0-6ebf-d1b9-a71d754c65d0" executionId="356b5a63-eed7-40e2-bfa5-7222dae9d2bc" testListId="8c84fa94-04c1-424b-9868-57a2d4851a1d" />
    <TestEntry testId="e3a06078-0b50-7fbf-f666-aaffc96526a5" executionId="744fb50a-cdb8-49f6-9151-8bb88e07c9d7" testListId="8c84fa94-04c1-424b-9868-57a2d4851a1d" />
    <TestEntry testId="d54318f1-4ee1-ea7d-c831-d97ce15fd952" executionId="e2ca42c6-8b3a-41dd-a763-d9b4c123de04" testListId="8c84fa94-04c1-424b-9868-57a2d4851a1d" />
    <TestEntry testId="8a0bfc88-7ee3-3d0b-4a12-3a518ab90276" executionId="088c0ed9-81f7-4909-a61b-f1d96afb8e13" testListId="8c84fa94-04c1-424b-9868-57a2d4851a1d" />
    <TestEntry testId="4f69fe12-90de-841d-6b23-9fab0acbe0d1" executionId="89e6769e-b359-4cef-a19a-0c69d5764eca" testListId="8c84fa94-04c1-424b-9868-57a2d4851a1d" />
    <TestEntry testId="1ca4d800-a8da-27e1-b1e3-d6e6f0fadfa2" executionId="950f04ac-6756-4f81-84af-3901d32ae206" testListId="8c84fa94-04c1-424b-9868-57a2d4851a1d" />
    <TestEntry testId="cb1fe8fb-11af-cc48-d956-4ad557f4be3f" executionId="e560b58c-d1bc-48bb-921b-96838fcbd185" testListId="8c84fa94-04c1-424b-9868-57a2d4851a1d" />
    <TestEntry testId="cc4f8100-58c9-5b75-1d07-4ffac49e0314" executionId="36f0009c-b1c5-4845-8ba0-d09b377666eb" testListId="8c84fa94-04c1-424b-9868-57a2d4851a1d" />
    <TestEntry testId="acc3284d-1420-0d7b-41bc-aa95c6df0173" executionId="6184b85a-8cf2-44c8-9771-f09eaa2dc70e" testListId="8c84fa94-04c1-424b-9868-57a2d4851a1d" />
    <TestEntry testId="a02524af-43bd-b2a2-47ad-803ed7126c48" executionId="1a14d34c-bd4c-4664-bf14-0715128cfad0" testListId="8c84fa94-04c1-424b-9868-57a2d4851a1d" />
    <TestEntry testId="91d5ff86-719d-b058-4dd2-8c8cff7f4977" executionId="abec06ee-ac83-4cc7-a061-df6b67c522e4" testListId="8c84fa94-04c1-424b-9868-57a2d4851a1d" />
    <TestEntry testId="62f51c8a-217e-863f-ca17-944dcaffe5fa" executionId="c2a93fb3-ae51-4406-9bc6-2e6241104633" testListId="8c84fa94-04c1-424b-9868-57a2d4851a1d" />
    <TestEntry testId="b4542277-6809-6c2d-048c-f7cc829b890f" executionId="15fa5b66-6e8e-4c60-afa4-1fe6a97e110a" testListId="8c84fa94-04c1-424b-9868-57a2d4851a1d" />
    <TestEntry testId="77dcc98d-6b07-895c-8129-9b4d9c09ef23" executionId="429fd26b-14ca-474b-8fee-c3355fca9eed" testListId="8c84fa94-04c1-424b-9868-57a2d4851a1d" />
    <TestEntry testId="87948de4-9d20-5a73-e5b9-b63baec58b80" executionId="f8f875b6-a87f-41e9-aaff-e4efde36de07" testListId="8c84fa94-04c1-424b-9868-57a2d4851a1d" />
    <TestEntry testId="75dbc904-454d-3fba-c563-bb7ebffd7ca8" executionId="2211ae9a-e8bb-4198-8f93-f3b09cde91ac" testListId="8c84fa94-04c1-424b-9868-57a2d4851a1d" />
    <TestEntry testId="3b75b512-251c-f426-eca2-062a7bced349" executionId="e0a3278c-0b56-4b4a-96e0-d40c74c9882f" testListId="8c84fa94-04c1-424b-9868-57a2d4851a1d" />
    <TestEntry testId="c884c42f-7db6-eac8-2502-dfd7a63da7ae" executionId="0c88806b-ea3a-4c5f-8869-cc016c6d4443" testListId="8c84fa94-04c1-424b-9868-57a2d4851a1d" />
    <TestEntry testId="c8848481-7ad0-8453-ece5-9433c79d6bfd" executionId="2b37787f-eb8c-46b0-ad3c-d4cff3eec758" testListId="8c84fa94-04c1-424b-9868-57a2d4851a1d" />
    <TestEntry testId="905d6018-869c-38e0-c062-b2bc05ec69f9" executionId="127f5342-9e2f-4442-bae0-3782e9f5f6b3" testListId="8c84fa94-04c1-424b-9868-57a2d4851a1d" />
    <TestEntry testId="8fe41210-0ea1-c313-d8e7-2ecca0c2dbd5" executionId="cc733d31-f99f-43db-bd0d-3723aa9b67cb" testListId="8c84fa94-04c1-424b-9868-57a2d4851a1d" />
    <TestEntry testId="2c7f51d8-210a-701e-efee-996d6690a153" executionId="ffa4ba08-958f-4ff8-a148-d1293fb4269f" testListId="8c84fa94-04c1-424b-9868-57a2d4851a1d" />
    <TestEntry testId="1b5f022a-5d30-81ba-1561-a3d481ccfa87" executionId="1a21a00d-144d-434f-afe5-917517408e87" testListId="8c84fa94-04c1-424b-9868-57a2d4851a1d" />
    <TestEntry testId="1ecadd98-b7c7-5952-2d0b-4875486944ab" executionId="89e41665-febb-4826-bdf8-e235159d6cc0" testListId="8c84fa94-04c1-424b-9868-57a2d4851a1d" />
    <TestEntry testId="39734f60-401d-f84c-7987-74bb30b8c344" executionId="02a0449c-beeb-437f-9689-1fa508b30e1b" testListId="8c84fa94-04c1-424b-9868-57a2d4851a1d" />
    <TestEntry testId="95d06feb-42b2-fa49-f3af-a6f132c45fb9" executionId="cd2f10ee-b44f-4411-a46f-1278cacf7f1a" testListId="8c84fa94-04c1-424b-9868-57a2d4851a1d" />
    <TestEntry testId="0b54f752-dd2f-3968-0389-a10204700fe8" executionId="75dee3b9-c6d5-44ca-aefe-e3d63e0ab874" testListId="8c84fa94-04c1-424b-9868-57a2d4851a1d" />
    <TestEntry testId="6c74461b-c721-c6fa-74ed-1a09f55f2b69" executionId="4bf06c5e-d628-4652-9945-b70720b95d6c" testListId="8c84fa94-04c1-424b-9868-57a2d4851a1d" />
    <TestEntry testId="f8f79563-3b33-6a2c-4d9d-5921e3775d57" executionId="0c402a9a-837e-4040-a336-36acfe35e885" testListId="8c84fa94-04c1-424b-9868-57a2d4851a1d" />
    <TestEntry testId="e2503fc9-71c3-5edf-9444-22f1ede2d00c" executionId="402a7790-1a5e-444d-8ced-e2ca3a92beab" testListId="8c84fa94-04c1-424b-9868-57a2d4851a1d" />
    <TestEntry testId="55aac076-097c-3f88-8435-383763ce4eb7" executionId="0881a07f-1a82-430d-827e-0f6f0d549709" testListId="8c84fa94-04c1-424b-9868-57a2d4851a1d" />
    <TestEntry testId="9c8225fd-c605-93c4-36cc-b14173f9b898" executionId="04597923-d7bd-4caf-8b2c-2278c9be3e2d" testListId="8c84fa94-04c1-424b-9868-57a2d4851a1d" />
    <TestEntry testId="15a30c8d-3a7b-2f18-e0ee-eccdfdcd25a1" executionId="c2b70582-31c0-40c0-897f-431479295826" testListId="8c84fa94-04c1-424b-9868-57a2d4851a1d" />
    <TestEntry testId="024fae90-899a-19fa-0c93-3ef90e82a44f" executionId="3d0884ed-dd6c-49c4-9c47-21361018d470" testListId="8c84fa94-04c1-424b-9868-57a2d4851a1d" />
    <TestEntry testId="a776eefd-6596-e19f-c31f-844ddaf01d85" executionId="83819783-5477-4e51-8d02-a00e63228677" testListId="8c84fa94-04c1-424b-9868-57a2d4851a1d" />
    <TestEntry testId="40c86054-1385-fad6-2667-fe02b9793bec" executionId="21b22081-0a31-4c8b-8ab9-e891e1773632" testListId="8c84fa94-04c1-424b-9868-57a2d4851a1d" />
    <TestEntry testId="5a7c2469-1e04-f5dc-baac-f6dfaa1d46e4" executionId="f0eb6a08-466d-4320-b4c9-ea007eab250c" testListId="8c84fa94-04c1-424b-9868-57a2d4851a1d" />
    <TestEntry testId="5756351e-1cf7-6f28-2835-4cd55f0154d2" executionId="4d6cef0c-758c-4082-8483-a91ef14caa08" testListId="8c84fa94-04c1-424b-9868-57a2d4851a1d" />
    <TestEntry testId="482aa2ce-7d31-9887-f0e4-d179e27c2ce8" executionId="a85ffabb-25c9-425d-94bd-d05856030140" testListId="8c84fa94-04c1-424b-9868-57a2d4851a1d" />
    <TestEntry testId="514b1ae5-96ca-d420-7127-107633ef9f36" executionId="188d5585-9a05-42da-bd8b-fd562bdd487c" testListId="8c84fa94-04c1-424b-9868-57a2d4851a1d" />
    <TestEntry testId="ae353b48-4582-95f4-6ed3-77358877b5d5" executionId="8d87b0cb-9910-4576-a9a7-c531f4e85fa2" testListId="8c84fa94-04c1-424b-9868-57a2d4851a1d" />
    <TestEntry testId="6956cea8-3b70-ab4d-0a70-44021c4d03be" executionId="8c4c4ff7-ac2a-44cf-bdc1-456bdaabef87" testListId="8c84fa94-04c1-424b-9868-57a2d4851a1d" />
    <TestEntry testId="d1b45ebd-f980-5fd0-5274-b58e4f0e2775" executionId="c840beee-f834-43f0-857f-76c782f6fb5f" testListId="8c84fa94-04c1-424b-9868-57a2d4851a1d" />
    <TestEntry testId="6fe46184-1535-b2e1-5609-eae0409a9281" executionId="f6fd15f5-6701-4b54-a4d5-9f137a7b608d" testListId="8c84fa94-04c1-424b-9868-57a2d4851a1d" />
    <TestEntry testId="d763b7c7-90ea-1ab9-0c18-2741901564c6" executionId="1e65ca4d-f81d-456e-8b08-c854c6ad0cba" testListId="8c84fa94-04c1-424b-9868-57a2d4851a1d" />
    <TestEntry testId="3b338677-1775-15e6-a14f-4766662acc57" executionId="d939b2a4-13f9-49fa-93ed-305e9785e6f4" testListId="8c84fa94-04c1-424b-9868-57a2d4851a1d" />
    <TestEntry testId="995d70cd-2baa-a5b0-5fca-b41d05709a0d" executionId="a132e663-ef46-4135-bf01-7b73e159af7f" testListId="8c84fa94-04c1-424b-9868-57a2d4851a1d" />
    <TestEntry testId="f4fde79a-7299-05a3-237e-926ead7d2471" executionId="68eff2e6-2eab-401e-96f9-c7ab4fc33f2a" testListId="8c84fa94-04c1-424b-9868-57a2d4851a1d" />
    <TestEntry testId="bdb8d388-b713-24aa-5807-ccebce3003f2" executionId="14c15c88-bf8e-4847-be59-263531261392" testListId="8c84fa94-04c1-424b-9868-57a2d4851a1d" />
    <TestEntry testId="e64f1770-c79d-2f14-5308-66c63eb26b9a" executionId="09b12c32-6fa2-4bbb-8c18-f035d9acaade" testListId="8c84fa94-04c1-424b-9868-57a2d4851a1d" />
    <TestEntry testId="5620cac4-1a62-1cbb-b4d5-46e269ca5a0e" executionId="63425e0a-c048-4f24-90ab-79cad9ef00ce" testListId="8c84fa94-04c1-424b-9868-57a2d4851a1d" />
    <TestEntry testId="7b19220b-bf5e-9c34-1517-803d7389fc6d" executionId="c4f802ce-6d95-4c76-a236-2b696546250a" testListId="8c84fa94-04c1-424b-9868-57a2d4851a1d" />
  </TestEntries>
  <TestLists>
    <TestList name="Results Not in a List" id="8c84fa94-04c1-424b-9868-57a2d4851a1d" />
    <TestList name="All Loaded Results" id="19431567-8539-422a-85d7-44ee4e166bda" />
  </TestLists>
  <ResultSummary outcome="Completed">
    <Counters total="60" executed="60" passed="60" failed="0" error="0" timeout="0" aborted="0" inconclusive="0" passedButRunAborted="0" notRunnable="0" notExecuted="0" disconnected="0" warning="0" completed="0" inProgress="0" pending="0" />
    <Output>
      <StdOut>[xUnit.net 00:00:00.00] xUnit.net VSTest Adapter v2.5.4.1+b9eacec401 (64-bit .NET 7.0.14)&#xD;
[xUnit.net 00:00:00.12]   Discovering: QuickLap.Tests&#xD;
[xUnit.net 00:00:00.16]   Discovered:  QuickLap.Tests&#xD;
[xUnit.net 00:00:00.16]   Starting:    QuickLap.Tests&#xD;
[xUnit.net 00:00:06.37]   Finished:    QuickLap.Tests&#xD;
</StdOut>
    </Output>
  </ResultSummary>
</TestRun>