<?xml version="1.0" encoding="utf-8"?>
<TestRun id="0d79a239-55f1-4efe-88a9-a501568345b1" name="luiz.barbieri@LAPTOP-1EMVEQGB 2024-01-05 15:44:31" runUser="LAPTOP-1EMVEQGB\luiz.barbieri" xmlns="http://microsoft.com/schemas/VisualStudio/TeamTest/2010">
  <Times creation="2024-01-05T15:44:32.0066127+01:00" queuing="2024-01-05T15:44:32.0066132+01:00" start="2024-01-05T15:44:30.3466925+01:00" finish="2024-01-05T15:44:37.3235627+01:00" />
  <TestSettings name="default" id="f2a7cee3-0f88-486c-b5ed-ee313793b92c">
    <Deployment runDeploymentRoot="luiz.barbieri_LAPTOP-1EMVEQGB_2024-01-05_15_44_31" />
  </TestSettings>
  <Results>
    <UnitTestResult executionId="e0fc8ce3-8d35-45f8-b377-114a9c1aade9" testId="1ca4d800-a8da-27e1-b1e3-d6e6f0fadfa2" testName="QuickLap.Tests.TempDatabase.WithClassFixture.CustomerRepositoryTests.RegisterCustomerAsync_ShouldThrowEntityAlreadyExistsException_WhenCustomerWithEmailAlreadyExists" computerName="LAPTOP-1EMVEQGB" duration="00:00:00.0093925" startTime="2024-01-05T15:44:33.4117888+01:00" endTime="2024-01-05T15:44:33.4117891+01:00" testType="13cdc9d9-ddb5-4fa4-a97d-d965ccfc6d4b" outcome="Passed" testListId="8c84fa94-04c1-424b-9868-57a2d4851a1d" relativeResultsDirectory="e0fc8ce3-8d35-45f8-b377-114a9c1aade9" />
    <UnitTestResult executionId="cc26560a-b54a-457a-8fcd-d02642be457e" testId="cb1fe8fb-11af-cc48-d956-4ad557f4be3f" testName="QuickLap.Tests.InMemory.WithClassFixture.OrderRepositoryTests.AddOrderItemAsync_ShouldIncrementOrderItem_WhenOrderAlreadyHasProduct" computerName="LAPTOP-1EMVEQGB" duration="00:00:00.1148260" startTime="2024-01-05T15:44:32.0417361+01:00" endTime="2024-01-05T15:44:32.0417365+01:00" testType="13cdc9d9-ddb5-4fa4-a97d-d965ccfc6d4b" outcome="Passed" testListId="8c84fa94-04c1-424b-9868-57a2d4851a1d" relativeResultsDirectory="cc26560a-b54a-457a-8fcd-d02642be457e" />
    <UnitTestResult executionId="faaaa1b1-72c5-42fa-ba39-22c35c57a833" testId="ad5d8362-40af-9427-71a3-2f821ca85ab7" testName="QuickLap.Tests.TempDatabase.WithoutClassFixture.CustomerRepositoryTests.RegisterCustomerAsync_ShouldRegisterCustomerAndReturnCustomerId" computerName="LAPTOP-1EMVEQGB" duration="00:00:01.7048754" startTime="2024-01-05T15:44:32.9051731+01:00" endTime="2024-01-05T15:44:32.9051741+01:00" testType="13cdc9d9-ddb5-4fa4-a97d-d965ccfc6d4b" outcome="Passed" testListId="8c84fa94-04c1-424b-9868-57a2d4851a1d" relativeResultsDirectory="faaaa1b1-72c5-42fa-ba39-22c35c57a833" />
    <UnitTestResult executionId="57dbaf65-1999-44f4-9734-b72bb119f5bf" testId="2c7f51d8-210a-701e-efee-996d6690a153" testName="QuickLap.Tests.InMemory.WithoutClassFixture.OrderRepositoryTests.CreateOrderAsync_ShouldCreateOrderAndReturnOrderId" computerName="LAPTOP-1EMVEQGB" duration="00:00:00.7095392" startTime="2024-01-05T15:44:31.9665447+01:00" endTime="2024-01-05T15:44:31.9665448+01:00" testType="13cdc9d9-ddb5-4fa4-a97d-d965ccfc6d4b" outcome="Passed" testListId="8c84fa94-04c1-424b-9868-57a2d4851a1d" relativeResultsDirectory="57dbaf65-1999-44f4-9734-b72bb119f5bf" />
    <UnitTestResult executionId="2049bd7f-8095-4197-a22b-004949e3dadc" testId="1ce97ed8-fb10-3854-70b8-17871fddcff4" testName="QuickLap.Tests.TempDatabase.WithoutClassFixture.ProductRepositoryTests.GetByIdAsync_ShouldThrowNotFoundException_WhenProductDoesNotExist" computerName="LAPTOP-1EMVEQGB" duration="00:00:01.6471763" startTime="2024-01-05T15:44:32.8510289+01:00" endTime="2024-01-05T15:44:32.8510292+01:00" testType="13cdc9d9-ddb5-4fa4-a97d-d965ccfc6d4b" outcome="Passed" testListId="8c84fa94-04c1-424b-9868-57a2d4851a1d" relativeResultsDirectory="2049bd7f-8095-4197-a22b-004949e3dadc" />
    <UnitTestResult executionId="71f0b4fb-4584-4ac3-8f6f-eda5ddecbe0c" testId="1b5f022a-5d30-81ba-1561-a3d481ccfa87" testName="QuickLap.Tests.InMemory.WithoutClassFixture.ProductRepositoryTests.GetAllAsync_ShouldReturnListOfProducts" computerName="LAPTOP-1EMVEQGB" duration="00:00:00.0333849" startTime="2024-01-05T15:44:32.0238615+01:00" endTime="2024-01-05T15:44:32.0238621+01:00" testType="13cdc9d9-ddb5-4fa4-a97d-d965ccfc6d4b" outcome="Passed" testListId="8c84fa94-04c1-424b-9868-57a2d4851a1d" relativeResultsDirectory="71f0b4fb-4584-4ac3-8f6f-eda5ddecbe0c" />
    <UnitTestResult executionId="7f45537b-5016-41eb-adde-8b3df4e4ed06" testId="5a7c2469-1e04-f5dc-baac-f6dfaa1d46e4" testName="QuickLap.Tests.TempDatabase.WithClassFixture.CustomerRepositoryTests.RegisterCustomerAsync_ShouldRegisterCustomerAndReturnCustomerId" computerName="LAPTOP-1EMVEQGB" duration="00:00:00.0067252" startTime="2024-01-05T15:44:33.4186627+01:00" endTime="2024-01-05T15:44:33.4186629+01:00" testType="13cdc9d9-ddb5-4fa4-a97d-d965ccfc6d4b" outcome="Passed" testListId="8c84fa94-04c1-424b-9868-57a2d4851a1d" relativeResultsDirectory="7f45537b-5016-41eb-adde-8b3df4e4ed06" />
    <UnitTestResult executionId="b5bd3f6a-463d-4f94-87fe-1bbb69a56616" testId="c884c42f-7db6-eac8-2502-dfd7a63da7ae" testName="QuickLap.Tests.TempDatabase.WithClassFixture.UserRepositoryTests.LoginAsync_ShouldReturnTrue_WhenUserExistsWithMatchingCredentials" computerName="LAPTOP-1EMVEQGB" duration="00:00:00.0068263" startTime="2024-01-05T15:44:37.1946254+01:00" endTime="2024-01-05T15:44:37.1946256+01:00" testType="13cdc9d9-ddb5-4fa4-a97d-d965ccfc6d4b" outcome="Passed" testListId="8c84fa94-04c1-424b-9868-57a2d4851a1d" relativeResultsDirectory="b5bd3f6a-463d-4f94-87fe-1bbb69a56616" />
    <UnitTestResult executionId="9275d2eb-ae64-40cf-8d7e-402ee0e4daf9" testId="3e21f879-ddde-e3cc-eecb-52ab7bff2b5f" testName="QuickLap.Tests.TempDatabase.WithoutClassFixture.OrderRepositoryTests.CreateOrderAsync_ShouldCreateOrderAndReturnOrderId" computerName="LAPTOP-1EMVEQGB" duration="00:00:01.0913977" startTime="2024-01-05T15:44:34.9868684+01:00" endTime="2024-01-05T15:44:34.9868687+01:00" testType="13cdc9d9-ddb5-4fa4-a97d-d965ccfc6d4b" outcome="Passed" testListId="8c84fa94-04c1-424b-9868-57a2d4851a1d" relativeResultsDirectory="9275d2eb-ae64-40cf-8d7e-402ee0e4daf9" />
    <UnitTestResult executionId="ebdabc25-2213-45b0-bda4-473fc68fce57" testId="995d70cd-2baa-a5b0-5fca-b41d05709a0d" testName="QuickLap.Tests.TempDatabase.WithoutClassFixture.UserRepositoryTests.CompleteProfileAsync_ShouldThrowNotFoundException_WhenUserDoesNotExist" computerName="LAPTOP-1EMVEQGB" duration="00:00:00.9105588" startTime="2024-01-05T15:44:35.7579043+01:00" endTime="2024-01-05T15:44:35.7579046+01:00" testType="13cdc9d9-ddb5-4fa4-a97d-d965ccfc6d4b" outcome="Passed" testListId="8c84fa94-04c1-424b-9868-57a2d4851a1d" relativeResultsDirectory="ebdabc25-2213-45b0-bda4-473fc68fce57" />
    <UnitTestResult executionId="81a44fb4-952d-477d-9a06-e1d53864cdc4" testId="0b54f752-dd2f-3968-0389-a10204700fe8" testName="QuickLap.Tests.InMemory.WithClassFixture.ProductRepositoryTests.GetAllAsync_ShouldReturnListOfProducts" computerName="LAPTOP-1EMVEQGB" duration="00:00:00.0029768" startTime="2024-01-05T15:44:32.0537699+01:00" endTime="2024-01-05T15:44:32.0537702+01:00" testType="13cdc9d9-ddb5-4fa4-a97d-d965ccfc6d4b" outcome="Passed" testListId="8c84fa94-04c1-424b-9868-57a2d4851a1d" relativeResultsDirectory="81a44fb4-952d-477d-9a06-e1d53864cdc4" />
    <UnitTestResult executionId="773d35bd-eab5-4433-a920-97bd7313c261" testId="8a0bfc88-7ee3-3d0b-4a12-3a518ab90276" testName="QuickLap.Tests.InMemory.WithClassFixture.CustomerRepositoryTests.RegisterCustomerAsync_ShouldThrowEntityAlreadyExistsException_WhenCustomerWithEmailAlreadyExists" computerName="LAPTOP-1EMVEQGB" duration="00:00:00.5879478" startTime="2024-01-05T15:44:31.9132109+01:00" endTime="2024-01-05T15:44:31.9132344+01:00" testType="13cdc9d9-ddb5-4fa4-a97d-d965ccfc6d4b" outcome="Passed" testListId="8c84fa94-04c1-424b-9868-57a2d4851a1d" relativeResultsDirectory="773d35bd-eab5-4433-a920-97bd7313c261" />
    <UnitTestResult executionId="96d4e2dd-4a1f-4f0d-a335-9fa150a87f63" testId="4f69fe12-90de-841d-6b23-9fab0acbe0d1" testName="QuickLap.Tests.InMemory.WithoutClassFixture.CustomerRepositoryTests.RegisterCustomerAsync_ShouldRegisterCustomerAndReturnCustomerId" computerName="LAPTOP-1EMVEQGB" duration="00:00:00.0333113" startTime="2024-01-05T15:44:31.9667010+01:00" endTime="2024-01-05T15:44:31.9667010+01:00" testType="13cdc9d9-ddb5-4fa4-a97d-d965ccfc6d4b" outcome="Passed" testListId="8c84fa94-04c1-424b-9868-57a2d4851a1d" relativeResultsDirectory="96d4e2dd-4a1f-4f0d-a335-9fa150a87f63" />
    <UnitTestResult executionId="1750764e-33b7-4af1-9abf-4fcfb611fca4" testId="e3a06078-0b50-7fbf-f666-aaffc96526a5" testName="QuickLap.Tests.InMemory.WithoutClassFixture.OrderRepositoryTests.AddOrderItemAsync_ShouldIncrementOrderItem_WhenOrderAlreadyHasProduct" computerName="LAPTOP-1EMVEQGB" duration="00:00:00.0033452" startTime="2024-01-05T15:44:32.0451596+01:00" endTime="2024-01-05T15:44:32.0451598+01:00" testType="13cdc9d9-ddb5-4fa4-a97d-d965ccfc6d4b" outcome="Passed" testListId="8c84fa94-04c1-424b-9868-57a2d4851a1d" relativeResultsDirectory="1750764e-33b7-4af1-9abf-4fcfb611fca4" />
    <UnitTestResult executionId="975b0e68-7de5-4b36-8b45-9eea4a167112" testId="f9893a2a-2520-d3da-e820-f067a2d2028c" testName="QuickLap.Tests.TempDatabase.WithClassFixture.ProductRepositoryTests.GetByIdAsync_ShouldThrowNotFoundException_WhenProductDoesNotExist" computerName="LAPTOP-1EMVEQGB" duration="00:00:00.0042515" startTime="2024-01-05T15:44:36.5099380+01:00" endTime="2024-01-05T15:44:36.5099383+01:00" testType="13cdc9d9-ddb5-4fa4-a97d-d965ccfc6d4b" outcome="Passed" testListId="8c84fa94-04c1-424b-9868-57a2d4851a1d" relativeResultsDirectory="975b0e68-7de5-4b36-8b45-9eea4a167112" />
    <UnitTestResult executionId="ef70a708-ab3a-4a7b-b62d-d0c19738b26a" testId="6956cea8-3b70-ab4d-0a70-44021c4d03be" testName="QuickLap.Tests.TempDatabase.WithoutClassFixture.ProductRepositoryTests.AddProductAsync_ShouldAddProductAndReturnProductId" computerName="LAPTOP-1EMVEQGB" duration="00:00:00.8010391" startTime="2024-01-05T15:44:34.5890674+01:00" endTime="2024-01-05T15:44:34.5890677+01:00" testType="13cdc9d9-ddb5-4fa4-a97d-d965ccfc6d4b" outcome="Passed" testListId="8c84fa94-04c1-424b-9868-57a2d4851a1d" relativeResultsDirectory="ef70a708-ab3a-4a7b-b62d-d0c19738b26a" />
    <UnitTestResult executionId="5d18738d-1bbc-4a09-8038-76fff16446ba" testId="e2503fc9-71c3-5edf-9444-22f1ede2d00c" testName="QuickLap.Tests.TempDatabase.WithoutClassFixture.OrderRepositoryTests.AddOrderItemAsync_ShouldAddOrderItem_WhenOrderDoesntHaveProductYet" computerName="LAPTOP-1EMVEQGB" duration="00:00:00.8826260" startTime="2024-01-05T15:44:33.8952911+01:00" endTime="2024-01-05T15:44:33.8952912+01:00" testType="13cdc9d9-ddb5-4fa4-a97d-d965ccfc6d4b" outcome="Passed" testListId="8c84fa94-04c1-424b-9868-57a2d4851a1d" relativeResultsDirectory="5d18738d-1bbc-4a09-8038-76fff16446ba" />
    <UnitTestResult executionId="914dd773-8758-440c-8f85-00867de8697e" testId="55aac076-097c-3f88-8435-383763ce4eb7" testName="QuickLap.Tests.TempDatabase.WithoutClassFixture.UserRepositoryTests.LoginAsync_ShouldReturnTrue_WhenUserExistsWithMatchingCredentials" computerName="LAPTOP-1EMVEQGB" duration="00:00:00.4599765" startTime="2024-01-05T15:44:36.2180858+01:00" endTime="2024-01-05T15:44:36.2180862+01:00" testType="13cdc9d9-ddb5-4fa4-a97d-d965ccfc6d4b" outcome="Passed" testListId="8c84fa94-04c1-424b-9868-57a2d4851a1d" relativeResultsDirectory="914dd773-8758-440c-8f85-00867de8697e" />
    <UnitTestResult executionId="140ff546-eba1-4de7-923d-d3ac246b4b99" testId="8fe41210-0ea1-c313-d8e7-2ecca0c2dbd5" testName="QuickLap.Tests.TempDatabase.WithoutClassFixture.OrderRepositoryTests.AddOrderItemAsync_ShouldIncrementOrderItem_WhenOrderAlreadyHasProduct" computerName="LAPTOP-1EMVEQGB" duration="00:00:01.8119624" startTime="2024-01-05T15:44:33.0122786+01:00" endTime="2024-01-05T15:44:33.0122792+01:00" testType="13cdc9d9-ddb5-4fa4-a97d-d965ccfc6d4b" outcome="Passed" testListId="8c84fa94-04c1-424b-9868-57a2d4851a1d" relativeResultsDirectory="140ff546-eba1-4de7-923d-d3ac246b4b99" />
    <UnitTestResult executionId="3636d219-9079-42bf-b125-d8ce74b2d4a3" testId="905d6018-869c-38e0-c062-b2bc05ec69f9" testName="QuickLap.Tests.InMemory.WithClassFixture.UserRepositoryTests.CompleteProfileAsync_ShouldThrowNotFoundException_WhenUserDoesNotExist" computerName="LAPTOP-1EMVEQGB" duration="00:00:00.0017196" startTime="2024-01-05T15:44:32.0579057+01:00" endTime="2024-01-05T15:44:32.0579059+01:00" testType="13cdc9d9-ddb5-4fa4-a97d-d965ccfc6d4b" outcome="Passed" testListId="8c84fa94-04c1-424b-9868-57a2d4851a1d" relativeResultsDirectory="3636d219-9079-42bf-b125-d8ce74b2d4a3" />
    <UnitTestResult executionId="a16fcf29-6201-4a39-93fc-8d2bd55eb126" testId="7b19220b-bf5e-9c34-1517-803d7389fc6d" testName="QuickLap.Tests.TempDatabase.WithoutClassFixture.UserRepositoryTests.RegisterUserAsync_ShouldThrowEntityAlreadyExistsException_WhenUserWithEmailAlreadyExists" computerName="LAPTOP-1EMVEQGB" duration="00:00:00.9516433" startTime="2024-01-05T15:44:34.8471040+01:00" endTime="2024-01-05T15:44:34.8471043+01:00" testType="13cdc9d9-ddb5-4fa4-a97d-d965ccfc6d4b" outcome="Passed" testListId="8c84fa94-04c1-424b-9868-57a2d4851a1d" relativeResultsDirectory="a16fcf29-6201-4a39-93fc-8d2bd55eb126" />
    <UnitTestResult executionId="6fdcd80a-1b78-4363-a56b-0018d644dd16" testId="1ecadd98-b7c7-5952-2d0b-4875486944ab" testName="QuickLap.Tests.TempDatabase.WithClassFixture.UserRepositoryTests.RegisterUserAsync_ShouldThrowEntityAlreadyExistsException_WhenUserWithEmailAlreadyExists" computerName="LAPTOP-1EMVEQGB" duration="00:00:00.0058762" startTime="2024-01-05T15:44:37.2006047+01:00" endTime="2024-01-05T15:44:37.2006050+01:00" testType="13cdc9d9-ddb5-4fa4-a97d-d965ccfc6d4b" outcome="Passed" testListId="8c84fa94-04c1-424b-9868-57a2d4851a1d" relativeResultsDirectory="6fdcd80a-1b78-4363-a56b-0018d644dd16" />
    <UnitTestResult executionId="e0e7f229-6b07-4797-86ce-dbbf99f2c963" testId="a02524af-43bd-b2a2-47ad-803ed7126c48" testName="QuickLap.Tests.TempDatabase.WithoutClassFixture.UserRepositoryTests.CompleteProfileAsync_ShouldUpdateUserDetails_WhenUserExists" computerName="LAPTOP-1EMVEQGB" duration="00:00:00.9857823" startTime="2024-01-05T15:44:33.8952118+01:00" endTime="2024-01-05T15:44:33.8952123+01:00" testType="13cdc9d9-ddb5-4fa4-a97d-d965ccfc6d4b" outcome="Passed" testListId="8c84fa94-04c1-424b-9868-57a2d4851a1d" relativeResultsDirectory="e0e7f229-6b07-4797-86ce-dbbf99f2c963" />
    <UnitTestResult executionId="95568727-ab05-4701-a785-4ada325d2c48" testId="62f51c8a-217e-863f-ca17-944dcaffe5fa" testName="QuickLap.Tests.TempDatabase.WithClassFixture.OrderRepositoryTests.CreateOrderAsync_ShouldCreateOrderAndReturnOrderId" computerName="LAPTOP-1EMVEQGB" duration="00:00:00.0139468" startTime="2024-01-05T15:44:35.3379753+01:00" endTime="2024-01-05T15:44:35.3379757+01:00" testType="13cdc9d9-ddb5-4fa4-a97d-d965ccfc6d4b" outcome="Passed" testListId="8c84fa94-04c1-424b-9868-57a2d4851a1d" relativeResultsDirectory="95568727-ab05-4701-a785-4ada325d2c48" />
    <UnitTestResult executionId="1885cc13-ea2b-4f01-96df-5c0c9f650a48" testId="91d5ff86-719d-b058-4dd2-8c8cff7f4977" testName="QuickLap.Tests.InMemory.WithClassFixture.OrderRepositoryTests.AddOrderItemAsync_ShouldAddOrderItem_WhenOrderDoesntHaveProductYet" computerName="LAPTOP-1EMVEQGB" duration="00:00:00.0042930" startTime="2024-01-05T15:44:32.0460998+01:00" endTime="2024-01-05T15:44:32.0461001+01:00" testType="13cdc9d9-ddb5-4fa4-a97d-d965ccfc6d4b" outcome="Passed" testListId="8c84fa94-04c1-424b-9868-57a2d4851a1d" relativeResultsDirectory="1885cc13-ea2b-4f01-96df-5c0c9f650a48" />
    <UnitTestResult executionId="14682f20-a0d0-4019-8aaf-23b3150e2e1e" testId="87948de4-9d20-5a73-e5b9-b63baec58b80" testName="QuickLap.Tests.InMemory.WithClassFixture.ProductRepositoryTests.AddProductAsync_ShouldAddProductAndReturnProductId" computerName="LAPTOP-1EMVEQGB" duration="00:00:00.0019493" startTime="2024-01-05T15:44:32.0557982+01:00" endTime="2024-01-05T15:44:32.0557984+01:00" testType="13cdc9d9-ddb5-4fa4-a97d-d965ccfc6d4b" outcome="Passed" testListId="8c84fa94-04c1-424b-9868-57a2d4851a1d" relativeResultsDirectory="14682f20-a0d0-4019-8aaf-23b3150e2e1e" />
    <UnitTestResult executionId="443f0661-5ea3-4a96-9b6c-03da46def75b" testId="d763b7c7-90ea-1ab9-0c18-2741901564c6" testName="QuickLap.Tests.TempDatabase.WithoutClassFixture.CustomerRepositoryTests.RegisterCustomerAsync_ShouldThrowEntityAlreadyExistsException_WhenCustomerWithEmailAlreadyExists" computerName="LAPTOP-1EMVEQGB" duration="00:00:01.1244947" startTime="2024-01-05T15:44:34.0300144+01:00" endTime="2024-01-05T15:44:34.0300148+01:00" testType="13cdc9d9-ddb5-4fa4-a97d-d965ccfc6d4b" outcome="Passed" testListId="8c84fa94-04c1-424b-9868-57a2d4851a1d" relativeResultsDirectory="443f0661-5ea3-4a96-9b6c-03da46def75b" />
    <UnitTestResult executionId="b7743c9e-27a2-4d75-a973-cd19becd77bf" testId="bcccf3df-639e-e23d-1a55-0702a2507011" testName="QuickLap.Tests.TempDatabase.WithClassFixture.UserRepositoryTests.RegisterUserAsync_ShouldAddNewUserAndReturnUserId" computerName="LAPTOP-1EMVEQGB" duration="00:00:00.0051286" startTime="2024-01-05T15:44:37.2058190+01:00" endTime="2024-01-05T15:44:37.2058192+01:00" testType="13cdc9d9-ddb5-4fa4-a97d-d965ccfc6d4b" outcome="Passed" testListId="8c84fa94-04c1-424b-9868-57a2d4851a1d" relativeResultsDirectory="b7743c9e-27a2-4d75-a973-cd19becd77bf" />
    <UnitTestResult executionId="bd70dc98-a92f-4248-a4b4-6baa3147c0d2" testId="024fae90-899a-19fa-0c93-3ef90e82a44f" testName="QuickLap.Tests.TempDatabase.WithClassFixture.ProductRepositoryTests.AddProductAsync_ShouldAddProductAndReturnProductId" computerName="LAPTOP-1EMVEQGB" duration="00:00:00.0068096" startTime="2024-01-05T15:44:36.5239714+01:00" endTime="2024-01-05T15:44:36.5239716+01:00" testType="13cdc9d9-ddb5-4fa4-a97d-d965ccfc6d4b" outcome="Passed" testListId="8c84fa94-04c1-424b-9868-57a2d4851a1d" relativeResultsDirectory="bd70dc98-a92f-4248-a4b4-6baa3147c0d2" />
    <UnitTestResult executionId="d387d95d-0c30-42bc-9257-1da275ef02cd" testId="40c86054-1385-fad6-2667-fe02b9793bec" testName="QuickLap.Tests.InMemory.WithoutClassFixture.ProductRepositoryTests.AddProductAsync_ShouldAddProductAndReturnProductId" computerName="LAPTOP-1EMVEQGB" duration="00:00:00.7088940" startTime="2024-01-05T15:44:31.9661918+01:00" endTime="2024-01-05T15:44:31.9661919+01:00" testType="13cdc9d9-ddb5-4fa4-a97d-d965ccfc6d4b" outcome="Passed" testListId="8c84fa94-04c1-424b-9868-57a2d4851a1d" relativeResultsDirectory="d387d95d-0c30-42bc-9257-1da275ef02cd" />
    <UnitTestResult executionId="0a1cbf0b-c486-45a4-9778-01decadcc20a" testId="75dbc904-454d-3fba-c563-bb7ebffd7ca8" testName="QuickLap.Tests.InMemory.WithoutClassFixture.ProductRepositoryTests.GetByIdAsync_ShouldReturnProduct_WhenProductExists" computerName="LAPTOP-1EMVEQGB" duration="00:00:00.0771065" startTime="2024-01-05T15:44:31.9903969+01:00" endTime="2024-01-05T15:44:31.9903969+01:00" testType="13cdc9d9-ddb5-4fa4-a97d-d965ccfc6d4b" outcome="Passed" testListId="8c84fa94-04c1-424b-9868-57a2d4851a1d" relativeResultsDirectory="0a1cbf0b-c486-45a4-9778-01decadcc20a" />
    <UnitTestResult executionId="feb2975b-71a6-4d99-84ed-de42020127dc" testId="15a30c8d-3a7b-2f18-e0ee-eccdfdcd25a1" testName="QuickLap.Tests.TempDatabase.WithClassFixture.OrderRepositoryTests.AddOrderItemAsync_ShouldAddOrderItem_WhenOrderDoesntHaveProductYet" computerName="LAPTOP-1EMVEQGB" duration="00:00:00.0154654" startTime="2024-01-05T15:44:35.3054172+01:00" endTime="2024-01-05T15:44:35.3054174+01:00" testType="13cdc9d9-ddb5-4fa4-a97d-d965ccfc6d4b" outcome="Passed" testListId="8c84fa94-04c1-424b-9868-57a2d4851a1d" relativeResultsDirectory="feb2975b-71a6-4d99-84ed-de42020127dc" />
    <UnitTestResult executionId="cd979523-de8f-46f8-92ff-a6b899220a8a" testId="acc3284d-1420-0d7b-41bc-aa95c6df0173" testName="QuickLap.Tests.InMemory.WithClassFixture.UserRepositoryTests.LoginAsync_ShouldReturnTrue_WhenUserExistsWithMatchingCredentials" computerName="LAPTOP-1EMVEQGB" duration="00:00:00.0011088" startTime="2024-01-05T15:44:32.0590744+01:00" endTime="2024-01-05T15:44:32.0590746+01:00" testType="13cdc9d9-ddb5-4fa4-a97d-d965ccfc6d4b" outcome="Passed" testListId="8c84fa94-04c1-424b-9868-57a2d4851a1d" relativeResultsDirectory="cd979523-de8f-46f8-92ff-a6b899220a8a" />
    <UnitTestResult executionId="5aaa9dbe-a809-4bd8-81fb-5c0d2b5b0ebe" testId="17ad132b-5f7c-912f-f4c3-4ece8c258e12" testName="QuickLap.Tests.InMemory.WithoutClassFixture.UserRepositoryTests.LoginAsync_ShouldReturnTrue_WhenUserExistsWithMatchingCredentials" computerName="LAPTOP-1EMVEQGB" duration="00:00:00.0081345" startTime="2024-01-05T15:44:31.9843722+01:00" endTime="2024-01-05T15:44:31.9843725+01:00" testType="13cdc9d9-ddb5-4fa4-a97d-d965ccfc6d4b" outcome="Passed" testListId="8c84fa94-04c1-424b-9868-57a2d4851a1d" relativeResultsDirectory="5aaa9dbe-a809-4bd8-81fb-5c0d2b5b0ebe" />
    <UnitTestResult executionId="e0949aa9-d826-4433-bd23-448761b36b7e" testId="482aa2ce-7d31-9887-f0e4-d179e27c2ce8" testName="QuickLap.Tests.InMemory.WithClassFixture.CustomerRepositoryTests.RegisterCustomerAsync_ShouldRegisterCustomerAndReturnCustomerId" computerName="LAPTOP-1EMVEQGB" duration="00:00:00.0117976" startTime="2024-01-05T15:44:31.9665905+01:00" endTime="2024-01-05T15:44:31.9665905+01:00" testType="13cdc9d9-ddb5-4fa4-a97d-d965ccfc6d4b" outcome="Passed" testListId="8c84fa94-04c1-424b-9868-57a2d4851a1d" relativeResultsDirectory="e0949aa9-d826-4433-bd23-448761b36b7e" />
    <UnitTestResult executionId="68ba713e-d239-4485-ad13-24123aedf90c" testId="f8f79563-3b33-6a2c-4d9d-5921e3775d57" testName="QuickLap.Tests.InMemory.WithoutClassFixture.OrderRepositoryTests.AddOrderItemAsync_ShouldAddOrderItem_WhenOrderDoesntHaveProductYet" computerName="LAPTOP-1EMVEQGB" duration="00:00:00.1277330" startTime="2024-01-05T15:44:32.0417807+01:00" endTime="2024-01-05T15:44:32.0417807+01:00" testType="13cdc9d9-ddb5-4fa4-a97d-d965ccfc6d4b" outcome="Passed" testListId="8c84fa94-04c1-424b-9868-57a2d4851a1d" relativeResultsDirectory="68ba713e-d239-4485-ad13-24123aedf90c" />
    <UnitTestResult executionId="4ffbf33e-0fe2-4c5b-8ac1-77a633301f3e" testId="95d06feb-42b2-fa49-f3af-a6f132c45fb9" testName="QuickLap.Tests.TempDatabase.WithClassFixture.OrderRepositoryTests.AddOrderItemAsync_ShouldIncrementOrderItem_WhenOrderAlreadyHasProduct" computerName="LAPTOP-1EMVEQGB" duration="00:00:00.0182988" startTime="2024-01-05T15:44:35.3238602+01:00" endTime="2024-01-05T15:44:35.3238604+01:00" testType="13cdc9d9-ddb5-4fa4-a97d-d965ccfc6d4b" outcome="Passed" testListId="8c84fa94-04c1-424b-9868-57a2d4851a1d" relativeResultsDirectory="4ffbf33e-0fe2-4c5b-8ac1-77a633301f3e" />
    <UnitTestResult executionId="1e6e2ddc-dae7-4737-9037-e05fc2cfd67d" testId="5756351e-1cf7-6f28-2835-4cd55f0154d2" testName="QuickLap.Tests.InMemory.WithoutClassFixture.ProductRepositoryTests.GetByIdAsync_ShouldThrowNotFoundException_WhenProductDoesNotExist" computerName="LAPTOP-1EMVEQGB" duration="00:00:00.0029416" startTime="2024-01-05T15:44:32.0268993+01:00" endTime="2024-01-05T15:44:32.0268995+01:00" testType="13cdc9d9-ddb5-4fa4-a97d-d965ccfc6d4b" outcome="Passed" testListId="8c84fa94-04c1-424b-9868-57a2d4851a1d" relativeResultsDirectory="1e6e2ddc-dae7-4737-9037-e05fc2cfd67d" />
    <UnitTestResult executionId="36065b66-7242-4285-b4d3-5ca228000f08" testId="bdb8d388-b713-24aa-5807-ccebce3003f2" testName="QuickLap.Tests.TempDatabase.WithoutClassFixture.UserRepositoryTests.RegisterUserAsync_ShouldAddNewUserAndReturnUserId" computerName="LAPTOP-1EMVEQGB" duration="00:00:01.7087794" startTime="2024-01-05T15:44:32.9091529+01:00" endTime="2024-01-05T15:44:32.9091532+01:00" testType="13cdc9d9-ddb5-4fa4-a97d-d965ccfc6d4b" outcome="Passed" testListId="8c84fa94-04c1-424b-9868-57a2d4851a1d" relativeResultsDirectory="36065b66-7242-4285-b4d3-5ca228000f08" />
    <UnitTestResult executionId="52888df7-f04c-40e9-8f73-bf356fdddb21" testId="f27469e9-43f0-6ebf-d1b9-a71d754c65d0" testName="QuickLap.Tests.InMemory.WithoutClassFixture.UserRepositoryTests.RegisterUserAsync_ShouldAddNewUserAndReturnUserId" computerName="LAPTOP-1EMVEQGB" duration="00:00:00.7217116" startTime="2024-01-05T15:44:31.9666123+01:00" endTime="2024-01-05T15:44:31.9666124+01:00" testType="13cdc9d9-ddb5-4fa4-a97d-d965ccfc6d4b" outcome="Passed" testListId="8c84fa94-04c1-424b-9868-57a2d4851a1d" relativeResultsDirectory="52888df7-f04c-40e9-8f73-bf356fdddb21" />
    <UnitTestResult executionId="73cf0b94-503f-4a97-ad8a-664888a221ef" testId="c8848481-7ad0-8453-ece5-9433c79d6bfd" testName="QuickLap.Tests.TempDatabase.WithoutClassFixture.ProductRepositoryTests.GetByIdAsync_ShouldReturnProduct_WhenProductExists" computerName="LAPTOP-1EMVEQGB" duration="00:00:00.9347318" startTime="2024-01-05T15:44:33.7877175+01:00" endTime="2024-01-05T15:44:33.7877178+01:00" testType="13cdc9d9-ddb5-4fa4-a97d-d965ccfc6d4b" outcome="Passed" testListId="8c84fa94-04c1-424b-9868-57a2d4851a1d" relativeResultsDirectory="73cf0b94-503f-4a97-ad8a-664888a221ef" />
    <UnitTestResult executionId="fa43891b-906b-4609-ac97-092d727fb01f" testId="3b338677-1775-15e6-a14f-4766662acc57" testName="QuickLap.Tests.InMemory.WithClassFixture.UserRepositoryTests.CompleteProfileAsync_ShouldUpdateUserDetails_WhenUserExists" computerName="LAPTOP-1EMVEQGB" duration="00:00:00.0009075" startTime="2024-01-05T15:44:32.0606739+01:00" endTime="2024-01-05T15:44:32.0606740+01:00" testType="13cdc9d9-ddb5-4fa4-a97d-d965ccfc6d4b" outcome="Passed" testListId="8c84fa94-04c1-424b-9868-57a2d4851a1d" relativeResultsDirectory="fa43891b-906b-4609-ac97-092d727fb01f" />
    <UnitTestResult executionId="4c16b9f5-eeca-4bfa-a2d3-8975e2fb48f1" testId="cc4f8100-58c9-5b75-1d07-4ffac49e0314" testName="QuickLap.Tests.InMemory.WithClassFixture.UserRepositoryTests.RegisterUserAsync_ShouldThrowEntityAlreadyExistsException_WhenUserWithEmailAlreadyExists" computerName="LAPTOP-1EMVEQGB" duration="00:00:00.0016496" startTime="2024-01-05T15:44:32.0628877+01:00" endTime="2024-01-05T15:44:32.0628879+01:00" testType="13cdc9d9-ddb5-4fa4-a97d-d965ccfc6d4b" outcome="Passed" testListId="8c84fa94-04c1-424b-9868-57a2d4851a1d" relativeResultsDirectory="4c16b9f5-eeca-4bfa-a2d3-8975e2fb48f1" />
    <UnitTestResult executionId="a8b1a7d6-71fd-42d4-9bba-839f71560a76" testId="ae353b48-4582-95f4-6ed3-77358877b5d5" testName="QuickLap.Tests.TempDatabase.WithClassFixture.UserRepositoryTests.CompleteProfileAsync_ShouldUpdateUserDetails_WhenUserExists" computerName="LAPTOP-1EMVEQGB" duration="00:00:00.0074854" startTime="2024-01-05T15:44:37.2159453+01:00" endTime="2024-01-05T15:44:37.2159455+01:00" testType="13cdc9d9-ddb5-4fa4-a97d-d965ccfc6d4b" outcome="Passed" testListId="8c84fa94-04c1-424b-9868-57a2d4851a1d" relativeResultsDirectory="a8b1a7d6-71fd-42d4-9bba-839f71560a76" />
    <UnitTestResult executionId="9b088d9a-4e76-4e1d-ad3e-79cb5677193d" testId="5620cac4-1a62-1cbb-b4d5-46e269ca5a0e" testName="QuickLap.Tests.TempDatabase.WithClassFixture.ProductRepositoryTests.GetAllAsync_ShouldReturnListOfProducts" computerName="LAPTOP-1EMVEQGB" duration="00:00:00.0069510" startTime="2024-01-05T15:44:36.5170191+01:00" endTime="2024-01-05T15:44:36.5170193+01:00" testType="13cdc9d9-ddb5-4fa4-a97d-d965ccfc6d4b" outcome="Passed" testListId="8c84fa94-04c1-424b-9868-57a2d4851a1d" relativeResultsDirectory="9b088d9a-4e76-4e1d-ad3e-79cb5677193d" />
    <UnitTestResult executionId="36fabbbb-f0d6-4d51-84c3-10489ed4f8ff" testId="f69291b4-d9ff-622f-6c5a-ed33c0734cd5" testName="QuickLap.Tests.TempDatabase.WithoutClassFixture.UserRepositoryTests.LoginAsync_ShouldReturnFalse_WhenUserDoesNotExistWithMatchingCredentials" computerName="LAPTOP-1EMVEQGB" duration="00:00:00.5169405" startTime="2024-01-05T15:44:36.7352504+01:00" endTime="2024-01-05T15:44:36.7352507+01:00" testType="13cdc9d9-ddb5-4fa4-a97d-d965ccfc6d4b" outcome="Passed" testListId="8c84fa94-04c1-424b-9868-57a2d4851a1d" relativeResultsDirectory="36fabbbb-f0d6-4d51-84c3-10489ed4f8ff" />
    <UnitTestResult executionId="9ddfc5ce-d714-4fa9-961e-4a04a33b915f" testId="46cd4733-3f00-6947-5995-d24d8e6c32b3" testName="QuickLap.Tests.InMemory.WithClassFixture.OrderRepositoryTests.CreateOrderAsync_ShouldCreateOrderAndReturnOrderId" computerName="LAPTOP-1EMVEQGB" duration="00:00:00.0011134" startTime="2024-01-05T15:44:32.0472749+01:00" endTime="2024-01-05T15:44:32.0472751+01:00" testType="13cdc9d9-ddb5-4fa4-a97d-d965ccfc6d4b" outcome="Passed" testListId="8c84fa94-04c1-424b-9868-57a2d4851a1d" relativeResultsDirectory="9ddfc5ce-d714-4fa9-961e-4a04a33b915f" />
    <UnitTestResult executionId="f6736961-86f8-422d-a8ab-a5d541a2c813" testId="d54318f1-4ee1-ea7d-c831-d97ce15fd952" testName="QuickLap.Tests.InMemory.WithClassFixture.UserRepositoryTests.RegisterUserAsync_ShouldAddNewUserAndReturnUserId" computerName="LAPTOP-1EMVEQGB" duration="00:00:00.0005880" startTime="2024-01-05T15:44:32.0597295+01:00" endTime="2024-01-05T15:44:32.0597297+01:00" testType="13cdc9d9-ddb5-4fa4-a97d-d965ccfc6d4b" outcome="Passed" testListId="8c84fa94-04c1-424b-9868-57a2d4851a1d" relativeResultsDirectory="f6736961-86f8-422d-a8ab-a5d541a2c813" />
    <UnitTestResult executionId="88a2a4ec-a385-42bd-b270-ba3948e4ba99" testId="f4fde79a-7299-05a3-237e-926ead7d2471" testName="QuickLap.Tests.TempDatabase.WithoutClassFixture.ProductRepositoryTests.GetAllAsync_ShouldReturnListOfProducts" computerName="LAPTOP-1EMVEQGB" duration="00:00:01.0741407" startTime="2024-01-05T15:44:35.6635172+01:00" endTime="2024-01-05T15:44:35.6635176+01:00" testType="13cdc9d9-ddb5-4fa4-a97d-d965ccfc6d4b" outcome="Passed" testListId="8c84fa94-04c1-424b-9868-57a2d4851a1d" relativeResultsDirectory="88a2a4ec-a385-42bd-b270-ba3948e4ba99" />
    <UnitTestResult executionId="1eb2080f-15dc-43ae-90c6-81e7b2b4bd00" testId="d1b45ebd-f980-5fd0-5274-b58e4f0e2775" testName="QuickLap.Tests.TempDatabase.WithClassFixture.UserRepositoryTests.LoginAsync_ShouldReturnFalse_WhenUserDoesNotExistWithMatchingCredentials" computerName="LAPTOP-1EMVEQGB" duration="00:00:00.0013509" startTime="2024-01-05T15:44:37.2173793+01:00" endTime="2024-01-05T15:44:37.2173800+01:00" testType="13cdc9d9-ddb5-4fa4-a97d-d965ccfc6d4b" outcome="Passed" testListId="8c84fa94-04c1-424b-9868-57a2d4851a1d" relativeResultsDirectory="1eb2080f-15dc-43ae-90c6-81e7b2b4bd00" />
    <UnitTestResult executionId="97d0155e-be2a-4911-917d-fb52162795fe" testId="a776eefd-6596-e19f-c31f-844ddaf01d85" testName="QuickLap.Tests.TempDatabase.WithClassFixture.ProductRepositoryTests.GetByIdAsync_ShouldReturnProduct_WhenProductExists" computerName="LAPTOP-1EMVEQGB" duration="00:00:00.0077414" startTime="2024-01-05T15:44:36.5055448+01:00" endTime="2024-01-05T15:44:36.5055450+01:00" testType="13cdc9d9-ddb5-4fa4-a97d-d965ccfc6d4b" outcome="Passed" testListId="8c84fa94-04c1-424b-9868-57a2d4851a1d" relativeResultsDirectory="97d0155e-be2a-4911-917d-fb52162795fe" />
    <UnitTestResult executionId="e4a9e584-a987-43dc-9894-c2551097a5f8" testId="6fe46184-1535-b2e1-5609-eae0409a9281" testName="QuickLap.Tests.InMemory.WithoutClassFixture.UserRepositoryTests.LoginAsync_ShouldReturnFalse_WhenUserDoesNotExistWithMatchingCredentials" computerName="LAPTOP-1EMVEQGB" duration="00:00:00.0015533" startTime="2024-01-05T15:44:31.9903679+01:00" endTime="2024-01-05T15:44:31.9903681+01:00" testType="13cdc9d9-ddb5-4fa4-a97d-d965ccfc6d4b" outcome="Passed" testListId="8c84fa94-04c1-424b-9868-57a2d4851a1d" relativeResultsDirectory="e4a9e584-a987-43dc-9894-c2551097a5f8" />
    <UnitTestResult executionId="5b85593c-e33c-4b4a-b716-575162eb1fbe" testId="77dcc98d-6b07-895c-8129-9b4d9c09ef23" testName="QuickLap.Tests.InMemory.WithClassFixture.ProductRepositoryTests.GetByIdAsync_ShouldReturnProduct_WhenProductExists" computerName="LAPTOP-1EMVEQGB" duration="00:00:00.0012684" startTime="2024-01-05T15:44:32.0490033+01:00" endTime="2024-01-05T15:44:32.0490034+01:00" testType="13cdc9d9-ddb5-4fa4-a97d-d965ccfc6d4b" outcome="Passed" testListId="8c84fa94-04c1-424b-9868-57a2d4851a1d" relativeResultsDirectory="5b85593c-e33c-4b4a-b716-575162eb1fbe" />
    <UnitTestResult executionId="6f50b0f9-e364-4b6b-8951-65b5a1de8ee5" testId="514b1ae5-96ca-d420-7127-107633ef9f36" testName="QuickLap.Tests.InMemory.WithoutClassFixture.CustomerRepositoryTests.RegisterCustomerAsync_ShouldThrowEntityAlreadyExistsException_WhenCustomerWithEmailAlreadyExists" computerName="LAPTOP-1EMVEQGB" duration="00:00:00.7033460" startTime="2024-01-05T15:44:31.9182179+01:00" endTime="2024-01-05T15:44:31.9182186+01:00" testType="13cdc9d9-ddb5-4fa4-a97d-d965ccfc6d4b" outcome="Passed" testListId="8c84fa94-04c1-424b-9868-57a2d4851a1d" relativeResultsDirectory="6f50b0f9-e364-4b6b-8951-65b5a1de8ee5" />
    <UnitTestResult executionId="450e73d2-dfe2-4294-9497-44aba11cce9e" testId="6c74461b-c721-c6fa-74ed-1a09f55f2b69" testName="QuickLap.Tests.InMemory.WithoutClassFixture.UserRepositoryTests.CompleteProfileAsync_ShouldUpdateUserDetails_WhenUserExists" computerName="LAPTOP-1EMVEQGB" duration="00:00:00.0094812" startTime="2024-01-05T15:44:31.9760988+01:00" endTime="2024-01-05T15:44:31.9760992+01:00" testType="13cdc9d9-ddb5-4fa4-a97d-d965ccfc6d4b" outcome="Passed" testListId="8c84fa94-04c1-424b-9868-57a2d4851a1d" relativeResultsDirectory="450e73d2-dfe2-4294-9497-44aba11cce9e" />
    <UnitTestResult executionId="daad35c2-d320-40d8-b45f-88ee67b93b26" testId="b4542277-6809-6c2d-048c-f7cc829b890f" testName="QuickLap.Tests.InMemory.WithClassFixture.ProductRepositoryTests.GetByIdAsync_ShouldThrowNotFoundException_WhenProductDoesNotExist" computerName="LAPTOP-1EMVEQGB" duration="00:00:00.0016433" startTime="2024-01-05T15:44:32.0507088+01:00" endTime="2024-01-05T15:44:32.0507090+01:00" testType="13cdc9d9-ddb5-4fa4-a97d-d965ccfc6d4b" outcome="Passed" testListId="8c84fa94-04c1-424b-9868-57a2d4851a1d" relativeResultsDirectory="daad35c2-d320-40d8-b45f-88ee67b93b26" />
    <UnitTestResult executionId="2480e975-4c71-4ac1-bd34-897bd428795a" testId="9c8225fd-c605-93c4-36cc-b14173f9b898" testName="QuickLap.Tests.InMemory.WithClassFixture.UserRepositoryTests.LoginAsync_ShouldReturnFalse_WhenUserDoesNotExistWithMatchingCredentials" computerName="LAPTOP-1EMVEQGB" duration="00:00:00.0004683" startTime="2024-01-05T15:44:32.0611849+01:00" endTime="2024-01-05T15:44:32.0611850+01:00" testType="13cdc9d9-ddb5-4fa4-a97d-d965ccfc6d4b" outcome="Passed" testListId="8c84fa94-04c1-424b-9868-57a2d4851a1d" relativeResultsDirectory="2480e975-4c71-4ac1-bd34-897bd428795a" />
    <UnitTestResult executionId="6a894a0c-8368-4fe7-90b5-116db6c55081" testId="e64f1770-c79d-2f14-5308-66c63eb26b9a" testName="QuickLap.Tests.InMemory.WithoutClassFixture.UserRepositoryTests.CompleteProfileAsync_ShouldThrowNotFoundException_WhenUserDoesNotExist" computerName="LAPTOP-1EMVEQGB" duration="00:00:00.0403602" startTime="2024-01-05T15:44:31.9667351+01:00" endTime="2024-01-05T15:44:31.9667352+01:00" testType="13cdc9d9-ddb5-4fa4-a97d-d965ccfc6d4b" outcome="Passed" testListId="8c84fa94-04c1-424b-9868-57a2d4851a1d" relativeResultsDirectory="6a894a0c-8368-4fe7-90b5-116db6c55081" />
    <UnitTestResult executionId="cabbb268-91ad-4e18-b6bc-3d5db4f706a3" testId="3b75b512-251c-f426-eca2-062a7bced349" testName="QuickLap.Tests.InMemory.WithoutClassFixture.UserRepositoryTests.RegisterUserAsync_ShouldThrowEntityAlreadyExistsException_WhenUserWithEmailAlreadyExists" computerName="LAPTOP-1EMVEQGB" duration="00:00:00.0041934" startTime="2024-01-05T15:44:31.9887197+01:00" endTime="2024-01-05T15:44:31.9887200+01:00" testType="13cdc9d9-ddb5-4fa4-a97d-d965ccfc6d4b" outcome="Passed" testListId="8c84fa94-04c1-424b-9868-57a2d4851a1d" relativeResultsDirectory="cabbb268-91ad-4e18-b6bc-3d5db4f706a3" />
    <UnitTestResult executionId="11a6df02-1b63-4394-88df-0556df465664" testId="39734f60-401d-f84c-7987-74bb30b8c344" testName="QuickLap.Tests.TempDatabase.WithClassFixture.UserRepositoryTests.CompleteProfileAsync_ShouldThrowNotFoundException_WhenUserDoesNotExist" computerName="LAPTOP-1EMVEQGB" duration="00:00:00.0024511" startTime="2024-01-05T15:44:37.2083832+01:00" endTime="2024-01-05T15:44:37.2083836+01:00" testType="13cdc9d9-ddb5-4fa4-a97d-d965ccfc6d4b" outcome="Passed" testListId="8c84fa94-04c1-424b-9868-57a2d4851a1d" relativeResultsDirectory="11a6df02-1b63-4394-88df-0556df465664" />
  </Results>
  <TestDefinitions>
    <UnitTest name="QuickLap.Tests.InMemory.WithoutClassFixture.UserRepositoryTests.RegisterUserAsync_ShouldAddNewUserAndReturnUserId" storage="c:\repos\quicklap\quicklap.tests\bin\debug\net7.0\quicklap.tests.dll" id="f27469e9-43f0-6ebf-d1b9-a71d754c65d0">
      <Execution id="52888df7-f04c-40e9-8f73-bf356fdddb21" />
      <TestMethod codeBase="C:\repos\QuickLap\QuickLap.Tests\bin\Debug\net7.0\QuickLap.Tests.dll" adapterTypeName="executor://xunit/VsTestRunner2/netcoreapp" className="QuickLap.Tests.InMemory.WithoutClassFixture.UserRepositoryTests" name="RegisterUserAsync_ShouldAddNewUserAndReturnUserId" />
    </UnitTest>
    <UnitTest name="QuickLap.Tests.InMemory.WithoutClassFixture.OrderRepositoryTests.AddOrderItemAsync_ShouldAddOrderItem_WhenOrderDoesntHaveProductYet" storage="c:\repos\quicklap\quicklap.tests\bin\debug\net7.0\quicklap.tests.dll" id="f8f79563-3b33-6a2c-4d9d-5921e3775d57">
      <Execution id="68ba713e-d239-4485-ad13-24123aedf90c" />
      <TestMethod codeBase="C:\repos\QuickLap\QuickLap.Tests\bin\Debug\net7.0\QuickLap.Tests.dll" adapterTypeName="executor://xunit/VsTestRunner2/netcoreapp" className="QuickLap.Tests.InMemory.WithoutClassFixture.OrderRepositoryTests" name="AddOrderItemAsync_ShouldAddOrderItem_WhenOrderDoesntHaveProductYet" />
    </UnitTest>
    <UnitTest name="QuickLap.Tests.InMemory.WithClassFixture.UserRepositoryTests.CompleteProfileAsync_ShouldThrowNotFoundException_WhenUserDoesNotExist" storage="c:\repos\quicklap\quicklap.tests\bin\debug\net7.0\quicklap.tests.dll" id="905d6018-869c-38e0-c062-b2bc05ec69f9">
      <Execution id="3636d219-9079-42bf-b125-d8ce74b2d4a3" />
      <TestMethod codeBase="C:\repos\QuickLap\QuickLap.Tests\bin\Debug\net7.0\QuickLap.Tests.dll" adapterTypeName="executor://xunit/VsTestRunner2/netcoreapp" className="QuickLap.Tests.InMemory.WithClassFixture.UserRepositoryTests" name="CompleteProfileAsync_ShouldThrowNotFoundException_WhenUserDoesNotExist" />
    </UnitTest>
    <UnitTest name="QuickLap.Tests.TempDatabase.WithoutClassFixture.CustomerRepositoryTests.RegisterCustomerAsync_ShouldRegisterCustomerAndReturnCustomerId" storage="c:\repos\quicklap\quicklap.tests\bin\debug\net7.0\quicklap.tests.dll" id="ad5d8362-40af-9427-71a3-2f821ca85ab7">
      <Execution id="faaaa1b1-72c5-42fa-ba39-22c35c57a833" />
      <TestMethod codeBase="C:\repos\QuickLap\QuickLap.Tests\bin\Debug\net7.0\QuickLap.Tests.dll" adapterTypeName="executor://xunit/VsTestRunner2/netcoreapp" className="QuickLap.Tests.TempDatabase.WithoutClassFixture.CustomerRepositoryTests" name="RegisterCustomerAsync_ShouldRegisterCustomerAndReturnCustomerId" />
    </UnitTest>
    <UnitTest name="QuickLap.Tests.TempDatabase.WithoutClassFixture.UserRepositoryTests.CompleteProfileAsync_ShouldUpdateUserDetails_WhenUserExists" storage="c:\repos\quicklap\quicklap.tests\bin\debug\net7.0\quicklap.tests.dll" id="a02524af-43bd-b2a2-47ad-803ed7126c48">
      <Execution id="e0e7f229-6b07-4797-86ce-dbbf99f2c963" />
      <TestMethod codeBase="C:\repos\QuickLap\QuickLap.Tests\bin\Debug\net7.0\QuickLap.Tests.dll" adapterTypeName="executor://xunit/VsTestRunner2/netcoreapp" className="QuickLap.Tests.TempDatabase.WithoutClassFixture.UserRepositoryTests" name="CompleteProfileAsync_ShouldUpdateUserDetails_WhenUserExists" />
    </UnitTest>
    <UnitTest name="QuickLap.Tests.InMemory.WithClassFixture.UserRepositoryTests.LoginAsync_ShouldReturnTrue_WhenUserExistsWithMatchingCredentials" storage="c:\repos\quicklap\quicklap.tests\bin\debug\net7.0\quicklap.tests.dll" id="acc3284d-1420-0d7b-41bc-aa95c6df0173">
      <Execution id="cd979523-de8f-46f8-92ff-a6b899220a8a" />
      <TestMethod codeBase="C:\repos\QuickLap\QuickLap.Tests\bin\Debug\net7.0\QuickLap.Tests.dll" adapterTypeName="executor://xunit/VsTestRunner2/netcoreapp" className="QuickLap.Tests.InMemory.WithClassFixture.UserRepositoryTests" name="LoginAsync_ShouldReturnTrue_WhenUserExistsWithMatchingCredentials" />
    </UnitTest>
    <UnitTest name="QuickLap.Tests.InMemory.WithClassFixture.OrderRepositoryTests.AddOrderItemAsync_ShouldAddOrderItem_WhenOrderDoesntHaveProductYet" storage="c:\repos\quicklap\quicklap.tests\bin\debug\net7.0\quicklap.tests.dll" id="91d5ff86-719d-b058-4dd2-8c8cff7f4977">
      <Execution id="1885cc13-ea2b-4f01-96df-5c0c9f650a48" />
      <TestMethod codeBase="C:\repos\QuickLap\QuickLap.Tests\bin\Debug\net7.0\QuickLap.Tests.dll" adapterTypeName="executor://xunit/VsTestRunner2/netcoreapp" className="QuickLap.Tests.InMemory.WithClassFixture.OrderRepositoryTests" name="AddOrderItemAsync_ShouldAddOrderItem_WhenOrderDoesntHaveProductYet" />
    </UnitTest>
    <UnitTest name="QuickLap.Tests.TempDatabase.WithoutClassFixture.UserRepositoryTests.RegisterUserAsync_ShouldAddNewUserAndReturnUserId" storage="c:\repos\quicklap\quicklap.tests\bin\debug\net7.0\quicklap.tests.dll" id="bdb8d388-b713-24aa-5807-ccebce3003f2">
      <Execution id="36065b66-7242-4285-b4d3-5ca228000f08" />
      <TestMethod codeBase="C:\repos\QuickLap\QuickLap.Tests\bin\Debug\net7.0\QuickLap.Tests.dll" adapterTypeName="executor://xunit/VsTestRunner2/netcoreapp" className="QuickLap.Tests.TempDatabase.WithoutClassFixture.UserRepositoryTests" name="RegisterUserAsync_ShouldAddNewUserAndReturnUserId" />
    </UnitTest>
    <UnitTest name="QuickLap.Tests.TempDatabase.WithClassFixture.OrderRepositoryTests.AddOrderItemAsync_ShouldIncrementOrderItem_WhenOrderAlreadyHasProduct" storage="c:\repos\quicklap\quicklap.tests\bin\debug\net7.0\quicklap.tests.dll" id="95d06feb-42b2-fa49-f3af-a6f132c45fb9">
      <Execution id="4ffbf33e-0fe2-4c5b-8ac1-77a633301f3e" />
      <TestMethod codeBase="C:\repos\QuickLap\QuickLap.Tests\bin\Debug\net7.0\QuickLap.Tests.dll" adapterTypeName="executor://xunit/VsTestRunner2/netcoreapp" className="QuickLap.Tests.TempDatabase.WithClassFixture.OrderRepositoryTests" name="AddOrderItemAsync_ShouldIncrementOrderItem_WhenOrderAlreadyHasProduct" />
    </UnitTest>
    <UnitTest name="QuickLap.Tests.TempDatabase.WithClassFixture.UserRepositoryTests.CompleteProfileAsync_ShouldThrowNotFoundException_WhenUserDoesNotExist" storage="c:\repos\quicklap\quicklap.tests\bin\debug\net7.0\quicklap.tests.dll" id="39734f60-401d-f84c-7987-74bb30b8c344">
      <Execution id="11a6df02-1b63-4394-88df-0556df465664" />
      <TestMethod codeBase="C:\repos\QuickLap\QuickLap.Tests\bin\Debug\net7.0\QuickLap.Tests.dll" adapterTypeName="executor://xunit/VsTestRunner2/netcoreapp" className="QuickLap.Tests.TempDatabase.WithClassFixture.UserRepositoryTests" name="CompleteProfileAsync_ShouldThrowNotFoundException_WhenUserDoesNotExist" />
    </UnitTest>
    <UnitTest name="QuickLap.Tests.InMemory.WithClassFixture.ProductRepositoryTests.AddProductAsync_ShouldAddProductAndReturnProductId" storage="c:\repos\quicklap\quicklap.tests\bin\debug\net7.0\quicklap.tests.dll" id="87948de4-9d20-5a73-e5b9-b63baec58b80">
      <Execution id="14682f20-a0d0-4019-8aaf-23b3150e2e1e" />
      <TestMethod codeBase="C:\repos\QuickLap\QuickLap.Tests\bin\Debug\net7.0\QuickLap.Tests.dll" adapterTypeName="executor://xunit/VsTestRunner2/netcoreapp" className="QuickLap.Tests.InMemory.WithClassFixture.ProductRepositoryTests" name="AddProductAsync_ShouldAddProductAndReturnProductId" />
    </UnitTest>
    <UnitTest name="QuickLap.Tests.InMemory.WithClassFixture.OrderRepositoryTests.CreateOrderAsync_ShouldCreateOrderAndReturnOrderId" storage="c:\repos\quicklap\quicklap.tests\bin\debug\net7.0\quicklap.tests.dll" id="46cd4733-3f00-6947-5995-d24d8e6c32b3">
      <Execution id="9ddfc5ce-d714-4fa9-961e-4a04a33b915f" />
      <TestMethod codeBase="C:\repos\QuickLap\QuickLap.Tests\bin\Debug\net7.0\QuickLap.Tests.dll" adapterTypeName="executor://xunit/VsTestRunner2/netcoreapp" className="QuickLap.Tests.InMemory.WithClassFixture.OrderRepositoryTests" name="CreateOrderAsync_ShouldCreateOrderAndReturnOrderId" />
    </UnitTest>
    <UnitTest name="QuickLap.Tests.InMemory.WithoutClassFixture.UserRepositoryTests.RegisterUserAsync_ShouldThrowEntityAlreadyExistsException_WhenUserWithEmailAlreadyExists" storage="c:\repos\quicklap\quicklap.tests\bin\debug\net7.0\quicklap.tests.dll" id="3b75b512-251c-f426-eca2-062a7bced349">
      <Execution id="cabbb268-91ad-4e18-b6bc-3d5db4f706a3" />
      <TestMethod codeBase="C:\repos\QuickLap\QuickLap.Tests\bin\Debug\net7.0\QuickLap.Tests.dll" adapterTypeName="executor://xunit/VsTestRunner2/netcoreapp" className="QuickLap.Tests.InMemory.WithoutClassFixture.UserRepositoryTests" name="RegisterUserAsync_ShouldThrowEntityAlreadyExistsException_WhenUserWithEmailAlreadyExists" />
    </UnitTest>
    <UnitTest name="QuickLap.Tests.TempDatabase.WithClassFixture.CustomerRepositoryTests.RegisterCustomerAsync_ShouldRegisterCustomerAndReturnCustomerId" storage="c:\repos\quicklap\quicklap.tests\bin\debug\net7.0\quicklap.tests.dll" id="5a7c2469-1e04-f5dc-baac-f6dfaa1d46e4">
      <Execution id="7f45537b-5016-41eb-adde-8b3df4e4ed06" />
      <TestMethod codeBase="C:\repos\QuickLap\QuickLap.Tests\bin\Debug\net7.0\QuickLap.Tests.dll" adapterTypeName="executor://xunit/VsTestRunner2/netcoreapp" className="QuickLap.Tests.TempDatabase.WithClassFixture.CustomerRepositoryTests" name="RegisterCustomerAsync_ShouldRegisterCustomerAndReturnCustomerId" />
    </UnitTest>
    <UnitTest name="QuickLap.Tests.InMemory.WithClassFixture.CustomerRepositoryTests.RegisterCustomerAsync_ShouldThrowEntityAlreadyExistsException_WhenCustomerWithEmailAlreadyExists" storage="c:\repos\quicklap\quicklap.tests\bin\debug\net7.0\quicklap.tests.dll" id="8a0bfc88-7ee3-3d0b-4a12-3a518ab90276">
      <Execution id="773d35bd-eab5-4433-a920-97bd7313c261" />
      <TestMethod codeBase="C:\repos\QuickLap\QuickLap.Tests\bin\Debug\net7.0\QuickLap.Tests.dll" adapterTypeName="executor://xunit/VsTestRunner2/netcoreapp" className="QuickLap.Tests.InMemory.WithClassFixture.CustomerRepositoryTests" name="RegisterCustomerAsync_ShouldThrowEntityAlreadyExistsException_WhenCustomerWithEmailAlreadyExists" />
    </UnitTest>
    <UnitTest name="QuickLap.Tests.InMemory.WithoutClassFixture.ProductRepositoryTests.AddProductAsync_ShouldAddProductAndReturnProductId" storage="c:\repos\quicklap\quicklap.tests\bin\debug\net7.0\quicklap.tests.dll" id="40c86054-1385-fad6-2667-fe02b9793bec">
      <Execution id="d387d95d-0c30-42bc-9257-1da275ef02cd" />
      <TestMethod codeBase="C:\repos\QuickLap\QuickLap.Tests\bin\Debug\net7.0\QuickLap.Tests.dll" adapterTypeName="executor://xunit/VsTestRunner2/netcoreapp" className="QuickLap.Tests.InMemory.WithoutClassFixture.ProductRepositoryTests" name="AddProductAsync_ShouldAddProductAndReturnProductId" />
    </UnitTest>
    <UnitTest name="QuickLap.Tests.InMemory.WithClassFixture.ProductRepositoryTests.GetByIdAsync_ShouldThrowNotFoundException_WhenProductDoesNotExist" storage="c:\repos\quicklap\quicklap.tests\bin\debug\net7.0\quicklap.tests.dll" id="b4542277-6809-6c2d-048c-f7cc829b890f">
      <Execution id="daad35c2-d320-40d8-b45f-88ee67b93b26" />
      <TestMethod codeBase="C:\repos\QuickLap\QuickLap.Tests\bin\Debug\net7.0\QuickLap.Tests.dll" adapterTypeName="executor://xunit/VsTestRunner2/netcoreapp" className="QuickLap.Tests.InMemory.WithClassFixture.ProductRepositoryTests" name="GetByIdAsync_ShouldThrowNotFoundException_WhenProductDoesNotExist" />
    </UnitTest>
    <UnitTest name="QuickLap.Tests.TempDatabase.WithClassFixture.UserRepositoryTests.LoginAsync_ShouldReturnTrue_WhenUserExistsWithMatchingCredentials" storage="c:\repos\quicklap\quicklap.tests\bin\debug\net7.0\quicklap.tests.dll" id="c884c42f-7db6-eac8-2502-dfd7a63da7ae">
      <Execution id="b5bd3f6a-463d-4f94-87fe-1bbb69a56616" />
      <TestMethod codeBase="C:\repos\QuickLap\QuickLap.Tests\bin\Debug\net7.0\QuickLap.Tests.dll" adapterTypeName="executor://xunit/VsTestRunner2/netcoreapp" className="QuickLap.Tests.TempDatabase.WithClassFixture.UserRepositoryTests" name="LoginAsync_ShouldReturnTrue_WhenUserExistsWithMatchingCredentials" />
    </UnitTest>
    <UnitTest name="QuickLap.Tests.InMemory.WithoutClassFixture.CustomerRepositoryTests.RegisterCustomerAsync_ShouldRegisterCustomerAndReturnCustomerId" storage="c:\repos\quicklap\quicklap.tests\bin\debug\net7.0\quicklap.tests.dll" id="4f69fe12-90de-841d-6b23-9fab0acbe0d1">
      <Execution id="96d4e2dd-4a1f-4f0d-a335-9fa150a87f63" />
      <TestMethod codeBase="C:\repos\QuickLap\QuickLap.Tests\bin\Debug\net7.0\QuickLap.Tests.dll" adapterTypeName="executor://xunit/VsTestRunner2/netcoreapp" className="QuickLap.Tests.InMemory.WithoutClassFixture.CustomerRepositoryTests" name="RegisterCustomerAsync_ShouldRegisterCustomerAndReturnCustomerId" />
    </UnitTest>
    <UnitTest name="QuickLap.Tests.InMemory.WithClassFixture.UserRepositoryTests.RegisterUserAsync_ShouldAddNewUserAndReturnUserId" storage="c:\repos\quicklap\quicklap.tests\bin\debug\net7.0\quicklap.tests.dll" id="d54318f1-4ee1-ea7d-c831-d97ce15fd952">
      <Execution id="f6736961-86f8-422d-a8ab-a5d541a2c813" />
      <TestMethod codeBase="C:\repos\QuickLap\QuickLap.Tests\bin\Debug\net7.0\QuickLap.Tests.dll" adapterTypeName="executor://xunit/VsTestRunner2/netcoreapp" className="QuickLap.Tests.InMemory.WithClassFixture.UserRepositoryTests" name="RegisterUserAsync_ShouldAddNewUserAndReturnUserId" />
    </UnitTest>
    <UnitTest name="QuickLap.Tests.InMemory.WithClassFixture.ProductRepositoryTests.GetAllAsync_ShouldReturnListOfProducts" storage="c:\repos\quicklap\quicklap.tests\bin\debug\net7.0\quicklap.tests.dll" id="0b54f752-dd2f-3968-0389-a10204700fe8">
      <Execution id="81a44fb4-952d-477d-9a06-e1d53864cdc4" />
      <TestMethod codeBase="C:\repos\QuickLap\QuickLap.Tests\bin\Debug\net7.0\QuickLap.Tests.dll" adapterTypeName="executor://xunit/VsTestRunner2/netcoreapp" className="QuickLap.Tests.InMemory.WithClassFixture.ProductRepositoryTests" name="GetAllAsync_ShouldReturnListOfProducts" />
    </UnitTest>
    <UnitTest name="QuickLap.Tests.TempDatabase.WithClassFixture.UserRepositoryTests.LoginAsync_ShouldReturnFalse_WhenUserDoesNotExistWithMatchingCredentials" storage="c:\repos\quicklap\quicklap.tests\bin\debug\net7.0\quicklap.tests.dll" id="d1b45ebd-f980-5fd0-5274-b58e4f0e2775">
      <Execution id="1eb2080f-15dc-43ae-90c6-81e7b2b4bd00" />
      <TestMethod codeBase="C:\repos\QuickLap\QuickLap.Tests\bin\Debug\net7.0\QuickLap.Tests.dll" adapterTypeName="executor://xunit/VsTestRunner2/netcoreapp" className="QuickLap.Tests.TempDatabase.WithClassFixture.UserRepositoryTests" name="LoginAsync_ShouldReturnFalse_WhenUserDoesNotExistWithMatchingCredentials" />
    </UnitTest>
    <UnitTest name="QuickLap.Tests.InMemory.WithoutClassFixture.UserRepositoryTests.LoginAsync_ShouldReturnTrue_WhenUserExistsWithMatchingCredentials" storage="c:\repos\quicklap\quicklap.tests\bin\debug\net7.0\quicklap.tests.dll" id="17ad132b-5f7c-912f-f4c3-4ece8c258e12">
      <Execution id="5aaa9dbe-a809-4bd8-81fb-5c0d2b5b0ebe" />
      <TestMethod codeBase="C:\repos\QuickLap\QuickLap.Tests\bin\Debug\net7.0\QuickLap.Tests.dll" adapterTypeName="executor://xunit/VsTestRunner2/netcoreapp" className="QuickLap.Tests.InMemory.WithoutClassFixture.UserRepositoryTests" name="LoginAsync_ShouldReturnTrue_WhenUserExistsWithMatchingCredentials" />
    </UnitTest>
    <UnitTest name="QuickLap.Tests.InMemory.WithoutClassFixture.UserRepositoryTests.CompleteProfileAsync_ShouldUpdateUserDetails_WhenUserExists" storage="c:\repos\quicklap\quicklap.tests\bin\debug\net7.0\quicklap.tests.dll" id="6c74461b-c721-c6fa-74ed-1a09f55f2b69">
      <Execution id="450e73d2-dfe2-4294-9497-44aba11cce9e" />
      <TestMethod codeBase="C:\repos\QuickLap\QuickLap.Tests\bin\Debug\net7.0\QuickLap.Tests.dll" adapterTypeName="executor://xunit/VsTestRunner2/netcoreapp" className="QuickLap.Tests.InMemory.WithoutClassFixture.UserRepositoryTests" name="CompleteProfileAsync_ShouldUpdateUserDetails_WhenUserExists" />
    </UnitTest>
    <UnitTest name="QuickLap.Tests.TempDatabase.WithoutClassFixture.ProductRepositoryTests.GetAllAsync_ShouldReturnListOfProducts" storage="c:\repos\quicklap\quicklap.tests\bin\debug\net7.0\quicklap.tests.dll" id="f4fde79a-7299-05a3-237e-926ead7d2471">
      <Execution id="88a2a4ec-a385-42bd-b270-ba3948e4ba99" />
      <TestMethod codeBase="C:\repos\QuickLap\QuickLap.Tests\bin\Debug\net7.0\QuickLap.Tests.dll" adapterTypeName="executor://xunit/VsTestRunner2/netcoreapp" className="QuickLap.Tests.TempDatabase.WithoutClassFixture.ProductRepositoryTests" name="GetAllAsync_ShouldReturnListOfProducts" />
    </UnitTest>
    <UnitTest name="QuickLap.Tests.InMemory.WithoutClassFixture.ProductRepositoryTests.GetAllAsync_ShouldReturnListOfProducts" storage="c:\repos\quicklap\quicklap.tests\bin\debug\net7.0\quicklap.tests.dll" id="1b5f022a-5d30-81ba-1561-a3d481ccfa87">
      <Execution id="71f0b4fb-4584-4ac3-8f6f-eda5ddecbe0c" />
      <TestMethod codeBase="C:\repos\QuickLap\QuickLap.Tests\bin\Debug\net7.0\QuickLap.Tests.dll" adapterTypeName="executor://xunit/VsTestRunner2/netcoreapp" className="QuickLap.Tests.InMemory.WithoutClassFixture.ProductRepositoryTests" name="GetAllAsync_ShouldReturnListOfProducts" />
    </UnitTest>
    <UnitTest name="QuickLap.Tests.TempDatabase.WithoutClassFixture.UserRepositoryTests.LoginAsync_ShouldReturnTrue_WhenUserExistsWithMatchingCredentials" storage="c:\repos\quicklap\quicklap.tests\bin\debug\net7.0\quicklap.tests.dll" id="55aac076-097c-3f88-8435-383763ce4eb7">
      <Execution id="914dd773-8758-440c-8f85-00867de8697e" />
      <TestMethod codeBase="C:\repos\QuickLap\QuickLap.Tests\bin\Debug\net7.0\QuickLap.Tests.dll" adapterTypeName="executor://xunit/VsTestRunner2/netcoreapp" className="QuickLap.Tests.TempDatabase.WithoutClassFixture.UserRepositoryTests" name="LoginAsync_ShouldReturnTrue_WhenUserExistsWithMatchingCredentials" />
    </UnitTest>
    <UnitTest name="QuickLap.Tests.InMemory.WithClassFixture.UserRepositoryTests.CompleteProfileAsync_ShouldUpdateUserDetails_WhenUserExists" storage="c:\repos\quicklap\quicklap.tests\bin\debug\net7.0\quicklap.tests.dll" id="3b338677-1775-15e6-a14f-4766662acc57">
      <Execution id="fa43891b-906b-4609-ac97-092d727fb01f" />
      <TestMethod codeBase="C:\repos\QuickLap\QuickLap.Tests\bin\Debug\net7.0\QuickLap.Tests.dll" adapterTypeName="executor://xunit/VsTestRunner2/netcoreapp" className="QuickLap.Tests.InMemory.WithClassFixture.UserRepositoryTests" name="CompleteProfileAsync_ShouldUpdateUserDetails_WhenUserExists" />
    </UnitTest>
    <UnitTest name="QuickLap.Tests.InMemory.WithoutClassFixture.OrderRepositoryTests.AddOrderItemAsync_ShouldIncrementOrderItem_WhenOrderAlreadyHasProduct" storage="c:\repos\quicklap\quicklap.tests\bin\debug\net7.0\quicklap.tests.dll" id="e3a06078-0b50-7fbf-f666-aaffc96526a5">
      <Execution id="1750764e-33b7-4af1-9abf-4fcfb611fca4" />
      <TestMethod codeBase="C:\repos\QuickLap\QuickLap.Tests\bin\Debug\net7.0\QuickLap.Tests.dll" adapterTypeName="executor://xunit/VsTestRunner2/netcoreapp" className="QuickLap.Tests.InMemory.WithoutClassFixture.OrderRepositoryTests" name="AddOrderItemAsync_ShouldIncrementOrderItem_WhenOrderAlreadyHasProduct" />
    </UnitTest>
    <UnitTest name="QuickLap.Tests.TempDatabase.WithoutClassFixture.ProductRepositoryTests.AddProductAsync_ShouldAddProductAndReturnProductId" storage="c:\repos\quicklap\quicklap.tests\bin\debug\net7.0\quicklap.tests.dll" id="6956cea8-3b70-ab4d-0a70-44021c4d03be">
      <Execution id="ef70a708-ab3a-4a7b-b62d-d0c19738b26a" />
      <TestMethod codeBase="C:\repos\QuickLap\QuickLap.Tests\bin\Debug\net7.0\QuickLap.Tests.dll" adapterTypeName="executor://xunit/VsTestRunner2/netcoreapp" className="QuickLap.Tests.TempDatabase.WithoutClassFixture.ProductRepositoryTests" name="AddProductAsync_ShouldAddProductAndReturnProductId" />
    </UnitTest>
    <UnitTest name="QuickLap.Tests.InMemory.WithoutClassFixture.ProductRepositoryTests.GetByIdAsync_ShouldThrowNotFoundException_WhenProductDoesNotExist" storage="c:\repos\quicklap\quicklap.tests\bin\debug\net7.0\quicklap.tests.dll" id="5756351e-1cf7-6f28-2835-4cd55f0154d2">
      <Execution id="1e6e2ddc-dae7-4737-9037-e05fc2cfd67d" />
      <TestMethod codeBase="C:\repos\QuickLap\QuickLap.Tests\bin\Debug\net7.0\QuickLap.Tests.dll" adapterTypeName="executor://xunit/VsTestRunner2/netcoreapp" className="QuickLap.Tests.InMemory.WithoutClassFixture.ProductRepositoryTests" name="GetByIdAsync_ShouldThrowNotFoundException_WhenProductDoesNotExist" />
    </UnitTest>
    <UnitTest name="QuickLap.Tests.TempDatabase.WithClassFixture.OrderRepositoryTests.CreateOrderAsync_ShouldCreateOrderAndReturnOrderId" storage="c:\repos\quicklap\quicklap.tests\bin\debug\net7.0\quicklap.tests.dll" id="62f51c8a-217e-863f-ca17-944dcaffe5fa">
      <Execution id="95568727-ab05-4701-a785-4ada325d2c48" />
      <TestMethod codeBase="C:\repos\QuickLap\QuickLap.Tests\bin\Debug\net7.0\QuickLap.Tests.dll" adapterTypeName="executor://xunit/VsTestRunner2/netcoreapp" className="QuickLap.Tests.TempDatabase.WithClassFixture.OrderRepositoryTests" name="CreateOrderAsync_ShouldCreateOrderAndReturnOrderId" />
    </UnitTest>
    <UnitTest name="QuickLap.Tests.TempDatabase.WithClassFixture.OrderRepositoryTests.AddOrderItemAsync_ShouldAddOrderItem_WhenOrderDoesntHaveProductYet" storage="c:\repos\quicklap\quicklap.tests\bin\debug\net7.0\quicklap.tests.dll" id="15a30c8d-3a7b-2f18-e0ee-eccdfdcd25a1">
      <Execution id="feb2975b-71a6-4d99-84ed-de42020127dc" />
      <TestMethod codeBase="C:\repos\QuickLap\QuickLap.Tests\bin\Debug\net7.0\QuickLap.Tests.dll" adapterTypeName="executor://xunit/VsTestRunner2/netcoreapp" className="QuickLap.Tests.TempDatabase.WithClassFixture.OrderRepositoryTests" name="AddOrderItemAsync_ShouldAddOrderItem_WhenOrderDoesntHaveProductYet" />
    </UnitTest>
    <UnitTest name="QuickLap.Tests.InMemory.WithoutClassFixture.OrderRepositoryTests.CreateOrderAsync_ShouldCreateOrderAndReturnOrderId" storage="c:\repos\quicklap\quicklap.tests\bin\debug\net7.0\quicklap.tests.dll" id="2c7f51d8-210a-701e-efee-996d6690a153">
      <Execution id="57dbaf65-1999-44f4-9734-b72bb119f5bf" />
      <TestMethod codeBase="C:\repos\QuickLap\QuickLap.Tests\bin\Debug\net7.0\QuickLap.Tests.dll" adapterTypeName="executor://xunit/VsTestRunner2/netcoreapp" className="QuickLap.Tests.InMemory.WithoutClassFixture.OrderRepositoryTests" name="CreateOrderAsync_ShouldCreateOrderAndReturnOrderId" />
    </UnitTest>
    <UnitTest name="QuickLap.Tests.InMemory.WithoutClassFixture.ProductRepositoryTests.GetByIdAsync_ShouldReturnProduct_WhenProductExists" storage="c:\repos\quicklap\quicklap.tests\bin\debug\net7.0\quicklap.tests.dll" id="75dbc904-454d-3fba-c563-bb7ebffd7ca8">
      <Execution id="0a1cbf0b-c486-45a4-9778-01decadcc20a" />
      <TestMethod codeBase="C:\repos\QuickLap\QuickLap.Tests\bin\Debug\net7.0\QuickLap.Tests.dll" adapterTypeName="executor://xunit/VsTestRunner2/netcoreapp" className="QuickLap.Tests.InMemory.WithoutClassFixture.ProductRepositoryTests" name="GetByIdAsync_ShouldReturnProduct_WhenProductExists" />
    </UnitTest>
    <UnitTest name="QuickLap.Tests.InMemory.WithClassFixture.UserRepositoryTests.LoginAsync_ShouldReturnFalse_WhenUserDoesNotExistWithMatchingCredentials" storage="c:\repos\quicklap\quicklap.tests\bin\debug\net7.0\quicklap.tests.dll" id="9c8225fd-c605-93c4-36cc-b14173f9b898">
      <Execution id="2480e975-4c71-4ac1-bd34-897bd428795a" />
      <TestMethod codeBase="C:\repos\QuickLap\QuickLap.Tests\bin\Debug\net7.0\QuickLap.Tests.dll" adapterTypeName="executor://xunit/VsTestRunner2/netcoreapp" className="QuickLap.Tests.InMemory.WithClassFixture.UserRepositoryTests" name="LoginAsync_ShouldReturnFalse_WhenUserDoesNotExistWithMatchingCredentials" />
    </UnitTest>
    <UnitTest name="QuickLap.Tests.TempDatabase.WithClassFixture.UserRepositoryTests.CompleteProfileAsync_ShouldUpdateUserDetails_WhenUserExists" storage="c:\repos\quicklap\quicklap.tests\bin\debug\net7.0\quicklap.tests.dll" id="ae353b48-4582-95f4-6ed3-77358877b5d5">
      <Execution id="a8b1a7d6-71fd-42d4-9bba-839f71560a76" />
      <TestMethod codeBase="C:\repos\QuickLap\QuickLap.Tests\bin\Debug\net7.0\QuickLap.Tests.dll" adapterTypeName="executor://xunit/VsTestRunner2/netcoreapp" className="QuickLap.Tests.TempDatabase.WithClassFixture.UserRepositoryTests" name="CompleteProfileAsync_ShouldUpdateUserDetails_WhenUserExists" />
    </UnitTest>
    <UnitTest name="QuickLap.Tests.TempDatabase.WithoutClassFixture.UserRepositoryTests.CompleteProfileAsync_ShouldThrowNotFoundException_WhenUserDoesNotExist" storage="c:\repos\quicklap\quicklap.tests\bin\debug\net7.0\quicklap.tests.dll" id="995d70cd-2baa-a5b0-5fca-b41d05709a0d">
      <Execution id="ebdabc25-2213-45b0-bda4-473fc68fce57" />
      <TestMethod codeBase="C:\repos\QuickLap\QuickLap.Tests\bin\Debug\net7.0\QuickLap.Tests.dll" adapterTypeName="executor://xunit/VsTestRunner2/netcoreapp" className="QuickLap.Tests.TempDatabase.WithoutClassFixture.UserRepositoryTests" name="CompleteProfileAsync_ShouldThrowNotFoundException_WhenUserDoesNotExist" />
    </UnitTest>
    <UnitTest name="QuickLap.Tests.TempDatabase.WithClassFixture.CustomerRepositoryTests.RegisterCustomerAsync_ShouldThrowEntityAlreadyExistsException_WhenCustomerWithEmailAlreadyExists" storage="c:\repos\quicklap\quicklap.tests\bin\debug\net7.0\quicklap.tests.dll" id="1ca4d800-a8da-27e1-b1e3-d6e6f0fadfa2">
      <Execution id="e0fc8ce3-8d35-45f8-b377-114a9c1aade9" />
      <TestMethod codeBase="C:\repos\QuickLap\QuickLap.Tests\bin\Debug\net7.0\QuickLap.Tests.dll" adapterTypeName="executor://xunit/VsTestRunner2/netcoreapp" className="QuickLap.Tests.TempDatabase.WithClassFixture.CustomerRepositoryTests" name="RegisterCustomerAsync_ShouldThrowEntityAlreadyExistsException_WhenCustomerWithEmailAlreadyExists" />
    </UnitTest>
    <UnitTest name="QuickLap.Tests.TempDatabase.WithClassFixture.UserRepositoryTests.RegisterUserAsync_ShouldAddNewUserAndReturnUserId" storage="c:\repos\quicklap\quicklap.tests\bin\debug\net7.0\quicklap.tests.dll" id="bcccf3df-639e-e23d-1a55-0702a2507011">
      <Execution id="b7743c9e-27a2-4d75-a973-cd19becd77bf" />
      <TestMethod codeBase="C:\repos\QuickLap\QuickLap.Tests\bin\Debug\net7.0\QuickLap.Tests.dll" adapterTypeName="executor://xunit/VsTestRunner2/netcoreapp" className="QuickLap.Tests.TempDatabase.WithClassFixture.UserRepositoryTests" name="RegisterUserAsync_ShouldAddNewUserAndReturnUserId" />
    </UnitTest>
    <UnitTest name="QuickLap.Tests.TempDatabase.WithClassFixture.ProductRepositoryTests.GetByIdAsync_ShouldReturnProduct_WhenProductExists" storage="c:\repos\quicklap\quicklap.tests\bin\debug\net7.0\quicklap.tests.dll" id="a776eefd-6596-e19f-c31f-844ddaf01d85">
      <Execution id="97d0155e-be2a-4911-917d-fb52162795fe" />
      <TestMethod codeBase="C:\repos\QuickLap\QuickLap.Tests\bin\Debug\net7.0\QuickLap.Tests.dll" adapterTypeName="executor://xunit/VsTestRunner2/netcoreapp" className="QuickLap.Tests.TempDatabase.WithClassFixture.ProductRepositoryTests" name="GetByIdAsync_ShouldReturnProduct_WhenProductExists" />
    </UnitTest>
    <UnitTest name="QuickLap.Tests.TempDatabase.WithoutClassFixture.UserRepositoryTests.RegisterUserAsync_ShouldThrowEntityAlreadyExistsException_WhenUserWithEmailAlreadyExists" storage="c:\repos\quicklap\quicklap.tests\bin\debug\net7.0\quicklap.tests.dll" id="7b19220b-bf5e-9c34-1517-803d7389fc6d">
      <Execution id="a16fcf29-6201-4a39-93fc-8d2bd55eb126" />
      <TestMethod codeBase="C:\repos\QuickLap\QuickLap.Tests\bin\Debug\net7.0\QuickLap.Tests.dll" adapterTypeName="executor://xunit/VsTestRunner2/netcoreapp" className="QuickLap.Tests.TempDatabase.WithoutClassFixture.UserRepositoryTests" name="RegisterUserAsync_ShouldThrowEntityAlreadyExistsException_WhenUserWithEmailAlreadyExists" />
    </UnitTest>
    <UnitTest name="QuickLap.Tests.TempDatabase.WithoutClassFixture.ProductRepositoryTests.GetByIdAsync_ShouldReturnProduct_WhenProductExists" storage="c:\repos\quicklap\quicklap.tests\bin\debug\net7.0\quicklap.tests.dll" id="c8848481-7ad0-8453-ece5-9433c79d6bfd">
      <Execution id="73cf0b94-503f-4a97-ad8a-664888a221ef" />
      <TestMethod codeBase="C:\repos\QuickLap\QuickLap.Tests\bin\Debug\net7.0\QuickLap.Tests.dll" adapterTypeName="executor://xunit/VsTestRunner2/netcoreapp" className="QuickLap.Tests.TempDatabase.WithoutClassFixture.ProductRepositoryTests" name="GetByIdAsync_ShouldReturnProduct_WhenProductExists" />
    </UnitTest>
    <UnitTest name="QuickLap.Tests.InMemory.WithClassFixture.UserRepositoryTests.RegisterUserAsync_ShouldThrowEntityAlreadyExistsException_WhenUserWithEmailAlreadyExists" storage="c:\repos\quicklap\quicklap.tests\bin\debug\net7.0\quicklap.tests.dll" id="cc4f8100-58c9-5b75-1d07-4ffac49e0314">
      <Execution id="4c16b9f5-eeca-4bfa-a2d3-8975e2fb48f1" />
      <TestMethod codeBase="C:\repos\QuickLap\QuickLap.Tests\bin\Debug\net7.0\QuickLap.Tests.dll" adapterTypeName="executor://xunit/VsTestRunner2/netcoreapp" className="QuickLap.Tests.InMemory.WithClassFixture.UserRepositoryTests" name="RegisterUserAsync_ShouldThrowEntityAlreadyExistsException_WhenUserWithEmailAlreadyExists" />
    </UnitTest>
    <UnitTest name="QuickLap.Tests.InMemory.WithoutClassFixture.UserRepositoryTests.LoginAsync_ShouldReturnFalse_WhenUserDoesNotExistWithMatchingCredentials" storage="c:\repos\quicklap\quicklap.tests\bin\debug\net7.0\quicklap.tests.dll" id="6fe46184-1535-b2e1-5609-eae0409a9281">
      <Execution id="e4a9e584-a987-43dc-9894-c2551097a5f8" />
      <TestMethod codeBase="C:\repos\QuickLap\QuickLap.Tests\bin\Debug\net7.0\QuickLap.Tests.dll" adapterTypeName="executor://xunit/VsTestRunner2/netcoreapp" className="QuickLap.Tests.InMemory.WithoutClassFixture.UserRepositoryTests" name="LoginAsync_ShouldReturnFalse_WhenUserDoesNotExistWithMatchingCredentials" />
    </UnitTest>
    <UnitTest name="QuickLap.Tests.TempDatabase.WithoutClassFixture.UserRepositoryTests.LoginAsync_ShouldReturnFalse_WhenUserDoesNotExistWithMatchingCredentials" storage="c:\repos\quicklap\quicklap.tests\bin\debug\net7.0\quicklap.tests.dll" id="f69291b4-d9ff-622f-6c5a-ed33c0734cd5">
      <Execution id="36fabbbb-f0d6-4d51-84c3-10489ed4f8ff" />
      <TestMethod codeBase="C:\repos\QuickLap\QuickLap.Tests\bin\Debug\net7.0\QuickLap.Tests.dll" adapterTypeName="executor://xunit/VsTestRunner2/netcoreapp" className="QuickLap.Tests.TempDatabase.WithoutClassFixture.UserRepositoryTests" name="LoginAsync_ShouldReturnFalse_WhenUserDoesNotExistWithMatchingCredentials" />
    </UnitTest>
    <UnitTest name="QuickLap.Tests.TempDatabase.WithoutClassFixture.OrderRepositoryTests.AddOrderItemAsync_ShouldAddOrderItem_WhenOrderDoesntHaveProductYet" storage="c:\repos\quicklap\quicklap.tests\bin\debug\net7.0\quicklap.tests.dll" id="e2503fc9-71c3-5edf-9444-22f1ede2d00c">
      <Execution id="5d18738d-1bbc-4a09-8038-76fff16446ba" />
      <TestMethod codeBase="C:\repos\QuickLap\QuickLap.Tests\bin\Debug\net7.0\QuickLap.Tests.dll" adapterTypeName="executor://xunit/VsTestRunner2/netcoreapp" className="QuickLap.Tests.TempDatabase.WithoutClassFixture.OrderRepositoryTests" name="AddOrderItemAsync_ShouldAddOrderItem_WhenOrderDoesntHaveProductYet" />
    </UnitTest>
    <UnitTest name="QuickLap.Tests.InMemory.WithClassFixture.CustomerRepositoryTests.RegisterCustomerAsync_ShouldRegisterCustomerAndReturnCustomerId" storage="c:\repos\quicklap\quicklap.tests\bin\debug\net7.0\quicklap.tests.dll" id="482aa2ce-7d31-9887-f0e4-d179e27c2ce8">
      <Execution id="e0949aa9-d826-4433-bd23-448761b36b7e" />
      <TestMethod codeBase="C:\repos\QuickLap\QuickLap.Tests\bin\Debug\net7.0\QuickLap.Tests.dll" adapterTypeName="executor://xunit/VsTestRunner2/netcoreapp" className="QuickLap.Tests.InMemory.WithClassFixture.CustomerRepositoryTests" name="RegisterCustomerAsync_ShouldRegisterCustomerAndReturnCustomerId" />
    </UnitTest>
    <UnitTest name="QuickLap.Tests.InMemory.WithClassFixture.OrderRepositoryTests.AddOrderItemAsync_ShouldIncrementOrderItem_WhenOrderAlreadyHasProduct" storage="c:\repos\quicklap\quicklap.tests\bin\debug\net7.0\quicklap.tests.dll" id="cb1fe8fb-11af-cc48-d956-4ad557f4be3f">
      <Execution id="cc26560a-b54a-457a-8fcd-d02642be457e" />
      <TestMethod codeBase="C:\repos\QuickLap\QuickLap.Tests\bin\Debug\net7.0\QuickLap.Tests.dll" adapterTypeName="executor://xunit/VsTestRunner2/netcoreapp" className="QuickLap.Tests.InMemory.WithClassFixture.OrderRepositoryTests" name="AddOrderItemAsync_ShouldIncrementOrderItem_WhenOrderAlreadyHasProduct" />
    </UnitTest>
    <UnitTest name="QuickLap.Tests.TempDatabase.WithoutClassFixture.ProductRepositoryTests.GetByIdAsync_ShouldThrowNotFoundException_WhenProductDoesNotExist" storage="c:\repos\quicklap\quicklap.tests\bin\debug\net7.0\quicklap.tests.dll" id="1ce97ed8-fb10-3854-70b8-17871fddcff4">
      <Execution id="2049bd7f-8095-4197-a22b-004949e3dadc" />
      <TestMethod codeBase="C:\repos\QuickLap\QuickLap.Tests\bin\Debug\net7.0\QuickLap.Tests.dll" adapterTypeName="executor://xunit/VsTestRunner2/netcoreapp" className="QuickLap.Tests.TempDatabase.WithoutClassFixture.ProductRepositoryTests" name="GetByIdAsync_ShouldThrowNotFoundException_WhenProductDoesNotExist" />
    </UnitTest>
    <UnitTest name="QuickLap.Tests.TempDatabase.WithoutClassFixture.OrderRepositoryTests.CreateOrderAsync_ShouldCreateOrderAndReturnOrderId" storage="c:\repos\quicklap\quicklap.tests\bin\debug\net7.0\quicklap.tests.dll" id="3e21f879-ddde-e3cc-eecb-52ab7bff2b5f">
      <Execution id="9275d2eb-ae64-40cf-8d7e-402ee0e4daf9" />
      <TestMethod codeBase="C:\repos\QuickLap\QuickLap.Tests\bin\Debug\net7.0\QuickLap.Tests.dll" adapterTypeName="executor://xunit/VsTestRunner2/netcoreapp" className="QuickLap.Tests.TempDatabase.WithoutClassFixture.OrderRepositoryTests" name="CreateOrderAsync_ShouldCreateOrderAndReturnOrderId" />
    </UnitTest>
    <UnitTest name="QuickLap.Tests.TempDatabase.WithClassFixture.ProductRepositoryTests.GetAllAsync_ShouldReturnListOfProducts" storage="c:\repos\quicklap\quicklap.tests\bin\debug\net7.0\quicklap.tests.dll" id="5620cac4-1a62-1cbb-b4d5-46e269ca5a0e">
      <Execution id="9b088d9a-4e76-4e1d-ad3e-79cb5677193d" />
      <TestMethod codeBase="C:\repos\QuickLap\QuickLap.Tests\bin\Debug\net7.0\QuickLap.Tests.dll" adapterTypeName="executor://xunit/VsTestRunner2/netcoreapp" className="QuickLap.Tests.TempDatabase.WithClassFixture.ProductRepositoryTests" name="GetAllAsync_ShouldReturnListOfProducts" />
    </UnitTest>
    <UnitTest name="QuickLap.Tests.TempDatabase.WithoutClassFixture.OrderRepositoryTests.AddOrderItemAsync_ShouldIncrementOrderItem_WhenOrderAlreadyHasProduct" storage="c:\repos\quicklap\quicklap.tests\bin\debug\net7.0\quicklap.tests.dll" id="8fe41210-0ea1-c313-d8e7-2ecca0c2dbd5">
      <Execution id="140ff546-eba1-4de7-923d-d3ac246b4b99" />
      <TestMethod codeBase="C:\repos\QuickLap\QuickLap.Tests\bin\Debug\net7.0\QuickLap.Tests.dll" adapterTypeName="executor://xunit/VsTestRunner2/netcoreapp" className="QuickLap.Tests.TempDatabase.WithoutClassFixture.OrderRepositoryTests" name="AddOrderItemAsync_ShouldIncrementOrderItem_WhenOrderAlreadyHasProduct" />
    </UnitTest>
    <UnitTest name="QuickLap.Tests.InMemory.WithClassFixture.ProductRepositoryTests.GetByIdAsync_ShouldReturnProduct_WhenProductExists" storage="c:\repos\quicklap\quicklap.tests\bin\debug\net7.0\quicklap.tests.dll" id="77dcc98d-6b07-895c-8129-9b4d9c09ef23">
      <Execution id="5b85593c-e33c-4b4a-b716-575162eb1fbe" />
      <TestMethod codeBase="C:\repos\QuickLap\QuickLap.Tests\bin\Debug\net7.0\QuickLap.Tests.dll" adapterTypeName="executor://xunit/VsTestRunner2/netcoreapp" className="QuickLap.Tests.InMemory.WithClassFixture.ProductRepositoryTests" name="GetByIdAsync_ShouldReturnProduct_WhenProductExists" />
    </UnitTest>
    <UnitTest name="QuickLap.Tests.InMemory.WithoutClassFixture.UserRepositoryTests.CompleteProfileAsync_ShouldThrowNotFoundException_WhenUserDoesNotExist" storage="c:\repos\quicklap\quicklap.tests\bin\debug\net7.0\quicklap.tests.dll" id="e64f1770-c79d-2f14-5308-66c63eb26b9a">
      <Execution id="6a894a0c-8368-4fe7-90b5-116db6c55081" />
      <TestMethod codeBase="C:\repos\QuickLap\QuickLap.Tests\bin\Debug\net7.0\QuickLap.Tests.dll" adapterTypeName="executor://xunit/VsTestRunner2/netcoreapp" className="QuickLap.Tests.InMemory.WithoutClassFixture.UserRepositoryTests" name="CompleteProfileAsync_ShouldThrowNotFoundException_WhenUserDoesNotExist" />
    </UnitTest>
    <UnitTest name="QuickLap.Tests.TempDatabase.WithClassFixture.ProductRepositoryTests.AddProductAsync_ShouldAddProductAndReturnProductId" storage="c:\repos\quicklap\quicklap.tests\bin\debug\net7.0\quicklap.tests.dll" id="024fae90-899a-19fa-0c93-3ef90e82a44f">
      <Execution id="bd70dc98-a92f-4248-a4b4-6baa3147c0d2" />
      <TestMethod codeBase="C:\repos\QuickLap\QuickLap.Tests\bin\Debug\net7.0\QuickLap.Tests.dll" adapterTypeName="executor://xunit/VsTestRunner2/netcoreapp" className="QuickLap.Tests.TempDatabase.WithClassFixture.ProductRepositoryTests" name="AddProductAsync_ShouldAddProductAndReturnProductId" />
    </UnitTest>
    <UnitTest name="QuickLap.Tests.InMemory.WithoutClassFixture.CustomerRepositoryTests.RegisterCustomerAsync_ShouldThrowEntityAlreadyExistsException_WhenCustomerWithEmailAlreadyExists" storage="c:\repos\quicklap\quicklap.tests\bin\debug\net7.0\quicklap.tests.dll" id="514b1ae5-96ca-d420-7127-107633ef9f36">
      <Execution id="6f50b0f9-e364-4b6b-8951-65b5a1de8ee5" />
      <TestMethod codeBase="C:\repos\QuickLap\QuickLap.Tests\bin\Debug\net7.0\QuickLap.Tests.dll" adapterTypeName="executor://xunit/VsTestRunner2/netcoreapp" className="QuickLap.Tests.InMemory.WithoutClassFixture.CustomerRepositoryTests" name="RegisterCustomerAsync_ShouldThrowEntityAlreadyExistsException_WhenCustomerWithEmailAlreadyExists" />
    </UnitTest>
    <UnitTest name="QuickLap.Tests.TempDatabase.WithClassFixture.UserRepositoryTests.RegisterUserAsync_ShouldThrowEntityAlreadyExistsException_WhenUserWithEmailAlreadyExists" storage="c:\repos\quicklap\quicklap.tests\bin\debug\net7.0\quicklap.tests.dll" id="1ecadd98-b7c7-5952-2d0b-4875486944ab">
      <Execution id="6fdcd80a-1b78-4363-a56b-0018d644dd16" />
      <TestMethod codeBase="C:\repos\QuickLap\QuickLap.Tests\bin\Debug\net7.0\QuickLap.Tests.dll" adapterTypeName="executor://xunit/VsTestRunner2/netcoreapp" className="QuickLap.Tests.TempDatabase.WithClassFixture.UserRepositoryTests" name="RegisterUserAsync_ShouldThrowEntityAlreadyExistsException_WhenUserWithEmailAlreadyExists" />
    </UnitTest>
    <UnitTest name="QuickLap.Tests.TempDatabase.WithClassFixture.ProductRepositoryTests.GetByIdAsync_ShouldThrowNotFoundException_WhenProductDoesNotExist" storage="c:\repos\quicklap\quicklap.tests\bin\debug\net7.0\quicklap.tests.dll" id="f9893a2a-2520-d3da-e820-f067a2d2028c">
      <Execution id="975b0e68-7de5-4b36-8b45-9eea4a167112" />
      <TestMethod codeBase="C:\repos\QuickLap\QuickLap.Tests\bin\Debug\net7.0\QuickLap.Tests.dll" adapterTypeName="executor://xunit/VsTestRunner2/netcoreapp" className="QuickLap.Tests.TempDatabase.WithClassFixture.ProductRepositoryTests" name="GetByIdAsync_ShouldThrowNotFoundException_WhenProductDoesNotExist" />
    </UnitTest>
    <UnitTest name="QuickLap.Tests.TempDatabase.WithoutClassFixture.CustomerRepositoryTests.RegisterCustomerAsync_ShouldThrowEntityAlreadyExistsException_WhenCustomerWithEmailAlreadyExists" storage="c:\repos\quicklap\quicklap.tests\bin\debug\net7.0\quicklap.tests.dll" id="d763b7c7-90ea-1ab9-0c18-2741901564c6">
      <Execution id="443f0661-5ea3-4a96-9b6c-03da46def75b" />
      <TestMethod codeBase="C:\repos\QuickLap\QuickLap.Tests\bin\Debug\net7.0\QuickLap.Tests.dll" adapterTypeName="executor://xunit/VsTestRunner2/netcoreapp" className="QuickLap.Tests.TempDatabase.WithoutClassFixture.CustomerRepositoryTests" name="RegisterCustomerAsync_ShouldThrowEntityAlreadyExistsException_WhenCustomerWithEmailAlreadyExists" />
    </UnitTest>
  </TestDefinitions>
  <TestEntries>
    <TestEntry testId="1ca4d800-a8da-27e1-b1e3-d6e6f0fadfa2" executionId="e0fc8ce3-8d35-45f8-b377-114a9c1aade9" testListId="8c84fa94-04c1-424b-9868-57a2d4851a1d" />
    <TestEntry testId="cb1fe8fb-11af-cc48-d956-4ad557f4be3f" executionId="cc26560a-b54a-457a-8fcd-d02642be457e" testListId="8c84fa94-04c1-424b-9868-57a2d4851a1d" />
    <TestEntry testId="ad5d8362-40af-9427-71a3-2f821ca85ab7" executionId="faaaa1b1-72c5-42fa-ba39-22c35c57a833" testListId="8c84fa94-04c1-424b-9868-57a2d4851a1d" />
    <TestEntry testId="2c7f51d8-210a-701e-efee-996d6690a153" executionId="57dbaf65-1999-44f4-9734-b72bb119f5bf" testListId="8c84fa94-04c1-424b-9868-57a2d4851a1d" />
    <TestEntry testId="1ce97ed8-fb10-3854-70b8-17871fddcff4" executionId="2049bd7f-8095-4197-a22b-004949e3dadc" testListId="8c84fa94-04c1-424b-9868-57a2d4851a1d" />
    <TestEntry testId="1b5f022a-5d30-81ba-1561-a3d481ccfa87" executionId="71f0b4fb-4584-4ac3-8f6f-eda5ddecbe0c" testListId="8c84fa94-04c1-424b-9868-57a2d4851a1d" />
    <TestEntry testId="5a7c2469-1e04-f5dc-baac-f6dfaa1d46e4" executionId="7f45537b-5016-41eb-adde-8b3df4e4ed06" testListId="8c84fa94-04c1-424b-9868-57a2d4851a1d" />
    <TestEntry testId="c884c42f-7db6-eac8-2502-dfd7a63da7ae" executionId="b5bd3f6a-463d-4f94-87fe-1bbb69a56616" testListId="8c84fa94-04c1-424b-9868-57a2d4851a1d" />
    <TestEntry testId="3e21f879-ddde-e3cc-eecb-52ab7bff2b5f" executionId="9275d2eb-ae64-40cf-8d7e-402ee0e4daf9" testListId="8c84fa94-04c1-424b-9868-57a2d4851a1d" />
    <TestEntry testId="995d70cd-2baa-a5b0-5fca-b41d05709a0d" executionId="ebdabc25-2213-45b0-bda4-473fc68fce57" testListId="8c84fa94-04c1-424b-9868-57a2d4851a1d" />
    <TestEntry testId="0b54f752-dd2f-3968-0389-a10204700fe8" executionId="81a44fb4-952d-477d-9a06-e1d53864cdc4" testListId="8c84fa94-04c1-424b-9868-57a2d4851a1d" />
    <TestEntry testId="8a0bfc88-7ee3-3d0b-4a12-3a518ab90276" executionId="773d35bd-eab5-4433-a920-97bd7313c261" testListId="8c84fa94-04c1-424b-9868-57a2d4851a1d" />
    <TestEntry testId="4f69fe12-90de-841d-6b23-9fab0acbe0d1" executionId="96d4e2dd-4a1f-4f0d-a335-9fa150a87f63" testListId="8c84fa94-04c1-424b-9868-57a2d4851a1d" />
    <TestEntry testId="e3a06078-0b50-7fbf-f666-aaffc96526a5" executionId="1750764e-33b7-4af1-9abf-4fcfb611fca4" testListId="8c84fa94-04c1-424b-9868-57a2d4851a1d" />
    <TestEntry testId="f9893a2a-2520-d3da-e820-f067a2d2028c" executionId="975b0e68-7de5-4b36-8b45-9eea4a167112" testListId="8c84fa94-04c1-424b-9868-57a2d4851a1d" />
    <TestEntry testId="6956cea8-3b70-ab4d-0a70-44021c4d03be" executionId="ef70a708-ab3a-4a7b-b62d-d0c19738b26a" testListId="8c84fa94-04c1-424b-9868-57a2d4851a1d" />
    <TestEntry testId="e2503fc9-71c3-5edf-9444-22f1ede2d00c" executionId="5d18738d-1bbc-4a09-8038-76fff16446ba" testListId="8c84fa94-04c1-424b-9868-57a2d4851a1d" />
    <TestEntry testId="55aac076-097c-3f88-8435-383763ce4eb7" executionId="914dd773-8758-440c-8f85-00867de8697e" testListId="8c84fa94-04c1-424b-9868-57a2d4851a1d" />
    <TestEntry testId="8fe41210-0ea1-c313-d8e7-2ecca0c2dbd5" executionId="140ff546-eba1-4de7-923d-d3ac246b4b99" testListId="8c84fa94-04c1-424b-9868-57a2d4851a1d" />
    <TestEntry testId="905d6018-869c-38e0-c062-b2bc05ec69f9" executionId="3636d219-9079-42bf-b125-d8ce74b2d4a3" testListId="8c84fa94-04c1-424b-9868-57a2d4851a1d" />
    <TestEntry testId="7b19220b-bf5e-9c34-1517-803d7389fc6d" executionId="a16fcf29-6201-4a39-93fc-8d2bd55eb126" testListId="8c84fa94-04c1-424b-9868-57a2d4851a1d" />
    <TestEntry testId="1ecadd98-b7c7-5952-2d0b-4875486944ab" executionId="6fdcd80a-1b78-4363-a56b-0018d644dd16" testListId="8c84fa94-04c1-424b-9868-57a2d4851a1d" />
    <TestEntry testId="a02524af-43bd-b2a2-47ad-803ed7126c48" executionId="e0e7f229-6b07-4797-86ce-dbbf99f2c963" testListId="8c84fa94-04c1-424b-9868-57a2d4851a1d" />
    <TestEntry testId="62f51c8a-217e-863f-ca17-944dcaffe5fa" executionId="95568727-ab05-4701-a785-4ada325d2c48" testListId="8c84fa94-04c1-424b-9868-57a2d4851a1d" />
    <TestEntry testId="91d5ff86-719d-b058-4dd2-8c8cff7f4977" executionId="1885cc13-ea2b-4f01-96df-5c0c9f650a48" testListId="8c84fa94-04c1-424b-9868-57a2d4851a1d" />
    <TestEntry testId="87948de4-9d20-5a73-e5b9-b63baec58b80" executionId="14682f20-a0d0-4019-8aaf-23b3150e2e1e" testListId="8c84fa94-04c1-424b-9868-57a2d4851a1d" />
    <TestEntry testId="d763b7c7-90ea-1ab9-0c18-2741901564c6" executionId="443f0661-5ea3-4a96-9b6c-03da46def75b" testListId="8c84fa94-04c1-424b-9868-57a2d4851a1d" />
    <TestEntry testId="bcccf3df-639e-e23d-1a55-0702a2507011" executionId="b7743c9e-27a2-4d75-a973-cd19becd77bf" testListId="8c84fa94-04c1-424b-9868-57a2d4851a1d" />
    <TestEntry testId="024fae90-899a-19fa-0c93-3ef90e82a44f" executionId="bd70dc98-a92f-4248-a4b4-6baa3147c0d2" testListId="8c84fa94-04c1-424b-9868-57a2d4851a1d" />
    <TestEntry testId="40c86054-1385-fad6-2667-fe02b9793bec" executionId="d387d95d-0c30-42bc-9257-1da275ef02cd" testListId="8c84fa94-04c1-424b-9868-57a2d4851a1d" />
    <TestEntry testId="75dbc904-454d-3fba-c563-bb7ebffd7ca8" executionId="0a1cbf0b-c486-45a4-9778-01decadcc20a" testListId="8c84fa94-04c1-424b-9868-57a2d4851a1d" />
    <TestEntry testId="15a30c8d-3a7b-2f18-e0ee-eccdfdcd25a1" executionId="feb2975b-71a6-4d99-84ed-de42020127dc" testListId="8c84fa94-04c1-424b-9868-57a2d4851a1d" />
    <TestEntry testId="acc3284d-1420-0d7b-41bc-aa95c6df0173" executionId="cd979523-de8f-46f8-92ff-a6b899220a8a" testListId="8c84fa94-04c1-424b-9868-57a2d4851a1d" />
    <TestEntry testId="17ad132b-5f7c-912f-f4c3-4ece8c258e12" executionId="5aaa9dbe-a809-4bd8-81fb-5c0d2b5b0ebe" testListId="8c84fa94-04c1-424b-9868-57a2d4851a1d" />
    <TestEntry testId="482aa2ce-7d31-9887-f0e4-d179e27c2ce8" executionId="e0949aa9-d826-4433-bd23-448761b36b7e" testListId="8c84fa94-04c1-424b-9868-57a2d4851a1d" />
    <TestEntry testId="f8f79563-3b33-6a2c-4d9d-5921e3775d57" executionId="68ba713e-d239-4485-ad13-24123aedf90c" testListId="8c84fa94-04c1-424b-9868-57a2d4851a1d" />
    <TestEntry testId="95d06feb-42b2-fa49-f3af-a6f132c45fb9" executionId="4ffbf33e-0fe2-4c5b-8ac1-77a633301f3e" testListId="8c84fa94-04c1-424b-9868-57a2d4851a1d" />
    <TestEntry testId="5756351e-1cf7-6f28-2835-4cd55f0154d2" executionId="1e6e2ddc-dae7-4737-9037-e05fc2cfd67d" testListId="8c84fa94-04c1-424b-9868-57a2d4851a1d" />
    <TestEntry testId="bdb8d388-b713-24aa-5807-ccebce3003f2" executionId="36065b66-7242-4285-b4d3-5ca228000f08" testListId="8c84fa94-04c1-424b-9868-57a2d4851a1d" />
    <TestEntry testId="f27469e9-43f0-6ebf-d1b9-a71d754c65d0" executionId="52888df7-f04c-40e9-8f73-bf356fdddb21" testListId="8c84fa94-04c1-424b-9868-57a2d4851a1d" />
    <TestEntry testId="c8848481-7ad0-8453-ece5-9433c79d6bfd" executionId="73cf0b94-503f-4a97-ad8a-664888a221ef" testListId="8c84fa94-04c1-424b-9868-57a2d4851a1d" />
    <TestEntry testId="3b338677-1775-15e6-a14f-4766662acc57" executionId="fa43891b-906b-4609-ac97-092d727fb01f" testListId="8c84fa94-04c1-424b-9868-57a2d4851a1d" />
    <TestEntry testId="cc4f8100-58c9-5b75-1d07-4ffac49e0314" executionId="4c16b9f5-eeca-4bfa-a2d3-8975e2fb48f1" testListId="8c84fa94-04c1-424b-9868-57a2d4851a1d" />
    <TestEntry testId="ae353b48-4582-95f4-6ed3-77358877b5d5" executionId="a8b1a7d6-71fd-42d4-9bba-839f71560a76" testListId="8c84fa94-04c1-424b-9868-57a2d4851a1d" />
    <TestEntry testId="5620cac4-1a62-1cbb-b4d5-46e269ca5a0e" executionId="9b088d9a-4e76-4e1d-ad3e-79cb5677193d" testListId="8c84fa94-04c1-424b-9868-57a2d4851a1d" />
    <TestEntry testId="f69291b4-d9ff-622f-6c5a-ed33c0734cd5" executionId="36fabbbb-f0d6-4d51-84c3-10489ed4f8ff" testListId="8c84fa94-04c1-424b-9868-57a2d4851a1d" />
    <TestEntry testId="46cd4733-3f00-6947-5995-d24d8e6c32b3" executionId="9ddfc5ce-d714-4fa9-961e-4a04a33b915f" testListId="8c84fa94-04c1-424b-9868-57a2d4851a1d" />
    <TestEntry testId="d54318f1-4ee1-ea7d-c831-d97ce15fd952" executionId="f6736961-86f8-422d-a8ab-a5d541a2c813" testListId="8c84fa94-04c1-424b-9868-57a2d4851a1d" />
    <TestEntry testId="f4fde79a-7299-05a3-237e-926ead7d2471" executionId="88a2a4ec-a385-42bd-b270-ba3948e4ba99" testListId="8c84fa94-04c1-424b-9868-57a2d4851a1d" />
    <TestEntry testId="d1b45ebd-f980-5fd0-5274-b58e4f0e2775" executionId="1eb2080f-15dc-43ae-90c6-81e7b2b4bd00" testListId="8c84fa94-04c1-424b-9868-57a2d4851a1d" />
    <TestEntry testId="a776eefd-6596-e19f-c31f-844ddaf01d85" executionId="97d0155e-be2a-4911-917d-fb52162795fe" testListId="8c84fa94-04c1-424b-9868-57a2d4851a1d" />
    <TestEntry testId="6fe46184-1535-b2e1-5609-eae0409a9281" executionId="e4a9e584-a987-43dc-9894-c2551097a5f8" testListId="8c84fa94-04c1-424b-9868-57a2d4851a1d" />
    <TestEntry testId="77dcc98d-6b07-895c-8129-9b4d9c09ef23" executionId="5b85593c-e33c-4b4a-b716-575162eb1fbe" testListId="8c84fa94-04c1-424b-9868-57a2d4851a1d" />
    <TestEntry testId="514b1ae5-96ca-d420-7127-107633ef9f36" executionId="6f50b0f9-e364-4b6b-8951-65b5a1de8ee5" testListId="8c84fa94-04c1-424b-9868-57a2d4851a1d" />
    <TestEntry testId="6c74461b-c721-c6fa-74ed-1a09f55f2b69" executionId="450e73d2-dfe2-4294-9497-44aba11cce9e" testListId="8c84fa94-04c1-424b-9868-57a2d4851a1d" />
    <TestEntry testId="b4542277-6809-6c2d-048c-f7cc829b890f" executionId="daad35c2-d320-40d8-b45f-88ee67b93b26" testListId="8c84fa94-04c1-424b-9868-57a2d4851a1d" />
    <TestEntry testId="9c8225fd-c605-93c4-36cc-b14173f9b898" executionId="2480e975-4c71-4ac1-bd34-897bd428795a" testListId="8c84fa94-04c1-424b-9868-57a2d4851a1d" />
    <TestEntry testId="e64f1770-c79d-2f14-5308-66c63eb26b9a" executionId="6a894a0c-8368-4fe7-90b5-116db6c55081" testListId="8c84fa94-04c1-424b-9868-57a2d4851a1d" />
    <TestEntry testId="3b75b512-251c-f426-eca2-062a7bced349" executionId="cabbb268-91ad-4e18-b6bc-3d5db4f706a3" testListId="8c84fa94-04c1-424b-9868-57a2d4851a1d" />
    <TestEntry testId="39734f60-401d-f84c-7987-74bb30b8c344" executionId="11a6df02-1b63-4394-88df-0556df465664" testListId="8c84fa94-04c1-424b-9868-57a2d4851a1d" />
  </TestEntries>
  <TestLists>
    <TestList name="Results Not in a List" id="8c84fa94-04c1-424b-9868-57a2d4851a1d" />
    <TestList name="All Loaded Results" id="19431567-8539-422a-85d7-44ee4e166bda" />
  </TestLists>
  <ResultSummary outcome="Completed">
    <Counters total="60" executed="60" passed="60" failed="0" error="0" timeout="0" aborted="0" inconclusive="0" passedButRunAborted="0" notRunnable="0" notExecuted="0" disconnected="0" warning="0" completed="0" inProgress="0" pending="0" />
    <Output>
      <StdOut>[xUnit.net 00:00:00.00] xUnit.net VSTest Adapter v2.5.4.1+b9eacec401 (64-bit .NET 7.0.14)&#xD;
[xUnit.net 00:00:00.10]   Discovering: QuickLap.Tests&#xD;
[xUnit.net 00:00:00.14]   Discovered:  QuickLap.Tests&#xD;
[xUnit.net 00:00:00.14]   Starting:    QuickLap.Tests&#xD;
[xUnit.net 00:00:06.26]   Finished:    QuickLap.Tests&#xD;
</StdOut>
    </Output>
  </ResultSummary>
</TestRun>