<?xml version="1.0" encoding="utf-8"?>
<TestRun id="5ed068f5-8248-4b6e-8cb3-5b5a2473d542" name="luiz.barbieri@LAPTOP-1EMVEQGB 2024-01-05 15:42:12" runUser="LAPTOP-1EMVEQGB\luiz.barbieri" xmlns="http://microsoft.com/schemas/VisualStudio/TeamTest/2010">
  <Times creation="2024-01-05T15:42:12.8650105+01:00" queuing="2024-01-05T15:42:12.8650110+01:00" start="2024-01-05T15:42:11.2654064+01:00" finish="2024-01-05T15:42:18.0736906+01:00" />
  <TestSettings name="default" id="d19b7dce-2f7f-4534-90e7-240e66db0874">
    <Deployment runDeploymentRoot="luiz.barbieri_LAPTOP-1EMVEQGB_2024-01-05_15_42_12" />
  </TestSettings>
  <Results>
    <UnitTestResult executionId="a5a1e357-662e-4b36-8e58-c55a6e5ac0f3" testId="3b338677-1775-15e6-a14f-4766662acc57" testName="QuickLap.Tests.InMemory.WithClassFixture.UserRepositoryTests.CompleteProfileAsync_ShouldUpdateUserDetails_WhenUserExists" computerName="LAPTOP-1EMVEQGB" duration="00:00:00.0009605" startTime="2024-01-05T15:42:12.9160958+01:00" endTime="2024-01-05T15:42:12.9160960+01:00" testType="13cdc9d9-ddb5-4fa4-a97d-d965ccfc6d4b" outcome="Passed" testListId="8c84fa94-04c1-424b-9868-57a2d4851a1d" relativeResultsDirectory="a5a1e357-662e-4b36-8e58-c55a6e5ac0f3" />
    <UnitTestResult executionId="b84aac7d-4fc5-40d3-b41c-9a99634ec864" testId="482aa2ce-7d31-9887-f0e4-d179e27c2ce8" testName="QuickLap.Tests.InMemory.WithClassFixture.CustomerRepositoryTests.RegisterCustomerAsync_ShouldRegisterCustomerAndReturnCustomerId" computerName="LAPTOP-1EMVEQGB" duration="00:00:00.0114256" startTime="2024-01-05T15:42:12.8230023+01:00" endTime="2024-01-05T15:42:12.8230024+01:00" testType="13cdc9d9-ddb5-4fa4-a97d-d965ccfc6d4b" outcome="Passed" testListId="8c84fa94-04c1-424b-9868-57a2d4851a1d" relativeResultsDirectory="b84aac7d-4fc5-40d3-b41c-9a99634ec864" />
    <UnitTestResult executionId="b78b281b-9ea9-4966-81d6-4a213ba004c8" testId="cb1fe8fb-11af-cc48-d956-4ad557f4be3f" testName="QuickLap.Tests.InMemory.WithClassFixture.OrderRepositoryTests.AddOrderItemAsync_ShouldIncrementOrderItem_WhenOrderAlreadyHasProduct" computerName="LAPTOP-1EMVEQGB" duration="00:00:00.1143870" startTime="2024-01-05T15:42:12.8975149+01:00" endTime="2024-01-05T15:42:12.8975153+01:00" testType="13cdc9d9-ddb5-4fa4-a97d-d965ccfc6d4b" outcome="Passed" testListId="8c84fa94-04c1-424b-9868-57a2d4851a1d" relativeResultsDirectory="b78b281b-9ea9-4966-81d6-4a213ba004c8" />
    <UnitTestResult executionId="e7f74d24-c4e6-467c-9773-df9f97e3c120" testId="d1b45ebd-f980-5fd0-5274-b58e4f0e2775" testName="QuickLap.Tests.TempDatabase.WithClassFixture.UserRepositoryTests.LoginAsync_ShouldReturnFalse_WhenUserDoesNotExistWithMatchingCredentials" computerName="LAPTOP-1EMVEQGB" duration="00:00:00.0012689" startTime="2024-01-05T15:42:17.9612330+01:00" endTime="2024-01-05T15:42:17.9612333+01:00" testType="13cdc9d9-ddb5-4fa4-a97d-d965ccfc6d4b" outcome="Passed" testListId="8c84fa94-04c1-424b-9868-57a2d4851a1d" relativeResultsDirectory="e7f74d24-c4e6-467c-9773-df9f97e3c120" />
    <UnitTestResult executionId="6d033265-e95a-4b17-a8ec-0b71a06d4c13" testId="8a0bfc88-7ee3-3d0b-4a12-3a518ab90276" testName="QuickLap.Tests.InMemory.WithClassFixture.CustomerRepositoryTests.RegisterCustomerAsync_ShouldThrowEntityAlreadyExistsException_WhenCustomerWithEmailAlreadyExists" computerName="LAPTOP-1EMVEQGB" duration="00:00:00.5790596" startTime="2024-01-05T15:42:12.7749371+01:00" endTime="2024-01-05T15:42:12.7749372+01:00" testType="13cdc9d9-ddb5-4fa4-a97d-d965ccfc6d4b" outcome="Passed" testListId="8c84fa94-04c1-424b-9868-57a2d4851a1d" relativeResultsDirectory="6d033265-e95a-4b17-a8ec-0b71a06d4c13" />
    <UnitTestResult executionId="aec00e35-0b24-4cf9-8906-e3c6d4416f35" testId="5620cac4-1a62-1cbb-b4d5-46e269ca5a0e" testName="QuickLap.Tests.TempDatabase.WithClassFixture.ProductRepositoryTests.GetAllAsync_ShouldReturnListOfProducts" computerName="LAPTOP-1EMVEQGB" duration="00:00:00.0077422" startTime="2024-01-05T15:42:17.2474343+01:00" endTime="2024-01-05T15:42:17.2474345+01:00" testType="13cdc9d9-ddb5-4fa4-a97d-d965ccfc6d4b" outcome="Passed" testListId="8c84fa94-04c1-424b-9868-57a2d4851a1d" relativeResultsDirectory="aec00e35-0b24-4cf9-8906-e3c6d4416f35" />
    <UnitTestResult executionId="1968a89f-a75f-4291-85b4-718943b7517e" testId="15a30c8d-3a7b-2f18-e0ee-eccdfdcd25a1" testName="QuickLap.Tests.TempDatabase.WithClassFixture.OrderRepositoryTests.AddOrderItemAsync_ShouldAddOrderItem_WhenOrderDoesntHaveProductYet" computerName="LAPTOP-1EMVEQGB" duration="00:00:00.0155949" startTime="2024-01-05T15:42:16.0802121+01:00" endTime="2024-01-05T15:42:16.0802123+01:00" testType="13cdc9d9-ddb5-4fa4-a97d-d965ccfc6d4b" outcome="Passed" testListId="8c84fa94-04c1-424b-9868-57a2d4851a1d" relativeResultsDirectory="1968a89f-a75f-4291-85b4-718943b7517e" />
    <UnitTestResult executionId="32e44b65-3d80-4cc9-9a14-33d86eee0a61" testId="f27469e9-43f0-6ebf-d1b9-a71d754c65d0" testName="QuickLap.Tests.InMemory.WithoutClassFixture.UserRepositoryTests.RegisterUserAsync_ShouldAddNewUserAndReturnUserId" computerName="LAPTOP-1EMVEQGB" duration="00:00:00.7025258" startTime="2024-01-05T15:42:12.8230705+01:00" endTime="2024-01-05T15:42:12.8230706+01:00" testType="13cdc9d9-ddb5-4fa4-a97d-d965ccfc6d4b" outcome="Passed" testListId="8c84fa94-04c1-424b-9868-57a2d4851a1d" relativeResultsDirectory="32e44b65-3d80-4cc9-9a14-33d86eee0a61" />
    <UnitTestResult executionId="9f3ae116-0fef-4207-a247-aa89d3c2debc" testId="3b75b512-251c-f426-eca2-062a7bced349" testName="QuickLap.Tests.InMemory.WithoutClassFixture.UserRepositoryTests.RegisterUserAsync_ShouldThrowEntityAlreadyExistsException_WhenUserWithEmailAlreadyExists" computerName="LAPTOP-1EMVEQGB" duration="00:00:00.0042122" startTime="2024-01-05T15:42:12.8437493+01:00" endTime="2024-01-05T15:42:12.8437497+01:00" testType="13cdc9d9-ddb5-4fa4-a97d-d965ccfc6d4b" outcome="Passed" testListId="8c84fa94-04c1-424b-9868-57a2d4851a1d" relativeResultsDirectory="9f3ae116-0fef-4207-a247-aa89d3c2debc" />
    <UnitTestResult executionId="ee8c2a1f-0b1b-41a1-ac33-8fbb7935564b" testId="46cd4733-3f00-6947-5995-d24d8e6c32b3" testName="QuickLap.Tests.InMemory.WithClassFixture.OrderRepositoryTests.CreateOrderAsync_ShouldCreateOrderAndReturnOrderId" computerName="LAPTOP-1EMVEQGB" duration="00:00:00.0011807" startTime="2024-01-05T15:42:12.9031507+01:00" endTime="2024-01-05T15:42:12.9031509+01:00" testType="13cdc9d9-ddb5-4fa4-a97d-d965ccfc6d4b" outcome="Passed" testListId="8c84fa94-04c1-424b-9868-57a2d4851a1d" relativeResultsDirectory="ee8c2a1f-0b1b-41a1-ac33-8fbb7935564b" />
    <UnitTestResult executionId="1c9804b0-5fdf-43bb-9768-e797dc751865" testId="a02524af-43bd-b2a2-47ad-803ed7126c48" testName="QuickLap.Tests.TempDatabase.WithoutClassFixture.UserRepositoryTests.CompleteProfileAsync_ShouldUpdateUserDetails_WhenUserExists" computerName="LAPTOP-1EMVEQGB" duration="00:00:00.8874136" startTime="2024-01-05T15:42:14.7698584+01:00" endTime="2024-01-05T15:42:14.7698589+01:00" testType="13cdc9d9-ddb5-4fa4-a97d-d965ccfc6d4b" outcome="Passed" testListId="8c84fa94-04c1-424b-9868-57a2d4851a1d" relativeResultsDirectory="1c9804b0-5fdf-43bb-9768-e797dc751865" />
    <UnitTestResult executionId="6cbdf918-253b-4753-a946-5821ab2b4e1b" testId="bdb8d388-b713-24aa-5807-ccebce3003f2" testName="QuickLap.Tests.TempDatabase.WithoutClassFixture.UserRepositoryTests.RegisterUserAsync_ShouldAddNewUserAndReturnUserId" computerName="LAPTOP-1EMVEQGB" duration="00:00:01.8036087" startTime="2024-01-05T15:42:13.8822978+01:00" endTime="2024-01-05T15:42:13.8822979+01:00" testType="13cdc9d9-ddb5-4fa4-a97d-d965ccfc6d4b" outcome="Passed" testListId="8c84fa94-04c1-424b-9868-57a2d4851a1d" relativeResultsDirectory="6cbdf918-253b-4753-a946-5821ab2b4e1b" />
    <UnitTestResult executionId="3aacce78-f966-4ac0-9247-a7ba3e5d01a4" testId="75dbc904-454d-3fba-c563-bb7ebffd7ca8" testName="QuickLap.Tests.InMemory.WithoutClassFixture.ProductRepositoryTests.GetByIdAsync_ShouldReturnProduct_WhenProductExists" computerName="LAPTOP-1EMVEQGB" duration="00:00:00.0823557" startTime="2024-01-05T15:42:12.8514580+01:00" endTime="2024-01-05T15:42:12.8514583+01:00" testType="13cdc9d9-ddb5-4fa4-a97d-d965ccfc6d4b" outcome="Passed" testListId="8c84fa94-04c1-424b-9868-57a2d4851a1d" relativeResultsDirectory="3aacce78-f966-4ac0-9247-a7ba3e5d01a4" />
    <UnitTestResult executionId="697466e6-7529-4a8a-b59e-2226d5eb2396" testId="1ecadd98-b7c7-5952-2d0b-4875486944ab" testName="QuickLap.Tests.TempDatabase.WithClassFixture.UserRepositoryTests.RegisterUserAsync_ShouldThrowEntityAlreadyExistsException_WhenUserWithEmailAlreadyExists" computerName="LAPTOP-1EMVEQGB" duration="00:00:00.0059947" startTime="2024-01-05T15:42:17.9444698+01:00" endTime="2024-01-05T15:42:17.9444701+01:00" testType="13cdc9d9-ddb5-4fa4-a97d-d965ccfc6d4b" outcome="Passed" testListId="8c84fa94-04c1-424b-9868-57a2d4851a1d" relativeResultsDirectory="697466e6-7529-4a8a-b59e-2226d5eb2396" />
    <UnitTestResult executionId="5691b912-0028-4ee5-82ce-4a01b16096b5" testId="bcccf3df-639e-e23d-1a55-0702a2507011" testName="QuickLap.Tests.TempDatabase.WithClassFixture.UserRepositoryTests.RegisterUserAsync_ShouldAddNewUserAndReturnUserId" computerName="LAPTOP-1EMVEQGB" duration="00:00:00.0048778" startTime="2024-01-05T15:42:17.9494762+01:00" endTime="2024-01-05T15:42:17.9494764+01:00" testType="13cdc9d9-ddb5-4fa4-a97d-d965ccfc6d4b" outcome="Passed" testListId="8c84fa94-04c1-424b-9868-57a2d4851a1d" relativeResultsDirectory="5691b912-0028-4ee5-82ce-4a01b16096b5" />
    <UnitTestResult executionId="26f36543-9fe5-4ea2-a7ae-374a9e9e1748" testId="c884c42f-7db6-eac8-2502-dfd7a63da7ae" testName="QuickLap.Tests.TempDatabase.WithClassFixture.UserRepositoryTests.LoginAsync_ShouldReturnTrue_WhenUserExistsWithMatchingCredentials" computerName="LAPTOP-1EMVEQGB" duration="00:00:00.0063686" startTime="2024-01-05T15:42:17.9383638+01:00" endTime="2024-01-05T15:42:17.9383640+01:00" testType="13cdc9d9-ddb5-4fa4-a97d-d965ccfc6d4b" outcome="Passed" testListId="8c84fa94-04c1-424b-9868-57a2d4851a1d" relativeResultsDirectory="26f36543-9fe5-4ea2-a7ae-374a9e9e1748" />
    <UnitTestResult executionId="1cee1414-c741-46ce-84a1-58399713326b" testId="17ad132b-5f7c-912f-f4c3-4ece8c258e12" testName="QuickLap.Tests.InMemory.WithoutClassFixture.UserRepositoryTests.LoginAsync_ShouldReturnTrue_WhenUserExistsWithMatchingCredentials" computerName="LAPTOP-1EMVEQGB" duration="00:00:00.0079472" startTime="2024-01-05T15:42:12.8394202+01:00" endTime="2024-01-05T15:42:12.8394205+01:00" testType="13cdc9d9-ddb5-4fa4-a97d-d965ccfc6d4b" outcome="Passed" testListId="8c84fa94-04c1-424b-9868-57a2d4851a1d" relativeResultsDirectory="1cee1414-c741-46ce-84a1-58399713326b" />
    <UnitTestResult executionId="82649e31-4b3d-43dc-b3fd-058e05bfd341" testId="8fe41210-0ea1-c313-d8e7-2ecca0c2dbd5" testName="QuickLap.Tests.TempDatabase.WithoutClassFixture.OrderRepositoryTests.AddOrderItemAsync_ShouldIncrementOrderItem_WhenOrderAlreadyHasProduct" computerName="LAPTOP-1EMVEQGB" duration="00:00:01.8464684" startTime="2024-01-05T15:42:13.9251934+01:00" endTime="2024-01-05T15:42:13.9251937+01:00" testType="13cdc9d9-ddb5-4fa4-a97d-d965ccfc6d4b" outcome="Passed" testListId="8c84fa94-04c1-424b-9868-57a2d4851a1d" relativeResultsDirectory="82649e31-4b3d-43dc-b3fd-058e05bfd341" />
    <UnitTestResult executionId="92523804-65c2-4dd3-9102-9bb8cb825e83" testId="acc3284d-1420-0d7b-41bc-aa95c6df0173" testName="QuickLap.Tests.InMemory.WithClassFixture.UserRepositoryTests.LoginAsync_ShouldReturnTrue_WhenUserExistsWithMatchingCredentials" computerName="LAPTOP-1EMVEQGB" duration="00:00:00.0011107" startTime="2024-01-05T15:42:12.9143883+01:00" endTime="2024-01-05T15:42:12.9143885+01:00" testType="13cdc9d9-ddb5-4fa4-a97d-d965ccfc6d4b" outcome="Passed" testListId="8c84fa94-04c1-424b-9868-57a2d4851a1d" relativeResultsDirectory="92523804-65c2-4dd3-9102-9bb8cb825e83" />
    <UnitTestResult executionId="6cafa6de-8ace-47b4-8031-02fbd1536bdf" testId="f8f79563-3b33-6a2c-4d9d-5921e3775d57" testName="QuickLap.Tests.InMemory.WithoutClassFixture.OrderRepositoryTests.AddOrderItemAsync_ShouldAddOrderItem_WhenOrderDoesntHaveProductYet" computerName="LAPTOP-1EMVEQGB" duration="00:00:00.1277301" startTime="2024-01-05T15:42:12.8975567+01:00" endTime="2024-01-05T15:42:12.8975567+01:00" testType="13cdc9d9-ddb5-4fa4-a97d-d965ccfc6d4b" outcome="Passed" testListId="8c84fa94-04c1-424b-9868-57a2d4851a1d" relativeResultsDirectory="6cafa6de-8ace-47b4-8031-02fbd1536bdf" />
    <UnitTestResult executionId="f7d6cc80-728c-4567-806d-f915ed9800d6" testId="39734f60-401d-f84c-7987-74bb30b8c344" testName="QuickLap.Tests.TempDatabase.WithClassFixture.UserRepositoryTests.CompleteProfileAsync_ShouldThrowNotFoundException_WhenUserDoesNotExist" computerName="LAPTOP-1EMVEQGB" duration="00:00:00.0025923" startTime="2024-01-05T15:42:17.9521723+01:00" endTime="2024-01-05T15:42:17.9521724+01:00" testType="13cdc9d9-ddb5-4fa4-a97d-d965ccfc6d4b" outcome="Passed" testListId="8c84fa94-04c1-424b-9868-57a2d4851a1d" relativeResultsDirectory="f7d6cc80-728c-4567-806d-f915ed9800d6" />
    <UnitTestResult executionId="ee02dd7d-6562-4e7f-8f9a-b8077ef88446" testId="9c8225fd-c605-93c4-36cc-b14173f9b898" testName="QuickLap.Tests.InMemory.WithClassFixture.UserRepositoryTests.LoginAsync_ShouldReturnFalse_WhenUserDoesNotExistWithMatchingCredentials" computerName="LAPTOP-1EMVEQGB" duration="00:00:00.0004859" startTime="2024-01-05T15:42:12.9166289+01:00" endTime="2024-01-05T15:42:12.9166290+01:00" testType="13cdc9d9-ddb5-4fa4-a97d-d965ccfc6d4b" outcome="Passed" testListId="8c84fa94-04c1-424b-9868-57a2d4851a1d" relativeResultsDirectory="ee02dd7d-6562-4e7f-8f9a-b8077ef88446" />
    <UnitTestResult executionId="7a07993f-f66c-4d1c-8e29-846a76d59847" testId="1ca4d800-a8da-27e1-b1e3-d6e6f0fadfa2" testName="QuickLap.Tests.TempDatabase.WithClassFixture.CustomerRepositoryTests.RegisterCustomerAsync_ShouldThrowEntityAlreadyExistsException_WhenCustomerWithEmailAlreadyExists" computerName="LAPTOP-1EMVEQGB" duration="00:00:00.0108477" startTime="2024-01-05T15:42:14.3523209+01:00" endTime="2024-01-05T15:42:14.3523214+01:00" testType="13cdc9d9-ddb5-4fa4-a97d-d965ccfc6d4b" outcome="Passed" testListId="8c84fa94-04c1-424b-9868-57a2d4851a1d" relativeResultsDirectory="7a07993f-f66c-4d1c-8e29-846a76d59847" />
    <UnitTestResult executionId="d444bc54-5b5d-4425-83b3-497c31d14432" testId="62f51c8a-217e-863f-ca17-944dcaffe5fa" testName="QuickLap.Tests.TempDatabase.WithClassFixture.OrderRepositoryTests.CreateOrderAsync_ShouldCreateOrderAndReturnOrderId" computerName="LAPTOP-1EMVEQGB" duration="00:00:00.0118603" startTime="2024-01-05T15:42:16.1104123+01:00" endTime="2024-01-05T15:42:16.1104125+01:00" testType="13cdc9d9-ddb5-4fa4-a97d-d965ccfc6d4b" outcome="Passed" testListId="8c84fa94-04c1-424b-9868-57a2d4851a1d" relativeResultsDirectory="d444bc54-5b5d-4425-83b3-497c31d14432" />
    <UnitTestResult executionId="68525e54-b5f9-4442-9254-7988d6610ca5" testId="40c86054-1385-fad6-2667-fe02b9793bec" testName="QuickLap.Tests.InMemory.WithoutClassFixture.ProductRepositoryTests.AddProductAsync_ShouldAddProductAndReturnProductId" computerName="LAPTOP-1EMVEQGB" duration="00:00:00.6858830" startTime="2024-01-05T15:42:12.7778899+01:00" endTime="2024-01-05T15:42:12.7778900+01:00" testType="13cdc9d9-ddb5-4fa4-a97d-d965ccfc6d4b" outcome="Passed" testListId="8c84fa94-04c1-424b-9868-57a2d4851a1d" relativeResultsDirectory="68525e54-b5f9-4442-9254-7988d6610ca5" />
    <UnitTestResult executionId="f3d1243f-0040-4a33-82be-1c39ef89726e" testId="3e21f879-ddde-e3cc-eecb-52ab7bff2b5f" testName="QuickLap.Tests.TempDatabase.WithoutClassFixture.OrderRepositoryTests.CreateOrderAsync_ShouldCreateOrderAndReturnOrderId" computerName="LAPTOP-1EMVEQGB" duration="00:00:00.9186052" startTime="2024-01-05T15:42:15.7239240+01:00" endTime="2024-01-05T15:42:15.7239242+01:00" testType="13cdc9d9-ddb5-4fa4-a97d-d965ccfc6d4b" outcome="Passed" testListId="8c84fa94-04c1-424b-9868-57a2d4851a1d" relativeResultsDirectory="f3d1243f-0040-4a33-82be-1c39ef89726e" />
    <UnitTestResult executionId="57fe4fe7-c4fb-463d-8682-cfd323d1358b" testId="2c7f51d8-210a-701e-efee-996d6690a153" testName="QuickLap.Tests.InMemory.WithoutClassFixture.OrderRepositoryTests.CreateOrderAsync_ShouldCreateOrderAndReturnOrderId" computerName="LAPTOP-1EMVEQGB" duration="00:00:00.6871960" startTime="2024-01-05T15:42:12.8228300+01:00" endTime="2024-01-05T15:42:12.8228301+01:00" testType="13cdc9d9-ddb5-4fa4-a97d-d965ccfc6d4b" outcome="Passed" testListId="8c84fa94-04c1-424b-9868-57a2d4851a1d" relativeResultsDirectory="57fe4fe7-c4fb-463d-8682-cfd323d1358b" />
    <UnitTestResult executionId="8cc7f882-694c-44ce-99d8-0a1f582e041c" testId="a776eefd-6596-e19f-c31f-844ddaf01d85" testName="QuickLap.Tests.TempDatabase.WithClassFixture.ProductRepositoryTests.GetByIdAsync_ShouldReturnProduct_WhenProductExists" computerName="LAPTOP-1EMVEQGB" duration="00:00:00.0066931" startTime="2024-01-05T15:42:17.2363239+01:00" endTime="2024-01-05T15:42:17.2363241+01:00" testType="13cdc9d9-ddb5-4fa4-a97d-d965ccfc6d4b" outcome="Passed" testListId="8c84fa94-04c1-424b-9868-57a2d4851a1d" relativeResultsDirectory="8cc7f882-694c-44ce-99d8-0a1f582e041c" />
    <UnitTestResult executionId="b8f16f58-fb52-4513-99c3-ca5b6b3d3550" testId="e64f1770-c79d-2f14-5308-66c63eb26b9a" testName="QuickLap.Tests.InMemory.WithoutClassFixture.UserRepositoryTests.CompleteProfileAsync_ShouldThrowNotFoundException_WhenUserDoesNotExist" computerName="LAPTOP-1EMVEQGB" duration="00:00:00.0374015" startTime="2024-01-05T15:42:12.8231481+01:00" endTime="2024-01-05T15:42:12.8231482+01:00" testType="13cdc9d9-ddb5-4fa4-a97d-d965ccfc6d4b" outcome="Passed" testListId="8c84fa94-04c1-424b-9868-57a2d4851a1d" relativeResultsDirectory="b8f16f58-fb52-4513-99c3-ca5b6b3d3550" />
    <UnitTestResult executionId="cf42f810-08f4-4e21-aeda-bd3ba88d72ca" testId="f9893a2a-2520-d3da-e820-f067a2d2028c" testName="QuickLap.Tests.TempDatabase.WithClassFixture.ProductRepositoryTests.GetByIdAsync_ShouldThrowNotFoundException_WhenProductDoesNotExist" computerName="LAPTOP-1EMVEQGB" duration="00:00:00.0030387" startTime="2024-01-05T15:42:17.2395006+01:00" endTime="2024-01-05T15:42:17.2395007+01:00" testType="13cdc9d9-ddb5-4fa4-a97d-d965ccfc6d4b" outcome="Passed" testListId="8c84fa94-04c1-424b-9868-57a2d4851a1d" relativeResultsDirectory="cf42f810-08f4-4e21-aeda-bd3ba88d72ca" />
    <UnitTestResult executionId="52d41ce3-b23a-424c-979f-0bee5f8382a6" testId="55aac076-097c-3f88-8435-383763ce4eb7" testName="QuickLap.Tests.TempDatabase.WithoutClassFixture.UserRepositoryTests.LoginAsync_ShouldReturnTrue_WhenUserExistsWithMatchingCredentials" computerName="LAPTOP-1EMVEQGB" duration="00:00:00.5248737" startTime="2024-01-05T15:42:16.9641044+01:00" endTime="2024-01-05T15:42:16.9641047+01:00" testType="13cdc9d9-ddb5-4fa4-a97d-d965ccfc6d4b" outcome="Passed" testListId="8c84fa94-04c1-424b-9868-57a2d4851a1d" relativeResultsDirectory="52d41ce3-b23a-424c-979f-0bee5f8382a6" />
    <UnitTestResult executionId="d8f3e118-9200-4deb-8f69-ef3022d33274" testId="5756351e-1cf7-6f28-2835-4cd55f0154d2" testName="QuickLap.Tests.InMemory.WithoutClassFixture.ProductRepositoryTests.GetByIdAsync_ShouldThrowNotFoundException_WhenProductDoesNotExist" computerName="LAPTOP-1EMVEQGB" duration="00:00:00.0028603" startTime="2024-01-05T15:42:12.8876184+01:00" endTime="2024-01-05T15:42:12.8876185+01:00" testType="13cdc9d9-ddb5-4fa4-a97d-d965ccfc6d4b" outcome="Passed" testListId="8c84fa94-04c1-424b-9868-57a2d4851a1d" relativeResultsDirectory="d8f3e118-9200-4deb-8f69-ef3022d33274" />
    <UnitTestResult executionId="43e09aa5-1623-4045-92f9-14651fe12afb" testId="5a7c2469-1e04-f5dc-baac-f6dfaa1d46e4" testName="QuickLap.Tests.TempDatabase.WithClassFixture.CustomerRepositoryTests.RegisterCustomerAsync_ShouldRegisterCustomerAndReturnCustomerId" computerName="LAPTOP-1EMVEQGB" duration="00:00:00.0072928" startTime="2024-01-05T15:42:14.3597510+01:00" endTime="2024-01-05T15:42:14.3597512+01:00" testType="13cdc9d9-ddb5-4fa4-a97d-d965ccfc6d4b" outcome="Passed" testListId="8c84fa94-04c1-424b-9868-57a2d4851a1d" relativeResultsDirectory="43e09aa5-1623-4045-92f9-14651fe12afb" />
    <UnitTestResult executionId="6021f442-8979-48ef-a5f7-4e45cc111b4f" testId="b4542277-6809-6c2d-048c-f7cc829b890f" testName="QuickLap.Tests.InMemory.WithClassFixture.ProductRepositoryTests.GetByIdAsync_ShouldThrowNotFoundException_WhenProductDoesNotExist" computerName="LAPTOP-1EMVEQGB" duration="00:00:00.0018048" startTime="2024-01-05T15:42:12.9068280+01:00" endTime="2024-01-05T15:42:12.9068282+01:00" testType="13cdc9d9-ddb5-4fa4-a97d-d965ccfc6d4b" outcome="Passed" testListId="8c84fa94-04c1-424b-9868-57a2d4851a1d" relativeResultsDirectory="6021f442-8979-48ef-a5f7-4e45cc111b4f" />
    <UnitTestResult executionId="785838df-9fc3-4a3c-a85d-da4134f40f8e" testId="ad5d8362-40af-9427-71a3-2f821ca85ab7" testName="QuickLap.Tests.TempDatabase.WithoutClassFixture.CustomerRepositoryTests.RegisterCustomerAsync_ShouldRegisterCustomerAndReturnCustomerId" computerName="LAPTOP-1EMVEQGB" duration="00:00:01.8036054" startTime="2024-01-05T15:42:13.8822415+01:00" endTime="2024-01-05T15:42:13.8822419+01:00" testType="13cdc9d9-ddb5-4fa4-a97d-d965ccfc6d4b" outcome="Passed" testListId="8c84fa94-04c1-424b-9868-57a2d4851a1d" relativeResultsDirectory="785838df-9fc3-4a3c-a85d-da4134f40f8e" />
    <UnitTestResult executionId="1d15cf4c-e4f0-4b5a-90fa-8f5696a1dec5" testId="f69291b4-d9ff-622f-6c5a-ed33c0734cd5" testName="QuickLap.Tests.TempDatabase.WithoutClassFixture.UserRepositoryTests.LoginAsync_ShouldReturnFalse_WhenUserDoesNotExistWithMatchingCredentials" computerName="LAPTOP-1EMVEQGB" duration="00:00:00.4672366" startTime="2024-01-05T15:42:17.4315657+01:00" endTime="2024-01-05T15:42:17.4315659+01:00" testType="13cdc9d9-ddb5-4fa4-a97d-d965ccfc6d4b" outcome="Passed" testListId="8c84fa94-04c1-424b-9868-57a2d4851a1d" relativeResultsDirectory="1d15cf4c-e4f0-4b5a-90fa-8f5696a1dec5" />
    <UnitTestResult executionId="4d1bfc27-6497-44c8-81dc-103845518717" testId="6c74461b-c721-c6fa-74ed-1a09f55f2b69" testName="QuickLap.Tests.InMemory.WithoutClassFixture.UserRepositoryTests.CompleteProfileAsync_ShouldUpdateUserDetails_WhenUserExists" computerName="LAPTOP-1EMVEQGB" duration="00:00:00.0087364" startTime="2024-01-05T15:42:12.8313478+01:00" endTime="2024-01-05T15:42:12.8313481+01:00" testType="13cdc9d9-ddb5-4fa4-a97d-d965ccfc6d4b" outcome="Passed" testListId="8c84fa94-04c1-424b-9868-57a2d4851a1d" relativeResultsDirectory="4d1bfc27-6497-44c8-81dc-103845518717" />
    <UnitTestResult executionId="b60942db-589d-4dd9-ae59-242abfbbcc13" testId="cc4f8100-58c9-5b75-1d07-4ffac49e0314" testName="QuickLap.Tests.InMemory.WithClassFixture.UserRepositoryTests.RegisterUserAsync_ShouldThrowEntityAlreadyExistsException_WhenUserWithEmailAlreadyExists" computerName="LAPTOP-1EMVEQGB" duration="00:00:00.0016644" startTime="2024-01-05T15:42:12.9183396+01:00" endTime="2024-01-05T15:42:12.9183398+01:00" testType="13cdc9d9-ddb5-4fa4-a97d-d965ccfc6d4b" outcome="Passed" testListId="8c84fa94-04c1-424b-9868-57a2d4851a1d" relativeResultsDirectory="b60942db-589d-4dd9-ae59-242abfbbcc13" />
    <UnitTestResult executionId="209840aa-2b56-400e-b1d8-60a8791a1924" testId="7b19220b-bf5e-9c34-1517-803d7389fc6d" testName="QuickLap.Tests.TempDatabase.WithoutClassFixture.UserRepositoryTests.RegisterUserAsync_ShouldThrowEntityAlreadyExistsException_WhenUserWithEmailAlreadyExists" computerName="LAPTOP-1EMVEQGB" duration="00:00:00.8921696" startTime="2024-01-05T15:42:15.6623336+01:00" endTime="2024-01-05T15:42:15.6623340+01:00" testType="13cdc9d9-ddb5-4fa4-a97d-d965ccfc6d4b" outcome="Passed" testListId="8c84fa94-04c1-424b-9868-57a2d4851a1d" relativeResultsDirectory="209840aa-2b56-400e-b1d8-60a8791a1924" />
    <UnitTestResult executionId="3c9739b2-ae46-45cf-92fc-b1955e50a3cb" testId="91d5ff86-719d-b058-4dd2-8c8cff7f4977" testName="QuickLap.Tests.InMemory.WithClassFixture.OrderRepositoryTests.AddOrderItemAsync_ShouldAddOrderItem_WhenOrderDoesntHaveProductYet" computerName="LAPTOP-1EMVEQGB" duration="00:00:00.0042949" startTime="2024-01-05T15:42:12.9018907+01:00" endTime="2024-01-05T15:42:12.9018910+01:00" testType="13cdc9d9-ddb5-4fa4-a97d-d965ccfc6d4b" outcome="Passed" testListId="8c84fa94-04c1-424b-9868-57a2d4851a1d" relativeResultsDirectory="3c9739b2-ae46-45cf-92fc-b1955e50a3cb" />
    <UnitTestResult executionId="bb042ca1-0635-4c63-a63c-af05169be952" testId="f4fde79a-7299-05a3-237e-926ead7d2471" testName="QuickLap.Tests.TempDatabase.WithoutClassFixture.ProductRepositoryTests.GetAllAsync_ShouldReturnListOfProducts" computerName="LAPTOP-1EMVEQGB" duration="00:00:00.7538538" startTime="2024-01-05T15:42:16.4818640+01:00" endTime="2024-01-05T15:42:16.4818642+01:00" testType="13cdc9d9-ddb5-4fa4-a97d-d965ccfc6d4b" outcome="Passed" testListId="8c84fa94-04c1-424b-9868-57a2d4851a1d" relativeResultsDirectory="bb042ca1-0635-4c63-a63c-af05169be952" />
    <UnitTestResult executionId="009b052e-f6d4-4790-b2f5-d9ea65732dab" testId="77dcc98d-6b07-895c-8129-9b4d9c09ef23" testName="QuickLap.Tests.InMemory.WithClassFixture.ProductRepositoryTests.GetByIdAsync_ShouldReturnProduct_WhenProductExists" computerName="LAPTOP-1EMVEQGB" duration="00:00:00.0013227" startTime="2024-01-05T15:42:12.9049521+01:00" endTime="2024-01-05T15:42:12.9049523+01:00" testType="13cdc9d9-ddb5-4fa4-a97d-d965ccfc6d4b" outcome="Passed" testListId="8c84fa94-04c1-424b-9868-57a2d4851a1d" relativeResultsDirectory="009b052e-f6d4-4790-b2f5-d9ea65732dab" />
    <UnitTestResult executionId="9c764fe0-01cd-441e-8045-0e8dc61bdf2a" testId="0b54f752-dd2f-3968-0389-a10204700fe8" testName="QuickLap.Tests.InMemory.WithClassFixture.ProductRepositoryTests.GetAllAsync_ShouldReturnListOfProducts" computerName="LAPTOP-1EMVEQGB" duration="00:00:00.0021798" startTime="2024-01-05T15:42:12.9090818+01:00" endTime="2024-01-05T15:42:12.9090820+01:00" testType="13cdc9d9-ddb5-4fa4-a97d-d965ccfc6d4b" outcome="Passed" testListId="8c84fa94-04c1-424b-9868-57a2d4851a1d" relativeResultsDirectory="9c764fe0-01cd-441e-8045-0e8dc61bdf2a" />
    <UnitTestResult executionId="c1949d80-a69e-4104-90e9-98b724a5d1dd" testId="514b1ae5-96ca-d420-7127-107633ef9f36" testName="QuickLap.Tests.InMemory.WithoutClassFixture.CustomerRepositoryTests.RegisterCustomerAsync_ShouldThrowEntityAlreadyExistsException_WhenCustomerWithEmailAlreadyExists" computerName="LAPTOP-1EMVEQGB" duration="00:00:00.6806586" startTime="2024-01-05T15:42:12.7697519+01:00" endTime="2024-01-05T15:42:12.7697749+01:00" testType="13cdc9d9-ddb5-4fa4-a97d-d965ccfc6d4b" outcome="Passed" testListId="8c84fa94-04c1-424b-9868-57a2d4851a1d" relativeResultsDirectory="c1949d80-a69e-4104-90e9-98b724a5d1dd" />
    <UnitTestResult executionId="97fbc4b9-505b-4320-830d-808bcf1f1fc2" testId="c8848481-7ad0-8453-ece5-9433c79d6bfd" testName="QuickLap.Tests.TempDatabase.WithoutClassFixture.ProductRepositoryTests.GetByIdAsync_ShouldReturnProduct_WhenProductExists" computerName="LAPTOP-1EMVEQGB" duration="00:00:00.9268651" startTime="2024-01-05T15:42:14.8070126+01:00" endTime="2024-01-05T15:42:14.8070127+01:00" testType="13cdc9d9-ddb5-4fa4-a97d-d965ccfc6d4b" outcome="Passed" testListId="8c84fa94-04c1-424b-9868-57a2d4851a1d" relativeResultsDirectory="97fbc4b9-505b-4320-830d-808bcf1f1fc2" />
    <UnitTestResult executionId="abf1b3ef-8a56-481a-a931-4681fd80bd34" testId="1b5f022a-5d30-81ba-1561-a3d481ccfa87" testName="QuickLap.Tests.InMemory.WithoutClassFixture.ProductRepositoryTests.GetAllAsync_ShouldReturnListOfProducts" computerName="LAPTOP-1EMVEQGB" duration="00:00:00.0331058" startTime="2024-01-05T15:42:12.8846750+01:00" endTime="2024-01-05T15:42:12.8846754+01:00" testType="13cdc9d9-ddb5-4fa4-a97d-d965ccfc6d4b" outcome="Passed" testListId="8c84fa94-04c1-424b-9868-57a2d4851a1d" relativeResultsDirectory="abf1b3ef-8a56-481a-a931-4681fd80bd34" />
    <UnitTestResult executionId="cdfddeef-d584-43c9-9d63-800d37867eea" testId="d763b7c7-90ea-1ab9-0c18-2741901564c6" testName="QuickLap.Tests.TempDatabase.WithoutClassFixture.CustomerRepositoryTests.RegisterCustomerAsync_ShouldThrowEntityAlreadyExistsException_WhenCustomerWithEmailAlreadyExists" computerName="LAPTOP-1EMVEQGB" duration="00:00:00.9245072" startTime="2024-01-05T15:42:14.8069466+01:00" endTime="2024-01-05T15:42:14.8069468+01:00" testType="13cdc9d9-ddb5-4fa4-a97d-d965ccfc6d4b" outcome="Passed" testListId="8c84fa94-04c1-424b-9868-57a2d4851a1d" relativeResultsDirectory="cdfddeef-d584-43c9-9d63-800d37867eea" />
    <UnitTestResult executionId="c5d9d0d7-0635-4748-97aa-ee849408829b" testId="4f69fe12-90de-841d-6b23-9fab0acbe0d1" testName="QuickLap.Tests.InMemory.WithoutClassFixture.CustomerRepositoryTests.RegisterCustomerAsync_ShouldRegisterCustomerAndReturnCustomerId" computerName="LAPTOP-1EMVEQGB" duration="00:00:00.0424793" startTime="2024-01-05T15:42:12.8231143+01:00" endTime="2024-01-05T15:42:12.8231143+01:00" testType="13cdc9d9-ddb5-4fa4-a97d-d965ccfc6d4b" outcome="Passed" testListId="8c84fa94-04c1-424b-9868-57a2d4851a1d" relativeResultsDirectory="c5d9d0d7-0635-4748-97aa-ee849408829b" />
    <UnitTestResult executionId="106d8fea-76b5-4579-aca2-3b408320f2fb" testId="024fae90-899a-19fa-0c93-3ef90e82a44f" testName="QuickLap.Tests.TempDatabase.WithClassFixture.ProductRepositoryTests.AddProductAsync_ShouldAddProductAndReturnProductId" computerName="LAPTOP-1EMVEQGB" duration="00:00:00.0064710" startTime="2024-01-05T15:42:17.2540372+01:00" endTime="2024-01-05T15:42:17.2540374+01:00" testType="13cdc9d9-ddb5-4fa4-a97d-d965ccfc6d4b" outcome="Passed" testListId="8c84fa94-04c1-424b-9868-57a2d4851a1d" relativeResultsDirectory="106d8fea-76b5-4579-aca2-3b408320f2fb" />
    <UnitTestResult executionId="5a7c3ae6-eb45-4245-a5eb-7b28767ffb6c" testId="e2503fc9-71c3-5edf-9444-22f1ede2d00c" testName="QuickLap.Tests.TempDatabase.WithoutClassFixture.OrderRepositoryTests.AddOrderItemAsync_ShouldAddOrderItem_WhenOrderDoesntHaveProductYet" computerName="LAPTOP-1EMVEQGB" duration="00:00:00.8795980" startTime="2024-01-05T15:42:14.8050250+01:00" endTime="2024-01-05T15:42:14.8050253+01:00" testType="13cdc9d9-ddb5-4fa4-a97d-d965ccfc6d4b" outcome="Passed" testListId="8c84fa94-04c1-424b-9868-57a2d4851a1d" relativeResultsDirectory="5a7c3ae6-eb45-4245-a5eb-7b28767ffb6c" />
    <UnitTestResult executionId="d75d1c34-eb21-4f3a-9f93-038658fc2d82" testId="ae353b48-4582-95f4-6ed3-77358877b5d5" testName="QuickLap.Tests.TempDatabase.WithClassFixture.UserRepositoryTests.CompleteProfileAsync_ShouldUpdateUserDetails_WhenUserExists" computerName="LAPTOP-1EMVEQGB" duration="00:00:00.0075863" startTime="2024-01-05T15:42:17.9598615+01:00" endTime="2024-01-05T15:42:17.9598617+01:00" testType="13cdc9d9-ddb5-4fa4-a97d-d965ccfc6d4b" outcome="Passed" testListId="8c84fa94-04c1-424b-9868-57a2d4851a1d" relativeResultsDirectory="d75d1c34-eb21-4f3a-9f93-038658fc2d82" />
    <UnitTestResult executionId="85ddec1c-b2b1-4fa3-9414-9cec025c7619" testId="1ce97ed8-fb10-3854-70b8-17871fddcff4" testName="QuickLap.Tests.TempDatabase.WithoutClassFixture.ProductRepositoryTests.GetByIdAsync_ShouldThrowNotFoundException_WhenProductDoesNotExist" computerName="LAPTOP-1EMVEQGB" duration="00:00:01.7960542" startTime="2024-01-05T15:42:13.8784279+01:00" endTime="2024-01-05T15:42:13.8784283+01:00" testType="13cdc9d9-ddb5-4fa4-a97d-d965ccfc6d4b" outcome="Passed" testListId="8c84fa94-04c1-424b-9868-57a2d4851a1d" relativeResultsDirectory="85ddec1c-b2b1-4fa3-9414-9cec025c7619" />
    <UnitTestResult executionId="6bb05854-5c9c-4114-a2c1-3c27d6919acc" testId="6fe46184-1535-b2e1-5609-eae0409a9281" testName="QuickLap.Tests.InMemory.WithoutClassFixture.UserRepositoryTests.LoginAsync_ShouldReturnFalse_WhenUserDoesNotExistWithMatchingCredentials" computerName="LAPTOP-1EMVEQGB" duration="00:00:00.0016581" startTime="2024-01-05T15:42:12.8454955+01:00" endTime="2024-01-05T15:42:12.8454958+01:00" testType="13cdc9d9-ddb5-4fa4-a97d-d965ccfc6d4b" outcome="Passed" testListId="8c84fa94-04c1-424b-9868-57a2d4851a1d" relativeResultsDirectory="6bb05854-5c9c-4114-a2c1-3c27d6919acc" />
    <UnitTestResult executionId="01e8abb4-897e-4d04-aaa4-d8ca7509d0e2" testId="95d06feb-42b2-fa49-f3af-a6f132c45fb9" testName="QuickLap.Tests.TempDatabase.WithClassFixture.OrderRepositoryTests.AddOrderItemAsync_ShouldIncrementOrderItem_WhenOrderAlreadyHasProduct" computerName="LAPTOP-1EMVEQGB" duration="00:00:00.0180479" startTime="2024-01-05T15:42:16.0984034+01:00" endTime="2024-01-05T15:42:16.0984036+01:00" testType="13cdc9d9-ddb5-4fa4-a97d-d965ccfc6d4b" outcome="Passed" testListId="8c84fa94-04c1-424b-9868-57a2d4851a1d" relativeResultsDirectory="01e8abb4-897e-4d04-aaa4-d8ca7509d0e2" />
    <UnitTestResult executionId="34ea7d32-e048-48f5-a2b0-f4de14ae5350" testId="995d70cd-2baa-a5b0-5fca-b41d05709a0d" testName="QuickLap.Tests.TempDatabase.WithoutClassFixture.UserRepositoryTests.CompleteProfileAsync_ShouldThrowNotFoundException_WhenUserDoesNotExist" computerName="LAPTOP-1EMVEQGB" duration="00:00:00.7761922" startTime="2024-01-05T15:42:16.4390252+01:00" endTime="2024-01-05T15:42:16.4390254+01:00" testType="13cdc9d9-ddb5-4fa4-a97d-d965ccfc6d4b" outcome="Passed" testListId="8c84fa94-04c1-424b-9868-57a2d4851a1d" relativeResultsDirectory="34ea7d32-e048-48f5-a2b0-f4de14ae5350" />
    <UnitTestResult executionId="91b9082f-78db-48e8-b235-5d4990b388b8" testId="905d6018-869c-38e0-c062-b2bc05ec69f9" testName="QuickLap.Tests.InMemory.WithClassFixture.UserRepositoryTests.CompleteProfileAsync_ShouldThrowNotFoundException_WhenUserDoesNotExist" computerName="LAPTOP-1EMVEQGB" duration="00:00:00.0016955" startTime="2024-01-05T15:42:12.9132196+01:00" endTime="2024-01-05T15:42:12.9132198+01:00" testType="13cdc9d9-ddb5-4fa4-a97d-d965ccfc6d4b" outcome="Passed" testListId="8c84fa94-04c1-424b-9868-57a2d4851a1d" relativeResultsDirectory="91b9082f-78db-48e8-b235-5d4990b388b8" />
    <UnitTestResult executionId="ceb84653-0082-43a9-8273-c2c6e246c83a" testId="d54318f1-4ee1-ea7d-c831-d97ce15fd952" testName="QuickLap.Tests.InMemory.WithClassFixture.UserRepositoryTests.RegisterUserAsync_ShouldAddNewUserAndReturnUserId" computerName="LAPTOP-1EMVEQGB" duration="00:00:00.0006497" startTime="2024-01-05T15:42:12.9150854+01:00" endTime="2024-01-05T15:42:12.9150856+01:00" testType="13cdc9d9-ddb5-4fa4-a97d-d965ccfc6d4b" outcome="Passed" testListId="8c84fa94-04c1-424b-9868-57a2d4851a1d" relativeResultsDirectory="ceb84653-0082-43a9-8273-c2c6e246c83a" />
    <UnitTestResult executionId="7a59c725-34ee-45c2-938a-2682f0bfd90b" testId="e3a06078-0b50-7fbf-f666-aaffc96526a5" testName="QuickLap.Tests.InMemory.WithoutClassFixture.OrderRepositoryTests.AddOrderItemAsync_ShouldIncrementOrderItem_WhenOrderAlreadyHasProduct" computerName="LAPTOP-1EMVEQGB" duration="00:00:00.0033225" startTime="2024-01-05T15:42:12.9009259+01:00" endTime="2024-01-05T15:42:12.9009261+01:00" testType="13cdc9d9-ddb5-4fa4-a97d-d965ccfc6d4b" outcome="Passed" testListId="8c84fa94-04c1-424b-9868-57a2d4851a1d" relativeResultsDirectory="7a59c725-34ee-45c2-938a-2682f0bfd90b" />
    <UnitTestResult executionId="506555ce-530c-4561-b252-a92de7cd7750" testId="87948de4-9d20-5a73-e5b9-b63baec58b80" testName="QuickLap.Tests.InMemory.WithClassFixture.ProductRepositoryTests.AddProductAsync_ShouldAddProductAndReturnProductId" computerName="LAPTOP-1EMVEQGB" duration="00:00:00.0019652" startTime="2024-01-05T15:42:12.9111158+01:00" endTime="2024-01-05T15:42:12.9111160+01:00" testType="13cdc9d9-ddb5-4fa4-a97d-d965ccfc6d4b" outcome="Passed" testListId="8c84fa94-04c1-424b-9868-57a2d4851a1d" relativeResultsDirectory="506555ce-530c-4561-b252-a92de7cd7750" />
    <UnitTestResult executionId="c85b2bbc-df90-4f91-bac0-ca699b0f1bf3" testId="6956cea8-3b70-ab4d-0a70-44021c4d03be" testName="QuickLap.Tests.TempDatabase.WithoutClassFixture.ProductRepositoryTests.AddProductAsync_ShouldAddProductAndReturnProductId" computerName="LAPTOP-1EMVEQGB" duration="00:00:00.9205800" startTime="2024-01-05T15:42:15.7277714+01:00" endTime="2024-01-05T15:42:15.7277717+01:00" testType="13cdc9d9-ddb5-4fa4-a97d-d965ccfc6d4b" outcome="Passed" testListId="8c84fa94-04c1-424b-9868-57a2d4851a1d" relativeResultsDirectory="c85b2bbc-df90-4f91-bac0-ca699b0f1bf3" />
  </Results>
  <TestDefinitions>
    <UnitTest name="QuickLap.Tests.InMemory.WithoutClassFixture.UserRepositoryTests.RegisterUserAsync_ShouldAddNewUserAndReturnUserId" storage="c:\repos\quicklap\quicklap.tests\bin\debug\net7.0\quicklap.tests.dll" id="f27469e9-43f0-6ebf-d1b9-a71d754c65d0">
      <Execution id="32e44b65-3d80-4cc9-9a14-33d86eee0a61" />
      <TestMethod codeBase="C:\repos\QuickLap\QuickLap.Tests\bin\Debug\net7.0\QuickLap.Tests.dll" adapterTypeName="executor://xunit/VsTestRunner2/netcoreapp" className="QuickLap.Tests.InMemory.WithoutClassFixture.UserRepositoryTests" name="RegisterUserAsync_ShouldAddNewUserAndReturnUserId" />
    </UnitTest>
    <UnitTest name="QuickLap.Tests.InMemory.WithoutClassFixture.OrderRepositoryTests.AddOrderItemAsync_ShouldAddOrderItem_WhenOrderDoesntHaveProductYet" storage="c:\repos\quicklap\quicklap.tests\bin\debug\net7.0\quicklap.tests.dll" id="f8f79563-3b33-6a2c-4d9d-5921e3775d57">
      <Execution id="6cafa6de-8ace-47b4-8031-02fbd1536bdf" />
      <TestMethod codeBase="C:\repos\QuickLap\QuickLap.Tests\bin\Debug\net7.0\QuickLap.Tests.dll" adapterTypeName="executor://xunit/VsTestRunner2/netcoreapp" className="QuickLap.Tests.InMemory.WithoutClassFixture.OrderRepositoryTests" name="AddOrderItemAsync_ShouldAddOrderItem_WhenOrderDoesntHaveProductYet" />
    </UnitTest>
    <UnitTest name="QuickLap.Tests.InMemory.WithClassFixture.UserRepositoryTests.CompleteProfileAsync_ShouldThrowNotFoundException_WhenUserDoesNotExist" storage="c:\repos\quicklap\quicklap.tests\bin\debug\net7.0\quicklap.tests.dll" id="905d6018-869c-38e0-c062-b2bc05ec69f9">
      <Execution id="91b9082f-78db-48e8-b235-5d4990b388b8" />
      <TestMethod codeBase="C:\repos\QuickLap\QuickLap.Tests\bin\Debug\net7.0\QuickLap.Tests.dll" adapterTypeName="executor://xunit/VsTestRunner2/netcoreapp" className="QuickLap.Tests.InMemory.WithClassFixture.UserRepositoryTests" name="CompleteProfileAsync_ShouldThrowNotFoundException_WhenUserDoesNotExist" />
    </UnitTest>
    <UnitTest name="QuickLap.Tests.TempDatabase.WithoutClassFixture.CustomerRepositoryTests.RegisterCustomerAsync_ShouldRegisterCustomerAndReturnCustomerId" storage="c:\repos\quicklap\quicklap.tests\bin\debug\net7.0\quicklap.tests.dll" id="ad5d8362-40af-9427-71a3-2f821ca85ab7">
      <Execution id="785838df-9fc3-4a3c-a85d-da4134f40f8e" />
      <TestMethod codeBase="C:\repos\QuickLap\QuickLap.Tests\bin\Debug\net7.0\QuickLap.Tests.dll" adapterTypeName="executor://xunit/VsTestRunner2/netcoreapp" className="QuickLap.Tests.TempDatabase.WithoutClassFixture.CustomerRepositoryTests" name="RegisterCustomerAsync_ShouldRegisterCustomerAndReturnCustomerId" />
    </UnitTest>
    <UnitTest name="QuickLap.Tests.TempDatabase.WithoutClassFixture.UserRepositoryTests.CompleteProfileAsync_ShouldUpdateUserDetails_WhenUserExists" storage="c:\repos\quicklap\quicklap.tests\bin\debug\net7.0\quicklap.tests.dll" id="a02524af-43bd-b2a2-47ad-803ed7126c48">
      <Execution id="1c9804b0-5fdf-43bb-9768-e797dc751865" />
      <TestMethod codeBase="C:\repos\QuickLap\QuickLap.Tests\bin\Debug\net7.0\QuickLap.Tests.dll" adapterTypeName="executor://xunit/VsTestRunner2/netcoreapp" className="QuickLap.Tests.TempDatabase.WithoutClassFixture.UserRepositoryTests" name="CompleteProfileAsync_ShouldUpdateUserDetails_WhenUserExists" />
    </UnitTest>
    <UnitTest name="QuickLap.Tests.InMemory.WithClassFixture.UserRepositoryTests.LoginAsync_ShouldReturnTrue_WhenUserExistsWithMatchingCredentials" storage="c:\repos\quicklap\quicklap.tests\bin\debug\net7.0\quicklap.tests.dll" id="acc3284d-1420-0d7b-41bc-aa95c6df0173">
      <Execution id="92523804-65c2-4dd3-9102-9bb8cb825e83" />
      <TestMethod codeBase="C:\repos\QuickLap\QuickLap.Tests\bin\Debug\net7.0\QuickLap.Tests.dll" adapterTypeName="executor://xunit/VsTestRunner2/netcoreapp" className="QuickLap.Tests.InMemory.WithClassFixture.UserRepositoryTests" name="LoginAsync_ShouldReturnTrue_WhenUserExistsWithMatchingCredentials" />
    </UnitTest>
    <UnitTest name="QuickLap.Tests.InMemory.WithClassFixture.OrderRepositoryTests.AddOrderItemAsync_ShouldAddOrderItem_WhenOrderDoesntHaveProductYet" storage="c:\repos\quicklap\quicklap.tests\bin\debug\net7.0\quicklap.tests.dll" id="91d5ff86-719d-b058-4dd2-8c8cff7f4977">
      <Execution id="3c9739b2-ae46-45cf-92fc-b1955e50a3cb" />
      <TestMethod codeBase="C:\repos\QuickLap\QuickLap.Tests\bin\Debug\net7.0\QuickLap.Tests.dll" adapterTypeName="executor://xunit/VsTestRunner2/netcoreapp" className="QuickLap.Tests.InMemory.WithClassFixture.OrderRepositoryTests" name="AddOrderItemAsync_ShouldAddOrderItem_WhenOrderDoesntHaveProductYet" />
    </UnitTest>
    <UnitTest name="QuickLap.Tests.TempDatabase.WithoutClassFixture.UserRepositoryTests.RegisterUserAsync_ShouldAddNewUserAndReturnUserId" storage="c:\repos\quicklap\quicklap.tests\bin\debug\net7.0\quicklap.tests.dll" id="bdb8d388-b713-24aa-5807-ccebce3003f2">
      <Execution id="6cbdf918-253b-4753-a946-5821ab2b4e1b" />
      <TestMethod codeBase="C:\repos\QuickLap\QuickLap.Tests\bin\Debug\net7.0\QuickLap.Tests.dll" adapterTypeName="executor://xunit/VsTestRunner2/netcoreapp" className="QuickLap.Tests.TempDatabase.WithoutClassFixture.UserRepositoryTests" name="RegisterUserAsync_ShouldAddNewUserAndReturnUserId" />
    </UnitTest>
    <UnitTest name="QuickLap.Tests.TempDatabase.WithClassFixture.OrderRepositoryTests.AddOrderItemAsync_ShouldIncrementOrderItem_WhenOrderAlreadyHasProduct" storage="c:\repos\quicklap\quicklap.tests\bin\debug\net7.0\quicklap.tests.dll" id="95d06feb-42b2-fa49-f3af-a6f132c45fb9">
      <Execution id="01e8abb4-897e-4d04-aaa4-d8ca7509d0e2" />
      <TestMethod codeBase="C:\repos\QuickLap\QuickLap.Tests\bin\Debug\net7.0\QuickLap.Tests.dll" adapterTypeName="executor://xunit/VsTestRunner2/netcoreapp" className="QuickLap.Tests.TempDatabase.WithClassFixture.OrderRepositoryTests" name="AddOrderItemAsync_ShouldIncrementOrderItem_WhenOrderAlreadyHasProduct" />
    </UnitTest>
    <UnitTest name="QuickLap.Tests.TempDatabase.WithClassFixture.UserRepositoryTests.CompleteProfileAsync_ShouldThrowNotFoundException_WhenUserDoesNotExist" storage="c:\repos\quicklap\quicklap.tests\bin\debug\net7.0\quicklap.tests.dll" id="39734f60-401d-f84c-7987-74bb30b8c344">
      <Execution id="f7d6cc80-728c-4567-806d-f915ed9800d6" />
      <TestMethod codeBase="C:\repos\QuickLap\QuickLap.Tests\bin\Debug\net7.0\QuickLap.Tests.dll" adapterTypeName="executor://xunit/VsTestRunner2/netcoreapp" className="QuickLap.Tests.TempDatabase.WithClassFixture.UserRepositoryTests" name="CompleteProfileAsync_ShouldThrowNotFoundException_WhenUserDoesNotExist" />
    </UnitTest>
    <UnitTest name="QuickLap.Tests.InMemory.WithClassFixture.ProductRepositoryTests.AddProductAsync_ShouldAddProductAndReturnProductId" storage="c:\repos\quicklap\quicklap.tests\bin\debug\net7.0\quicklap.tests.dll" id="87948de4-9d20-5a73-e5b9-b63baec58b80">
      <Execution id="506555ce-530c-4561-b252-a92de7cd7750" />
      <TestMethod codeBase="C:\repos\QuickLap\QuickLap.Tests\bin\Debug\net7.0\QuickLap.Tests.dll" adapterTypeName="executor://xunit/VsTestRunner2/netcoreapp" className="QuickLap.Tests.InMemory.WithClassFixture.ProductRepositoryTests" name="AddProductAsync_ShouldAddProductAndReturnProductId" />
    </UnitTest>
    <UnitTest name="QuickLap.Tests.InMemory.WithClassFixture.OrderRepositoryTests.CreateOrderAsync_ShouldCreateOrderAndReturnOrderId" storage="c:\repos\quicklap\quicklap.tests\bin\debug\net7.0\quicklap.tests.dll" id="46cd4733-3f00-6947-5995-d24d8e6c32b3">
      <Execution id="ee8c2a1f-0b1b-41a1-ac33-8fbb7935564b" />
      <TestMethod codeBase="C:\repos\QuickLap\QuickLap.Tests\bin\Debug\net7.0\QuickLap.Tests.dll" adapterTypeName="executor://xunit/VsTestRunner2/netcoreapp" className="QuickLap.Tests.InMemory.WithClassFixture.OrderRepositoryTests" name="CreateOrderAsync_ShouldCreateOrderAndReturnOrderId" />
    </UnitTest>
    <UnitTest name="QuickLap.Tests.InMemory.WithoutClassFixture.UserRepositoryTests.RegisterUserAsync_ShouldThrowEntityAlreadyExistsException_WhenUserWithEmailAlreadyExists" storage="c:\repos\quicklap\quicklap.tests\bin\debug\net7.0\quicklap.tests.dll" id="3b75b512-251c-f426-eca2-062a7bced349">
      <Execution id="9f3ae116-0fef-4207-a247-aa89d3c2debc" />
      <TestMethod codeBase="C:\repos\QuickLap\QuickLap.Tests\bin\Debug\net7.0\QuickLap.Tests.dll" adapterTypeName="executor://xunit/VsTestRunner2/netcoreapp" className="QuickLap.Tests.InMemory.WithoutClassFixture.UserRepositoryTests" name="RegisterUserAsync_ShouldThrowEntityAlreadyExistsException_WhenUserWithEmailAlreadyExists" />
    </UnitTest>
    <UnitTest name="QuickLap.Tests.TempDatabase.WithClassFixture.CustomerRepositoryTests.RegisterCustomerAsync_ShouldRegisterCustomerAndReturnCustomerId" storage="c:\repos\quicklap\quicklap.tests\bin\debug\net7.0\quicklap.tests.dll" id="5a7c2469-1e04-f5dc-baac-f6dfaa1d46e4">
      <Execution id="43e09aa5-1623-4045-92f9-14651fe12afb" />
      <TestMethod codeBase="C:\repos\QuickLap\QuickLap.Tests\bin\Debug\net7.0\QuickLap.Tests.dll" adapterTypeName="executor://xunit/VsTestRunner2/netcoreapp" className="QuickLap.Tests.TempDatabase.WithClassFixture.CustomerRepositoryTests" name="RegisterCustomerAsync_ShouldRegisterCustomerAndReturnCustomerId" />
    </UnitTest>
    <UnitTest name="QuickLap.Tests.InMemory.WithClassFixture.CustomerRepositoryTests.RegisterCustomerAsync_ShouldThrowEntityAlreadyExistsException_WhenCustomerWithEmailAlreadyExists" storage="c:\repos\quicklap\quicklap.tests\bin\debug\net7.0\quicklap.tests.dll" id="8a0bfc88-7ee3-3d0b-4a12-3a518ab90276">
      <Execution id="6d033265-e95a-4b17-a8ec-0b71a06d4c13" />
      <TestMethod codeBase="C:\repos\QuickLap\QuickLap.Tests\bin\Debug\net7.0\QuickLap.Tests.dll" adapterTypeName="executor://xunit/VsTestRunner2/netcoreapp" className="QuickLap.Tests.InMemory.WithClassFixture.CustomerRepositoryTests" name="RegisterCustomerAsync_ShouldThrowEntityAlreadyExistsException_WhenCustomerWithEmailAlreadyExists" />
    </UnitTest>
    <UnitTest name="QuickLap.Tests.InMemory.WithoutClassFixture.ProductRepositoryTests.AddProductAsync_ShouldAddProductAndReturnProductId" storage="c:\repos\quicklap\quicklap.tests\bin\debug\net7.0\quicklap.tests.dll" id="40c86054-1385-fad6-2667-fe02b9793bec">
      <Execution id="68525e54-b5f9-4442-9254-7988d6610ca5" />
      <TestMethod codeBase="C:\repos\QuickLap\QuickLap.Tests\bin\Debug\net7.0\QuickLap.Tests.dll" adapterTypeName="executor://xunit/VsTestRunner2/netcoreapp" className="QuickLap.Tests.InMemory.WithoutClassFixture.ProductRepositoryTests" name="AddProductAsync_ShouldAddProductAndReturnProductId" />
    </UnitTest>
    <UnitTest name="QuickLap.Tests.InMemory.WithClassFixture.ProductRepositoryTests.GetByIdAsync_ShouldThrowNotFoundException_WhenProductDoesNotExist" storage="c:\repos\quicklap\quicklap.tests\bin\debug\net7.0\quicklap.tests.dll" id="b4542277-6809-6c2d-048c-f7cc829b890f">
      <Execution id="6021f442-8979-48ef-a5f7-4e45cc111b4f" />
      <TestMethod codeBase="C:\repos\QuickLap\QuickLap.Tests\bin\Debug\net7.0\QuickLap.Tests.dll" adapterTypeName="executor://xunit/VsTestRunner2/netcoreapp" className="QuickLap.Tests.InMemory.WithClassFixture.ProductRepositoryTests" name="GetByIdAsync_ShouldThrowNotFoundException_WhenProductDoesNotExist" />
    </UnitTest>
    <UnitTest name="QuickLap.Tests.TempDatabase.WithClassFixture.UserRepositoryTests.LoginAsync_ShouldReturnTrue_WhenUserExistsWithMatchingCredentials" storage="c:\repos\quicklap\quicklap.tests\bin\debug\net7.0\quicklap.tests.dll" id="c884c42f-7db6-eac8-2502-dfd7a63da7ae">
      <Execution id="26f36543-9fe5-4ea2-a7ae-374a9e9e1748" />
      <TestMethod codeBase="C:\repos\QuickLap\QuickLap.Tests\bin\Debug\net7.0\QuickLap.Tests.dll" adapterTypeName="executor://xunit/VsTestRunner2/netcoreapp" className="QuickLap.Tests.TempDatabase.WithClassFixture.UserRepositoryTests" name="LoginAsync_ShouldReturnTrue_WhenUserExistsWithMatchingCredentials" />
    </UnitTest>
    <UnitTest name="QuickLap.Tests.InMemory.WithoutClassFixture.CustomerRepositoryTests.RegisterCustomerAsync_ShouldRegisterCustomerAndReturnCustomerId" storage="c:\repos\quicklap\quicklap.tests\bin\debug\net7.0\quicklap.tests.dll" id="4f69fe12-90de-841d-6b23-9fab0acbe0d1">
      <Execution id="c5d9d0d7-0635-4748-97aa-ee849408829b" />
      <TestMethod codeBase="C:\repos\QuickLap\QuickLap.Tests\bin\Debug\net7.0\QuickLap.Tests.dll" adapterTypeName="executor://xunit/VsTestRunner2/netcoreapp" className="QuickLap.Tests.InMemory.WithoutClassFixture.CustomerRepositoryTests" name="RegisterCustomerAsync_ShouldRegisterCustomerAndReturnCustomerId" />
    </UnitTest>
    <UnitTest name="QuickLap.Tests.InMemory.WithClassFixture.UserRepositoryTests.RegisterUserAsync_ShouldAddNewUserAndReturnUserId" storage="c:\repos\quicklap\quicklap.tests\bin\debug\net7.0\quicklap.tests.dll" id="d54318f1-4ee1-ea7d-c831-d97ce15fd952">
      <Execution id="ceb84653-0082-43a9-8273-c2c6e246c83a" />
      <TestMethod codeBase="C:\repos\QuickLap\QuickLap.Tests\bin\Debug\net7.0\QuickLap.Tests.dll" adapterTypeName="executor://xunit/VsTestRunner2/netcoreapp" className="QuickLap.Tests.InMemory.WithClassFixture.UserRepositoryTests" name="RegisterUserAsync_ShouldAddNewUserAndReturnUserId" />
    </UnitTest>
    <UnitTest name="QuickLap.Tests.InMemory.WithClassFixture.ProductRepositoryTests.GetAllAsync_ShouldReturnListOfProducts" storage="c:\repos\quicklap\quicklap.tests\bin\debug\net7.0\quicklap.tests.dll" id="0b54f752-dd2f-3968-0389-a10204700fe8">
      <Execution id="9c764fe0-01cd-441e-8045-0e8dc61bdf2a" />
      <TestMethod codeBase="C:\repos\QuickLap\QuickLap.Tests\bin\Debug\net7.0\QuickLap.Tests.dll" adapterTypeName="executor://xunit/VsTestRunner2/netcoreapp" className="QuickLap.Tests.InMemory.WithClassFixture.ProductRepositoryTests" name="GetAllAsync_ShouldReturnListOfProducts" />
    </UnitTest>
    <UnitTest name="QuickLap.Tests.TempDatabase.WithClassFixture.UserRepositoryTests.LoginAsync_ShouldReturnFalse_WhenUserDoesNotExistWithMatchingCredentials" storage="c:\repos\quicklap\quicklap.tests\bin\debug\net7.0\quicklap.tests.dll" id="d1b45ebd-f980-5fd0-5274-b58e4f0e2775">
      <Execution id="e7f74d24-c4e6-467c-9773-df9f97e3c120" />
      <TestMethod codeBase="C:\repos\QuickLap\QuickLap.Tests\bin\Debug\net7.0\QuickLap.Tests.dll" adapterTypeName="executor://xunit/VsTestRunner2/netcoreapp" className="QuickLap.Tests.TempDatabase.WithClassFixture.UserRepositoryTests" name="LoginAsync_ShouldReturnFalse_WhenUserDoesNotExistWithMatchingCredentials" />
    </UnitTest>
    <UnitTest name="QuickLap.Tests.InMemory.WithoutClassFixture.UserRepositoryTests.LoginAsync_ShouldReturnTrue_WhenUserExistsWithMatchingCredentials" storage="c:\repos\quicklap\quicklap.tests\bin\debug\net7.0\quicklap.tests.dll" id="17ad132b-5f7c-912f-f4c3-4ece8c258e12">
      <Execution id="1cee1414-c741-46ce-84a1-58399713326b" />
      <TestMethod codeBase="C:\repos\QuickLap\QuickLap.Tests\bin\Debug\net7.0\QuickLap.Tests.dll" adapterTypeName="executor://xunit/VsTestRunner2/netcoreapp" className="QuickLap.Tests.InMemory.WithoutClassFixture.UserRepositoryTests" name="LoginAsync_ShouldReturnTrue_WhenUserExistsWithMatchingCredentials" />
    </UnitTest>
    <UnitTest name="QuickLap.Tests.InMemory.WithoutClassFixture.UserRepositoryTests.CompleteProfileAsync_ShouldUpdateUserDetails_WhenUserExists" storage="c:\repos\quicklap\quicklap.tests\bin\debug\net7.0\quicklap.tests.dll" id="6c74461b-c721-c6fa-74ed-1a09f55f2b69">
      <Execution id="4d1bfc27-6497-44c8-81dc-103845518717" />
      <TestMethod codeBase="C:\repos\QuickLap\QuickLap.Tests\bin\Debug\net7.0\QuickLap.Tests.dll" adapterTypeName="executor://xunit/VsTestRunner2/netcoreapp" className="QuickLap.Tests.InMemory.WithoutClassFixture.UserRepositoryTests" name="CompleteProfileAsync_ShouldUpdateUserDetails_WhenUserExists" />
    </UnitTest>
    <UnitTest name="QuickLap.Tests.TempDatabase.WithoutClassFixture.ProductRepositoryTests.GetAllAsync_ShouldReturnListOfProducts" storage="c:\repos\quicklap\quicklap.tests\bin\debug\net7.0\quicklap.tests.dll" id="f4fde79a-7299-05a3-237e-926ead7d2471">
      <Execution id="bb042ca1-0635-4c63-a63c-af05169be952" />
      <TestMethod codeBase="C:\repos\QuickLap\QuickLap.Tests\bin\Debug\net7.0\QuickLap.Tests.dll" adapterTypeName="executor://xunit/VsTestRunner2/netcoreapp" className="QuickLap.Tests.TempDatabase.WithoutClassFixture.ProductRepositoryTests" name="GetAllAsync_ShouldReturnListOfProducts" />
    </UnitTest>
    <UnitTest name="QuickLap.Tests.InMemory.WithoutClassFixture.ProductRepositoryTests.GetAllAsync_ShouldReturnListOfProducts" storage="c:\repos\quicklap\quicklap.tests\bin\debug\net7.0\quicklap.tests.dll" id="1b5f022a-5d30-81ba-1561-a3d481ccfa87">
      <Execution id="abf1b3ef-8a56-481a-a931-4681fd80bd34" />
      <TestMethod codeBase="C:\repos\QuickLap\QuickLap.Tests\bin\Debug\net7.0\QuickLap.Tests.dll" adapterTypeName="executor://xunit/VsTestRunner2/netcoreapp" className="QuickLap.Tests.InMemory.WithoutClassFixture.ProductRepositoryTests" name="GetAllAsync_ShouldReturnListOfProducts" />
    </UnitTest>
    <UnitTest name="QuickLap.Tests.TempDatabase.WithoutClassFixture.UserRepositoryTests.LoginAsync_ShouldReturnTrue_WhenUserExistsWithMatchingCredentials" storage="c:\repos\quicklap\quicklap.tests\bin\debug\net7.0\quicklap.tests.dll" id="55aac076-097c-3f88-8435-383763ce4eb7">
      <Execution id="52d41ce3-b23a-424c-979f-0bee5f8382a6" />
      <TestMethod codeBase="C:\repos\QuickLap\QuickLap.Tests\bin\Debug\net7.0\QuickLap.Tests.dll" adapterTypeName="executor://xunit/VsTestRunner2/netcoreapp" className="QuickLap.Tests.TempDatabase.WithoutClassFixture.UserRepositoryTests" name="LoginAsync_ShouldReturnTrue_WhenUserExistsWithMatchingCredentials" />
    </UnitTest>
    <UnitTest name="QuickLap.Tests.InMemory.WithClassFixture.UserRepositoryTests.CompleteProfileAsync_ShouldUpdateUserDetails_WhenUserExists" storage="c:\repos\quicklap\quicklap.tests\bin\debug\net7.0\quicklap.tests.dll" id="3b338677-1775-15e6-a14f-4766662acc57">
      <Execution id="a5a1e357-662e-4b36-8e58-c55a6e5ac0f3" />
      <TestMethod codeBase="C:\repos\QuickLap\QuickLap.Tests\bin\Debug\net7.0\QuickLap.Tests.dll" adapterTypeName="executor://xunit/VsTestRunner2/netcoreapp" className="QuickLap.Tests.InMemory.WithClassFixture.UserRepositoryTests" name="CompleteProfileAsync_ShouldUpdateUserDetails_WhenUserExists" />
    </UnitTest>
    <UnitTest name="QuickLap.Tests.InMemory.WithoutClassFixture.OrderRepositoryTests.AddOrderItemAsync_ShouldIncrementOrderItem_WhenOrderAlreadyHasProduct" storage="c:\repos\quicklap\quicklap.tests\bin\debug\net7.0\quicklap.tests.dll" id="e3a06078-0b50-7fbf-f666-aaffc96526a5">
      <Execution id="7a59c725-34ee-45c2-938a-2682f0bfd90b" />
      <TestMethod codeBase="C:\repos\QuickLap\QuickLap.Tests\bin\Debug\net7.0\QuickLap.Tests.dll" adapterTypeName="executor://xunit/VsTestRunner2/netcoreapp" className="QuickLap.Tests.InMemory.WithoutClassFixture.OrderRepositoryTests" name="AddOrderItemAsync_ShouldIncrementOrderItem_WhenOrderAlreadyHasProduct" />
    </UnitTest>
    <UnitTest name="QuickLap.Tests.TempDatabase.WithoutClassFixture.ProductRepositoryTests.AddProductAsync_ShouldAddProductAndReturnProductId" storage="c:\repos\quicklap\quicklap.tests\bin\debug\net7.0\quicklap.tests.dll" id="6956cea8-3b70-ab4d-0a70-44021c4d03be">
      <Execution id="c85b2bbc-df90-4f91-bac0-ca699b0f1bf3" />
      <TestMethod codeBase="C:\repos\QuickLap\QuickLap.Tests\bin\Debug\net7.0\QuickLap.Tests.dll" adapterTypeName="executor://xunit/VsTestRunner2/netcoreapp" className="QuickLap.Tests.TempDatabase.WithoutClassFixture.ProductRepositoryTests" name="AddProductAsync_ShouldAddProductAndReturnProductId" />
    </UnitTest>
    <UnitTest name="QuickLap.Tests.InMemory.WithoutClassFixture.ProductRepositoryTests.GetByIdAsync_ShouldThrowNotFoundException_WhenProductDoesNotExist" storage="c:\repos\quicklap\quicklap.tests\bin\debug\net7.0\quicklap.tests.dll" id="5756351e-1cf7-6f28-2835-4cd55f0154d2">
      <Execution id="d8f3e118-9200-4deb-8f69-ef3022d33274" />
      <TestMethod codeBase="C:\repos\QuickLap\QuickLap.Tests\bin\Debug\net7.0\QuickLap.Tests.dll" adapterTypeName="executor://xunit/VsTestRunner2/netcoreapp" className="QuickLap.Tests.InMemory.WithoutClassFixture.ProductRepositoryTests" name="GetByIdAsync_ShouldThrowNotFoundException_WhenProductDoesNotExist" />
    </UnitTest>
    <UnitTest name="QuickLap.Tests.TempDatabase.WithClassFixture.OrderRepositoryTests.CreateOrderAsync_ShouldCreateOrderAndReturnOrderId" storage="c:\repos\quicklap\quicklap.tests\bin\debug\net7.0\quicklap.tests.dll" id="62f51c8a-217e-863f-ca17-944dcaffe5fa">
      <Execution id="d444bc54-5b5d-4425-83b3-497c31d14432" />
      <TestMethod codeBase="C:\repos\QuickLap\QuickLap.Tests\bin\Debug\net7.0\QuickLap.Tests.dll" adapterTypeName="executor://xunit/VsTestRunner2/netcoreapp" className="QuickLap.Tests.TempDatabase.WithClassFixture.OrderRepositoryTests" name="CreateOrderAsync_ShouldCreateOrderAndReturnOrderId" />
    </UnitTest>
    <UnitTest name="QuickLap.Tests.TempDatabase.WithClassFixture.OrderRepositoryTests.AddOrderItemAsync_ShouldAddOrderItem_WhenOrderDoesntHaveProductYet" storage="c:\repos\quicklap\quicklap.tests\bin\debug\net7.0\quicklap.tests.dll" id="15a30c8d-3a7b-2f18-e0ee-eccdfdcd25a1">
      <Execution id="1968a89f-a75f-4291-85b4-718943b7517e" />
      <TestMethod codeBase="C:\repos\QuickLap\QuickLap.Tests\bin\Debug\net7.0\QuickLap.Tests.dll" adapterTypeName="executor://xunit/VsTestRunner2/netcoreapp" className="QuickLap.Tests.TempDatabase.WithClassFixture.OrderRepositoryTests" name="AddOrderItemAsync_ShouldAddOrderItem_WhenOrderDoesntHaveProductYet" />
    </UnitTest>
    <UnitTest name="QuickLap.Tests.InMemory.WithoutClassFixture.OrderRepositoryTests.CreateOrderAsync_ShouldCreateOrderAndReturnOrderId" storage="c:\repos\quicklap\quicklap.tests\bin\debug\net7.0\quicklap.tests.dll" id="2c7f51d8-210a-701e-efee-996d6690a153">
      <Execution id="57fe4fe7-c4fb-463d-8682-cfd323d1358b" />
      <TestMethod codeBase="C:\repos\QuickLap\QuickLap.Tests\bin\Debug\net7.0\QuickLap.Tests.dll" adapterTypeName="executor://xunit/VsTestRunner2/netcoreapp" className="QuickLap.Tests.InMemory.WithoutClassFixture.OrderRepositoryTests" name="CreateOrderAsync_ShouldCreateOrderAndReturnOrderId" />
    </UnitTest>
    <UnitTest name="QuickLap.Tests.InMemory.WithoutClassFixture.ProductRepositoryTests.GetByIdAsync_ShouldReturnProduct_WhenProductExists" storage="c:\repos\quicklap\quicklap.tests\bin\debug\net7.0\quicklap.tests.dll" id="75dbc904-454d-3fba-c563-bb7ebffd7ca8">
      <Execution id="3aacce78-f966-4ac0-9247-a7ba3e5d01a4" />
      <TestMethod codeBase="C:\repos\QuickLap\QuickLap.Tests\bin\Debug\net7.0\QuickLap.Tests.dll" adapterTypeName="executor://xunit/VsTestRunner2/netcoreapp" className="QuickLap.Tests.InMemory.WithoutClassFixture.ProductRepositoryTests" name="GetByIdAsync_ShouldReturnProduct_WhenProductExists" />
    </UnitTest>
    <UnitTest name="QuickLap.Tests.InMemory.WithClassFixture.UserRepositoryTests.LoginAsync_ShouldReturnFalse_WhenUserDoesNotExistWithMatchingCredentials" storage="c:\repos\quicklap\quicklap.tests\bin\debug\net7.0\quicklap.tests.dll" id="9c8225fd-c605-93c4-36cc-b14173f9b898">
      <Execution id="ee02dd7d-6562-4e7f-8f9a-b8077ef88446" />
      <TestMethod codeBase="C:\repos\QuickLap\QuickLap.Tests\bin\Debug\net7.0\QuickLap.Tests.dll" adapterTypeName="executor://xunit/VsTestRunner2/netcoreapp" className="QuickLap.Tests.InMemory.WithClassFixture.UserRepositoryTests" name="LoginAsync_ShouldReturnFalse_WhenUserDoesNotExistWithMatchingCredentials" />
    </UnitTest>
    <UnitTest name="QuickLap.Tests.TempDatabase.WithClassFixture.UserRepositoryTests.CompleteProfileAsync_ShouldUpdateUserDetails_WhenUserExists" storage="c:\repos\quicklap\quicklap.tests\bin\debug\net7.0\quicklap.tests.dll" id="ae353b48-4582-95f4-6ed3-77358877b5d5">
      <Execution id="d75d1c34-eb21-4f3a-9f93-038658fc2d82" />
      <TestMethod codeBase="C:\repos\QuickLap\QuickLap.Tests\bin\Debug\net7.0\QuickLap.Tests.dll" adapterTypeName="executor://xunit/VsTestRunner2/netcoreapp" className="QuickLap.Tests.TempDatabase.WithClassFixture.UserRepositoryTests" name="CompleteProfileAsync_ShouldUpdateUserDetails_WhenUserExists" />
    </UnitTest>
    <UnitTest name="QuickLap.Tests.TempDatabase.WithoutClassFixture.UserRepositoryTests.CompleteProfileAsync_ShouldThrowNotFoundException_WhenUserDoesNotExist" storage="c:\repos\quicklap\quicklap.tests\bin\debug\net7.0\quicklap.tests.dll" id="995d70cd-2baa-a5b0-5fca-b41d05709a0d">
      <Execution id="34ea7d32-e048-48f5-a2b0-f4de14ae5350" />
      <TestMethod codeBase="C:\repos\QuickLap\QuickLap.Tests\bin\Debug\net7.0\QuickLap.Tests.dll" adapterTypeName="executor://xunit/VsTestRunner2/netcoreapp" className="QuickLap.Tests.TempDatabase.WithoutClassFixture.UserRepositoryTests" name="CompleteProfileAsync_ShouldThrowNotFoundException_WhenUserDoesNotExist" />
    </UnitTest>
    <UnitTest name="QuickLap.Tests.TempDatabase.WithClassFixture.CustomerRepositoryTests.RegisterCustomerAsync_ShouldThrowEntityAlreadyExistsException_WhenCustomerWithEmailAlreadyExists" storage="c:\repos\quicklap\quicklap.tests\bin\debug\net7.0\quicklap.tests.dll" id="1ca4d800-a8da-27e1-b1e3-d6e6f0fadfa2">
      <Execution id="7a07993f-f66c-4d1c-8e29-846a76d59847" />
      <TestMethod codeBase="C:\repos\QuickLap\QuickLap.Tests\bin\Debug\net7.0\QuickLap.Tests.dll" adapterTypeName="executor://xunit/VsTestRunner2/netcoreapp" className="QuickLap.Tests.TempDatabase.WithClassFixture.CustomerRepositoryTests" name="RegisterCustomerAsync_ShouldThrowEntityAlreadyExistsException_WhenCustomerWithEmailAlreadyExists" />
    </UnitTest>
    <UnitTest name="QuickLap.Tests.TempDatabase.WithClassFixture.UserRepositoryTests.RegisterUserAsync_ShouldAddNewUserAndReturnUserId" storage="c:\repos\quicklap\quicklap.tests\bin\debug\net7.0\quicklap.tests.dll" id="bcccf3df-639e-e23d-1a55-0702a2507011">
      <Execution id="5691b912-0028-4ee5-82ce-4a01b16096b5" />
      <TestMethod codeBase="C:\repos\QuickLap\QuickLap.Tests\bin\Debug\net7.0\QuickLap.Tests.dll" adapterTypeName="executor://xunit/VsTestRunner2/netcoreapp" className="QuickLap.Tests.TempDatabase.WithClassFixture.UserRepositoryTests" name="RegisterUserAsync_ShouldAddNewUserAndReturnUserId" />
    </UnitTest>
    <UnitTest name="QuickLap.Tests.TempDatabase.WithClassFixture.ProductRepositoryTests.GetByIdAsync_ShouldReturnProduct_WhenProductExists" storage="c:\repos\quicklap\quicklap.tests\bin\debug\net7.0\quicklap.tests.dll" id="a776eefd-6596-e19f-c31f-844ddaf01d85">
      <Execution id="8cc7f882-694c-44ce-99d8-0a1f582e041c" />
      <TestMethod codeBase="C:\repos\QuickLap\QuickLap.Tests\bin\Debug\net7.0\QuickLap.Tests.dll" adapterTypeName="executor://xunit/VsTestRunner2/netcoreapp" className="QuickLap.Tests.TempDatabase.WithClassFixture.ProductRepositoryTests" name="GetByIdAsync_ShouldReturnProduct_WhenProductExists" />
    </UnitTest>
    <UnitTest name="QuickLap.Tests.TempDatabase.WithoutClassFixture.UserRepositoryTests.RegisterUserAsync_ShouldThrowEntityAlreadyExistsException_WhenUserWithEmailAlreadyExists" storage="c:\repos\quicklap\quicklap.tests\bin\debug\net7.0\quicklap.tests.dll" id="7b19220b-bf5e-9c34-1517-803d7389fc6d">
      <Execution id="209840aa-2b56-400e-b1d8-60a8791a1924" />
      <TestMethod codeBase="C:\repos\QuickLap\QuickLap.Tests\bin\Debug\net7.0\QuickLap.Tests.dll" adapterTypeName="executor://xunit/VsTestRunner2/netcoreapp" className="QuickLap.Tests.TempDatabase.WithoutClassFixture.UserRepositoryTests" name="RegisterUserAsync_ShouldThrowEntityAlreadyExistsException_WhenUserWithEmailAlreadyExists" />
    </UnitTest>
    <UnitTest name="QuickLap.Tests.TempDatabase.WithoutClassFixture.ProductRepositoryTests.GetByIdAsync_ShouldReturnProduct_WhenProductExists" storage="c:\repos\quicklap\quicklap.tests\bin\debug\net7.0\quicklap.tests.dll" id="c8848481-7ad0-8453-ece5-9433c79d6bfd">
      <Execution id="97fbc4b9-505b-4320-830d-808bcf1f1fc2" />
      <TestMethod codeBase="C:\repos\QuickLap\QuickLap.Tests\bin\Debug\net7.0\QuickLap.Tests.dll" adapterTypeName="executor://xunit/VsTestRunner2/netcoreapp" className="QuickLap.Tests.TempDatabase.WithoutClassFixture.ProductRepositoryTests" name="GetByIdAsync_ShouldReturnProduct_WhenProductExists" />
    </UnitTest>
    <UnitTest name="QuickLap.Tests.InMemory.WithClassFixture.UserRepositoryTests.RegisterUserAsync_ShouldThrowEntityAlreadyExistsException_WhenUserWithEmailAlreadyExists" storage="c:\repos\quicklap\quicklap.tests\bin\debug\net7.0\quicklap.tests.dll" id="cc4f8100-58c9-5b75-1d07-4ffac49e0314">
      <Execution id="b60942db-589d-4dd9-ae59-242abfbbcc13" />
      <TestMethod codeBase="C:\repos\QuickLap\QuickLap.Tests\bin\Debug\net7.0\QuickLap.Tests.dll" adapterTypeName="executor://xunit/VsTestRunner2/netcoreapp" className="QuickLap.Tests.InMemory.WithClassFixture.UserRepositoryTests" name="RegisterUserAsync_ShouldThrowEntityAlreadyExistsException_WhenUserWithEmailAlreadyExists" />
    </UnitTest>
    <UnitTest name="QuickLap.Tests.InMemory.WithoutClassFixture.UserRepositoryTests.LoginAsync_ShouldReturnFalse_WhenUserDoesNotExistWithMatchingCredentials" storage="c:\repos\quicklap\quicklap.tests\bin\debug\net7.0\quicklap.tests.dll" id="6fe46184-1535-b2e1-5609-eae0409a9281">
      <Execution id="6bb05854-5c9c-4114-a2c1-3c27d6919acc" />
      <TestMethod codeBase="C:\repos\QuickLap\QuickLap.Tests\bin\Debug\net7.0\QuickLap.Tests.dll" adapterTypeName="executor://xunit/VsTestRunner2/netcoreapp" className="QuickLap.Tests.InMemory.WithoutClassFixture.UserRepositoryTests" name="LoginAsync_ShouldReturnFalse_WhenUserDoesNotExistWithMatchingCredentials" />
    </UnitTest>
    <UnitTest name="QuickLap.Tests.TempDatabase.WithoutClassFixture.UserRepositoryTests.LoginAsync_ShouldReturnFalse_WhenUserDoesNotExistWithMatchingCredentials" storage="c:\repos\quicklap\quicklap.tests\bin\debug\net7.0\quicklap.tests.dll" id="f69291b4-d9ff-622f-6c5a-ed33c0734cd5">
      <Execution id="1d15cf4c-e4f0-4b5a-90fa-8f5696a1dec5" />
      <TestMethod codeBase="C:\repos\QuickLap\QuickLap.Tests\bin\Debug\net7.0\QuickLap.Tests.dll" adapterTypeName="executor://xunit/VsTestRunner2/netcoreapp" className="QuickLap.Tests.TempDatabase.WithoutClassFixture.UserRepositoryTests" name="LoginAsync_ShouldReturnFalse_WhenUserDoesNotExistWithMatchingCredentials" />
    </UnitTest>
    <UnitTest name="QuickLap.Tests.TempDatabase.WithoutClassFixture.OrderRepositoryTests.AddOrderItemAsync_ShouldAddOrderItem_WhenOrderDoesntHaveProductYet" storage="c:\repos\quicklap\quicklap.tests\bin\debug\net7.0\quicklap.tests.dll" id="e2503fc9-71c3-5edf-9444-22f1ede2d00c">
      <Execution id="5a7c3ae6-eb45-4245-a5eb-7b28767ffb6c" />
      <TestMethod codeBase="C:\repos\QuickLap\QuickLap.Tests\bin\Debug\net7.0\QuickLap.Tests.dll" adapterTypeName="executor://xunit/VsTestRunner2/netcoreapp" className="QuickLap.Tests.TempDatabase.WithoutClassFixture.OrderRepositoryTests" name="AddOrderItemAsync_ShouldAddOrderItem_WhenOrderDoesntHaveProductYet" />
    </UnitTest>
    <UnitTest name="QuickLap.Tests.InMemory.WithClassFixture.CustomerRepositoryTests.RegisterCustomerAsync_ShouldRegisterCustomerAndReturnCustomerId" storage="c:\repos\quicklap\quicklap.tests\bin\debug\net7.0\quicklap.tests.dll" id="482aa2ce-7d31-9887-f0e4-d179e27c2ce8">
      <Execution id="b84aac7d-4fc5-40d3-b41c-9a99634ec864" />
      <TestMethod codeBase="C:\repos\QuickLap\QuickLap.Tests\bin\Debug\net7.0\QuickLap.Tests.dll" adapterTypeName="executor://xunit/VsTestRunner2/netcoreapp" className="QuickLap.Tests.InMemory.WithClassFixture.CustomerRepositoryTests" name="RegisterCustomerAsync_ShouldRegisterCustomerAndReturnCustomerId" />
    </UnitTest>
    <UnitTest name="QuickLap.Tests.InMemory.WithClassFixture.OrderRepositoryTests.AddOrderItemAsync_ShouldIncrementOrderItem_WhenOrderAlreadyHasProduct" storage="c:\repos\quicklap\quicklap.tests\bin\debug\net7.0\quicklap.tests.dll" id="cb1fe8fb-11af-cc48-d956-4ad557f4be3f">
      <Execution id="b78b281b-9ea9-4966-81d6-4a213ba004c8" />
      <TestMethod codeBase="C:\repos\QuickLap\QuickLap.Tests\bin\Debug\net7.0\QuickLap.Tests.dll" adapterTypeName="executor://xunit/VsTestRunner2/netcoreapp" className="QuickLap.Tests.InMemory.WithClassFixture.OrderRepositoryTests" name="AddOrderItemAsync_ShouldIncrementOrderItem_WhenOrderAlreadyHasProduct" />
    </UnitTest>
    <UnitTest name="QuickLap.Tests.TempDatabase.WithoutClassFixture.ProductRepositoryTests.GetByIdAsync_ShouldThrowNotFoundException_WhenProductDoesNotExist" storage="c:\repos\quicklap\quicklap.tests\bin\debug\net7.0\quicklap.tests.dll" id="1ce97ed8-fb10-3854-70b8-17871fddcff4">
      <Execution id="85ddec1c-b2b1-4fa3-9414-9cec025c7619" />
      <TestMethod codeBase="C:\repos\QuickLap\QuickLap.Tests\bin\Debug\net7.0\QuickLap.Tests.dll" adapterTypeName="executor://xunit/VsTestRunner2/netcoreapp" className="QuickLap.Tests.TempDatabase.WithoutClassFixture.ProductRepositoryTests" name="GetByIdAsync_ShouldThrowNotFoundException_WhenProductDoesNotExist" />
    </UnitTest>
    <UnitTest name="QuickLap.Tests.TempDatabase.WithoutClassFixture.OrderRepositoryTests.CreateOrderAsync_ShouldCreateOrderAndReturnOrderId" storage="c:\repos\quicklap\quicklap.tests\bin\debug\net7.0\quicklap.tests.dll" id="3e21f879-ddde-e3cc-eecb-52ab7bff2b5f">
      <Execution id="f3d1243f-0040-4a33-82be-1c39ef89726e" />
      <TestMethod codeBase="C:\repos\QuickLap\QuickLap.Tests\bin\Debug\net7.0\QuickLap.Tests.dll" adapterTypeName="executor://xunit/VsTestRunner2/netcoreapp" className="QuickLap.Tests.TempDatabase.WithoutClassFixture.OrderRepositoryTests" name="CreateOrderAsync_ShouldCreateOrderAndReturnOrderId" />
    </UnitTest>
    <UnitTest name="QuickLap.Tests.TempDatabase.WithClassFixture.ProductRepositoryTests.GetAllAsync_ShouldReturnListOfProducts" storage="c:\repos\quicklap\quicklap.tests\bin\debug\net7.0\quicklap.tests.dll" id="5620cac4-1a62-1cbb-b4d5-46e269ca5a0e">
      <Execution id="aec00e35-0b24-4cf9-8906-e3c6d4416f35" />
      <TestMethod codeBase="C:\repos\QuickLap\QuickLap.Tests\bin\Debug\net7.0\QuickLap.Tests.dll" adapterTypeName="executor://xunit/VsTestRunner2/netcoreapp" className="QuickLap.Tests.TempDatabase.WithClassFixture.ProductRepositoryTests" name="GetAllAsync_ShouldReturnListOfProducts" />
    </UnitTest>
    <UnitTest name="QuickLap.Tests.TempDatabase.WithoutClassFixture.OrderRepositoryTests.AddOrderItemAsync_ShouldIncrementOrderItem_WhenOrderAlreadyHasProduct" storage="c:\repos\quicklap\quicklap.tests\bin\debug\net7.0\quicklap.tests.dll" id="8fe41210-0ea1-c313-d8e7-2ecca0c2dbd5">
      <Execution id="82649e31-4b3d-43dc-b3fd-058e05bfd341" />
      <TestMethod codeBase="C:\repos\QuickLap\QuickLap.Tests\bin\Debug\net7.0\QuickLap.Tests.dll" adapterTypeName="executor://xunit/VsTestRunner2/netcoreapp" className="QuickLap.Tests.TempDatabase.WithoutClassFixture.OrderRepositoryTests" name="AddOrderItemAsync_ShouldIncrementOrderItem_WhenOrderAlreadyHasProduct" />
    </UnitTest>
    <UnitTest name="QuickLap.Tests.InMemory.WithClassFixture.ProductRepositoryTests.GetByIdAsync_ShouldReturnProduct_WhenProductExists" storage="c:\repos\quicklap\quicklap.tests\bin\debug\net7.0\quicklap.tests.dll" id="77dcc98d-6b07-895c-8129-9b4d9c09ef23">
      <Execution id="009b052e-f6d4-4790-b2f5-d9ea65732dab" />
      <TestMethod codeBase="C:\repos\QuickLap\QuickLap.Tests\bin\Debug\net7.0\QuickLap.Tests.dll" adapterTypeName="executor://xunit/VsTestRunner2/netcoreapp" className="QuickLap.Tests.InMemory.WithClassFixture.ProductRepositoryTests" name="GetByIdAsync_ShouldReturnProduct_WhenProductExists" />
    </UnitTest>
    <UnitTest name="QuickLap.Tests.InMemory.WithoutClassFixture.UserRepositoryTests.CompleteProfileAsync_ShouldThrowNotFoundException_WhenUserDoesNotExist" storage="c:\repos\quicklap\quicklap.tests\bin\debug\net7.0\quicklap.tests.dll" id="e64f1770-c79d-2f14-5308-66c63eb26b9a">
      <Execution id="b8f16f58-fb52-4513-99c3-ca5b6b3d3550" />
      <TestMethod codeBase="C:\repos\QuickLap\QuickLap.Tests\bin\Debug\net7.0\QuickLap.Tests.dll" adapterTypeName="executor://xunit/VsTestRunner2/netcoreapp" className="QuickLap.Tests.InMemory.WithoutClassFixture.UserRepositoryTests" name="CompleteProfileAsync_ShouldThrowNotFoundException_WhenUserDoesNotExist" />
    </UnitTest>
    <UnitTest name="QuickLap.Tests.TempDatabase.WithClassFixture.ProductRepositoryTests.AddProductAsync_ShouldAddProductAndReturnProductId" storage="c:\repos\quicklap\quicklap.tests\bin\debug\net7.0\quicklap.tests.dll" id="024fae90-899a-19fa-0c93-3ef90e82a44f">
      <Execution id="106d8fea-76b5-4579-aca2-3b408320f2fb" />
      <TestMethod codeBase="C:\repos\QuickLap\QuickLap.Tests\bin\Debug\net7.0\QuickLap.Tests.dll" adapterTypeName="executor://xunit/VsTestRunner2/netcoreapp" className="QuickLap.Tests.TempDatabase.WithClassFixture.ProductRepositoryTests" name="AddProductAsync_ShouldAddProductAndReturnProductId" />
    </UnitTest>
    <UnitTest name="QuickLap.Tests.InMemory.WithoutClassFixture.CustomerRepositoryTests.RegisterCustomerAsync_ShouldThrowEntityAlreadyExistsException_WhenCustomerWithEmailAlreadyExists" storage="c:\repos\quicklap\quicklap.tests\bin\debug\net7.0\quicklap.tests.dll" id="514b1ae5-96ca-d420-7127-107633ef9f36">
      <Execution id="c1949d80-a69e-4104-90e9-98b724a5d1dd" />
      <TestMethod codeBase="C:\repos\QuickLap\QuickLap.Tests\bin\Debug\net7.0\QuickLap.Tests.dll" adapterTypeName="executor://xunit/VsTestRunner2/netcoreapp" className="QuickLap.Tests.InMemory.WithoutClassFixture.CustomerRepositoryTests" name="RegisterCustomerAsync_ShouldThrowEntityAlreadyExistsException_WhenCustomerWithEmailAlreadyExists" />
    </UnitTest>
    <UnitTest name="QuickLap.Tests.TempDatabase.WithClassFixture.UserRepositoryTests.RegisterUserAsync_ShouldThrowEntityAlreadyExistsException_WhenUserWithEmailAlreadyExists" storage="c:\repos\quicklap\quicklap.tests\bin\debug\net7.0\quicklap.tests.dll" id="1ecadd98-b7c7-5952-2d0b-4875486944ab">
      <Execution id="697466e6-7529-4a8a-b59e-2226d5eb2396" />
      <TestMethod codeBase="C:\repos\QuickLap\QuickLap.Tests\bin\Debug\net7.0\QuickLap.Tests.dll" adapterTypeName="executor://xunit/VsTestRunner2/netcoreapp" className="QuickLap.Tests.TempDatabase.WithClassFixture.UserRepositoryTests" name="RegisterUserAsync_ShouldThrowEntityAlreadyExistsException_WhenUserWithEmailAlreadyExists" />
    </UnitTest>
    <UnitTest name="QuickLap.Tests.TempDatabase.WithClassFixture.ProductRepositoryTests.GetByIdAsync_ShouldThrowNotFoundException_WhenProductDoesNotExist" storage="c:\repos\quicklap\quicklap.tests\bin\debug\net7.0\quicklap.tests.dll" id="f9893a2a-2520-d3da-e820-f067a2d2028c">
      <Execution id="cf42f810-08f4-4e21-aeda-bd3ba88d72ca" />
      <TestMethod codeBase="C:\repos\QuickLap\QuickLap.Tests\bin\Debug\net7.0\QuickLap.Tests.dll" adapterTypeName="executor://xunit/VsTestRunner2/netcoreapp" className="QuickLap.Tests.TempDatabase.WithClassFixture.ProductRepositoryTests" name="GetByIdAsync_ShouldThrowNotFoundException_WhenProductDoesNotExist" />
    </UnitTest>
    <UnitTest name="QuickLap.Tests.TempDatabase.WithoutClassFixture.CustomerRepositoryTests.RegisterCustomerAsync_ShouldThrowEntityAlreadyExistsException_WhenCustomerWithEmailAlreadyExists" storage="c:\repos\quicklap\quicklap.tests\bin\debug\net7.0\quicklap.tests.dll" id="d763b7c7-90ea-1ab9-0c18-2741901564c6">
      <Execution id="cdfddeef-d584-43c9-9d63-800d37867eea" />
      <TestMethod codeBase="C:\repos\QuickLap\QuickLap.Tests\bin\Debug\net7.0\QuickLap.Tests.dll" adapterTypeName="executor://xunit/VsTestRunner2/netcoreapp" className="QuickLap.Tests.TempDatabase.WithoutClassFixture.CustomerRepositoryTests" name="RegisterCustomerAsync_ShouldThrowEntityAlreadyExistsException_WhenCustomerWithEmailAlreadyExists" />
    </UnitTest>
  </TestDefinitions>
  <TestEntries>
    <TestEntry testId="3b338677-1775-15e6-a14f-4766662acc57" executionId="a5a1e357-662e-4b36-8e58-c55a6e5ac0f3" testListId="8c84fa94-04c1-424b-9868-57a2d4851a1d" />
    <TestEntry testId="482aa2ce-7d31-9887-f0e4-d179e27c2ce8" executionId="b84aac7d-4fc5-40d3-b41c-9a99634ec864" testListId="8c84fa94-04c1-424b-9868-57a2d4851a1d" />
    <TestEntry testId="cb1fe8fb-11af-cc48-d956-4ad557f4be3f" executionId="b78b281b-9ea9-4966-81d6-4a213ba004c8" testListId="8c84fa94-04c1-424b-9868-57a2d4851a1d" />
    <TestEntry testId="d1b45ebd-f980-5fd0-5274-b58e4f0e2775" executionId="e7f74d24-c4e6-467c-9773-df9f97e3c120" testListId="8c84fa94-04c1-424b-9868-57a2d4851a1d" />
    <TestEntry testId="8a0bfc88-7ee3-3d0b-4a12-3a518ab90276" executionId="6d033265-e95a-4b17-a8ec-0b71a06d4c13" testListId="8c84fa94-04c1-424b-9868-57a2d4851a1d" />
    <TestEntry testId="5620cac4-1a62-1cbb-b4d5-46e269ca5a0e" executionId="aec00e35-0b24-4cf9-8906-e3c6d4416f35" testListId="8c84fa94-04c1-424b-9868-57a2d4851a1d" />
    <TestEntry testId="15a30c8d-3a7b-2f18-e0ee-eccdfdcd25a1" executionId="1968a89f-a75f-4291-85b4-718943b7517e" testListId="8c84fa94-04c1-424b-9868-57a2d4851a1d" />
    <TestEntry testId="f27469e9-43f0-6ebf-d1b9-a71d754c65d0" executionId="32e44b65-3d80-4cc9-9a14-33d86eee0a61" testListId="8c84fa94-04c1-424b-9868-57a2d4851a1d" />
    <TestEntry testId="3b75b512-251c-f426-eca2-062a7bced349" executionId="9f3ae116-0fef-4207-a247-aa89d3c2debc" testListId="8c84fa94-04c1-424b-9868-57a2d4851a1d" />
    <TestEntry testId="46cd4733-3f00-6947-5995-d24d8e6c32b3" executionId="ee8c2a1f-0b1b-41a1-ac33-8fbb7935564b" testListId="8c84fa94-04c1-424b-9868-57a2d4851a1d" />
    <TestEntry testId="a02524af-43bd-b2a2-47ad-803ed7126c48" executionId="1c9804b0-5fdf-43bb-9768-e797dc751865" testListId="8c84fa94-04c1-424b-9868-57a2d4851a1d" />
    <TestEntry testId="bdb8d388-b713-24aa-5807-ccebce3003f2" executionId="6cbdf918-253b-4753-a946-5821ab2b4e1b" testListId="8c84fa94-04c1-424b-9868-57a2d4851a1d" />
    <TestEntry testId="75dbc904-454d-3fba-c563-bb7ebffd7ca8" executionId="3aacce78-f966-4ac0-9247-a7ba3e5d01a4" testListId="8c84fa94-04c1-424b-9868-57a2d4851a1d" />
    <TestEntry testId="1ecadd98-b7c7-5952-2d0b-4875486944ab" executionId="697466e6-7529-4a8a-b59e-2226d5eb2396" testListId="8c84fa94-04c1-424b-9868-57a2d4851a1d" />
    <TestEntry testId="bcccf3df-639e-e23d-1a55-0702a2507011" executionId="5691b912-0028-4ee5-82ce-4a01b16096b5" testListId="8c84fa94-04c1-424b-9868-57a2d4851a1d" />
    <TestEntry testId="c884c42f-7db6-eac8-2502-dfd7a63da7ae" executionId="26f36543-9fe5-4ea2-a7ae-374a9e9e1748" testListId="8c84fa94-04c1-424b-9868-57a2d4851a1d" />
    <TestEntry testId="17ad132b-5f7c-912f-f4c3-4ece8c258e12" executionId="1cee1414-c741-46ce-84a1-58399713326b" testListId="8c84fa94-04c1-424b-9868-57a2d4851a1d" />
    <TestEntry testId="8fe41210-0ea1-c313-d8e7-2ecca0c2dbd5" executionId="82649e31-4b3d-43dc-b3fd-058e05bfd341" testListId="8c84fa94-04c1-424b-9868-57a2d4851a1d" />
    <TestEntry testId="acc3284d-1420-0d7b-41bc-aa95c6df0173" executionId="92523804-65c2-4dd3-9102-9bb8cb825e83" testListId="8c84fa94-04c1-424b-9868-57a2d4851a1d" />
    <TestEntry testId="f8f79563-3b33-6a2c-4d9d-5921e3775d57" executionId="6cafa6de-8ace-47b4-8031-02fbd1536bdf" testListId="8c84fa94-04c1-424b-9868-57a2d4851a1d" />
    <TestEntry testId="39734f60-401d-f84c-7987-74bb30b8c344" executionId="f7d6cc80-728c-4567-806d-f915ed9800d6" testListId="8c84fa94-04c1-424b-9868-57a2d4851a1d" />
    <TestEntry testId="9c8225fd-c605-93c4-36cc-b14173f9b898" executionId="ee02dd7d-6562-4e7f-8f9a-b8077ef88446" testListId="8c84fa94-04c1-424b-9868-57a2d4851a1d" />
    <TestEntry testId="1ca4d800-a8da-27e1-b1e3-d6e6f0fadfa2" executionId="7a07993f-f66c-4d1c-8e29-846a76d59847" testListId="8c84fa94-04c1-424b-9868-57a2d4851a1d" />
    <TestEntry testId="62f51c8a-217e-863f-ca17-944dcaffe5fa" executionId="d444bc54-5b5d-4425-83b3-497c31d14432" testListId="8c84fa94-04c1-424b-9868-57a2d4851a1d" />
    <TestEntry testId="40c86054-1385-fad6-2667-fe02b9793bec" executionId="68525e54-b5f9-4442-9254-7988d6610ca5" testListId="8c84fa94-04c1-424b-9868-57a2d4851a1d" />
    <TestEntry testId="3e21f879-ddde-e3cc-eecb-52ab7bff2b5f" executionId="f3d1243f-0040-4a33-82be-1c39ef89726e" testListId="8c84fa94-04c1-424b-9868-57a2d4851a1d" />
    <TestEntry testId="2c7f51d8-210a-701e-efee-996d6690a153" executionId="57fe4fe7-c4fb-463d-8682-cfd323d1358b" testListId="8c84fa94-04c1-424b-9868-57a2d4851a1d" />
    <TestEntry testId="a776eefd-6596-e19f-c31f-844ddaf01d85" executionId="8cc7f882-694c-44ce-99d8-0a1f582e041c" testListId="8c84fa94-04c1-424b-9868-57a2d4851a1d" />
    <TestEntry testId="e64f1770-c79d-2f14-5308-66c63eb26b9a" executionId="b8f16f58-fb52-4513-99c3-ca5b6b3d3550" testListId="8c84fa94-04c1-424b-9868-57a2d4851a1d" />
    <TestEntry testId="f9893a2a-2520-d3da-e820-f067a2d2028c" executionId="cf42f810-08f4-4e21-aeda-bd3ba88d72ca" testListId="8c84fa94-04c1-424b-9868-57a2d4851a1d" />
    <TestEntry testId="55aac076-097c-3f88-8435-383763ce4eb7" executionId="52d41ce3-b23a-424c-979f-0bee5f8382a6" testListId="8c84fa94-04c1-424b-9868-57a2d4851a1d" />
    <TestEntry testId="5756351e-1cf7-6f28-2835-4cd55f0154d2" executionId="d8f3e118-9200-4deb-8f69-ef3022d33274" testListId="8c84fa94-04c1-424b-9868-57a2d4851a1d" />
    <TestEntry testId="5a7c2469-1e04-f5dc-baac-f6dfaa1d46e4" executionId="43e09aa5-1623-4045-92f9-14651fe12afb" testListId="8c84fa94-04c1-424b-9868-57a2d4851a1d" />
    <TestEntry testId="b4542277-6809-6c2d-048c-f7cc829b890f" executionId="6021f442-8979-48ef-a5f7-4e45cc111b4f" testListId="8c84fa94-04c1-424b-9868-57a2d4851a1d" />
    <TestEntry testId="ad5d8362-40af-9427-71a3-2f821ca85ab7" executionId="785838df-9fc3-4a3c-a85d-da4134f40f8e" testListId="8c84fa94-04c1-424b-9868-57a2d4851a1d" />
    <TestEntry testId="f69291b4-d9ff-622f-6c5a-ed33c0734cd5" executionId="1d15cf4c-e4f0-4b5a-90fa-8f5696a1dec5" testListId="8c84fa94-04c1-424b-9868-57a2d4851a1d" />
    <TestEntry testId="6c74461b-c721-c6fa-74ed-1a09f55f2b69" executionId="4d1bfc27-6497-44c8-81dc-103845518717" testListId="8c84fa94-04c1-424b-9868-57a2d4851a1d" />
    <TestEntry testId="cc4f8100-58c9-5b75-1d07-4ffac49e0314" executionId="b60942db-589d-4dd9-ae59-242abfbbcc13" testListId="8c84fa94-04c1-424b-9868-57a2d4851a1d" />
    <TestEntry testId="7b19220b-bf5e-9c34-1517-803d7389fc6d" executionId="209840aa-2b56-400e-b1d8-60a8791a1924" testListId="8c84fa94-04c1-424b-9868-57a2d4851a1d" />
    <TestEntry testId="91d5ff86-719d-b058-4dd2-8c8cff7f4977" executionId="3c9739b2-ae46-45cf-92fc-b1955e50a3cb" testListId="8c84fa94-04c1-424b-9868-57a2d4851a1d" />
    <TestEntry testId="f4fde79a-7299-05a3-237e-926ead7d2471" executionId="bb042ca1-0635-4c63-a63c-af05169be952" testListId="8c84fa94-04c1-424b-9868-57a2d4851a1d" />
    <TestEntry testId="77dcc98d-6b07-895c-8129-9b4d9c09ef23" executionId="009b052e-f6d4-4790-b2f5-d9ea65732dab" testListId="8c84fa94-04c1-424b-9868-57a2d4851a1d" />
    <TestEntry testId="0b54f752-dd2f-3968-0389-a10204700fe8" executionId="9c764fe0-01cd-441e-8045-0e8dc61bdf2a" testListId="8c84fa94-04c1-424b-9868-57a2d4851a1d" />
    <TestEntry testId="514b1ae5-96ca-d420-7127-107633ef9f36" executionId="c1949d80-a69e-4104-90e9-98b724a5d1dd" testListId="8c84fa94-04c1-424b-9868-57a2d4851a1d" />
    <TestEntry testId="c8848481-7ad0-8453-ece5-9433c79d6bfd" executionId="97fbc4b9-505b-4320-830d-808bcf1f1fc2" testListId="8c84fa94-04c1-424b-9868-57a2d4851a1d" />
    <TestEntry testId="1b5f022a-5d30-81ba-1561-a3d481ccfa87" executionId="abf1b3ef-8a56-481a-a931-4681fd80bd34" testListId="8c84fa94-04c1-424b-9868-57a2d4851a1d" />
    <TestEntry testId="d763b7c7-90ea-1ab9-0c18-2741901564c6" executionId="cdfddeef-d584-43c9-9d63-800d37867eea" testListId="8c84fa94-04c1-424b-9868-57a2d4851a1d" />
    <TestEntry testId="4f69fe12-90de-841d-6b23-9fab0acbe0d1" executionId="c5d9d0d7-0635-4748-97aa-ee849408829b" testListId="8c84fa94-04c1-424b-9868-57a2d4851a1d" />
    <TestEntry testId="024fae90-899a-19fa-0c93-3ef90e82a44f" executionId="106d8fea-76b5-4579-aca2-3b408320f2fb" testListId="8c84fa94-04c1-424b-9868-57a2d4851a1d" />
    <TestEntry testId="e2503fc9-71c3-5edf-9444-22f1ede2d00c" executionId="5a7c3ae6-eb45-4245-a5eb-7b28767ffb6c" testListId="8c84fa94-04c1-424b-9868-57a2d4851a1d" />
    <TestEntry testId="ae353b48-4582-95f4-6ed3-77358877b5d5" executionId="d75d1c34-eb21-4f3a-9f93-038658fc2d82" testListId="8c84fa94-04c1-424b-9868-57a2d4851a1d" />
    <TestEntry testId="1ce97ed8-fb10-3854-70b8-17871fddcff4" executionId="85ddec1c-b2b1-4fa3-9414-9cec025c7619" testListId="8c84fa94-04c1-424b-9868-57a2d4851a1d" />
    <TestEntry testId="6fe46184-1535-b2e1-5609-eae0409a9281" executionId="6bb05854-5c9c-4114-a2c1-3c27d6919acc" testListId="8c84fa94-04c1-424b-9868-57a2d4851a1d" />
    <TestEntry testId="95d06feb-42b2-fa49-f3af-a6f132c45fb9" executionId="01e8abb4-897e-4d04-aaa4-d8ca7509d0e2" testListId="8c84fa94-04c1-424b-9868-57a2d4851a1d" />
    <TestEntry testId="995d70cd-2baa-a5b0-5fca-b41d05709a0d" executionId="34ea7d32-e048-48f5-a2b0-f4de14ae5350" testListId="8c84fa94-04c1-424b-9868-57a2d4851a1d" />
    <TestEntry testId="905d6018-869c-38e0-c062-b2bc05ec69f9" executionId="91b9082f-78db-48e8-b235-5d4990b388b8" testListId="8c84fa94-04c1-424b-9868-57a2d4851a1d" />
    <TestEntry testId="d54318f1-4ee1-ea7d-c831-d97ce15fd952" executionId="ceb84653-0082-43a9-8273-c2c6e246c83a" testListId="8c84fa94-04c1-424b-9868-57a2d4851a1d" />
    <TestEntry testId="e3a06078-0b50-7fbf-f666-aaffc96526a5" executionId="7a59c725-34ee-45c2-938a-2682f0bfd90b" testListId="8c84fa94-04c1-424b-9868-57a2d4851a1d" />
    <TestEntry testId="87948de4-9d20-5a73-e5b9-b63baec58b80" executionId="506555ce-530c-4561-b252-a92de7cd7750" testListId="8c84fa94-04c1-424b-9868-57a2d4851a1d" />
    <TestEntry testId="6956cea8-3b70-ab4d-0a70-44021c4d03be" executionId="c85b2bbc-df90-4f91-bac0-ca699b0f1bf3" testListId="8c84fa94-04c1-424b-9868-57a2d4851a1d" />
  </TestEntries>
  <TestLists>
    <TestList name="Results Not in a List" id="8c84fa94-04c1-424b-9868-57a2d4851a1d" />
    <TestList name="All Loaded Results" id="19431567-8539-422a-85d7-44ee4e166bda" />
  </TestLists>
  <ResultSummary outcome="Completed">
    <Counters total="60" executed="60" passed="60" failed="0" error="0" timeout="0" aborted="0" inconclusive="0" passedButRunAborted="0" notRunnable="0" notExecuted="0" disconnected="0" warning="0" completed="0" inProgress="0" pending="0" />
    <Output>
      <StdOut>[xUnit.net 00:00:00.00] xUnit.net VSTest Adapter v2.5.4.1+b9eacec401 (64-bit .NET 7.0.14)&#xD;
[xUnit.net 00:00:00.10]   Discovering: QuickLap.Tests&#xD;
[xUnit.net 00:00:00.14]   Discovered:  QuickLap.Tests&#xD;
[xUnit.net 00:00:00.14]   Starting:    QuickLap.Tests&#xD;
[xUnit.net 00:00:06.13]   Finished:    QuickLap.Tests&#xD;
</StdOut>
    </Output>
  </ResultSummary>
</TestRun>