<?xml version="1.0" encoding="utf-8"?>
<TestRun id="4bd486ff-e444-4c52-a967-d490b65cbb21" name="luiz.barbieri@LAPTOP-1EMVEQGB 2024-01-05 15:44:17" runUser="LAPTOP-1EMVEQGB\luiz.barbieri" xmlns="http://microsoft.com/schemas/VisualStudio/TeamTest/2010">
  <Times creation="2024-01-05T15:44:17.4127341+01:00" queuing="2024-01-05T15:44:17.4127344+01:00" start="2024-01-05T15:44:15.8662051+01:00" finish="2024-01-05T15:44:22.8515357+01:00" />
  <TestSettings name="default" id="5bdba130-ddc7-4c52-b56e-49f9a889c920">
    <Deployment runDeploymentRoot="luiz.barbieri_LAPTOP-1EMVEQGB_2024-01-05_15_44_17" />
  </TestSettings>
  <Results>
    <UnitTestResult executionId="eff3e70b-07af-48fd-81c7-bf634fe8c7aa" testId="3b75b512-251c-f426-eca2-062a7bced349" testName="QuickLap.Tests.InMemory.WithoutClassFixture.UserRepositoryTests.RegisterUserAsync_ShouldThrowEntityAlreadyExistsException_WhenUserWithEmailAlreadyExists" computerName="LAPTOP-1EMVEQGB" duration="00:00:00.0035307" startTime="2024-01-05T15:44:17.3944019+01:00" endTime="2024-01-05T15:44:17.3944023+01:00" testType="13cdc9d9-ddb5-4fa4-a97d-d965ccfc6d4b" outcome="Passed" testListId="8c84fa94-04c1-424b-9868-57a2d4851a1d" relativeResultsDirectory="eff3e70b-07af-48fd-81c7-bf634fe8c7aa" />
    <UnitTestResult executionId="88299909-feea-4370-8d21-eefbaafe2555" testId="bcccf3df-639e-e23d-1a55-0702a2507011" testName="QuickLap.Tests.TempDatabase.WithClassFixture.UserRepositoryTests.RegisterUserAsync_ShouldAddNewUserAndReturnUserId" computerName="LAPTOP-1EMVEQGB" duration="00:00:00.0046084" startTime="2024-01-05T15:44:22.7181276+01:00" endTime="2024-01-05T15:44:22.7181279+01:00" testType="13cdc9d9-ddb5-4fa4-a97d-d965ccfc6d4b" outcome="Passed" testListId="8c84fa94-04c1-424b-9868-57a2d4851a1d" relativeResultsDirectory="88299909-feea-4370-8d21-eefbaafe2555" />
    <UnitTestResult executionId="f4ef7f27-2dc8-4e51-93d6-09e4bbe22b03" testId="f8f79563-3b33-6a2c-4d9d-5921e3775d57" testName="QuickLap.Tests.InMemory.WithoutClassFixture.OrderRepositoryTests.AddOrderItemAsync_ShouldAddOrderItem_WhenOrderDoesntHaveProductYet" computerName="LAPTOP-1EMVEQGB" duration="00:00:00.1293303" startTime="2024-01-05T15:44:17.4576934+01:00" endTime="2024-01-05T15:44:17.4576935+01:00" testType="13cdc9d9-ddb5-4fa4-a97d-d965ccfc6d4b" outcome="Passed" testListId="8c84fa94-04c1-424b-9868-57a2d4851a1d" relativeResultsDirectory="f4ef7f27-2dc8-4e51-93d6-09e4bbe22b03" />
    <UnitTestResult executionId="00e7d70d-25d3-433b-9366-5e71a89a0664" testId="17ad132b-5f7c-912f-f4c3-4ece8c258e12" testName="QuickLap.Tests.InMemory.WithoutClassFixture.UserRepositoryTests.LoginAsync_ShouldReturnTrue_WhenUserExistsWithMatchingCredentials" computerName="LAPTOP-1EMVEQGB" duration="00:00:00.0083950" startTime="2024-01-05T15:44:17.3907633+01:00" endTime="2024-01-05T15:44:17.3907636+01:00" testType="13cdc9d9-ddb5-4fa4-a97d-d965ccfc6d4b" outcome="Passed" testListId="8c84fa94-04c1-424b-9868-57a2d4851a1d" relativeResultsDirectory="00e7d70d-25d3-433b-9366-5e71a89a0664" />
    <UnitTestResult executionId="625890b9-4647-4fca-888b-10022b5782ef" testId="f4fde79a-7299-05a3-237e-926ead7d2471" testName="QuickLap.Tests.TempDatabase.WithoutClassFixture.ProductRepositoryTests.GetAllAsync_ShouldReturnListOfProducts" computerName="LAPTOP-1EMVEQGB" duration="00:00:00.6844666" startTime="2024-01-05T15:44:21.2076005+01:00" endTime="2024-01-05T15:44:21.2076015+01:00" testType="13cdc9d9-ddb5-4fa4-a97d-d965ccfc6d4b" outcome="Passed" testListId="8c84fa94-04c1-424b-9868-57a2d4851a1d" relativeResultsDirectory="625890b9-4647-4fca-888b-10022b5782ef" />
    <UnitTestResult executionId="53ece6d9-50a7-4a56-a2ee-16b638f37144" testId="e3a06078-0b50-7fbf-f666-aaffc96526a5" testName="QuickLap.Tests.InMemory.WithoutClassFixture.OrderRepositoryTests.AddOrderItemAsync_ShouldIncrementOrderItem_WhenOrderAlreadyHasProduct" computerName="LAPTOP-1EMVEQGB" duration="00:00:00.0035066" startTime="2024-01-05T15:44:17.4612507+01:00" endTime="2024-01-05T15:44:17.4612509+01:00" testType="13cdc9d9-ddb5-4fa4-a97d-d965ccfc6d4b" outcome="Passed" testListId="8c84fa94-04c1-424b-9868-57a2d4851a1d" relativeResultsDirectory="53ece6d9-50a7-4a56-a2ee-16b638f37144" />
    <UnitTestResult executionId="a855838b-be65-4a16-91f8-4af986c33ff2" testId="95d06feb-42b2-fa49-f3af-a6f132c45fb9" testName="QuickLap.Tests.TempDatabase.WithClassFixture.OrderRepositoryTests.AddOrderItemAsync_ShouldIncrementOrderItem_WhenOrderAlreadyHasProduct" computerName="LAPTOP-1EMVEQGB" duration="00:00:00.0183214" startTime="2024-01-05T15:44:20.9091839+01:00" endTime="2024-01-05T15:44:20.9091841+01:00" testType="13cdc9d9-ddb5-4fa4-a97d-d965ccfc6d4b" outcome="Passed" testListId="8c84fa94-04c1-424b-9868-57a2d4851a1d" relativeResultsDirectory="a855838b-be65-4a16-91f8-4af986c33ff2" />
    <UnitTestResult executionId="5353fafb-5357-45ee-9c9d-efcb4b445e69" testId="905d6018-869c-38e0-c062-b2bc05ec69f9" testName="QuickLap.Tests.InMemory.WithClassFixture.UserRepositoryTests.CompleteProfileAsync_ShouldThrowNotFoundException_WhenUserDoesNotExist" computerName="LAPTOP-1EMVEQGB" duration="00:00:00.0018910" startTime="2024-01-05T15:44:17.4735000+01:00" endTime="2024-01-05T15:44:17.4735002+01:00" testType="13cdc9d9-ddb5-4fa4-a97d-d965ccfc6d4b" outcome="Passed" testListId="8c84fa94-04c1-424b-9868-57a2d4851a1d" relativeResultsDirectory="5353fafb-5357-45ee-9c9d-efcb4b445e69" />
    <UnitTestResult executionId="fff02fe3-8d63-4218-b387-63747f17c17a" testId="77dcc98d-6b07-895c-8129-9b4d9c09ef23" testName="QuickLap.Tests.InMemory.WithClassFixture.ProductRepositoryTests.GetByIdAsync_ShouldReturnProduct_WhenProductExists" computerName="LAPTOP-1EMVEQGB" duration="00:00:00.0014008" startTime="2024-01-05T15:44:17.4653312+01:00" endTime="2024-01-05T15:44:17.4653314+01:00" testType="13cdc9d9-ddb5-4fa4-a97d-d965ccfc6d4b" outcome="Passed" testListId="8c84fa94-04c1-424b-9868-57a2d4851a1d" relativeResultsDirectory="fff02fe3-8d63-4218-b387-63747f17c17a" />
    <UnitTestResult executionId="79c08866-dc83-4f7d-b4f7-be9c7a89c841" testId="f9893a2a-2520-d3da-e820-f067a2d2028c" testName="QuickLap.Tests.TempDatabase.WithClassFixture.ProductRepositoryTests.GetByIdAsync_ShouldThrowNotFoundException_WhenProductDoesNotExist" computerName="LAPTOP-1EMVEQGB" duration="00:00:00.0028126" startTime="2024-01-05T15:44:21.9855471+01:00" endTime="2024-01-05T15:44:21.9855474+01:00" testType="13cdc9d9-ddb5-4fa4-a97d-d965ccfc6d4b" outcome="Passed" testListId="8c84fa94-04c1-424b-9868-57a2d4851a1d" relativeResultsDirectory="79c08866-dc83-4f7d-b4f7-be9c7a89c841" />
    <UnitTestResult executionId="e0c5513b-e157-4487-b556-5862424e45a1" testId="0b54f752-dd2f-3968-0389-a10204700fe8" testName="QuickLap.Tests.InMemory.WithClassFixture.ProductRepositoryTests.GetAllAsync_ShouldReturnListOfProducts" computerName="LAPTOP-1EMVEQGB" duration="00:00:00.0019324" startTime="2024-01-05T15:44:17.4691960+01:00" endTime="2024-01-05T15:44:17.4691962+01:00" testType="13cdc9d9-ddb5-4fa4-a97d-d965ccfc6d4b" outcome="Passed" testListId="8c84fa94-04c1-424b-9868-57a2d4851a1d" relativeResultsDirectory="e0c5513b-e157-4487-b556-5862424e45a1" />
    <UnitTestResult executionId="0bf74399-a14d-4a52-90ba-d147d38b810c" testId="ad5d8362-40af-9427-71a3-2f821ca85ab7" testName="QuickLap.Tests.TempDatabase.WithoutClassFixture.CustomerRepositoryTests.RegisterCustomerAsync_ShouldRegisterCustomerAndReturnCustomerId" computerName="LAPTOP-1EMVEQGB" duration="00:00:01.7664167" startTime="2024-01-05T15:44:18.4556724+01:00" endTime="2024-01-05T15:44:18.4556726+01:00" testType="13cdc9d9-ddb5-4fa4-a97d-d965ccfc6d4b" outcome="Passed" testListId="8c84fa94-04c1-424b-9868-57a2d4851a1d" relativeResultsDirectory="0bf74399-a14d-4a52-90ba-d147d38b810c" />
    <UnitTestResult executionId="92ced28a-f7fe-4def-a27c-e25ea5007354" testId="46cd4733-3f00-6947-5995-d24d8e6c32b3" testName="QuickLap.Tests.InMemory.WithClassFixture.OrderRepositoryTests.CreateOrderAsync_ShouldCreateOrderAndReturnOrderId" computerName="LAPTOP-1EMVEQGB" duration="00:00:00.0011215" startTime="2024-01-05T15:44:17.4634169+01:00" endTime="2024-01-05T15:44:17.4634170+01:00" testType="13cdc9d9-ddb5-4fa4-a97d-d965ccfc6d4b" outcome="Passed" testListId="8c84fa94-04c1-424b-9868-57a2d4851a1d" relativeResultsDirectory="92ced28a-f7fe-4def-a27c-e25ea5007354" />
    <UnitTestResult executionId="f8873e8b-6e12-4b61-8d77-0c63f688277b" testId="ae353b48-4582-95f4-6ed3-77358877b5d5" testName="QuickLap.Tests.TempDatabase.WithClassFixture.UserRepositoryTests.CompleteProfileAsync_ShouldUpdateUserDetails_WhenUserExists" computerName="LAPTOP-1EMVEQGB" duration="00:00:00.0085222" startTime="2024-01-05T15:44:22.7292452+01:00" endTime="2024-01-05T15:44:22.7292456+01:00" testType="13cdc9d9-ddb5-4fa4-a97d-d965ccfc6d4b" outcome="Passed" testListId="8c84fa94-04c1-424b-9868-57a2d4851a1d" relativeResultsDirectory="f8873e8b-6e12-4b61-8d77-0c63f688277b" />
    <UnitTestResult executionId="587c79e9-cdfc-4e4d-9451-fe5541e92395" testId="b4542277-6809-6c2d-048c-f7cc829b890f" testName="QuickLap.Tests.InMemory.WithClassFixture.ProductRepositoryTests.GetByIdAsync_ShouldThrowNotFoundException_WhenProductDoesNotExist" computerName="LAPTOP-1EMVEQGB" duration="00:00:00.0018025" startTime="2024-01-05T15:44:17.4672068+01:00" endTime="2024-01-05T15:44:17.4672070+01:00" testType="13cdc9d9-ddb5-4fa4-a97d-d965ccfc6d4b" outcome="Passed" testListId="8c84fa94-04c1-424b-9868-57a2d4851a1d" relativeResultsDirectory="587c79e9-cdfc-4e4d-9451-fe5541e92395" />
    <UnitTestResult executionId="1a7097a9-deac-4943-9d10-cdaa89663f3c" testId="6fe46184-1535-b2e1-5609-eae0409a9281" testName="QuickLap.Tests.InMemory.WithoutClassFixture.UserRepositoryTests.LoginAsync_ShouldReturnFalse_WhenUserDoesNotExistWithMatchingCredentials" computerName="LAPTOP-1EMVEQGB" duration="00:00:00.0018430" startTime="2024-01-05T15:44:17.3963211+01:00" endTime="2024-01-05T15:44:17.3963213+01:00" testType="13cdc9d9-ddb5-4fa4-a97d-d965ccfc6d4b" outcome="Passed" testListId="8c84fa94-04c1-424b-9868-57a2d4851a1d" relativeResultsDirectory="1a7097a9-deac-4943-9d10-cdaa89663f3c" />
    <UnitTestResult executionId="a52a2291-6759-4dd9-90f3-bc63887c31df" testId="c8848481-7ad0-8453-ece5-9433c79d6bfd" testName="QuickLap.Tests.TempDatabase.WithoutClassFixture.ProductRepositoryTests.GetByIdAsync_ShouldReturnProduct_WhenProductExists" computerName="LAPTOP-1EMVEQGB" duration="00:00:01.0136733" startTime="2024-01-05T15:44:19.4043510+01:00" endTime="2024-01-05T15:44:19.4043514+01:00" testType="13cdc9d9-ddb5-4fa4-a97d-d965ccfc6d4b" outcome="Passed" testListId="8c84fa94-04c1-424b-9868-57a2d4851a1d" relativeResultsDirectory="a52a2291-6759-4dd9-90f3-bc63887c31df" />
    <UnitTestResult executionId="bde5731b-35f4-4f71-ab34-50b7b3e023f4" testId="024fae90-899a-19fa-0c93-3ef90e82a44f" testName="QuickLap.Tests.TempDatabase.WithClassFixture.ProductRepositoryTests.AddProductAsync_ShouldAddProductAndReturnProductId" computerName="LAPTOP-1EMVEQGB" duration="00:00:00.0073904" startTime="2024-01-05T15:44:22.0003495+01:00" endTime="2024-01-05T15:44:22.0003497+01:00" testType="13cdc9d9-ddb5-4fa4-a97d-d965ccfc6d4b" outcome="Passed" testListId="8c84fa94-04c1-424b-9868-57a2d4851a1d" relativeResultsDirectory="bde5731b-35f4-4f71-ab34-50b7b3e023f4" />
    <UnitTestResult executionId="57b82fa2-a975-4dc4-9b1f-9102b83ee8c8" testId="acc3284d-1420-0d7b-41bc-aa95c6df0173" testName="QuickLap.Tests.InMemory.WithClassFixture.UserRepositoryTests.LoginAsync_ShouldReturnTrue_WhenUserExistsWithMatchingCredentials" computerName="LAPTOP-1EMVEQGB" duration="00:00:00.0011669" startTime="2024-01-05T15:44:17.4747311+01:00" endTime="2024-01-05T15:44:17.4747313+01:00" testType="13cdc9d9-ddb5-4fa4-a97d-d965ccfc6d4b" outcome="Passed" testListId="8c84fa94-04c1-424b-9868-57a2d4851a1d" relativeResultsDirectory="57b82fa2-a975-4dc4-9b1f-9102b83ee8c8" />
    <UnitTestResult executionId="5adbcb98-7bf9-411e-87cc-92c5921bf292" testId="bdb8d388-b713-24aa-5807-ccebce3003f2" testName="QuickLap.Tests.TempDatabase.WithoutClassFixture.UserRepositoryTests.RegisterUserAsync_ShouldAddNewUserAndReturnUserId" computerName="LAPTOP-1EMVEQGB" duration="00:00:01.7630851" startTime="2024-01-05T15:44:18.4524456+01:00" endTime="2024-01-05T15:44:18.4524460+01:00" testType="13cdc9d9-ddb5-4fa4-a97d-d965ccfc6d4b" outcome="Passed" testListId="8c84fa94-04c1-424b-9868-57a2d4851a1d" relativeResultsDirectory="5adbcb98-7bf9-411e-87cc-92c5921bf292" />
    <UnitTestResult executionId="a5f65fbb-a0ae-42d2-a91b-924f1e7272d6" testId="cb1fe8fb-11af-cc48-d956-4ad557f4be3f" testName="QuickLap.Tests.InMemory.WithClassFixture.OrderRepositoryTests.AddOrderItemAsync_ShouldIncrementOrderItem_WhenOrderAlreadyHasProduct" computerName="LAPTOP-1EMVEQGB" duration="00:00:00.1185290" startTime="2024-01-05T15:44:17.4576508+01:00" endTime="2024-01-05T15:44:17.4576511+01:00" testType="13cdc9d9-ddb5-4fa4-a97d-d965ccfc6d4b" outcome="Passed" testListId="8c84fa94-04c1-424b-9868-57a2d4851a1d" relativeResultsDirectory="a5f65fbb-a0ae-42d2-a91b-924f1e7272d6" />
    <UnitTestResult executionId="b2f51ea1-f243-4ccf-bc05-5ced9304f23f" testId="8fe41210-0ea1-c313-d8e7-2ecca0c2dbd5" testName="QuickLap.Tests.TempDatabase.WithoutClassFixture.OrderRepositoryTests.AddOrderItemAsync_ShouldIncrementOrderItem_WhenOrderAlreadyHasProduct" computerName="LAPTOP-1EMVEQGB" duration="00:00:01.8124380" startTime="2024-01-05T15:44:18.5018333+01:00" endTime="2024-01-05T15:44:18.5018337+01:00" testType="13cdc9d9-ddb5-4fa4-a97d-d965ccfc6d4b" outcome="Passed" testListId="8c84fa94-04c1-424b-9868-57a2d4851a1d" relativeResultsDirectory="b2f51ea1-f243-4ccf-bc05-5ced9304f23f" />
    <UnitTestResult executionId="148e55af-0b29-4fbe-8344-9174ba26175a" testId="91d5ff86-719d-b058-4dd2-8c8cff7f4977" testName="QuickLap.Tests.InMemory.WithClassFixture.OrderRepositoryTests.AddOrderItemAsync_ShouldAddOrderItem_WhenOrderDoesntHaveProductYet" computerName="LAPTOP-1EMVEQGB" duration="00:00:00.0044932" startTime="2024-01-05T15:44:17.4622217+01:00" endTime="2024-01-05T15:44:17.4622218+01:00" testType="13cdc9d9-ddb5-4fa4-a97d-d965ccfc6d4b" outcome="Passed" testListId="8c84fa94-04c1-424b-9868-57a2d4851a1d" relativeResultsDirectory="148e55af-0b29-4fbe-8344-9174ba26175a" />
    <UnitTestResult executionId="2fd33c90-62b7-4abe-9884-3b70cf3a965f" testId="e2503fc9-71c3-5edf-9444-22f1ede2d00c" testName="QuickLap.Tests.TempDatabase.WithoutClassFixture.OrderRepositoryTests.AddOrderItemAsync_ShouldAddOrderItem_WhenOrderDoesntHaveProductYet" computerName="LAPTOP-1EMVEQGB" duration="00:00:00.9924273" startTime="2024-01-05T15:44:19.4945082+01:00" endTime="2024-01-05T15:44:19.4945085+01:00" testType="13cdc9d9-ddb5-4fa4-a97d-d965ccfc6d4b" outcome="Passed" testListId="8c84fa94-04c1-424b-9868-57a2d4851a1d" relativeResultsDirectory="2fd33c90-62b7-4abe-9884-3b70cf3a965f" />
    <UnitTestResult executionId="8c7c11cd-9872-41bf-ae5e-c95835faee7f" testId="7b19220b-bf5e-9c34-1517-803d7389fc6d" testName="QuickLap.Tests.TempDatabase.WithoutClassFixture.UserRepositoryTests.RegisterUserAsync_ShouldThrowEntityAlreadyExistsException_WhenUserWithEmailAlreadyExists" computerName="LAPTOP-1EMVEQGB" duration="00:00:00.9650891" startTime="2024-01-05T15:44:20.5649723+01:00" endTime="2024-01-05T15:44:20.5649727+01:00" testType="13cdc9d9-ddb5-4fa4-a97d-d965ccfc6d4b" outcome="Passed" testListId="8c84fa94-04c1-424b-9868-57a2d4851a1d" relativeResultsDirectory="8c7c11cd-9872-41bf-ae5e-c95835faee7f" />
    <UnitTestResult executionId="bc424320-f476-41c2-af84-a669b561baf7" testId="1ecadd98-b7c7-5952-2d0b-4875486944ab" testName="QuickLap.Tests.TempDatabase.WithClassFixture.UserRepositoryTests.RegisterUserAsync_ShouldThrowEntityAlreadyExistsException_WhenUserWithEmailAlreadyExists" computerName="LAPTOP-1EMVEQGB" duration="00:00:00.0066854" startTime="2024-01-05T15:44:22.7134214+01:00" endTime="2024-01-05T15:44:22.7134216+01:00" testType="13cdc9d9-ddb5-4fa4-a97d-d965ccfc6d4b" outcome="Passed" testListId="8c84fa94-04c1-424b-9868-57a2d4851a1d" relativeResultsDirectory="bc424320-f476-41c2-af84-a669b561baf7" />
    <UnitTestResult executionId="ff38081d-34c8-43c7-a71f-0db15c586dd0" testId="87948de4-9d20-5a73-e5b9-b63baec58b80" testName="QuickLap.Tests.InMemory.WithClassFixture.ProductRepositoryTests.AddProductAsync_ShouldAddProductAndReturnProductId" computerName="LAPTOP-1EMVEQGB" duration="00:00:00.0019751" startTime="2024-01-05T15:44:17.4712291+01:00" endTime="2024-01-05T15:44:17.4712293+01:00" testType="13cdc9d9-ddb5-4fa4-a97d-d965ccfc6d4b" outcome="Passed" testListId="8c84fa94-04c1-424b-9868-57a2d4851a1d" relativeResultsDirectory="ff38081d-34c8-43c7-a71f-0db15c586dd0" />
    <UnitTestResult executionId="7135716f-57c1-4a7e-bf05-1c2ae04d0431" testId="514b1ae5-96ca-d420-7127-107633ef9f36" testName="QuickLap.Tests.InMemory.WithoutClassFixture.CustomerRepositoryTests.RegisterCustomerAsync_ShouldThrowEntityAlreadyExistsException_WhenCustomerWithEmailAlreadyExists" computerName="LAPTOP-1EMVEQGB" duration="00:00:00.6272699" startTime="2024-01-05T15:44:17.3263815+01:00" endTime="2024-01-05T15:44:17.3265847+01:00" testType="13cdc9d9-ddb5-4fa4-a97d-d965ccfc6d4b" outcome="Passed" testListId="8c84fa94-04c1-424b-9868-57a2d4851a1d" relativeResultsDirectory="7135716f-57c1-4a7e-bf05-1c2ae04d0431" />
    <UnitTestResult executionId="9ad9c28f-9a64-4f49-8102-086e02f184ac" testId="d1b45ebd-f980-5fd0-5274-b58e4f0e2775" testName="QuickLap.Tests.TempDatabase.WithClassFixture.UserRepositoryTests.LoginAsync_ShouldReturnFalse_WhenUserDoesNotExistWithMatchingCredentials" computerName="LAPTOP-1EMVEQGB" duration="00:00:00.0015031" startTime="2024-01-05T15:44:22.7308508+01:00" endTime="2024-01-05T15:44:22.7308513+01:00" testType="13cdc9d9-ddb5-4fa4-a97d-d965ccfc6d4b" outcome="Passed" testListId="8c84fa94-04c1-424b-9868-57a2d4851a1d" relativeResultsDirectory="9ad9c28f-9a64-4f49-8102-086e02f184ac" />
    <UnitTestResult executionId="0947927d-b338-4eba-8539-db1389979ee0" testId="15a30c8d-3a7b-2f18-e0ee-eccdfdcd25a1" testName="QuickLap.Tests.TempDatabase.WithClassFixture.OrderRepositoryTests.AddOrderItemAsync_ShouldAddOrderItem_WhenOrderDoesntHaveProductYet" computerName="LAPTOP-1EMVEQGB" duration="00:00:00.0143501" startTime="2024-01-05T15:44:20.8907105+01:00" endTime="2024-01-05T15:44:20.8907107+01:00" testType="13cdc9d9-ddb5-4fa4-a97d-d965ccfc6d4b" outcome="Passed" testListId="8c84fa94-04c1-424b-9868-57a2d4851a1d" relativeResultsDirectory="0947927d-b338-4eba-8539-db1389979ee0" />
    <UnitTestResult executionId="6281e1c2-02d8-421a-83aa-f40daef123f4" testId="5a7c2469-1e04-f5dc-baac-f6dfaa1d46e4" testName="QuickLap.Tests.TempDatabase.WithClassFixture.CustomerRepositoryTests.RegisterCustomerAsync_ShouldRegisterCustomerAndReturnCustomerId" computerName="LAPTOP-1EMVEQGB" duration="00:00:00.0085348" startTime="2024-01-05T15:44:18.9695362+01:00" endTime="2024-01-05T15:44:18.9695365+01:00" testType="13cdc9d9-ddb5-4fa4-a97d-d965ccfc6d4b" outcome="Passed" testListId="8c84fa94-04c1-424b-9868-57a2d4851a1d" relativeResultsDirectory="6281e1c2-02d8-421a-83aa-f40daef123f4" />
    <UnitTestResult executionId="62f5d22e-d9ab-4150-aa8a-3f22540c8041" testId="cc4f8100-58c9-5b75-1d07-4ffac49e0314" testName="QuickLap.Tests.InMemory.WithClassFixture.UserRepositoryTests.RegisterUserAsync_ShouldThrowEntityAlreadyExistsException_WhenUserWithEmailAlreadyExists" computerName="LAPTOP-1EMVEQGB" duration="00:00:00.0019531" startTime="2024-01-05T15:44:17.4790571+01:00" endTime="2024-01-05T15:44:17.4790572+01:00" testType="13cdc9d9-ddb5-4fa4-a97d-d965ccfc6d4b" outcome="Passed" testListId="8c84fa94-04c1-424b-9868-57a2d4851a1d" relativeResultsDirectory="62f5d22e-d9ab-4150-aa8a-3f22540c8041" />
    <UnitTestResult executionId="4f18a592-97de-4cc7-b6d1-d20031a57442" testId="4f69fe12-90de-841d-6b23-9fab0acbe0d1" testName="QuickLap.Tests.InMemory.WithoutClassFixture.CustomerRepositoryTests.RegisterCustomerAsync_ShouldRegisterCustomerAndReturnCustomerId" computerName="LAPTOP-1EMVEQGB" duration="00:00:00.0334973" startTime="2024-01-05T15:44:17.3716952+01:00" endTime="2024-01-05T15:44:17.3716954+01:00" testType="13cdc9d9-ddb5-4fa4-a97d-d965ccfc6d4b" outcome="Passed" testListId="8c84fa94-04c1-424b-9868-57a2d4851a1d" relativeResultsDirectory="4f18a592-97de-4cc7-b6d1-d20031a57442" />
    <UnitTestResult executionId="a831a075-1ee8-476f-b0d8-5e7b54301fd4" testId="1ca4d800-a8da-27e1-b1e3-d6e6f0fadfa2" testName="QuickLap.Tests.TempDatabase.WithClassFixture.CustomerRepositoryTests.RegisterCustomerAsync_ShouldThrowEntityAlreadyExistsException_WhenCustomerWithEmailAlreadyExists" computerName="LAPTOP-1EMVEQGB" duration="00:00:00.0112695" startTime="2024-01-05T15:44:18.9608375+01:00" endTime="2024-01-05T15:44:18.9608377+01:00" testType="13cdc9d9-ddb5-4fa4-a97d-d965ccfc6d4b" outcome="Passed" testListId="8c84fa94-04c1-424b-9868-57a2d4851a1d" relativeResultsDirectory="a831a075-1ee8-476f-b0d8-5e7b54301fd4" />
    <UnitTestResult executionId="66b7db72-2fcf-4347-9efd-15701007b201" testId="6c74461b-c721-c6fa-74ed-1a09f55f2b69" testName="QuickLap.Tests.InMemory.WithoutClassFixture.UserRepositoryTests.CompleteProfileAsync_ShouldUpdateUserDetails_WhenUserExists" computerName="LAPTOP-1EMVEQGB" duration="00:00:00.0116945" startTime="2024-01-05T15:44:17.3822232+01:00" endTime="2024-01-05T15:44:17.3822237+01:00" testType="13cdc9d9-ddb5-4fa4-a97d-d965ccfc6d4b" outcome="Passed" testListId="8c84fa94-04c1-424b-9868-57a2d4851a1d" relativeResultsDirectory="66b7db72-2fcf-4347-9efd-15701007b201" />
    <UnitTestResult executionId="da469ce3-a630-4a14-ab4a-2645c7c6eac4" testId="40c86054-1385-fad6-2667-fe02b9793bec" testName="QuickLap.Tests.InMemory.WithoutClassFixture.ProductRepositoryTests.AddProductAsync_ShouldAddProductAndReturnProductId" computerName="LAPTOP-1EMVEQGB" duration="00:00:00.6331887" startTime="2024-01-05T15:44:17.3710734+01:00" endTime="2024-01-05T15:44:17.3710737+01:00" testType="13cdc9d9-ddb5-4fa4-a97d-d965ccfc6d4b" outcome="Passed" testListId="8c84fa94-04c1-424b-9868-57a2d4851a1d" relativeResultsDirectory="da469ce3-a630-4a14-ab4a-2645c7c6eac4" />
    <UnitTestResult executionId="70b7223b-3cb9-4e65-9599-91ad95a7de19" testId="39734f60-401d-f84c-7987-74bb30b8c344" testName="QuickLap.Tests.TempDatabase.WithClassFixture.UserRepositoryTests.CompleteProfileAsync_ShouldThrowNotFoundException_WhenUserDoesNotExist" computerName="LAPTOP-1EMVEQGB" duration="00:00:00.0024117" startTime="2024-01-05T15:44:22.7206153+01:00" endTime="2024-01-05T15:44:22.7206154+01:00" testType="13cdc9d9-ddb5-4fa4-a97d-d965ccfc6d4b" outcome="Passed" testListId="8c84fa94-04c1-424b-9868-57a2d4851a1d" relativeResultsDirectory="70b7223b-3cb9-4e65-9599-91ad95a7de19" />
    <UnitTestResult executionId="8ed57df2-1e1d-4c81-95a6-6744adf54ff2" testId="a02524af-43bd-b2a2-47ad-803ed7126c48" testName="QuickLap.Tests.TempDatabase.WithoutClassFixture.UserRepositoryTests.CompleteProfileAsync_ShouldUpdateUserDetails_WhenUserExists" computerName="LAPTOP-1EMVEQGB" duration="00:00:01.1469540" startTime="2024-01-05T15:44:19.5996523+01:00" endTime="2024-01-05T15:44:19.5996527+01:00" testType="13cdc9d9-ddb5-4fa4-a97d-d965ccfc6d4b" outcome="Passed" testListId="8c84fa94-04c1-424b-9868-57a2d4851a1d" relativeResultsDirectory="8ed57df2-1e1d-4c81-95a6-6744adf54ff2" />
    <UnitTestResult executionId="363a38f0-8268-4c51-8eff-69234c1376a8" testId="5756351e-1cf7-6f28-2835-4cd55f0154d2" testName="QuickLap.Tests.InMemory.WithoutClassFixture.ProductRepositoryTests.GetByIdAsync_ShouldThrowNotFoundException_WhenProductDoesNotExist" computerName="LAPTOP-1EMVEQGB" duration="00:00:00.0033223" startTime="2024-01-05T15:44:17.4486023+01:00" endTime="2024-01-05T15:44:17.4486025+01:00" testType="13cdc9d9-ddb5-4fa4-a97d-d965ccfc6d4b" outcome="Passed" testListId="8c84fa94-04c1-424b-9868-57a2d4851a1d" relativeResultsDirectory="363a38f0-8268-4c51-8eff-69234c1376a8" />
    <UnitTestResult executionId="dfb00f91-a457-4ff2-b082-3cfa3508c2a4" testId="f27469e9-43f0-6ebf-d1b9-a71d754c65d0" testName="QuickLap.Tests.InMemory.WithoutClassFixture.UserRepositoryTests.RegisterUserAsync_ShouldAddNewUserAndReturnUserId" computerName="LAPTOP-1EMVEQGB" duration="00:00:00.6465940" startTime="2024-01-05T15:44:17.3716039+01:00" endTime="2024-01-05T15:44:17.3716040+01:00" testType="13cdc9d9-ddb5-4fa4-a97d-d965ccfc6d4b" outcome="Passed" testListId="8c84fa94-04c1-424b-9868-57a2d4851a1d" relativeResultsDirectory="dfb00f91-a457-4ff2-b082-3cfa3508c2a4" />
    <UnitTestResult executionId="d8a36f69-c740-4b03-9474-84c27834df7d" testId="8a0bfc88-7ee3-3d0b-4a12-3a518ab90276" testName="QuickLap.Tests.InMemory.WithClassFixture.CustomerRepositoryTests.RegisterCustomerAsync_ShouldThrowEntityAlreadyExistsException_WhenCustomerWithEmailAlreadyExists" computerName="LAPTOP-1EMVEQGB" duration="00:00:00.5072137" startTime="2024-01-05T15:44:17.3316007+01:00" endTime="2024-01-05T15:44:17.3316007+01:00" testType="13cdc9d9-ddb5-4fa4-a97d-d965ccfc6d4b" outcome="Passed" testListId="8c84fa94-04c1-424b-9868-57a2d4851a1d" relativeResultsDirectory="d8a36f69-c740-4b03-9474-84c27834df7d" />
    <UnitTestResult executionId="9746f4e3-9b1d-49d6-91d4-3f8b8084777d" testId="d54318f1-4ee1-ea7d-c831-d97ce15fd952" testName="QuickLap.Tests.InMemory.WithClassFixture.UserRepositoryTests.RegisterUserAsync_ShouldAddNewUserAndReturnUserId" computerName="LAPTOP-1EMVEQGB" duration="00:00:00.0007108" startTime="2024-01-05T15:44:17.4754930+01:00" endTime="2024-01-05T15:44:17.4754931+01:00" testType="13cdc9d9-ddb5-4fa4-a97d-d965ccfc6d4b" outcome="Passed" testListId="8c84fa94-04c1-424b-9868-57a2d4851a1d" relativeResultsDirectory="9746f4e3-9b1d-49d6-91d4-3f8b8084777d" />
    <UnitTestResult executionId="721eb80f-de9a-44db-9ce5-4736e19f58d8" testId="d763b7c7-90ea-1ab9-0c18-2741901564c6" testName="QuickLap.Tests.TempDatabase.WithoutClassFixture.CustomerRepositoryTests.RegisterCustomerAsync_ShouldThrowEntityAlreadyExistsException_WhenCustomerWithEmailAlreadyExists" computerName="LAPTOP-1EMVEQGB" duration="00:00:01.0442902" startTime="2024-01-05T15:44:19.5002297+01:00" endTime="2024-01-05T15:44:19.5002301+01:00" testType="13cdc9d9-ddb5-4fa4-a97d-d965ccfc6d4b" outcome="Passed" testListId="8c84fa94-04c1-424b-9868-57a2d4851a1d" relativeResultsDirectory="721eb80f-de9a-44db-9ce5-4736e19f58d8" />
    <UnitTestResult executionId="87537748-e90f-4a3f-82f5-2ee2396f6aa9" testId="1ce97ed8-fb10-3854-70b8-17871fddcff4" testName="QuickLap.Tests.TempDatabase.WithoutClassFixture.ProductRepositoryTests.GetByIdAsync_ShouldThrowNotFoundException_WhenProductDoesNotExist" computerName="LAPTOP-1EMVEQGB" duration="00:00:01.6948275" startTime="2024-01-05T15:44:18.3886102+01:00" endTime="2024-01-05T15:44:18.3886105+01:00" testType="13cdc9d9-ddb5-4fa4-a97d-d965ccfc6d4b" outcome="Passed" testListId="8c84fa94-04c1-424b-9868-57a2d4851a1d" relativeResultsDirectory="87537748-e90f-4a3f-82f5-2ee2396f6aa9" />
    <UnitTestResult executionId="6704dd33-749c-4aeb-84e2-47ed8fff87e5" testId="5620cac4-1a62-1cbb-b4d5-46e269ca5a0e" testName="QuickLap.Tests.TempDatabase.WithClassFixture.ProductRepositoryTests.GetAllAsync_ShouldReturnListOfProducts" computerName="LAPTOP-1EMVEQGB" duration="00:00:00.0071761" startTime="2024-01-05T15:44:21.9928183+01:00" endTime="2024-01-05T15:44:21.9928185+01:00" testType="13cdc9d9-ddb5-4fa4-a97d-d965ccfc6d4b" outcome="Passed" testListId="8c84fa94-04c1-424b-9868-57a2d4851a1d" relativeResultsDirectory="6704dd33-749c-4aeb-84e2-47ed8fff87e5" />
    <UnitTestResult executionId="6c5cdd05-743c-4ed0-89be-c9d9f61d1fb5" testId="1b5f022a-5d30-81ba-1561-a3d481ccfa87" testName="QuickLap.Tests.InMemory.WithoutClassFixture.ProductRepositoryTests.GetAllAsync_ShouldReturnListOfProducts" computerName="LAPTOP-1EMVEQGB" duration="00:00:00.0480362" startTime="2024-01-05T15:44:17.4452082+01:00" endTime="2024-01-05T15:44:17.4452085+01:00" testType="13cdc9d9-ddb5-4fa4-a97d-d965ccfc6d4b" outcome="Passed" testListId="8c84fa94-04c1-424b-9868-57a2d4851a1d" relativeResultsDirectory="6c5cdd05-743c-4ed0-89be-c9d9f61d1fb5" />
    <UnitTestResult executionId="243bf450-7180-4aa4-9a77-86fbd3e3cc92" testId="482aa2ce-7d31-9887-f0e4-d179e27c2ce8" testName="QuickLap.Tests.InMemory.WithClassFixture.CustomerRepositoryTests.RegisterCustomerAsync_ShouldRegisterCustomerAndReturnCustomerId" computerName="LAPTOP-1EMVEQGB" duration="00:00:00.0114336" startTime="2024-01-05T15:44:17.3714725+01:00" endTime="2024-01-05T15:44:17.3714727+01:00" testType="13cdc9d9-ddb5-4fa4-a97d-d965ccfc6d4b" outcome="Passed" testListId="8c84fa94-04c1-424b-9868-57a2d4851a1d" relativeResultsDirectory="243bf450-7180-4aa4-9a77-86fbd3e3cc92" />
    <UnitTestResult executionId="bad64ed5-79ee-4c95-b6b6-8444506ee244" testId="62f51c8a-217e-863f-ca17-944dcaffe5fa" testName="QuickLap.Tests.TempDatabase.WithClassFixture.OrderRepositoryTests.CreateOrderAsync_ShouldCreateOrderAndReturnOrderId" computerName="LAPTOP-1EMVEQGB" duration="00:00:00.0094196" startTime="2024-01-05T15:44:20.9187618+01:00" endTime="2024-01-05T15:44:20.9187620+01:00" testType="13cdc9d9-ddb5-4fa4-a97d-d965ccfc6d4b" outcome="Passed" testListId="8c84fa94-04c1-424b-9868-57a2d4851a1d" relativeResultsDirectory="bad64ed5-79ee-4c95-b6b6-8444506ee244" />
    <UnitTestResult executionId="c0851f6c-c69a-407f-9efa-1b41240e9b34" testId="e64f1770-c79d-2f14-5308-66c63eb26b9a" testName="QuickLap.Tests.InMemory.WithoutClassFixture.UserRepositoryTests.CompleteProfileAsync_ShouldThrowNotFoundException_WhenUserDoesNotExist" computerName="LAPTOP-1EMVEQGB" duration="00:00:00.0299662" startTime="2024-01-05T15:44:17.3717901+01:00" endTime="2024-01-05T15:44:17.3717903+01:00" testType="13cdc9d9-ddb5-4fa4-a97d-d965ccfc6d4b" outcome="Passed" testListId="8c84fa94-04c1-424b-9868-57a2d4851a1d" relativeResultsDirectory="c0851f6c-c69a-407f-9efa-1b41240e9b34" />
    <UnitTestResult executionId="284e510d-ba3d-4caa-b7cb-44bcb6c4fbfb" testId="3e21f879-ddde-e3cc-eecb-52ab7bff2b5f" testName="QuickLap.Tests.TempDatabase.WithoutClassFixture.OrderRepositoryTests.CreateOrderAsync_ShouldCreateOrderAndReturnOrderId" computerName="LAPTOP-1EMVEQGB" duration="00:00:01.0719920" startTime="2024-01-05T15:44:20.5667791+01:00" endTime="2024-01-05T15:44:20.5667796+01:00" testType="13cdc9d9-ddb5-4fa4-a97d-d965ccfc6d4b" outcome="Passed" testListId="8c84fa94-04c1-424b-9868-57a2d4851a1d" relativeResultsDirectory="284e510d-ba3d-4caa-b7cb-44bcb6c4fbfb" />
    <UnitTestResult executionId="f1a7694f-06c8-4758-83db-496a458178dc" testId="2c7f51d8-210a-701e-efee-996d6690a153" testName="QuickLap.Tests.InMemory.WithoutClassFixture.OrderRepositoryTests.CreateOrderAsync_ShouldCreateOrderAndReturnOrderId" computerName="LAPTOP-1EMVEQGB" duration="00:00:00.6344870" startTime="2024-01-05T15:44:17.3713750+01:00" endTime="2024-01-05T15:44:17.3713753+01:00" testType="13cdc9d9-ddb5-4fa4-a97d-d965ccfc6d4b" outcome="Passed" testListId="8c84fa94-04c1-424b-9868-57a2d4851a1d" relativeResultsDirectory="f1a7694f-06c8-4758-83db-496a458178dc" />
    <UnitTestResult executionId="ddc8cf1a-9e5f-4dbe-b54f-6c8057f199a3" testId="a776eefd-6596-e19f-c31f-844ddaf01d85" testName="QuickLap.Tests.TempDatabase.WithClassFixture.ProductRepositoryTests.GetByIdAsync_ShouldReturnProduct_WhenProductExists" computerName="LAPTOP-1EMVEQGB" duration="00:00:00.0069897" startTime="2024-01-05T15:44:21.9826154+01:00" endTime="2024-01-05T15:44:21.9826157+01:00" testType="13cdc9d9-ddb5-4fa4-a97d-d965ccfc6d4b" outcome="Passed" testListId="8c84fa94-04c1-424b-9868-57a2d4851a1d" relativeResultsDirectory="ddc8cf1a-9e5f-4dbe-b54f-6c8057f199a3" />
    <UnitTestResult executionId="03e3e4f4-2a9f-4908-a02e-142ff108ff45" testId="f69291b4-d9ff-622f-6c5a-ed33c0734cd5" testName="QuickLap.Tests.TempDatabase.WithoutClassFixture.UserRepositoryTests.LoginAsync_ShouldReturnFalse_WhenUserDoesNotExistWithMatchingCredentials" computerName="LAPTOP-1EMVEQGB" duration="00:00:00.4907793" startTime="2024-01-05T15:44:22.1843373+01:00" endTime="2024-01-05T15:44:22.1843379+01:00" testType="13cdc9d9-ddb5-4fa4-a97d-d965ccfc6d4b" outcome="Passed" testListId="8c84fa94-04c1-424b-9868-57a2d4851a1d" relativeResultsDirectory="03e3e4f4-2a9f-4908-a02e-142ff108ff45" />
    <UnitTestResult executionId="3dfb1b34-2adc-4708-8655-b5c16dcd5e50" testId="6956cea8-3b70-ab4d-0a70-44021c4d03be" testName="QuickLap.Tests.TempDatabase.WithoutClassFixture.ProductRepositoryTests.AddProductAsync_ShouldAddProductAndReturnProductId" computerName="LAPTOP-1EMVEQGB" duration="00:00:01.1178376" startTime="2024-01-05T15:44:20.5224977+01:00" endTime="2024-01-05T15:44:20.5224981+01:00" testType="13cdc9d9-ddb5-4fa4-a97d-d965ccfc6d4b" outcome="Passed" testListId="8c84fa94-04c1-424b-9868-57a2d4851a1d" relativeResultsDirectory="3dfb1b34-2adc-4708-8655-b5c16dcd5e50" />
    <UnitTestResult executionId="b02cd302-4a14-4c52-8f73-6986dac74185" testId="75dbc904-454d-3fba-c563-bb7ebffd7ca8" testName="QuickLap.Tests.InMemory.WithoutClassFixture.ProductRepositoryTests.GetByIdAsync_ShouldReturnProduct_WhenProductExists" computerName="LAPTOP-1EMVEQGB" duration="00:00:00.0700100" startTime="2024-01-05T15:44:17.3970294+01:00" endTime="2024-01-05T15:44:17.3970296+01:00" testType="13cdc9d9-ddb5-4fa4-a97d-d965ccfc6d4b" outcome="Passed" testListId="8c84fa94-04c1-424b-9868-57a2d4851a1d" relativeResultsDirectory="b02cd302-4a14-4c52-8f73-6986dac74185" />
    <UnitTestResult executionId="90a654f2-1409-4aff-8373-1bcec480abf5" testId="995d70cd-2baa-a5b0-5fca-b41d05709a0d" testName="QuickLap.Tests.TempDatabase.WithoutClassFixture.UserRepositoryTests.CompleteProfileAsync_ShouldThrowNotFoundException_WhenUserDoesNotExist" computerName="LAPTOP-1EMVEQGB" duration="00:00:00.6702386" startTime="2024-01-05T15:44:21.2354249+01:00" endTime="2024-01-05T15:44:21.2354252+01:00" testType="13cdc9d9-ddb5-4fa4-a97d-d965ccfc6d4b" outcome="Passed" testListId="8c84fa94-04c1-424b-9868-57a2d4851a1d" relativeResultsDirectory="90a654f2-1409-4aff-8373-1bcec480abf5" />
    <UnitTestResult executionId="1a95ba84-e9ba-4ca4-9126-a1edeac99482" testId="3b338677-1775-15e6-a14f-4766662acc57" testName="QuickLap.Tests.InMemory.WithClassFixture.UserRepositoryTests.CompleteProfileAsync_ShouldUpdateUserDetails_WhenUserExists" computerName="LAPTOP-1EMVEQGB" duration="00:00:00.0009304" startTime="2024-01-05T15:44:17.4764818+01:00" endTime="2024-01-05T15:44:17.4764819+01:00" testType="13cdc9d9-ddb5-4fa4-a97d-d965ccfc6d4b" outcome="Passed" testListId="8c84fa94-04c1-424b-9868-57a2d4851a1d" relativeResultsDirectory="1a95ba84-e9ba-4ca4-9126-a1edeac99482" />
    <UnitTestResult executionId="bf5af9d4-727b-4846-b904-ae847945304b" testId="55aac076-097c-3f88-8435-383763ce4eb7" testName="QuickLap.Tests.TempDatabase.WithoutClassFixture.UserRepositoryTests.LoginAsync_ShouldReturnTrue_WhenUserExistsWithMatchingCredentials" computerName="LAPTOP-1EMVEQGB" duration="00:00:00.4576191" startTime="2024-01-05T15:44:21.6932874+01:00" endTime="2024-01-05T15:44:21.6932878+01:00" testType="13cdc9d9-ddb5-4fa4-a97d-d965ccfc6d4b" outcome="Passed" testListId="8c84fa94-04c1-424b-9868-57a2d4851a1d" relativeResultsDirectory="bf5af9d4-727b-4846-b904-ae847945304b" />
    <UnitTestResult executionId="7fd9b16a-c957-4af3-a536-43771c57f7e6" testId="c884c42f-7db6-eac8-2502-dfd7a63da7ae" testName="QuickLap.Tests.TempDatabase.WithClassFixture.UserRepositoryTests.LoginAsync_ShouldReturnTrue_WhenUserExistsWithMatchingCredentials" computerName="LAPTOP-1EMVEQGB" duration="00:00:00.0072749" startTime="2024-01-05T15:44:22.7066224+01:00" endTime="2024-01-05T15:44:22.7066227+01:00" testType="13cdc9d9-ddb5-4fa4-a97d-d965ccfc6d4b" outcome="Passed" testListId="8c84fa94-04c1-424b-9868-57a2d4851a1d" relativeResultsDirectory="7fd9b16a-c957-4af3-a536-43771c57f7e6" />
    <UnitTestResult executionId="39e88dec-dec2-4ac0-a89e-dd7f8651fe1a" testId="9c8225fd-c605-93c4-36cc-b14173f9b898" testName="QuickLap.Tests.InMemory.WithClassFixture.UserRepositoryTests.LoginAsync_ShouldReturnFalse_WhenUserDoesNotExistWithMatchingCredentials" computerName="LAPTOP-1EMVEQGB" duration="00:00:00.0005258" startTime="2024-01-05T15:44:17.4770522+01:00" endTime="2024-01-05T15:44:17.4770523+01:00" testType="13cdc9d9-ddb5-4fa4-a97d-d965ccfc6d4b" outcome="Passed" testListId="8c84fa94-04c1-424b-9868-57a2d4851a1d" relativeResultsDirectory="39e88dec-dec2-4ac0-a89e-dd7f8651fe1a" />
  </Results>
  <TestDefinitions>
    <UnitTest name="QuickLap.Tests.InMemory.WithoutClassFixture.UserRepositoryTests.RegisterUserAsync_ShouldAddNewUserAndReturnUserId" storage="c:\repos\quicklap\quicklap.tests\bin\debug\net7.0\quicklap.tests.dll" id="f27469e9-43f0-6ebf-d1b9-a71d754c65d0">
      <Execution id="dfb00f91-a457-4ff2-b082-3cfa3508c2a4" />
      <TestMethod codeBase="C:\repos\QuickLap\QuickLap.Tests\bin\Debug\net7.0\QuickLap.Tests.dll" adapterTypeName="executor://xunit/VsTestRunner2/netcoreapp" className="QuickLap.Tests.InMemory.WithoutClassFixture.UserRepositoryTests" name="RegisterUserAsync_ShouldAddNewUserAndReturnUserId" />
    </UnitTest>
    <UnitTest name="QuickLap.Tests.InMemory.WithoutClassFixture.OrderRepositoryTests.AddOrderItemAsync_ShouldAddOrderItem_WhenOrderDoesntHaveProductYet" storage="c:\repos\quicklap\quicklap.tests\bin\debug\net7.0\quicklap.tests.dll" id="f8f79563-3b33-6a2c-4d9d-5921e3775d57">
      <Execution id="f4ef7f27-2dc8-4e51-93d6-09e4bbe22b03" />
      <TestMethod codeBase="C:\repos\QuickLap\QuickLap.Tests\bin\Debug\net7.0\QuickLap.Tests.dll" adapterTypeName="executor://xunit/VsTestRunner2/netcoreapp" className="QuickLap.Tests.InMemory.WithoutClassFixture.OrderRepositoryTests" name="AddOrderItemAsync_ShouldAddOrderItem_WhenOrderDoesntHaveProductYet" />
    </UnitTest>
    <UnitTest name="QuickLap.Tests.InMemory.WithClassFixture.UserRepositoryTests.CompleteProfileAsync_ShouldThrowNotFoundException_WhenUserDoesNotExist" storage="c:\repos\quicklap\quicklap.tests\bin\debug\net7.0\quicklap.tests.dll" id="905d6018-869c-38e0-c062-b2bc05ec69f9">
      <Execution id="5353fafb-5357-45ee-9c9d-efcb4b445e69" />
      <TestMethod codeBase="C:\repos\QuickLap\QuickLap.Tests\bin\Debug\net7.0\QuickLap.Tests.dll" adapterTypeName="executor://xunit/VsTestRunner2/netcoreapp" className="QuickLap.Tests.InMemory.WithClassFixture.UserRepositoryTests" name="CompleteProfileAsync_ShouldThrowNotFoundException_WhenUserDoesNotExist" />
    </UnitTest>
    <UnitTest name="QuickLap.Tests.TempDatabase.WithoutClassFixture.CustomerRepositoryTests.RegisterCustomerAsync_ShouldRegisterCustomerAndReturnCustomerId" storage="c:\repos\quicklap\quicklap.tests\bin\debug\net7.0\quicklap.tests.dll" id="ad5d8362-40af-9427-71a3-2f821ca85ab7">
      <Execution id="0bf74399-a14d-4a52-90ba-d147d38b810c" />
      <TestMethod codeBase="C:\repos\QuickLap\QuickLap.Tests\bin\Debug\net7.0\QuickLap.Tests.dll" adapterTypeName="executor://xunit/VsTestRunner2/netcoreapp" className="QuickLap.Tests.TempDatabase.WithoutClassFixture.CustomerRepositoryTests" name="RegisterCustomerAsync_ShouldRegisterCustomerAndReturnCustomerId" />
    </UnitTest>
    <UnitTest name="QuickLap.Tests.TempDatabase.WithoutClassFixture.UserRepositoryTests.CompleteProfileAsync_ShouldUpdateUserDetails_WhenUserExists" storage="c:\repos\quicklap\quicklap.tests\bin\debug\net7.0\quicklap.tests.dll" id="a02524af-43bd-b2a2-47ad-803ed7126c48">
      <Execution id="8ed57df2-1e1d-4c81-95a6-6744adf54ff2" />
      <TestMethod codeBase="C:\repos\QuickLap\QuickLap.Tests\bin\Debug\net7.0\QuickLap.Tests.dll" adapterTypeName="executor://xunit/VsTestRunner2/netcoreapp" className="QuickLap.Tests.TempDatabase.WithoutClassFixture.UserRepositoryTests" name="CompleteProfileAsync_ShouldUpdateUserDetails_WhenUserExists" />
    </UnitTest>
    <UnitTest name="QuickLap.Tests.InMemory.WithClassFixture.UserRepositoryTests.LoginAsync_ShouldReturnTrue_WhenUserExistsWithMatchingCredentials" storage="c:\repos\quicklap\quicklap.tests\bin\debug\net7.0\quicklap.tests.dll" id="acc3284d-1420-0d7b-41bc-aa95c6df0173">
      <Execution id="57b82fa2-a975-4dc4-9b1f-9102b83ee8c8" />
      <TestMethod codeBase="C:\repos\QuickLap\QuickLap.Tests\bin\Debug\net7.0\QuickLap.Tests.dll" adapterTypeName="executor://xunit/VsTestRunner2/netcoreapp" className="QuickLap.Tests.InMemory.WithClassFixture.UserRepositoryTests" name="LoginAsync_ShouldReturnTrue_WhenUserExistsWithMatchingCredentials" />
    </UnitTest>
    <UnitTest name="QuickLap.Tests.InMemory.WithClassFixture.OrderRepositoryTests.AddOrderItemAsync_ShouldAddOrderItem_WhenOrderDoesntHaveProductYet" storage="c:\repos\quicklap\quicklap.tests\bin\debug\net7.0\quicklap.tests.dll" id="91d5ff86-719d-b058-4dd2-8c8cff7f4977">
      <Execution id="148e55af-0b29-4fbe-8344-9174ba26175a" />
      <TestMethod codeBase="C:\repos\QuickLap\QuickLap.Tests\bin\Debug\net7.0\QuickLap.Tests.dll" adapterTypeName="executor://xunit/VsTestRunner2/netcoreapp" className="QuickLap.Tests.InMemory.WithClassFixture.OrderRepositoryTests" name="AddOrderItemAsync_ShouldAddOrderItem_WhenOrderDoesntHaveProductYet" />
    </UnitTest>
    <UnitTest name="QuickLap.Tests.TempDatabase.WithoutClassFixture.UserRepositoryTests.RegisterUserAsync_ShouldAddNewUserAndReturnUserId" storage="c:\repos\quicklap\quicklap.tests\bin\debug\net7.0\quicklap.tests.dll" id="bdb8d388-b713-24aa-5807-ccebce3003f2">
      <Execution id="5adbcb98-7bf9-411e-87cc-92c5921bf292" />
      <TestMethod codeBase="C:\repos\QuickLap\QuickLap.Tests\bin\Debug\net7.0\QuickLap.Tests.dll" adapterTypeName="executor://xunit/VsTestRunner2/netcoreapp" className="QuickLap.Tests.TempDatabase.WithoutClassFixture.UserRepositoryTests" name="RegisterUserAsync_ShouldAddNewUserAndReturnUserId" />
    </UnitTest>
    <UnitTest name="QuickLap.Tests.TempDatabase.WithClassFixture.OrderRepositoryTests.AddOrderItemAsync_ShouldIncrementOrderItem_WhenOrderAlreadyHasProduct" storage="c:\repos\quicklap\quicklap.tests\bin\debug\net7.0\quicklap.tests.dll" id="95d06feb-42b2-fa49-f3af-a6f132c45fb9">
      <Execution id="a855838b-be65-4a16-91f8-4af986c33ff2" />
      <TestMethod codeBase="C:\repos\QuickLap\QuickLap.Tests\bin\Debug\net7.0\QuickLap.Tests.dll" adapterTypeName="executor://xunit/VsTestRunner2/netcoreapp" className="QuickLap.Tests.TempDatabase.WithClassFixture.OrderRepositoryTests" name="AddOrderItemAsync_ShouldIncrementOrderItem_WhenOrderAlreadyHasProduct" />
    </UnitTest>
    <UnitTest name="QuickLap.Tests.TempDatabase.WithClassFixture.UserRepositoryTests.CompleteProfileAsync_ShouldThrowNotFoundException_WhenUserDoesNotExist" storage="c:\repos\quicklap\quicklap.tests\bin\debug\net7.0\quicklap.tests.dll" id="39734f60-401d-f84c-7987-74bb30b8c344">
      <Execution id="70b7223b-3cb9-4e65-9599-91ad95a7de19" />
      <TestMethod codeBase="C:\repos\QuickLap\QuickLap.Tests\bin\Debug\net7.0\QuickLap.Tests.dll" adapterTypeName="executor://xunit/VsTestRunner2/netcoreapp" className="QuickLap.Tests.TempDatabase.WithClassFixture.UserRepositoryTests" name="CompleteProfileAsync_ShouldThrowNotFoundException_WhenUserDoesNotExist" />
    </UnitTest>
    <UnitTest name="QuickLap.Tests.InMemory.WithClassFixture.ProductRepositoryTests.AddProductAsync_ShouldAddProductAndReturnProductId" storage="c:\repos\quicklap\quicklap.tests\bin\debug\net7.0\quicklap.tests.dll" id="87948de4-9d20-5a73-e5b9-b63baec58b80">
      <Execution id="ff38081d-34c8-43c7-a71f-0db15c586dd0" />
      <TestMethod codeBase="C:\repos\QuickLap\QuickLap.Tests\bin\Debug\net7.0\QuickLap.Tests.dll" adapterTypeName="executor://xunit/VsTestRunner2/netcoreapp" className="QuickLap.Tests.InMemory.WithClassFixture.ProductRepositoryTests" name="AddProductAsync_ShouldAddProductAndReturnProductId" />
    </UnitTest>
    <UnitTest name="QuickLap.Tests.InMemory.WithClassFixture.OrderRepositoryTests.CreateOrderAsync_ShouldCreateOrderAndReturnOrderId" storage="c:\repos\quicklap\quicklap.tests\bin\debug\net7.0\quicklap.tests.dll" id="46cd4733-3f00-6947-5995-d24d8e6c32b3">
      <Execution id="92ced28a-f7fe-4def-a27c-e25ea5007354" />
      <TestMethod codeBase="C:\repos\QuickLap\QuickLap.Tests\bin\Debug\net7.0\QuickLap.Tests.dll" adapterTypeName="executor://xunit/VsTestRunner2/netcoreapp" className="QuickLap.Tests.InMemory.WithClassFixture.OrderRepositoryTests" name="CreateOrderAsync_ShouldCreateOrderAndReturnOrderId" />
    </UnitTest>
    <UnitTest name="QuickLap.Tests.InMemory.WithoutClassFixture.UserRepositoryTests.RegisterUserAsync_ShouldThrowEntityAlreadyExistsException_WhenUserWithEmailAlreadyExists" storage="c:\repos\quicklap\quicklap.tests\bin\debug\net7.0\quicklap.tests.dll" id="3b75b512-251c-f426-eca2-062a7bced349">
      <Execution id="eff3e70b-07af-48fd-81c7-bf634fe8c7aa" />
      <TestMethod codeBase="C:\repos\QuickLap\QuickLap.Tests\bin\Debug\net7.0\QuickLap.Tests.dll" adapterTypeName="executor://xunit/VsTestRunner2/netcoreapp" className="QuickLap.Tests.InMemory.WithoutClassFixture.UserRepositoryTests" name="RegisterUserAsync_ShouldThrowEntityAlreadyExistsException_WhenUserWithEmailAlreadyExists" />
    </UnitTest>
    <UnitTest name="QuickLap.Tests.TempDatabase.WithClassFixture.CustomerRepositoryTests.RegisterCustomerAsync_ShouldRegisterCustomerAndReturnCustomerId" storage="c:\repos\quicklap\quicklap.tests\bin\debug\net7.0\quicklap.tests.dll" id="5a7c2469-1e04-f5dc-baac-f6dfaa1d46e4">
      <Execution id="6281e1c2-02d8-421a-83aa-f40daef123f4" />
      <TestMethod codeBase="C:\repos\QuickLap\QuickLap.Tests\bin\Debug\net7.0\QuickLap.Tests.dll" adapterTypeName="executor://xunit/VsTestRunner2/netcoreapp" className="QuickLap.Tests.TempDatabase.WithClassFixture.CustomerRepositoryTests" name="RegisterCustomerAsync_ShouldRegisterCustomerAndReturnCustomerId" />
    </UnitTest>
    <UnitTest name="QuickLap.Tests.InMemory.WithClassFixture.CustomerRepositoryTests.RegisterCustomerAsync_ShouldThrowEntityAlreadyExistsException_WhenCustomerWithEmailAlreadyExists" storage="c:\repos\quicklap\quicklap.tests\bin\debug\net7.0\quicklap.tests.dll" id="8a0bfc88-7ee3-3d0b-4a12-3a518ab90276">
      <Execution id="d8a36f69-c740-4b03-9474-84c27834df7d" />
      <TestMethod codeBase="C:\repos\QuickLap\QuickLap.Tests\bin\Debug\net7.0\QuickLap.Tests.dll" adapterTypeName="executor://xunit/VsTestRunner2/netcoreapp" className="QuickLap.Tests.InMemory.WithClassFixture.CustomerRepositoryTests" name="RegisterCustomerAsync_ShouldThrowEntityAlreadyExistsException_WhenCustomerWithEmailAlreadyExists" />
    </UnitTest>
    <UnitTest name="QuickLap.Tests.InMemory.WithoutClassFixture.ProductRepositoryTests.AddProductAsync_ShouldAddProductAndReturnProductId" storage="c:\repos\quicklap\quicklap.tests\bin\debug\net7.0\quicklap.tests.dll" id="40c86054-1385-fad6-2667-fe02b9793bec">
      <Execution id="da469ce3-a630-4a14-ab4a-2645c7c6eac4" />
      <TestMethod codeBase="C:\repos\QuickLap\QuickLap.Tests\bin\Debug\net7.0\QuickLap.Tests.dll" adapterTypeName="executor://xunit/VsTestRunner2/netcoreapp" className="QuickLap.Tests.InMemory.WithoutClassFixture.ProductRepositoryTests" name="AddProductAsync_ShouldAddProductAndReturnProductId" />
    </UnitTest>
    <UnitTest name="QuickLap.Tests.InMemory.WithClassFixture.ProductRepositoryTests.GetByIdAsync_ShouldThrowNotFoundException_WhenProductDoesNotExist" storage="c:\repos\quicklap\quicklap.tests\bin\debug\net7.0\quicklap.tests.dll" id="b4542277-6809-6c2d-048c-f7cc829b890f">
      <Execution id="587c79e9-cdfc-4e4d-9451-fe5541e92395" />
      <TestMethod codeBase="C:\repos\QuickLap\QuickLap.Tests\bin\Debug\net7.0\QuickLap.Tests.dll" adapterTypeName="executor://xunit/VsTestRunner2/netcoreapp" className="QuickLap.Tests.InMemory.WithClassFixture.ProductRepositoryTests" name="GetByIdAsync_ShouldThrowNotFoundException_WhenProductDoesNotExist" />
    </UnitTest>
    <UnitTest name="QuickLap.Tests.TempDatabase.WithClassFixture.UserRepositoryTests.LoginAsync_ShouldReturnTrue_WhenUserExistsWithMatchingCredentials" storage="c:\repos\quicklap\quicklap.tests\bin\debug\net7.0\quicklap.tests.dll" id="c884c42f-7db6-eac8-2502-dfd7a63da7ae">
      <Execution id="7fd9b16a-c957-4af3-a536-43771c57f7e6" />
      <TestMethod codeBase="C:\repos\QuickLap\QuickLap.Tests\bin\Debug\net7.0\QuickLap.Tests.dll" adapterTypeName="executor://xunit/VsTestRunner2/netcoreapp" className="QuickLap.Tests.TempDatabase.WithClassFixture.UserRepositoryTests" name="LoginAsync_ShouldReturnTrue_WhenUserExistsWithMatchingCredentials" />
    </UnitTest>
    <UnitTest name="QuickLap.Tests.InMemory.WithoutClassFixture.CustomerRepositoryTests.RegisterCustomerAsync_ShouldRegisterCustomerAndReturnCustomerId" storage="c:\repos\quicklap\quicklap.tests\bin\debug\net7.0\quicklap.tests.dll" id="4f69fe12-90de-841d-6b23-9fab0acbe0d1">
      <Execution id="4f18a592-97de-4cc7-b6d1-d20031a57442" />
      <TestMethod codeBase="C:\repos\QuickLap\QuickLap.Tests\bin\Debug\net7.0\QuickLap.Tests.dll" adapterTypeName="executor://xunit/VsTestRunner2/netcoreapp" className="QuickLap.Tests.InMemory.WithoutClassFixture.CustomerRepositoryTests" name="RegisterCustomerAsync_ShouldRegisterCustomerAndReturnCustomerId" />
    </UnitTest>
    <UnitTest name="QuickLap.Tests.InMemory.WithClassFixture.UserRepositoryTests.RegisterUserAsync_ShouldAddNewUserAndReturnUserId" storage="c:\repos\quicklap\quicklap.tests\bin\debug\net7.0\quicklap.tests.dll" id="d54318f1-4ee1-ea7d-c831-d97ce15fd952">
      <Execution id="9746f4e3-9b1d-49d6-91d4-3f8b8084777d" />
      <TestMethod codeBase="C:\repos\QuickLap\QuickLap.Tests\bin\Debug\net7.0\QuickLap.Tests.dll" adapterTypeName="executor://xunit/VsTestRunner2/netcoreapp" className="QuickLap.Tests.InMemory.WithClassFixture.UserRepositoryTests" name="RegisterUserAsync_ShouldAddNewUserAndReturnUserId" />
    </UnitTest>
    <UnitTest name="QuickLap.Tests.InMemory.WithClassFixture.ProductRepositoryTests.GetAllAsync_ShouldReturnListOfProducts" storage="c:\repos\quicklap\quicklap.tests\bin\debug\net7.0\quicklap.tests.dll" id="0b54f752-dd2f-3968-0389-a10204700fe8">
      <Execution id="e0c5513b-e157-4487-b556-5862424e45a1" />
      <TestMethod codeBase="C:\repos\QuickLap\QuickLap.Tests\bin\Debug\net7.0\QuickLap.Tests.dll" adapterTypeName="executor://xunit/VsTestRunner2/netcoreapp" className="QuickLap.Tests.InMemory.WithClassFixture.ProductRepositoryTests" name="GetAllAsync_ShouldReturnListOfProducts" />
    </UnitTest>
    <UnitTest name="QuickLap.Tests.TempDatabase.WithClassFixture.UserRepositoryTests.LoginAsync_ShouldReturnFalse_WhenUserDoesNotExistWithMatchingCredentials" storage="c:\repos\quicklap\quicklap.tests\bin\debug\net7.0\quicklap.tests.dll" id="d1b45ebd-f980-5fd0-5274-b58e4f0e2775">
      <Execution id="9ad9c28f-9a64-4f49-8102-086e02f184ac" />
      <TestMethod codeBase="C:\repos\QuickLap\QuickLap.Tests\bin\Debug\net7.0\QuickLap.Tests.dll" adapterTypeName="executor://xunit/VsTestRunner2/netcoreapp" className="QuickLap.Tests.TempDatabase.WithClassFixture.UserRepositoryTests" name="LoginAsync_ShouldReturnFalse_WhenUserDoesNotExistWithMatchingCredentials" />
    </UnitTest>
    <UnitTest name="QuickLap.Tests.InMemory.WithoutClassFixture.UserRepositoryTests.LoginAsync_ShouldReturnTrue_WhenUserExistsWithMatchingCredentials" storage="c:\repos\quicklap\quicklap.tests\bin\debug\net7.0\quicklap.tests.dll" id="17ad132b-5f7c-912f-f4c3-4ece8c258e12">
      <Execution id="00e7d70d-25d3-433b-9366-5e71a89a0664" />
      <TestMethod codeBase="C:\repos\QuickLap\QuickLap.Tests\bin\Debug\net7.0\QuickLap.Tests.dll" adapterTypeName="executor://xunit/VsTestRunner2/netcoreapp" className="QuickLap.Tests.InMemory.WithoutClassFixture.UserRepositoryTests" name="LoginAsync_ShouldReturnTrue_WhenUserExistsWithMatchingCredentials" />
    </UnitTest>
    <UnitTest name="QuickLap.Tests.InMemory.WithoutClassFixture.UserRepositoryTests.CompleteProfileAsync_ShouldUpdateUserDetails_WhenUserExists" storage="c:\repos\quicklap\quicklap.tests\bin\debug\net7.0\quicklap.tests.dll" id="6c74461b-c721-c6fa-74ed-1a09f55f2b69">
      <Execution id="66b7db72-2fcf-4347-9efd-15701007b201" />
      <TestMethod codeBase="C:\repos\QuickLap\QuickLap.Tests\bin\Debug\net7.0\QuickLap.Tests.dll" adapterTypeName="executor://xunit/VsTestRunner2/netcoreapp" className="QuickLap.Tests.InMemory.WithoutClassFixture.UserRepositoryTests" name="CompleteProfileAsync_ShouldUpdateUserDetails_WhenUserExists" />
    </UnitTest>
    <UnitTest name="QuickLap.Tests.TempDatabase.WithoutClassFixture.ProductRepositoryTests.GetAllAsync_ShouldReturnListOfProducts" storage="c:\repos\quicklap\quicklap.tests\bin\debug\net7.0\quicklap.tests.dll" id="f4fde79a-7299-05a3-237e-926ead7d2471">
      <Execution id="625890b9-4647-4fca-888b-10022b5782ef" />
      <TestMethod codeBase="C:\repos\QuickLap\QuickLap.Tests\bin\Debug\net7.0\QuickLap.Tests.dll" adapterTypeName="executor://xunit/VsTestRunner2/netcoreapp" className="QuickLap.Tests.TempDatabase.WithoutClassFixture.ProductRepositoryTests" name="GetAllAsync_ShouldReturnListOfProducts" />
    </UnitTest>
    <UnitTest name="QuickLap.Tests.InMemory.WithoutClassFixture.ProductRepositoryTests.GetAllAsync_ShouldReturnListOfProducts" storage="c:\repos\quicklap\quicklap.tests\bin\debug\net7.0\quicklap.tests.dll" id="1b5f022a-5d30-81ba-1561-a3d481ccfa87">
      <Execution id="6c5cdd05-743c-4ed0-89be-c9d9f61d1fb5" />
      <TestMethod codeBase="C:\repos\QuickLap\QuickLap.Tests\bin\Debug\net7.0\QuickLap.Tests.dll" adapterTypeName="executor://xunit/VsTestRunner2/netcoreapp" className="QuickLap.Tests.InMemory.WithoutClassFixture.ProductRepositoryTests" name="GetAllAsync_ShouldReturnListOfProducts" />
    </UnitTest>
    <UnitTest name="QuickLap.Tests.TempDatabase.WithoutClassFixture.UserRepositoryTests.LoginAsync_ShouldReturnTrue_WhenUserExistsWithMatchingCredentials" storage="c:\repos\quicklap\quicklap.tests\bin\debug\net7.0\quicklap.tests.dll" id="55aac076-097c-3f88-8435-383763ce4eb7">
      <Execution id="bf5af9d4-727b-4846-b904-ae847945304b" />
      <TestMethod codeBase="C:\repos\QuickLap\QuickLap.Tests\bin\Debug\net7.0\QuickLap.Tests.dll" adapterTypeName="executor://xunit/VsTestRunner2/netcoreapp" className="QuickLap.Tests.TempDatabase.WithoutClassFixture.UserRepositoryTests" name="LoginAsync_ShouldReturnTrue_WhenUserExistsWithMatchingCredentials" />
    </UnitTest>
    <UnitTest name="QuickLap.Tests.InMemory.WithClassFixture.UserRepositoryTests.CompleteProfileAsync_ShouldUpdateUserDetails_WhenUserExists" storage="c:\repos\quicklap\quicklap.tests\bin\debug\net7.0\quicklap.tests.dll" id="3b338677-1775-15e6-a14f-4766662acc57">
      <Execution id="1a95ba84-e9ba-4ca4-9126-a1edeac99482" />
      <TestMethod codeBase="C:\repos\QuickLap\QuickLap.Tests\bin\Debug\net7.0\QuickLap.Tests.dll" adapterTypeName="executor://xunit/VsTestRunner2/netcoreapp" className="QuickLap.Tests.InMemory.WithClassFixture.UserRepositoryTests" name="CompleteProfileAsync_ShouldUpdateUserDetails_WhenUserExists" />
    </UnitTest>
    <UnitTest name="QuickLap.Tests.InMemory.WithoutClassFixture.OrderRepositoryTests.AddOrderItemAsync_ShouldIncrementOrderItem_WhenOrderAlreadyHasProduct" storage="c:\repos\quicklap\quicklap.tests\bin\debug\net7.0\quicklap.tests.dll" id="e3a06078-0b50-7fbf-f666-aaffc96526a5">
      <Execution id="53ece6d9-50a7-4a56-a2ee-16b638f37144" />
      <TestMethod codeBase="C:\repos\QuickLap\QuickLap.Tests\bin\Debug\net7.0\QuickLap.Tests.dll" adapterTypeName="executor://xunit/VsTestRunner2/netcoreapp" className="QuickLap.Tests.InMemory.WithoutClassFixture.OrderRepositoryTests" name="AddOrderItemAsync_ShouldIncrementOrderItem_WhenOrderAlreadyHasProduct" />
    </UnitTest>
    <UnitTest name="QuickLap.Tests.TempDatabase.WithoutClassFixture.ProductRepositoryTests.AddProductAsync_ShouldAddProductAndReturnProductId" storage="c:\repos\quicklap\quicklap.tests\bin\debug\net7.0\quicklap.tests.dll" id="6956cea8-3b70-ab4d-0a70-44021c4d03be">
      <Execution id="3dfb1b34-2adc-4708-8655-b5c16dcd5e50" />
      <TestMethod codeBase="C:\repos\QuickLap\QuickLap.Tests\bin\Debug\net7.0\QuickLap.Tests.dll" adapterTypeName="executor://xunit/VsTestRunner2/netcoreapp" className="QuickLap.Tests.TempDatabase.WithoutClassFixture.ProductRepositoryTests" name="AddProductAsync_ShouldAddProductAndReturnProductId" />
    </UnitTest>
    <UnitTest name="QuickLap.Tests.InMemory.WithoutClassFixture.ProductRepositoryTests.GetByIdAsync_ShouldThrowNotFoundException_WhenProductDoesNotExist" storage="c:\repos\quicklap\quicklap.tests\bin\debug\net7.0\quicklap.tests.dll" id="5756351e-1cf7-6f28-2835-4cd55f0154d2">
      <Execution id="363a38f0-8268-4c51-8eff-69234c1376a8" />
      <TestMethod codeBase="C:\repos\QuickLap\QuickLap.Tests\bin\Debug\net7.0\QuickLap.Tests.dll" adapterTypeName="executor://xunit/VsTestRunner2/netcoreapp" className="QuickLap.Tests.InMemory.WithoutClassFixture.ProductRepositoryTests" name="GetByIdAsync_ShouldThrowNotFoundException_WhenProductDoesNotExist" />
    </UnitTest>
    <UnitTest name="QuickLap.Tests.TempDatabase.WithClassFixture.OrderRepositoryTests.CreateOrderAsync_ShouldCreateOrderAndReturnOrderId" storage="c:\repos\quicklap\quicklap.tests\bin\debug\net7.0\quicklap.tests.dll" id="62f51c8a-217e-863f-ca17-944dcaffe5fa">
      <Execution id="bad64ed5-79ee-4c95-b6b6-8444506ee244" />
      <TestMethod codeBase="C:\repos\QuickLap\QuickLap.Tests\bin\Debug\net7.0\QuickLap.Tests.dll" adapterTypeName="executor://xunit/VsTestRunner2/netcoreapp" className="QuickLap.Tests.TempDatabase.WithClassFixture.OrderRepositoryTests" name="CreateOrderAsync_ShouldCreateOrderAndReturnOrderId" />
    </UnitTest>
    <UnitTest name="QuickLap.Tests.TempDatabase.WithClassFixture.OrderRepositoryTests.AddOrderItemAsync_ShouldAddOrderItem_WhenOrderDoesntHaveProductYet" storage="c:\repos\quicklap\quicklap.tests\bin\debug\net7.0\quicklap.tests.dll" id="15a30c8d-3a7b-2f18-e0ee-eccdfdcd25a1">
      <Execution id="0947927d-b338-4eba-8539-db1389979ee0" />
      <TestMethod codeBase="C:\repos\QuickLap\QuickLap.Tests\bin\Debug\net7.0\QuickLap.Tests.dll" adapterTypeName="executor://xunit/VsTestRunner2/netcoreapp" className="QuickLap.Tests.TempDatabase.WithClassFixture.OrderRepositoryTests" name="AddOrderItemAsync_ShouldAddOrderItem_WhenOrderDoesntHaveProductYet" />
    </UnitTest>
    <UnitTest name="QuickLap.Tests.InMemory.WithoutClassFixture.OrderRepositoryTests.CreateOrderAsync_ShouldCreateOrderAndReturnOrderId" storage="c:\repos\quicklap\quicklap.tests\bin\debug\net7.0\quicklap.tests.dll" id="2c7f51d8-210a-701e-efee-996d6690a153">
      <Execution id="f1a7694f-06c8-4758-83db-496a458178dc" />
      <TestMethod codeBase="C:\repos\QuickLap\QuickLap.Tests\bin\Debug\net7.0\QuickLap.Tests.dll" adapterTypeName="executor://xunit/VsTestRunner2/netcoreapp" className="QuickLap.Tests.InMemory.WithoutClassFixture.OrderRepositoryTests" name="CreateOrderAsync_ShouldCreateOrderAndReturnOrderId" />
    </UnitTest>
    <UnitTest name="QuickLap.Tests.InMemory.WithoutClassFixture.ProductRepositoryTests.GetByIdAsync_ShouldReturnProduct_WhenProductExists" storage="c:\repos\quicklap\quicklap.tests\bin\debug\net7.0\quicklap.tests.dll" id="75dbc904-454d-3fba-c563-bb7ebffd7ca8">
      <Execution id="b02cd302-4a14-4c52-8f73-6986dac74185" />
      <TestMethod codeBase="C:\repos\QuickLap\QuickLap.Tests\bin\Debug\net7.0\QuickLap.Tests.dll" adapterTypeName="executor://xunit/VsTestRunner2/netcoreapp" className="QuickLap.Tests.InMemory.WithoutClassFixture.ProductRepositoryTests" name="GetByIdAsync_ShouldReturnProduct_WhenProductExists" />
    </UnitTest>
    <UnitTest name="QuickLap.Tests.InMemory.WithClassFixture.UserRepositoryTests.LoginAsync_ShouldReturnFalse_WhenUserDoesNotExistWithMatchingCredentials" storage="c:\repos\quicklap\quicklap.tests\bin\debug\net7.0\quicklap.tests.dll" id="9c8225fd-c605-93c4-36cc-b14173f9b898">
      <Execution id="39e88dec-dec2-4ac0-a89e-dd7f8651fe1a" />
      <TestMethod codeBase="C:\repos\QuickLap\QuickLap.Tests\bin\Debug\net7.0\QuickLap.Tests.dll" adapterTypeName="executor://xunit/VsTestRunner2/netcoreapp" className="QuickLap.Tests.InMemory.WithClassFixture.UserRepositoryTests" name="LoginAsync_ShouldReturnFalse_WhenUserDoesNotExistWithMatchingCredentials" />
    </UnitTest>
    <UnitTest name="QuickLap.Tests.TempDatabase.WithClassFixture.UserRepositoryTests.CompleteProfileAsync_ShouldUpdateUserDetails_WhenUserExists" storage="c:\repos\quicklap\quicklap.tests\bin\debug\net7.0\quicklap.tests.dll" id="ae353b48-4582-95f4-6ed3-77358877b5d5">
      <Execution id="f8873e8b-6e12-4b61-8d77-0c63f688277b" />
      <TestMethod codeBase="C:\repos\QuickLap\QuickLap.Tests\bin\Debug\net7.0\QuickLap.Tests.dll" adapterTypeName="executor://xunit/VsTestRunner2/netcoreapp" className="QuickLap.Tests.TempDatabase.WithClassFixture.UserRepositoryTests" name="CompleteProfileAsync_ShouldUpdateUserDetails_WhenUserExists" />
    </UnitTest>
    <UnitTest name="QuickLap.Tests.TempDatabase.WithoutClassFixture.UserRepositoryTests.CompleteProfileAsync_ShouldThrowNotFoundException_WhenUserDoesNotExist" storage="c:\repos\quicklap\quicklap.tests\bin\debug\net7.0\quicklap.tests.dll" id="995d70cd-2baa-a5b0-5fca-b41d05709a0d">
      <Execution id="90a654f2-1409-4aff-8373-1bcec480abf5" />
      <TestMethod codeBase="C:\repos\QuickLap\QuickLap.Tests\bin\Debug\net7.0\QuickLap.Tests.dll" adapterTypeName="executor://xunit/VsTestRunner2/netcoreapp" className="QuickLap.Tests.TempDatabase.WithoutClassFixture.UserRepositoryTests" name="CompleteProfileAsync_ShouldThrowNotFoundException_WhenUserDoesNotExist" />
    </UnitTest>
    <UnitTest name="QuickLap.Tests.TempDatabase.WithClassFixture.CustomerRepositoryTests.RegisterCustomerAsync_ShouldThrowEntityAlreadyExistsException_WhenCustomerWithEmailAlreadyExists" storage="c:\repos\quicklap\quicklap.tests\bin\debug\net7.0\quicklap.tests.dll" id="1ca4d800-a8da-27e1-b1e3-d6e6f0fadfa2">
      <Execution id="a831a075-1ee8-476f-b0d8-5e7b54301fd4" />
      <TestMethod codeBase="C:\repos\QuickLap\QuickLap.Tests\bin\Debug\net7.0\QuickLap.Tests.dll" adapterTypeName="executor://xunit/VsTestRunner2/netcoreapp" className="QuickLap.Tests.TempDatabase.WithClassFixture.CustomerRepositoryTests" name="RegisterCustomerAsync_ShouldThrowEntityAlreadyExistsException_WhenCustomerWithEmailAlreadyExists" />
    </UnitTest>
    <UnitTest name="QuickLap.Tests.TempDatabase.WithClassFixture.UserRepositoryTests.RegisterUserAsync_ShouldAddNewUserAndReturnUserId" storage="c:\repos\quicklap\quicklap.tests\bin\debug\net7.0\quicklap.tests.dll" id="bcccf3df-639e-e23d-1a55-0702a2507011">
      <Execution id="88299909-feea-4370-8d21-eefbaafe2555" />
      <TestMethod codeBase="C:\repos\QuickLap\QuickLap.Tests\bin\Debug\net7.0\QuickLap.Tests.dll" adapterTypeName="executor://xunit/VsTestRunner2/netcoreapp" className="QuickLap.Tests.TempDatabase.WithClassFixture.UserRepositoryTests" name="RegisterUserAsync_ShouldAddNewUserAndReturnUserId" />
    </UnitTest>
    <UnitTest name="QuickLap.Tests.TempDatabase.WithClassFixture.ProductRepositoryTests.GetByIdAsync_ShouldReturnProduct_WhenProductExists" storage="c:\repos\quicklap\quicklap.tests\bin\debug\net7.0\quicklap.tests.dll" id="a776eefd-6596-e19f-c31f-844ddaf01d85">
      <Execution id="ddc8cf1a-9e5f-4dbe-b54f-6c8057f199a3" />
      <TestMethod codeBase="C:\repos\QuickLap\QuickLap.Tests\bin\Debug\net7.0\QuickLap.Tests.dll" adapterTypeName="executor://xunit/VsTestRunner2/netcoreapp" className="QuickLap.Tests.TempDatabase.WithClassFixture.ProductRepositoryTests" name="GetByIdAsync_ShouldReturnProduct_WhenProductExists" />
    </UnitTest>
    <UnitTest name="QuickLap.Tests.TempDatabase.WithoutClassFixture.UserRepositoryTests.RegisterUserAsync_ShouldThrowEntityAlreadyExistsException_WhenUserWithEmailAlreadyExists" storage="c:\repos\quicklap\quicklap.tests\bin\debug\net7.0\quicklap.tests.dll" id="7b19220b-bf5e-9c34-1517-803d7389fc6d">
      <Execution id="8c7c11cd-9872-41bf-ae5e-c95835faee7f" />
      <TestMethod codeBase="C:\repos\QuickLap\QuickLap.Tests\bin\Debug\net7.0\QuickLap.Tests.dll" adapterTypeName="executor://xunit/VsTestRunner2/netcoreapp" className="QuickLap.Tests.TempDatabase.WithoutClassFixture.UserRepositoryTests" name="RegisterUserAsync_ShouldThrowEntityAlreadyExistsException_WhenUserWithEmailAlreadyExists" />
    </UnitTest>
    <UnitTest name="QuickLap.Tests.TempDatabase.WithoutClassFixture.ProductRepositoryTests.GetByIdAsync_ShouldReturnProduct_WhenProductExists" storage="c:\repos\quicklap\quicklap.tests\bin\debug\net7.0\quicklap.tests.dll" id="c8848481-7ad0-8453-ece5-9433c79d6bfd">
      <Execution id="a52a2291-6759-4dd9-90f3-bc63887c31df" />
      <TestMethod codeBase="C:\repos\QuickLap\QuickLap.Tests\bin\Debug\net7.0\QuickLap.Tests.dll" adapterTypeName="executor://xunit/VsTestRunner2/netcoreapp" className="QuickLap.Tests.TempDatabase.WithoutClassFixture.ProductRepositoryTests" name="GetByIdAsync_ShouldReturnProduct_WhenProductExists" />
    </UnitTest>
    <UnitTest name="QuickLap.Tests.InMemory.WithClassFixture.UserRepositoryTests.RegisterUserAsync_ShouldThrowEntityAlreadyExistsException_WhenUserWithEmailAlreadyExists" storage="c:\repos\quicklap\quicklap.tests\bin\debug\net7.0\quicklap.tests.dll" id="cc4f8100-58c9-5b75-1d07-4ffac49e0314">
      <Execution id="62f5d22e-d9ab-4150-aa8a-3f22540c8041" />
      <TestMethod codeBase="C:\repos\QuickLap\QuickLap.Tests\bin\Debug\net7.0\QuickLap.Tests.dll" adapterTypeName="executor://xunit/VsTestRunner2/netcoreapp" className="QuickLap.Tests.InMemory.WithClassFixture.UserRepositoryTests" name="RegisterUserAsync_ShouldThrowEntityAlreadyExistsException_WhenUserWithEmailAlreadyExists" />
    </UnitTest>
    <UnitTest name="QuickLap.Tests.InMemory.WithoutClassFixture.UserRepositoryTests.LoginAsync_ShouldReturnFalse_WhenUserDoesNotExistWithMatchingCredentials" storage="c:\repos\quicklap\quicklap.tests\bin\debug\net7.0\quicklap.tests.dll" id="6fe46184-1535-b2e1-5609-eae0409a9281">
      <Execution id="1a7097a9-deac-4943-9d10-cdaa89663f3c" />
      <TestMethod codeBase="C:\repos\QuickLap\QuickLap.Tests\bin\Debug\net7.0\QuickLap.Tests.dll" adapterTypeName="executor://xunit/VsTestRunner2/netcoreapp" className="QuickLap.Tests.InMemory.WithoutClassFixture.UserRepositoryTests" name="LoginAsync_ShouldReturnFalse_WhenUserDoesNotExistWithMatchingCredentials" />
    </UnitTest>
    <UnitTest name="QuickLap.Tests.TempDatabase.WithoutClassFixture.UserRepositoryTests.LoginAsync_ShouldReturnFalse_WhenUserDoesNotExistWithMatchingCredentials" storage="c:\repos\quicklap\quicklap.tests\bin\debug\net7.0\quicklap.tests.dll" id="f69291b4-d9ff-622f-6c5a-ed33c0734cd5">
      <Execution id="03e3e4f4-2a9f-4908-a02e-142ff108ff45" />
      <TestMethod codeBase="C:\repos\QuickLap\QuickLap.Tests\bin\Debug\net7.0\QuickLap.Tests.dll" adapterTypeName="executor://xunit/VsTestRunner2/netcoreapp" className="QuickLap.Tests.TempDatabase.WithoutClassFixture.UserRepositoryTests" name="LoginAsync_ShouldReturnFalse_WhenUserDoesNotExistWithMatchingCredentials" />
    </UnitTest>
    <UnitTest name="QuickLap.Tests.TempDatabase.WithoutClassFixture.OrderRepositoryTests.AddOrderItemAsync_ShouldAddOrderItem_WhenOrderDoesntHaveProductYet" storage="c:\repos\quicklap\quicklap.tests\bin\debug\net7.0\quicklap.tests.dll" id="e2503fc9-71c3-5edf-9444-22f1ede2d00c">
      <Execution id="2fd33c90-62b7-4abe-9884-3b70cf3a965f" />
      <TestMethod codeBase="C:\repos\QuickLap\QuickLap.Tests\bin\Debug\net7.0\QuickLap.Tests.dll" adapterTypeName="executor://xunit/VsTestRunner2/netcoreapp" className="QuickLap.Tests.TempDatabase.WithoutClassFixture.OrderRepositoryTests" name="AddOrderItemAsync_ShouldAddOrderItem_WhenOrderDoesntHaveProductYet" />
    </UnitTest>
    <UnitTest name="QuickLap.Tests.InMemory.WithClassFixture.CustomerRepositoryTests.RegisterCustomerAsync_ShouldRegisterCustomerAndReturnCustomerId" storage="c:\repos\quicklap\quicklap.tests\bin\debug\net7.0\quicklap.tests.dll" id="482aa2ce-7d31-9887-f0e4-d179e27c2ce8">
      <Execution id="243bf450-7180-4aa4-9a77-86fbd3e3cc92" />
      <TestMethod codeBase="C:\repos\QuickLap\QuickLap.Tests\bin\Debug\net7.0\QuickLap.Tests.dll" adapterTypeName="executor://xunit/VsTestRunner2/netcoreapp" className="QuickLap.Tests.InMemory.WithClassFixture.CustomerRepositoryTests" name="RegisterCustomerAsync_ShouldRegisterCustomerAndReturnCustomerId" />
    </UnitTest>
    <UnitTest name="QuickLap.Tests.InMemory.WithClassFixture.OrderRepositoryTests.AddOrderItemAsync_ShouldIncrementOrderItem_WhenOrderAlreadyHasProduct" storage="c:\repos\quicklap\quicklap.tests\bin\debug\net7.0\quicklap.tests.dll" id="cb1fe8fb-11af-cc48-d956-4ad557f4be3f">
      <Execution id="a5f65fbb-a0ae-42d2-a91b-924f1e7272d6" />
      <TestMethod codeBase="C:\repos\QuickLap\QuickLap.Tests\bin\Debug\net7.0\QuickLap.Tests.dll" adapterTypeName="executor://xunit/VsTestRunner2/netcoreapp" className="QuickLap.Tests.InMemory.WithClassFixture.OrderRepositoryTests" name="AddOrderItemAsync_ShouldIncrementOrderItem_WhenOrderAlreadyHasProduct" />
    </UnitTest>
    <UnitTest name="QuickLap.Tests.TempDatabase.WithoutClassFixture.ProductRepositoryTests.GetByIdAsync_ShouldThrowNotFoundException_WhenProductDoesNotExist" storage="c:\repos\quicklap\quicklap.tests\bin\debug\net7.0\quicklap.tests.dll" id="1ce97ed8-fb10-3854-70b8-17871fddcff4">
      <Execution id="87537748-e90f-4a3f-82f5-2ee2396f6aa9" />
      <TestMethod codeBase="C:\repos\QuickLap\QuickLap.Tests\bin\Debug\net7.0\QuickLap.Tests.dll" adapterTypeName="executor://xunit/VsTestRunner2/netcoreapp" className="QuickLap.Tests.TempDatabase.WithoutClassFixture.ProductRepositoryTests" name="GetByIdAsync_ShouldThrowNotFoundException_WhenProductDoesNotExist" />
    </UnitTest>
    <UnitTest name="QuickLap.Tests.TempDatabase.WithoutClassFixture.OrderRepositoryTests.CreateOrderAsync_ShouldCreateOrderAndReturnOrderId" storage="c:\repos\quicklap\quicklap.tests\bin\debug\net7.0\quicklap.tests.dll" id="3e21f879-ddde-e3cc-eecb-52ab7bff2b5f">
      <Execution id="284e510d-ba3d-4caa-b7cb-44bcb6c4fbfb" />
      <TestMethod codeBase="C:\repos\QuickLap\QuickLap.Tests\bin\Debug\net7.0\QuickLap.Tests.dll" adapterTypeName="executor://xunit/VsTestRunner2/netcoreapp" className="QuickLap.Tests.TempDatabase.WithoutClassFixture.OrderRepositoryTests" name="CreateOrderAsync_ShouldCreateOrderAndReturnOrderId" />
    </UnitTest>
    <UnitTest name="QuickLap.Tests.TempDatabase.WithClassFixture.ProductRepositoryTests.GetAllAsync_ShouldReturnListOfProducts" storage="c:\repos\quicklap\quicklap.tests\bin\debug\net7.0\quicklap.tests.dll" id="5620cac4-1a62-1cbb-b4d5-46e269ca5a0e">
      <Execution id="6704dd33-749c-4aeb-84e2-47ed8fff87e5" />
      <TestMethod codeBase="C:\repos\QuickLap\QuickLap.Tests\bin\Debug\net7.0\QuickLap.Tests.dll" adapterTypeName="executor://xunit/VsTestRunner2/netcoreapp" className="QuickLap.Tests.TempDatabase.WithClassFixture.ProductRepositoryTests" name="GetAllAsync_ShouldReturnListOfProducts" />
    </UnitTest>
    <UnitTest name="QuickLap.Tests.TempDatabase.WithoutClassFixture.OrderRepositoryTests.AddOrderItemAsync_ShouldIncrementOrderItem_WhenOrderAlreadyHasProduct" storage="c:\repos\quicklap\quicklap.tests\bin\debug\net7.0\quicklap.tests.dll" id="8fe41210-0ea1-c313-d8e7-2ecca0c2dbd5">
      <Execution id="b2f51ea1-f243-4ccf-bc05-5ced9304f23f" />
      <TestMethod codeBase="C:\repos\QuickLap\QuickLap.Tests\bin\Debug\net7.0\QuickLap.Tests.dll" adapterTypeName="executor://xunit/VsTestRunner2/netcoreapp" className="QuickLap.Tests.TempDatabase.WithoutClassFixture.OrderRepositoryTests" name="AddOrderItemAsync_ShouldIncrementOrderItem_WhenOrderAlreadyHasProduct" />
    </UnitTest>
    <UnitTest name="QuickLap.Tests.InMemory.WithClassFixture.ProductRepositoryTests.GetByIdAsync_ShouldReturnProduct_WhenProductExists" storage="c:\repos\quicklap\quicklap.tests\bin\debug\net7.0\quicklap.tests.dll" id="77dcc98d-6b07-895c-8129-9b4d9c09ef23">
      <Execution id="fff02fe3-8d63-4218-b387-63747f17c17a" />
      <TestMethod codeBase="C:\repos\QuickLap\QuickLap.Tests\bin\Debug\net7.0\QuickLap.Tests.dll" adapterTypeName="executor://xunit/VsTestRunner2/netcoreapp" className="QuickLap.Tests.InMemory.WithClassFixture.ProductRepositoryTests" name="GetByIdAsync_ShouldReturnProduct_WhenProductExists" />
    </UnitTest>
    <UnitTest name="QuickLap.Tests.InMemory.WithoutClassFixture.UserRepositoryTests.CompleteProfileAsync_ShouldThrowNotFoundException_WhenUserDoesNotExist" storage="c:\repos\quicklap\quicklap.tests\bin\debug\net7.0\quicklap.tests.dll" id="e64f1770-c79d-2f14-5308-66c63eb26b9a">
      <Execution id="c0851f6c-c69a-407f-9efa-1b41240e9b34" />
      <TestMethod codeBase="C:\repos\QuickLap\QuickLap.Tests\bin\Debug\net7.0\QuickLap.Tests.dll" adapterTypeName="executor://xunit/VsTestRunner2/netcoreapp" className="QuickLap.Tests.InMemory.WithoutClassFixture.UserRepositoryTests" name="CompleteProfileAsync_ShouldThrowNotFoundException_WhenUserDoesNotExist" />
    </UnitTest>
    <UnitTest name="QuickLap.Tests.TempDatabase.WithClassFixture.ProductRepositoryTests.AddProductAsync_ShouldAddProductAndReturnProductId" storage="c:\repos\quicklap\quicklap.tests\bin\debug\net7.0\quicklap.tests.dll" id="024fae90-899a-19fa-0c93-3ef90e82a44f">
      <Execution id="bde5731b-35f4-4f71-ab34-50b7b3e023f4" />
      <TestMethod codeBase="C:\repos\QuickLap\QuickLap.Tests\bin\Debug\net7.0\QuickLap.Tests.dll" adapterTypeName="executor://xunit/VsTestRunner2/netcoreapp" className="QuickLap.Tests.TempDatabase.WithClassFixture.ProductRepositoryTests" name="AddProductAsync_ShouldAddProductAndReturnProductId" />
    </UnitTest>
    <UnitTest name="QuickLap.Tests.InMemory.WithoutClassFixture.CustomerRepositoryTests.RegisterCustomerAsync_ShouldThrowEntityAlreadyExistsException_WhenCustomerWithEmailAlreadyExists" storage="c:\repos\quicklap\quicklap.tests\bin\debug\net7.0\quicklap.tests.dll" id="514b1ae5-96ca-d420-7127-107633ef9f36">
      <Execution id="7135716f-57c1-4a7e-bf05-1c2ae04d0431" />
      <TestMethod codeBase="C:\repos\QuickLap\QuickLap.Tests\bin\Debug\net7.0\QuickLap.Tests.dll" adapterTypeName="executor://xunit/VsTestRunner2/netcoreapp" className="QuickLap.Tests.InMemory.WithoutClassFixture.CustomerRepositoryTests" name="RegisterCustomerAsync_ShouldThrowEntityAlreadyExistsException_WhenCustomerWithEmailAlreadyExists" />
    </UnitTest>
    <UnitTest name="QuickLap.Tests.TempDatabase.WithClassFixture.UserRepositoryTests.RegisterUserAsync_ShouldThrowEntityAlreadyExistsException_WhenUserWithEmailAlreadyExists" storage="c:\repos\quicklap\quicklap.tests\bin\debug\net7.0\quicklap.tests.dll" id="1ecadd98-b7c7-5952-2d0b-4875486944ab">
      <Execution id="bc424320-f476-41c2-af84-a669b561baf7" />
      <TestMethod codeBase="C:\repos\QuickLap\QuickLap.Tests\bin\Debug\net7.0\QuickLap.Tests.dll" adapterTypeName="executor://xunit/VsTestRunner2/netcoreapp" className="QuickLap.Tests.TempDatabase.WithClassFixture.UserRepositoryTests" name="RegisterUserAsync_ShouldThrowEntityAlreadyExistsException_WhenUserWithEmailAlreadyExists" />
    </UnitTest>
    <UnitTest name="QuickLap.Tests.TempDatabase.WithClassFixture.ProductRepositoryTests.GetByIdAsync_ShouldThrowNotFoundException_WhenProductDoesNotExist" storage="c:\repos\quicklap\quicklap.tests\bin\debug\net7.0\quicklap.tests.dll" id="f9893a2a-2520-d3da-e820-f067a2d2028c">
      <Execution id="79c08866-dc83-4f7d-b4f7-be9c7a89c841" />
      <TestMethod codeBase="C:\repos\QuickLap\QuickLap.Tests\bin\Debug\net7.0\QuickLap.Tests.dll" adapterTypeName="executor://xunit/VsTestRunner2/netcoreapp" className="QuickLap.Tests.TempDatabase.WithClassFixture.ProductRepositoryTests" name="GetByIdAsync_ShouldThrowNotFoundException_WhenProductDoesNotExist" />
    </UnitTest>
    <UnitTest name="QuickLap.Tests.TempDatabase.WithoutClassFixture.CustomerRepositoryTests.RegisterCustomerAsync_ShouldThrowEntityAlreadyExistsException_WhenCustomerWithEmailAlreadyExists" storage="c:\repos\quicklap\quicklap.tests\bin\debug\net7.0\quicklap.tests.dll" id="d763b7c7-90ea-1ab9-0c18-2741901564c6">
      <Execution id="721eb80f-de9a-44db-9ce5-4736e19f58d8" />
      <TestMethod codeBase="C:\repos\QuickLap\QuickLap.Tests\bin\Debug\net7.0\QuickLap.Tests.dll" adapterTypeName="executor://xunit/VsTestRunner2/netcoreapp" className="QuickLap.Tests.TempDatabase.WithoutClassFixture.CustomerRepositoryTests" name="RegisterCustomerAsync_ShouldThrowEntityAlreadyExistsException_WhenCustomerWithEmailAlreadyExists" />
    </UnitTest>
  </TestDefinitions>
  <TestEntries>
    <TestEntry testId="3b75b512-251c-f426-eca2-062a7bced349" executionId="eff3e70b-07af-48fd-81c7-bf634fe8c7aa" testListId="8c84fa94-04c1-424b-9868-57a2d4851a1d" />
    <TestEntry testId="bcccf3df-639e-e23d-1a55-0702a2507011" executionId="88299909-feea-4370-8d21-eefbaafe2555" testListId="8c84fa94-04c1-424b-9868-57a2d4851a1d" />
    <TestEntry testId="f8f79563-3b33-6a2c-4d9d-5921e3775d57" executionId="f4ef7f27-2dc8-4e51-93d6-09e4bbe22b03" testListId="8c84fa94-04c1-424b-9868-57a2d4851a1d" />
    <TestEntry testId="17ad132b-5f7c-912f-f4c3-4ece8c258e12" executionId="00e7d70d-25d3-433b-9366-5e71a89a0664" testListId="8c84fa94-04c1-424b-9868-57a2d4851a1d" />
    <TestEntry testId="f4fde79a-7299-05a3-237e-926ead7d2471" executionId="625890b9-4647-4fca-888b-10022b5782ef" testListId="8c84fa94-04c1-424b-9868-57a2d4851a1d" />
    <TestEntry testId="e3a06078-0b50-7fbf-f666-aaffc96526a5" executionId="53ece6d9-50a7-4a56-a2ee-16b638f37144" testListId="8c84fa94-04c1-424b-9868-57a2d4851a1d" />
    <TestEntry testId="95d06feb-42b2-fa49-f3af-a6f132c45fb9" executionId="a855838b-be65-4a16-91f8-4af986c33ff2" testListId="8c84fa94-04c1-424b-9868-57a2d4851a1d" />
    <TestEntry testId="905d6018-869c-38e0-c062-b2bc05ec69f9" executionId="5353fafb-5357-45ee-9c9d-efcb4b445e69" testListId="8c84fa94-04c1-424b-9868-57a2d4851a1d" />
    <TestEntry testId="77dcc98d-6b07-895c-8129-9b4d9c09ef23" executionId="fff02fe3-8d63-4218-b387-63747f17c17a" testListId="8c84fa94-04c1-424b-9868-57a2d4851a1d" />
    <TestEntry testId="f9893a2a-2520-d3da-e820-f067a2d2028c" executionId="79c08866-dc83-4f7d-b4f7-be9c7a89c841" testListId="8c84fa94-04c1-424b-9868-57a2d4851a1d" />
    <TestEntry testId="0b54f752-dd2f-3968-0389-a10204700fe8" executionId="e0c5513b-e157-4487-b556-5862424e45a1" testListId="8c84fa94-04c1-424b-9868-57a2d4851a1d" />
    <TestEntry testId="ad5d8362-40af-9427-71a3-2f821ca85ab7" executionId="0bf74399-a14d-4a52-90ba-d147d38b810c" testListId="8c84fa94-04c1-424b-9868-57a2d4851a1d" />
    <TestEntry testId="46cd4733-3f00-6947-5995-d24d8e6c32b3" executionId="92ced28a-f7fe-4def-a27c-e25ea5007354" testListId="8c84fa94-04c1-424b-9868-57a2d4851a1d" />
    <TestEntry testId="ae353b48-4582-95f4-6ed3-77358877b5d5" executionId="f8873e8b-6e12-4b61-8d77-0c63f688277b" testListId="8c84fa94-04c1-424b-9868-57a2d4851a1d" />
    <TestEntry testId="b4542277-6809-6c2d-048c-f7cc829b890f" executionId="587c79e9-cdfc-4e4d-9451-fe5541e92395" testListId="8c84fa94-04c1-424b-9868-57a2d4851a1d" />
    <TestEntry testId="6fe46184-1535-b2e1-5609-eae0409a9281" executionId="1a7097a9-deac-4943-9d10-cdaa89663f3c" testListId="8c84fa94-04c1-424b-9868-57a2d4851a1d" />
    <TestEntry testId="c8848481-7ad0-8453-ece5-9433c79d6bfd" executionId="a52a2291-6759-4dd9-90f3-bc63887c31df" testListId="8c84fa94-04c1-424b-9868-57a2d4851a1d" />
    <TestEntry testId="024fae90-899a-19fa-0c93-3ef90e82a44f" executionId="bde5731b-35f4-4f71-ab34-50b7b3e023f4" testListId="8c84fa94-04c1-424b-9868-57a2d4851a1d" />
    <TestEntry testId="acc3284d-1420-0d7b-41bc-aa95c6df0173" executionId="57b82fa2-a975-4dc4-9b1f-9102b83ee8c8" testListId="8c84fa94-04c1-424b-9868-57a2d4851a1d" />
    <TestEntry testId="bdb8d388-b713-24aa-5807-ccebce3003f2" executionId="5adbcb98-7bf9-411e-87cc-92c5921bf292" testListId="8c84fa94-04c1-424b-9868-57a2d4851a1d" />
    <TestEntry testId="cb1fe8fb-11af-cc48-d956-4ad557f4be3f" executionId="a5f65fbb-a0ae-42d2-a91b-924f1e7272d6" testListId="8c84fa94-04c1-424b-9868-57a2d4851a1d" />
    <TestEntry testId="8fe41210-0ea1-c313-d8e7-2ecca0c2dbd5" executionId="b2f51ea1-f243-4ccf-bc05-5ced9304f23f" testListId="8c84fa94-04c1-424b-9868-57a2d4851a1d" />
    <TestEntry testId="91d5ff86-719d-b058-4dd2-8c8cff7f4977" executionId="148e55af-0b29-4fbe-8344-9174ba26175a" testListId="8c84fa94-04c1-424b-9868-57a2d4851a1d" />
    <TestEntry testId="e2503fc9-71c3-5edf-9444-22f1ede2d00c" executionId="2fd33c90-62b7-4abe-9884-3b70cf3a965f" testListId="8c84fa94-04c1-424b-9868-57a2d4851a1d" />
    <TestEntry testId="7b19220b-bf5e-9c34-1517-803d7389fc6d" executionId="8c7c11cd-9872-41bf-ae5e-c95835faee7f" testListId="8c84fa94-04c1-424b-9868-57a2d4851a1d" />
    <TestEntry testId="1ecadd98-b7c7-5952-2d0b-4875486944ab" executionId="bc424320-f476-41c2-af84-a669b561baf7" testListId="8c84fa94-04c1-424b-9868-57a2d4851a1d" />
    <TestEntry testId="87948de4-9d20-5a73-e5b9-b63baec58b80" executionId="ff38081d-34c8-43c7-a71f-0db15c586dd0" testListId="8c84fa94-04c1-424b-9868-57a2d4851a1d" />
    <TestEntry testId="514b1ae5-96ca-d420-7127-107633ef9f36" executionId="7135716f-57c1-4a7e-bf05-1c2ae04d0431" testListId="8c84fa94-04c1-424b-9868-57a2d4851a1d" />
    <TestEntry testId="d1b45ebd-f980-5fd0-5274-b58e4f0e2775" executionId="9ad9c28f-9a64-4f49-8102-086e02f184ac" testListId="8c84fa94-04c1-424b-9868-57a2d4851a1d" />
    <TestEntry testId="15a30c8d-3a7b-2f18-e0ee-eccdfdcd25a1" executionId="0947927d-b338-4eba-8539-db1389979ee0" testListId="8c84fa94-04c1-424b-9868-57a2d4851a1d" />
    <TestEntry testId="5a7c2469-1e04-f5dc-baac-f6dfaa1d46e4" executionId="6281e1c2-02d8-421a-83aa-f40daef123f4" testListId="8c84fa94-04c1-424b-9868-57a2d4851a1d" />
    <TestEntry testId="cc4f8100-58c9-5b75-1d07-4ffac49e0314" executionId="62f5d22e-d9ab-4150-aa8a-3f22540c8041" testListId="8c84fa94-04c1-424b-9868-57a2d4851a1d" />
    <TestEntry testId="4f69fe12-90de-841d-6b23-9fab0acbe0d1" executionId="4f18a592-97de-4cc7-b6d1-d20031a57442" testListId="8c84fa94-04c1-424b-9868-57a2d4851a1d" />
    <TestEntry testId="1ca4d800-a8da-27e1-b1e3-d6e6f0fadfa2" executionId="a831a075-1ee8-476f-b0d8-5e7b54301fd4" testListId="8c84fa94-04c1-424b-9868-57a2d4851a1d" />
    <TestEntry testId="6c74461b-c721-c6fa-74ed-1a09f55f2b69" executionId="66b7db72-2fcf-4347-9efd-15701007b201" testListId="8c84fa94-04c1-424b-9868-57a2d4851a1d" />
    <TestEntry testId="40c86054-1385-fad6-2667-fe02b9793bec" executionId="da469ce3-a630-4a14-ab4a-2645c7c6eac4" testListId="8c84fa94-04c1-424b-9868-57a2d4851a1d" />
    <TestEntry testId="39734f60-401d-f84c-7987-74bb30b8c344" executionId="70b7223b-3cb9-4e65-9599-91ad95a7de19" testListId="8c84fa94-04c1-424b-9868-57a2d4851a1d" />
    <TestEntry testId="a02524af-43bd-b2a2-47ad-803ed7126c48" executionId="8ed57df2-1e1d-4c81-95a6-6744adf54ff2" testListId="8c84fa94-04c1-424b-9868-57a2d4851a1d" />
    <TestEntry testId="5756351e-1cf7-6f28-2835-4cd55f0154d2" executionId="363a38f0-8268-4c51-8eff-69234c1376a8" testListId="8c84fa94-04c1-424b-9868-57a2d4851a1d" />
    <TestEntry testId="f27469e9-43f0-6ebf-d1b9-a71d754c65d0" executionId="dfb00f91-a457-4ff2-b082-3cfa3508c2a4" testListId="8c84fa94-04c1-424b-9868-57a2d4851a1d" />
    <TestEntry testId="8a0bfc88-7ee3-3d0b-4a12-3a518ab90276" executionId="d8a36f69-c740-4b03-9474-84c27834df7d" testListId="8c84fa94-04c1-424b-9868-57a2d4851a1d" />
    <TestEntry testId="d54318f1-4ee1-ea7d-c831-d97ce15fd952" executionId="9746f4e3-9b1d-49d6-91d4-3f8b8084777d" testListId="8c84fa94-04c1-424b-9868-57a2d4851a1d" />
    <TestEntry testId="d763b7c7-90ea-1ab9-0c18-2741901564c6" executionId="721eb80f-de9a-44db-9ce5-4736e19f58d8" testListId="8c84fa94-04c1-424b-9868-57a2d4851a1d" />
    <TestEntry testId="1ce97ed8-fb10-3854-70b8-17871fddcff4" executionId="87537748-e90f-4a3f-82f5-2ee2396f6aa9" testListId="8c84fa94-04c1-424b-9868-57a2d4851a1d" />
    <TestEntry testId="5620cac4-1a62-1cbb-b4d5-46e269ca5a0e" executionId="6704dd33-749c-4aeb-84e2-47ed8fff87e5" testListId="8c84fa94-04c1-424b-9868-57a2d4851a1d" />
    <TestEntry testId="1b5f022a-5d30-81ba-1561-a3d481ccfa87" executionId="6c5cdd05-743c-4ed0-89be-c9d9f61d1fb5" testListId="8c84fa94-04c1-424b-9868-57a2d4851a1d" />
    <TestEntry testId="482aa2ce-7d31-9887-f0e4-d179e27c2ce8" executionId="243bf450-7180-4aa4-9a77-86fbd3e3cc92" testListId="8c84fa94-04c1-424b-9868-57a2d4851a1d" />
    <TestEntry testId="62f51c8a-217e-863f-ca17-944dcaffe5fa" executionId="bad64ed5-79ee-4c95-b6b6-8444506ee244" testListId="8c84fa94-04c1-424b-9868-57a2d4851a1d" />
    <TestEntry testId="e64f1770-c79d-2f14-5308-66c63eb26b9a" executionId="c0851f6c-c69a-407f-9efa-1b41240e9b34" testListId="8c84fa94-04c1-424b-9868-57a2d4851a1d" />
    <TestEntry testId="3e21f879-ddde-e3cc-eecb-52ab7bff2b5f" executionId="284e510d-ba3d-4caa-b7cb-44bcb6c4fbfb" testListId="8c84fa94-04c1-424b-9868-57a2d4851a1d" />
    <TestEntry testId="2c7f51d8-210a-701e-efee-996d6690a153" executionId="f1a7694f-06c8-4758-83db-496a458178dc" testListId="8c84fa94-04c1-424b-9868-57a2d4851a1d" />
    <TestEntry testId="a776eefd-6596-e19f-c31f-844ddaf01d85" executionId="ddc8cf1a-9e5f-4dbe-b54f-6c8057f199a3" testListId="8c84fa94-04c1-424b-9868-57a2d4851a1d" />
    <TestEntry testId="f69291b4-d9ff-622f-6c5a-ed33c0734cd5" executionId="03e3e4f4-2a9f-4908-a02e-142ff108ff45" testListId="8c84fa94-04c1-424b-9868-57a2d4851a1d" />
    <TestEntry testId="6956cea8-3b70-ab4d-0a70-44021c4d03be" executionId="3dfb1b34-2adc-4708-8655-b5c16dcd5e50" testListId="8c84fa94-04c1-424b-9868-57a2d4851a1d" />
    <TestEntry testId="75dbc904-454d-3fba-c563-bb7ebffd7ca8" executionId="b02cd302-4a14-4c52-8f73-6986dac74185" testListId="8c84fa94-04c1-424b-9868-57a2d4851a1d" />
    <TestEntry testId="995d70cd-2baa-a5b0-5fca-b41d05709a0d" executionId="90a654f2-1409-4aff-8373-1bcec480abf5" testListId="8c84fa94-04c1-424b-9868-57a2d4851a1d" />
    <TestEntry testId="3b338677-1775-15e6-a14f-4766662acc57" executionId="1a95ba84-e9ba-4ca4-9126-a1edeac99482" testListId="8c84fa94-04c1-424b-9868-57a2d4851a1d" />
    <TestEntry testId="55aac076-097c-3f88-8435-383763ce4eb7" executionId="bf5af9d4-727b-4846-b904-ae847945304b" testListId="8c84fa94-04c1-424b-9868-57a2d4851a1d" />
    <TestEntry testId="c884c42f-7db6-eac8-2502-dfd7a63da7ae" executionId="7fd9b16a-c957-4af3-a536-43771c57f7e6" testListId="8c84fa94-04c1-424b-9868-57a2d4851a1d" />
    <TestEntry testId="9c8225fd-c605-93c4-36cc-b14173f9b898" executionId="39e88dec-dec2-4ac0-a89e-dd7f8651fe1a" testListId="8c84fa94-04c1-424b-9868-57a2d4851a1d" />
  </TestEntries>
  <TestLists>
    <TestList name="Results Not in a List" id="8c84fa94-04c1-424b-9868-57a2d4851a1d" />
    <TestList name="All Loaded Results" id="19431567-8539-422a-85d7-44ee4e166bda" />
  </TestLists>
  <ResultSummary outcome="Completed">
    <Counters total="60" executed="60" passed="60" failed="0" error="0" timeout="0" aborted="0" inconclusive="0" passedButRunAborted="0" notRunnable="0" notExecuted="0" disconnected="0" warning="0" completed="0" inProgress="0" pending="0" />
    <Output>
      <StdOut>[xUnit.net 00:00:00.00] xUnit.net VSTest Adapter v2.5.4.1+b9eacec401 (64-bit .NET 7.0.14)&#xD;
[xUnit.net 00:00:00.12]   Discovering: QuickLap.Tests&#xD;
[xUnit.net 00:00:00.16]   Discovered:  QuickLap.Tests&#xD;
[xUnit.net 00:00:00.16]   Starting:    QuickLap.Tests&#xD;
[xUnit.net 00:00:06.32]   Finished:    QuickLap.Tests&#xD;
</StdOut>
    </Output>
  </ResultSummary>
</TestRun>