<?xml version="1.0" encoding="utf-8"?>
<TestRun id="a8f533bd-1e08-4cbe-838d-172c39b118fa" name="luiz.barbieri@LAPTOP-1EMVEQGB 2024-01-05 15:43:30" runUser="LAPTOP-1EMVEQGB\luiz.barbieri" xmlns="http://microsoft.com/schemas/VisualStudio/TeamTest/2010">
  <Times creation="2024-01-05T15:43:30.0309135+01:00" queuing="2024-01-05T15:43:30.0309141+01:00" start="2024-01-05T15:43:28.1338391+01:00" finish="2024-01-05T15:43:35.6333089+01:00" />
  <TestSettings name="default" id="9dc73c02-91fc-4bf7-8781-8924b1081856">
    <Deployment runDeploymentRoot="luiz.barbieri_LAPTOP-1EMVEQGB_2024-01-05_15_43_30" />
  </TestSettings>
  <Results>
    <UnitTestResult executionId="6d6de74a-7e1f-49ce-a24d-f4875a2cccfa" testId="995d70cd-2baa-a5b0-5fca-b41d05709a0d" testName="QuickLap.Tests.TempDatabase.WithoutClassFixture.UserRepositoryTests.CompleteProfileAsync_ShouldThrowNotFoundException_WhenUserDoesNotExist" computerName="LAPTOP-1EMVEQGB" duration="00:00:00.6996264" startTime="2024-01-05T15:43:33.7644817+01:00" endTime="2024-01-05T15:43:33.7644819+01:00" testType="13cdc9d9-ddb5-4fa4-a97d-d965ccfc6d4b" outcome="Passed" testListId="8c84fa94-04c1-424b-9868-57a2d4851a1d" relativeResultsDirectory="6d6de74a-7e1f-49ce-a24d-f4875a2cccfa" />
    <UnitTestResult executionId="48fd259b-b9c2-433c-933a-3a4c54a8ff70" testId="e3a06078-0b50-7fbf-f666-aaffc96526a5" testName="QuickLap.Tests.InMemory.WithoutClassFixture.OrderRepositoryTests.AddOrderItemAsync_ShouldIncrementOrderItem_WhenOrderAlreadyHasProduct" computerName="LAPTOP-1EMVEQGB" duration="00:00:00.0036474" startTime="2024-01-05T15:43:30.0639218+01:00" endTime="2024-01-05T15:43:30.0639220+01:00" testType="13cdc9d9-ddb5-4fa4-a97d-d965ccfc6d4b" outcome="Passed" testListId="8c84fa94-04c1-424b-9868-57a2d4851a1d" relativeResultsDirectory="48fd259b-b9c2-433c-933a-3a4c54a8ff70" />
    <UnitTestResult executionId="99c3e4d0-b8d2-4aa9-a56e-34c36087b497" testId="d763b7c7-90ea-1ab9-0c18-2741901564c6" testName="QuickLap.Tests.TempDatabase.WithoutClassFixture.CustomerRepositoryTests.RegisterCustomerAsync_ShouldThrowEntityAlreadyExistsException_WhenCustomerWithEmailAlreadyExists" computerName="LAPTOP-1EMVEQGB" duration="00:00:00.9877432" startTime="2024-01-05T15:43:32.1753430+01:00" endTime="2024-01-05T15:43:32.1753432+01:00" testType="13cdc9d9-ddb5-4fa4-a97d-d965ccfc6d4b" outcome="Passed" testListId="8c84fa94-04c1-424b-9868-57a2d4851a1d" relativeResultsDirectory="99c3e4d0-b8d2-4aa9-a56e-34c36087b497" />
    <UnitTestResult executionId="121f5abf-b4d6-4d3b-8940-2e4deb2a6e17" testId="2c7f51d8-210a-701e-efee-996d6690a153" testName="QuickLap.Tests.InMemory.WithoutClassFixture.OrderRepositoryTests.CreateOrderAsync_ShouldCreateOrderAndReturnOrderId" computerName="LAPTOP-1EMVEQGB" duration="00:00:00.8787991" startTime="2024-01-05T15:43:29.9749217+01:00" endTime="2024-01-05T15:43:29.9749218+01:00" testType="13cdc9d9-ddb5-4fa4-a97d-d965ccfc6d4b" outcome="Passed" testListId="8c84fa94-04c1-424b-9868-57a2d4851a1d" relativeResultsDirectory="121f5abf-b4d6-4d3b-8940-2e4deb2a6e17" />
    <UnitTestResult executionId="0a563eaa-1fcf-4c5b-9ef6-32518fb52a1d" testId="91d5ff86-719d-b058-4dd2-8c8cff7f4977" testName="QuickLap.Tests.InMemory.WithClassFixture.OrderRepositoryTests.AddOrderItemAsync_ShouldAddOrderItem_WhenOrderDoesntHaveProductYet" computerName="LAPTOP-1EMVEQGB" duration="00:00:00.0052998" startTime="2024-01-05T15:43:30.0655747+01:00" endTime="2024-01-05T15:43:30.0655749+01:00" testType="13cdc9d9-ddb5-4fa4-a97d-d965ccfc6d4b" outcome="Passed" testListId="8c84fa94-04c1-424b-9868-57a2d4851a1d" relativeResultsDirectory="0a563eaa-1fcf-4c5b-9ef6-32518fb52a1d" />
    <UnitTestResult executionId="2ea1cbd5-0d07-4493-aedd-56fc3f69d5a9" testId="39734f60-401d-f84c-7987-74bb30b8c344" testName="QuickLap.Tests.TempDatabase.WithClassFixture.UserRepositoryTests.CompleteProfileAsync_ShouldThrowNotFoundException_WhenUserDoesNotExist" computerName="LAPTOP-1EMVEQGB" duration="00:00:00.0034286" startTime="2024-01-05T15:43:35.4934165+01:00" endTime="2024-01-05T15:43:35.4934166+01:00" testType="13cdc9d9-ddb5-4fa4-a97d-d965ccfc6d4b" outcome="Passed" testListId="8c84fa94-04c1-424b-9868-57a2d4851a1d" relativeResultsDirectory="2ea1cbd5-0d07-4493-aedd-56fc3f69d5a9" />
    <UnitTestResult executionId="1901442b-eeb7-4c3e-9150-c3f0e614c90e" testId="d1b45ebd-f980-5fd0-5274-b58e4f0e2775" testName="QuickLap.Tests.TempDatabase.WithClassFixture.UserRepositoryTests.LoginAsync_ShouldReturnFalse_WhenUserDoesNotExistWithMatchingCredentials" computerName="LAPTOP-1EMVEQGB" duration="00:00:00.0016796" startTime="2024-01-05T15:43:35.5038097+01:00" endTime="2024-01-05T15:43:35.5038100+01:00" testType="13cdc9d9-ddb5-4fa4-a97d-d965ccfc6d4b" outcome="Passed" testListId="8c84fa94-04c1-424b-9868-57a2d4851a1d" relativeResultsDirectory="1901442b-eeb7-4c3e-9150-c3f0e614c90e" />
    <UnitTestResult executionId="14bebd09-971f-40f3-8567-64f1c2ef26ae" testId="4f69fe12-90de-841d-6b23-9fab0acbe0d1" testName="QuickLap.Tests.InMemory.WithoutClassFixture.CustomerRepositoryTests.RegisterCustomerAsync_ShouldRegisterCustomerAndReturnCustomerId" computerName="LAPTOP-1EMVEQGB" duration="00:00:00.0405232" startTime="2024-01-05T15:43:29.9751625+01:00" endTime="2024-01-05T15:43:29.9751625+01:00" testType="13cdc9d9-ddb5-4fa4-a97d-d965ccfc6d4b" outcome="Passed" testListId="8c84fa94-04c1-424b-9868-57a2d4851a1d" relativeResultsDirectory="14bebd09-971f-40f3-8567-64f1c2ef26ae" />
    <UnitTestResult executionId="bf1d251e-2438-4241-98db-f3fa40a55c9a" testId="a02524af-43bd-b2a2-47ad-803ed7126c48" testName="QuickLap.Tests.TempDatabase.WithoutClassFixture.UserRepositoryTests.CompleteProfileAsync_ShouldUpdateUserDetails_WhenUserExists" computerName="LAPTOP-1EMVEQGB" duration="00:00:00.9670626" startTime="2024-01-05T15:43:32.0866764+01:00" endTime="2024-01-05T15:43:32.0866768+01:00" testType="13cdc9d9-ddb5-4fa4-a97d-d965ccfc6d4b" outcome="Passed" testListId="8c84fa94-04c1-424b-9868-57a2d4851a1d" relativeResultsDirectory="bf1d251e-2438-4241-98db-f3fa40a55c9a" />
    <UnitTestResult executionId="719b6851-c838-4276-a050-79c7f91b48b0" testId="514b1ae5-96ca-d420-7127-107633ef9f36" testName="QuickLap.Tests.InMemory.WithoutClassFixture.CustomerRepositoryTests.RegisterCustomerAsync_ShouldThrowEntityAlreadyExistsException_WhenCustomerWithEmailAlreadyExists" computerName="LAPTOP-1EMVEQGB" duration="00:00:00.8673220" startTime="2024-01-05T15:43:29.9123101+01:00" endTime="2024-01-05T15:43:29.9123103+01:00" testType="13cdc9d9-ddb5-4fa4-a97d-d965ccfc6d4b" outcome="Passed" testListId="8c84fa94-04c1-424b-9868-57a2d4851a1d" relativeResultsDirectory="719b6851-c838-4276-a050-79c7f91b48b0" />
    <UnitTestResult executionId="18117e1a-f8d4-4467-bba4-50112e969832" testId="ad5d8362-40af-9427-71a3-2f821ca85ab7" testName="QuickLap.Tests.TempDatabase.WithoutClassFixture.CustomerRepositoryTests.RegisterCustomerAsync_ShouldRegisterCustomerAndReturnCustomerId" computerName="LAPTOP-1EMVEQGB" duration="00:00:02.1623112" startTime="2024-01-05T15:43:31.1873193+01:00" endTime="2024-01-05T15:43:31.1873199+01:00" testType="13cdc9d9-ddb5-4fa4-a97d-d965ccfc6d4b" outcome="Passed" testListId="8c84fa94-04c1-424b-9868-57a2d4851a1d" relativeResultsDirectory="18117e1a-f8d4-4467-bba4-50112e969832" />
    <UnitTestResult executionId="2ace4e68-8cd2-4e20-8773-b6836f0c5661" testId="cb1fe8fb-11af-cc48-d956-4ad557f4be3f" testName="QuickLap.Tests.InMemory.WithClassFixture.OrderRepositoryTests.AddOrderItemAsync_ShouldIncrementOrderItem_WhenOrderAlreadyHasProduct" computerName="LAPTOP-1EMVEQGB" duration="00:00:00.1372899" startTime="2024-01-05T15:43:30.0601705+01:00" endTime="2024-01-05T15:43:30.0601709+01:00" testType="13cdc9d9-ddb5-4fa4-a97d-d965ccfc6d4b" outcome="Passed" testListId="8c84fa94-04c1-424b-9868-57a2d4851a1d" relativeResultsDirectory="2ace4e68-8cd2-4e20-8773-b6836f0c5661" />
    <UnitTestResult executionId="58539c81-0577-4ad0-80b6-dbe72f04cf67" testId="905d6018-869c-38e0-c062-b2bc05ec69f9" testName="QuickLap.Tests.InMemory.WithClassFixture.UserRepositoryTests.CompleteProfileAsync_ShouldThrowNotFoundException_WhenUserDoesNotExist" computerName="LAPTOP-1EMVEQGB" duration="00:00:00.0019634" startTime="2024-01-05T15:43:30.0785310+01:00" endTime="2024-01-05T15:43:30.0785312+01:00" testType="13cdc9d9-ddb5-4fa4-a97d-d965ccfc6d4b" outcome="Passed" testListId="8c84fa94-04c1-424b-9868-57a2d4851a1d" relativeResultsDirectory="58539c81-0577-4ad0-80b6-dbe72f04cf67" />
    <UnitTestResult executionId="4486de6e-c4ad-4392-8a8d-9c6db0df9af5" testId="3b338677-1775-15e6-a14f-4766662acc57" testName="QuickLap.Tests.InMemory.WithClassFixture.UserRepositoryTests.CompleteProfileAsync_ShouldUpdateUserDetails_WhenUserExists" computerName="LAPTOP-1EMVEQGB" duration="00:00:00.0012993" startTime="2024-01-05T15:43:30.0831280+01:00" endTime="2024-01-05T15:43:30.0831283+01:00" testType="13cdc9d9-ddb5-4fa4-a97d-d965ccfc6d4b" outcome="Passed" testListId="8c84fa94-04c1-424b-9868-57a2d4851a1d" relativeResultsDirectory="4486de6e-c4ad-4392-8a8d-9c6db0df9af5" />
    <UnitTestResult executionId="3a0db0cb-e021-4e95-b8e6-c70b6bc22c47" testId="1b5f022a-5d30-81ba-1561-a3d481ccfa87" testName="QuickLap.Tests.InMemory.WithoutClassFixture.ProductRepositoryTests.GetAllAsync_ShouldReturnListOfProducts" computerName="LAPTOP-1EMVEQGB" duration="00:00:00.0391272" startTime="2024-01-05T15:43:30.0424619+01:00" endTime="2024-01-05T15:43:30.0424623+01:00" testType="13cdc9d9-ddb5-4fa4-a97d-d965ccfc6d4b" outcome="Passed" testListId="8c84fa94-04c1-424b-9868-57a2d4851a1d" relativeResultsDirectory="3a0db0cb-e021-4e95-b8e6-c70b6bc22c47" />
    <UnitTestResult executionId="41bee4db-caa4-4670-9a15-8a97703c77c3" testId="75dbc904-454d-3fba-c563-bb7ebffd7ca8" testName="QuickLap.Tests.InMemory.WithoutClassFixture.ProductRepositoryTests.GetByIdAsync_ShouldReturnProduct_WhenProductExists" computerName="LAPTOP-1EMVEQGB" duration="00:00:00.0951471" startTime="2024-01-05T15:43:30.0031996+01:00" endTime="2024-01-05T15:43:30.0031999+01:00" testType="13cdc9d9-ddb5-4fa4-a97d-d965ccfc6d4b" outcome="Passed" testListId="8c84fa94-04c1-424b-9868-57a2d4851a1d" relativeResultsDirectory="41bee4db-caa4-4670-9a15-8a97703c77c3" />
    <UnitTestResult executionId="976291bf-07f8-4e01-a4af-025d0cdfa826" testId="95d06feb-42b2-fa49-f3af-a6f132c45fb9" testName="QuickLap.Tests.TempDatabase.WithClassFixture.OrderRepositoryTests.AddOrderItemAsync_ShouldIncrementOrderItem_WhenOrderAlreadyHasProduct" computerName="LAPTOP-1EMVEQGB" duration="00:00:00.0218865" startTime="2024-01-05T15:43:33.3923858+01:00" endTime="2024-01-05T15:43:33.3923859+01:00" testType="13cdc9d9-ddb5-4fa4-a97d-d965ccfc6d4b" outcome="Passed" testListId="8c84fa94-04c1-424b-9868-57a2d4851a1d" relativeResultsDirectory="976291bf-07f8-4e01-a4af-025d0cdfa826" />
    <UnitTestResult executionId="7ec564c7-d27d-406a-8eb1-d112862c94a0" testId="87948de4-9d20-5a73-e5b9-b63baec58b80" testName="QuickLap.Tests.InMemory.WithClassFixture.ProductRepositoryTests.AddProductAsync_ShouldAddProductAndReturnProductId" computerName="LAPTOP-1EMVEQGB" duration="00:00:00.0020132" startTime="2024-01-05T15:43:30.0761648+01:00" endTime="2024-01-05T15:43:30.0761650+01:00" testType="13cdc9d9-ddb5-4fa4-a97d-d965ccfc6d4b" outcome="Passed" testListId="8c84fa94-04c1-424b-9868-57a2d4851a1d" relativeResultsDirectory="7ec564c7-d27d-406a-8eb1-d112862c94a0" />
    <UnitTestResult executionId="c9a4f516-29ed-4bc7-acad-c5746b22c30e" testId="1ca4d800-a8da-27e1-b1e3-d6e6f0fadfa2" testName="QuickLap.Tests.TempDatabase.WithClassFixture.CustomerRepositoryTests.RegisterCustomerAsync_ShouldThrowEntityAlreadyExistsException_WhenCustomerWithEmailAlreadyExists" computerName="LAPTOP-1EMVEQGB" duration="00:00:00.0103459" startTime="2024-01-05T15:43:31.6208438+01:00" endTime="2024-01-05T15:43:31.6208440+01:00" testType="13cdc9d9-ddb5-4fa4-a97d-d965ccfc6d4b" outcome="Passed" testListId="8c84fa94-04c1-424b-9868-57a2d4851a1d" relativeResultsDirectory="c9a4f516-29ed-4bc7-acad-c5746b22c30e" />
    <UnitTestResult executionId="a8ee65f2-56e5-460b-a912-5740b3b1ff93" testId="bcccf3df-639e-e23d-1a55-0702a2507011" testName="QuickLap.Tests.TempDatabase.WithClassFixture.UserRepositoryTests.RegisterUserAsync_ShouldAddNewUserAndReturnUserId" computerName="LAPTOP-1EMVEQGB" duration="00:00:00.0052522" startTime="2024-01-05T15:43:35.4898739+01:00" endTime="2024-01-05T15:43:35.4898740+01:00" testType="13cdc9d9-ddb5-4fa4-a97d-d965ccfc6d4b" outcome="Passed" testListId="8c84fa94-04c1-424b-9868-57a2d4851a1d" relativeResultsDirectory="a8ee65f2-56e5-460b-a912-5740b3b1ff93" />
    <UnitTestResult executionId="4451a2c8-5a4b-47f6-8d91-e31073f0ec72" testId="40c86054-1385-fad6-2667-fe02b9793bec" testName="QuickLap.Tests.InMemory.WithoutClassFixture.ProductRepositoryTests.AddProductAsync_ShouldAddProductAndReturnProductId" computerName="LAPTOP-1EMVEQGB" duration="00:00:00.8770793" startTime="2024-01-05T15:43:29.9745471+01:00" endTime="2024-01-05T15:43:29.9745473+01:00" testType="13cdc9d9-ddb5-4fa4-a97d-d965ccfc6d4b" outcome="Passed" testListId="8c84fa94-04c1-424b-9868-57a2d4851a1d" relativeResultsDirectory="4451a2c8-5a4b-47f6-8d91-e31073f0ec72" />
    <UnitTestResult executionId="9716be6b-2276-4412-a059-056ed8cd763c" testId="77dcc98d-6b07-895c-8129-9b4d9c09ef23" testName="QuickLap.Tests.InMemory.WithClassFixture.ProductRepositoryTests.GetByIdAsync_ShouldReturnProduct_WhenProductExists" computerName="LAPTOP-1EMVEQGB" duration="00:00:00.0016553" startTime="2024-01-05T15:43:30.0693144+01:00" endTime="2024-01-05T15:43:30.0693146+01:00" testType="13cdc9d9-ddb5-4fa4-a97d-d965ccfc6d4b" outcome="Passed" testListId="8c84fa94-04c1-424b-9868-57a2d4851a1d" relativeResultsDirectory="9716be6b-2276-4412-a059-056ed8cd763c" />
    <UnitTestResult executionId="8515ea9d-53a6-4bb8-ac9a-7f0e6e48a3ab" testId="f27469e9-43f0-6ebf-d1b9-a71d754c65d0" testName="QuickLap.Tests.InMemory.WithoutClassFixture.UserRepositoryTests.RegisterUserAsync_ShouldAddNewUserAndReturnUserId" computerName="LAPTOP-1EMVEQGB" duration="00:00:00.9046724" startTime="2024-01-05T15:43:29.9751129+01:00" endTime="2024-01-05T15:43:29.9751130+01:00" testType="13cdc9d9-ddb5-4fa4-a97d-d965ccfc6d4b" outcome="Passed" testListId="8c84fa94-04c1-424b-9868-57a2d4851a1d" relativeResultsDirectory="8515ea9d-53a6-4bb8-ac9a-7f0e6e48a3ab" />
    <UnitTestResult executionId="d79cec15-7245-48bb-823d-9c9ff48beab8" testId="f9893a2a-2520-d3da-e820-f067a2d2028c" testName="QuickLap.Tests.TempDatabase.WithClassFixture.ProductRepositoryTests.GetByIdAsync_ShouldThrowNotFoundException_WhenProductDoesNotExist" computerName="LAPTOP-1EMVEQGB" duration="00:00:00.0038756" startTime="2024-01-05T15:43:34.7946305+01:00" endTime="2024-01-05T15:43:34.7946307+01:00" testType="13cdc9d9-ddb5-4fa4-a97d-d965ccfc6d4b" outcome="Passed" testListId="8c84fa94-04c1-424b-9868-57a2d4851a1d" relativeResultsDirectory="d79cec15-7245-48bb-823d-9c9ff48beab8" />
    <UnitTestResult executionId="08611e83-4cb0-4733-a3a4-297d4144684f" testId="17ad132b-5f7c-912f-f4c3-4ece8c258e12" testName="QuickLap.Tests.InMemory.WithoutClassFixture.UserRepositoryTests.LoginAsync_ShouldReturnTrue_WhenUserExistsWithMatchingCredentials" computerName="LAPTOP-1EMVEQGB" duration="00:00:00.0087695" startTime="2024-01-05T15:43:29.9909091+01:00" endTime="2024-01-05T15:43:29.9909094+01:00" testType="13cdc9d9-ddb5-4fa4-a97d-d965ccfc6d4b" outcome="Passed" testListId="8c84fa94-04c1-424b-9868-57a2d4851a1d" relativeResultsDirectory="08611e83-4cb0-4733-a3a4-297d4144684f" />
    <UnitTestResult executionId="aadb7cc4-5c83-4b3b-bb47-c29c0370252e" testId="6956cea8-3b70-ab4d-0a70-44021c4d03be" testName="QuickLap.Tests.TempDatabase.WithoutClassFixture.ProductRepositoryTests.AddProductAsync_ShouldAddProductAndReturnProductId" computerName="LAPTOP-1EMVEQGB" duration="00:00:00.9005821" startTime="2024-01-05T15:43:33.0663560+01:00" endTime="2024-01-05T15:43:33.0663562+01:00" testType="13cdc9d9-ddb5-4fa4-a97d-d965ccfc6d4b" outcome="Passed" testListId="8c84fa94-04c1-424b-9868-57a2d4851a1d" relativeResultsDirectory="aadb7cc4-5c83-4b3b-bb47-c29c0370252e" />
    <UnitTestResult executionId="99a3efd7-2e2e-48da-96c0-9546b190dc65" testId="d54318f1-4ee1-ea7d-c831-d97ce15fd952" testName="QuickLap.Tests.InMemory.WithClassFixture.UserRepositoryTests.RegisterUserAsync_ShouldAddNewUserAndReturnUserId" computerName="LAPTOP-1EMVEQGB" duration="00:00:00.0017606" startTime="2024-01-05T15:43:30.0816915+01:00" endTime="2024-01-05T15:43:30.0816920+01:00" testType="13cdc9d9-ddb5-4fa4-a97d-d965ccfc6d4b" outcome="Passed" testListId="8c84fa94-04c1-424b-9868-57a2d4851a1d" relativeResultsDirectory="99a3efd7-2e2e-48da-96c0-9546b190dc65" />
    <UnitTestResult executionId="39028971-5d75-40ca-b0f5-1dd652b0922f" testId="62f51c8a-217e-863f-ca17-944dcaffe5fa" testName="QuickLap.Tests.TempDatabase.WithClassFixture.OrderRepositoryTests.CreateOrderAsync_ShouldCreateOrderAndReturnOrderId" computerName="LAPTOP-1EMVEQGB" duration="00:00:00.0138072" startTime="2024-01-05T15:43:33.4063320+01:00" endTime="2024-01-05T15:43:33.4063321+01:00" testType="13cdc9d9-ddb5-4fa4-a97d-d965ccfc6d4b" outcome="Passed" testListId="8c84fa94-04c1-424b-9868-57a2d4851a1d" relativeResultsDirectory="39028971-5d75-40ca-b0f5-1dd652b0922f" />
    <UnitTestResult executionId="1e67ba6c-6c61-4ca1-8e60-5930cc78c09d" testId="f8f79563-3b33-6a2c-4d9d-5921e3775d57" testName="QuickLap.Tests.InMemory.WithoutClassFixture.OrderRepositoryTests.AddOrderItemAsync_ShouldAddOrderItem_WhenOrderDoesntHaveProductYet" computerName="LAPTOP-1EMVEQGB" duration="00:00:00.1503016" startTime="2024-01-05T15:43:30.0602273+01:00" endTime="2024-01-05T15:43:30.0602274+01:00" testType="13cdc9d9-ddb5-4fa4-a97d-d965ccfc6d4b" outcome="Passed" testListId="8c84fa94-04c1-424b-9868-57a2d4851a1d" relativeResultsDirectory="1e67ba6c-6c61-4ca1-8e60-5930cc78c09d" />
    <UnitTestResult executionId="12f09b08-5c77-4dd5-b5dc-ccb013bded5d" testId="5a7c2469-1e04-f5dc-baac-f6dfaa1d46e4" testName="QuickLap.Tests.TempDatabase.WithClassFixture.CustomerRepositoryTests.RegisterCustomerAsync_ShouldRegisterCustomerAndReturnCustomerId" computerName="LAPTOP-1EMVEQGB" duration="00:00:00.0089820" startTime="2024-01-05T15:43:31.6299616+01:00" endTime="2024-01-05T15:43:31.6299618+01:00" testType="13cdc9d9-ddb5-4fa4-a97d-d965ccfc6d4b" outcome="Passed" testListId="8c84fa94-04c1-424b-9868-57a2d4851a1d" relativeResultsDirectory="12f09b08-5c77-4dd5-b5dc-ccb013bded5d" />
    <UnitTestResult executionId="bb50b952-504a-49fd-8d24-9c009e255bac" testId="024fae90-899a-19fa-0c93-3ef90e82a44f" testName="QuickLap.Tests.TempDatabase.WithClassFixture.ProductRepositoryTests.AddProductAsync_ShouldAddProductAndReturnProductId" computerName="LAPTOP-1EMVEQGB" duration="00:00:00.0077121" startTime="2024-01-05T15:43:34.8143864+01:00" endTime="2024-01-05T15:43:34.8143865+01:00" testType="13cdc9d9-ddb5-4fa4-a97d-d965ccfc6d4b" outcome="Passed" testListId="8c84fa94-04c1-424b-9868-57a2d4851a1d" relativeResultsDirectory="bb50b952-504a-49fd-8d24-9c009e255bac" />
    <UnitTestResult executionId="ddd7f517-f6e6-4cac-9f57-231603d14cb5" testId="46cd4733-3f00-6947-5995-d24d8e6c32b3" testName="QuickLap.Tests.InMemory.WithClassFixture.OrderRepositoryTests.CreateOrderAsync_ShouldCreateOrderAndReturnOrderId" computerName="LAPTOP-1EMVEQGB" duration="00:00:00.0014371" startTime="2024-01-05T15:43:30.0671089+01:00" endTime="2024-01-05T15:43:30.0671091+01:00" testType="13cdc9d9-ddb5-4fa4-a97d-d965ccfc6d4b" outcome="Passed" testListId="8c84fa94-04c1-424b-9868-57a2d4851a1d" relativeResultsDirectory="ddd7f517-f6e6-4cac-9f57-231603d14cb5" />
    <UnitTestResult executionId="6f1f6a93-ad2a-4cb1-81b7-f7f04a9c7006" testId="f4fde79a-7299-05a3-237e-926ead7d2471" testName="QuickLap.Tests.TempDatabase.WithoutClassFixture.ProductRepositoryTests.GetAllAsync_ShouldReturnListOfProducts" computerName="LAPTOP-1EMVEQGB" duration="00:00:00.6607257" startTime="2024-01-05T15:43:33.7273115+01:00" endTime="2024-01-05T15:43:33.7273118+01:00" testType="13cdc9d9-ddb5-4fa4-a97d-d965ccfc6d4b" outcome="Passed" testListId="8c84fa94-04c1-424b-9868-57a2d4851a1d" relativeResultsDirectory="6f1f6a93-ad2a-4cb1-81b7-f7f04a9c7006" />
    <UnitTestResult executionId="a041e19a-a77f-400d-ba94-d318a3ace4a8" testId="acc3284d-1420-0d7b-41bc-aa95c6df0173" testName="QuickLap.Tests.InMemory.WithClassFixture.UserRepositoryTests.LoginAsync_ShouldReturnTrue_WhenUserExistsWithMatchingCredentials" computerName="LAPTOP-1EMVEQGB" duration="00:00:00.0011860" startTime="2024-01-05T15:43:30.0797911+01:00" endTime="2024-01-05T15:43:30.0797913+01:00" testType="13cdc9d9-ddb5-4fa4-a97d-d965ccfc6d4b" outcome="Passed" testListId="8c84fa94-04c1-424b-9868-57a2d4851a1d" relativeResultsDirectory="a041e19a-a77f-400d-ba94-d318a3ace4a8" />
    <UnitTestResult executionId="e482bce2-e95f-43f4-8ad2-c892441b183f" testId="8a0bfc88-7ee3-3d0b-4a12-3a518ab90276" testName="QuickLap.Tests.InMemory.WithClassFixture.CustomerRepositoryTests.RegisterCustomerAsync_ShouldThrowEntityAlreadyExistsException_WhenCustomerWithEmailAlreadyExists" computerName="LAPTOP-1EMVEQGB" duration="00:00:00.7292004" startTime="2024-01-05T15:43:29.9051700+01:00" endTime="2024-01-05T15:43:29.9054529+01:00" testType="13cdc9d9-ddb5-4fa4-a97d-d965ccfc6d4b" outcome="Passed" testListId="8c84fa94-04c1-424b-9868-57a2d4851a1d" relativeResultsDirectory="e482bce2-e95f-43f4-8ad2-c892441b183f" />
    <UnitTestResult executionId="bd9fc02f-dd8d-489c-8764-d3b7ab9c4fe3" testId="e64f1770-c79d-2f14-5308-66c63eb26b9a" testName="QuickLap.Tests.InMemory.WithoutClassFixture.UserRepositoryTests.CompleteProfileAsync_ShouldThrowNotFoundException_WhenUserDoesNotExist" computerName="LAPTOP-1EMVEQGB" duration="00:00:00.0351449" startTime="2024-01-05T15:43:29.9752036+01:00" endTime="2024-01-05T15:43:29.9752037+01:00" testType="13cdc9d9-ddb5-4fa4-a97d-d965ccfc6d4b" outcome="Passed" testListId="8c84fa94-04c1-424b-9868-57a2d4851a1d" relativeResultsDirectory="bd9fc02f-dd8d-489c-8764-d3b7ab9c4fe3" />
    <UnitTestResult executionId="9d3ab9e6-e15b-4ec2-a9d2-9356e72882df" testId="1ecadd98-b7c7-5952-2d0b-4875486944ab" testName="QuickLap.Tests.TempDatabase.WithClassFixture.UserRepositoryTests.RegisterUserAsync_ShouldThrowEntityAlreadyExistsException_WhenUserWithEmailAlreadyExists" computerName="LAPTOP-1EMVEQGB" duration="00:00:00.0070500" startTime="2024-01-05T15:43:35.4845061+01:00" endTime="2024-01-05T15:43:35.4845062+01:00" testType="13cdc9d9-ddb5-4fa4-a97d-d965ccfc6d4b" outcome="Passed" testListId="8c84fa94-04c1-424b-9868-57a2d4851a1d" relativeResultsDirectory="9d3ab9e6-e15b-4ec2-a9d2-9356e72882df" />
    <UnitTestResult executionId="8aab791a-c02f-48a3-8dbc-ab0ccbbd5bec" testId="482aa2ce-7d31-9887-f0e4-d179e27c2ce8" testName="QuickLap.Tests.InMemory.WithClassFixture.CustomerRepositoryTests.RegisterCustomerAsync_ShouldRegisterCustomerAndReturnCustomerId" computerName="LAPTOP-1EMVEQGB" duration="00:00:00.0157266" startTime="2024-01-05T15:43:29.9750232+01:00" endTime="2024-01-05T15:43:29.9750232+01:00" testType="13cdc9d9-ddb5-4fa4-a97d-d965ccfc6d4b" outcome="Passed" testListId="8c84fa94-04c1-424b-9868-57a2d4851a1d" relativeResultsDirectory="8aab791a-c02f-48a3-8dbc-ab0ccbbd5bec" />
    <UnitTestResult executionId="9aae5631-66ae-43d3-9be1-97d7b3a1c090" testId="c884c42f-7db6-eac8-2502-dfd7a63da7ae" testName="QuickLap.Tests.TempDatabase.WithClassFixture.UserRepositoryTests.LoginAsync_ShouldReturnTrue_WhenUserExistsWithMatchingCredentials" computerName="LAPTOP-1EMVEQGB" duration="00:00:00.0068793" startTime="2024-01-05T15:43:35.4773236+01:00" endTime="2024-01-05T15:43:35.4773238+01:00" testType="13cdc9d9-ddb5-4fa4-a97d-d965ccfc6d4b" outcome="Passed" testListId="8c84fa94-04c1-424b-9868-57a2d4851a1d" relativeResultsDirectory="9aae5631-66ae-43d3-9be1-97d7b3a1c090" />
    <UnitTestResult executionId="2bfec2f4-5679-42d2-88b5-b6ed3feddc82" testId="5620cac4-1a62-1cbb-b4d5-46e269ca5a0e" testName="QuickLap.Tests.TempDatabase.WithClassFixture.ProductRepositoryTests.GetAllAsync_ShouldReturnListOfProducts" computerName="LAPTOP-1EMVEQGB" duration="00:00:00.0117199" startTime="2024-01-05T15:43:34.8065153+01:00" endTime="2024-01-05T15:43:34.8065154+01:00" testType="13cdc9d9-ddb5-4fa4-a97d-d965ccfc6d4b" outcome="Passed" testListId="8c84fa94-04c1-424b-9868-57a2d4851a1d" relativeResultsDirectory="2bfec2f4-5679-42d2-88b5-b6ed3feddc82" />
    <UnitTestResult executionId="6693deed-8ee0-495e-bbef-cd4e25d79453" testId="1ce97ed8-fb10-3854-70b8-17871fddcff4" testName="QuickLap.Tests.TempDatabase.WithoutClassFixture.ProductRepositoryTests.GetByIdAsync_ShouldThrowNotFoundException_WhenProductDoesNotExist" computerName="LAPTOP-1EMVEQGB" duration="00:00:02.0002298" startTime="2024-01-05T15:43:31.0288717+01:00" endTime="2024-01-05T15:43:31.0288721+01:00" testType="13cdc9d9-ddb5-4fa4-a97d-d965ccfc6d4b" outcome="Passed" testListId="8c84fa94-04c1-424b-9868-57a2d4851a1d" relativeResultsDirectory="6693deed-8ee0-495e-bbef-cd4e25d79453" />
    <UnitTestResult executionId="543003b7-fb3c-4c36-b3f5-ca92032fc503" testId="9c8225fd-c605-93c4-36cc-b14173f9b898" testName="QuickLap.Tests.InMemory.WithClassFixture.UserRepositoryTests.LoginAsync_ShouldReturnFalse_WhenUserDoesNotExistWithMatchingCredentials" computerName="LAPTOP-1EMVEQGB" duration="00:00:00.0006309" startTime="2024-01-05T15:43:30.0838498+01:00" endTime="2024-01-05T15:43:30.0838500+01:00" testType="13cdc9d9-ddb5-4fa4-a97d-d965ccfc6d4b" outcome="Passed" testListId="8c84fa94-04c1-424b-9868-57a2d4851a1d" relativeResultsDirectory="543003b7-fb3c-4c36-b3f5-ca92032fc503" />
    <UnitTestResult executionId="e3956cb7-dda1-42ed-a007-ef70da601aae" testId="55aac076-097c-3f88-8435-383763ce4eb7" testName="QuickLap.Tests.TempDatabase.WithoutClassFixture.UserRepositoryTests.LoginAsync_ShouldReturnTrue_WhenUserExistsWithMatchingCredentials" computerName="LAPTOP-1EMVEQGB" duration="00:00:00.6337042" startTime="2024-01-05T15:43:34.3986403+01:00" endTime="2024-01-05T15:43:34.3986405+01:00" testType="13cdc9d9-ddb5-4fa4-a97d-d965ccfc6d4b" outcome="Passed" testListId="8c84fa94-04c1-424b-9868-57a2d4851a1d" relativeResultsDirectory="e3956cb7-dda1-42ed-a007-ef70da601aae" />
    <UnitTestResult executionId="8bca7eb8-3c30-4adb-b62b-4b6c560cdc90" testId="c8848481-7ad0-8453-ece5-9433c79d6bfd" testName="QuickLap.Tests.TempDatabase.WithoutClassFixture.ProductRepositoryTests.GetByIdAsync_ShouldReturnProduct_WhenProductExists" computerName="LAPTOP-1EMVEQGB" duration="00:00:01.1350004" startTime="2024-01-05T15:43:32.1655325+01:00" endTime="2024-01-05T15:43:32.1655327+01:00" testType="13cdc9d9-ddb5-4fa4-a97d-d965ccfc6d4b" outcome="Passed" testListId="8c84fa94-04c1-424b-9868-57a2d4851a1d" relativeResultsDirectory="8bca7eb8-3c30-4adb-b62b-4b6c560cdc90" />
    <UnitTestResult executionId="9c5be93b-4fbf-45c6-b5fe-cec1b8660fbb" testId="3e21f879-ddde-e3cc-eecb-52ab7bff2b5f" testName="QuickLap.Tests.TempDatabase.WithoutClassFixture.OrderRepositoryTests.CreateOrderAsync_ShouldCreateOrderAndReturnOrderId" computerName="LAPTOP-1EMVEQGB" duration="00:00:01.0102053" startTime="2024-01-05T15:43:33.0196520+01:00" endTime="2024-01-05T15:43:33.0196524+01:00" testType="13cdc9d9-ddb5-4fa4-a97d-d965ccfc6d4b" outcome="Passed" testListId="8c84fa94-04c1-424b-9868-57a2d4851a1d" relativeResultsDirectory="9c5be93b-4fbf-45c6-b5fe-cec1b8660fbb" />
    <UnitTestResult executionId="5fb29109-e461-42e2-bb58-e6f540ca558d" testId="6fe46184-1535-b2e1-5609-eae0409a9281" testName="QuickLap.Tests.InMemory.WithoutClassFixture.UserRepositoryTests.LoginAsync_ShouldReturnFalse_WhenUserDoesNotExistWithMatchingCredentials" computerName="LAPTOP-1EMVEQGB" duration="00:00:00.0019047" startTime="2024-01-05T15:43:29.9972723+01:00" endTime="2024-01-05T15:43:29.9972725+01:00" testType="13cdc9d9-ddb5-4fa4-a97d-d965ccfc6d4b" outcome="Passed" testListId="8c84fa94-04c1-424b-9868-57a2d4851a1d" relativeResultsDirectory="5fb29109-e461-42e2-bb58-e6f540ca558d" />
    <UnitTestResult executionId="645630aa-ad52-4b40-83b0-13f7fd53f1e1" testId="15a30c8d-3a7b-2f18-e0ee-eccdfdcd25a1" testName="QuickLap.Tests.TempDatabase.WithClassFixture.OrderRepositoryTests.AddOrderItemAsync_ShouldAddOrderItem_WhenOrderDoesntHaveProductYet" computerName="LAPTOP-1EMVEQGB" duration="00:00:00.0163775" startTime="2024-01-05T15:43:33.3702930+01:00" endTime="2024-01-05T15:43:33.3702932+01:00" testType="13cdc9d9-ddb5-4fa4-a97d-d965ccfc6d4b" outcome="Passed" testListId="8c84fa94-04c1-424b-9868-57a2d4851a1d" relativeResultsDirectory="645630aa-ad52-4b40-83b0-13f7fd53f1e1" />
    <UnitTestResult executionId="39a632dd-3edd-469e-afda-8ea39eca4c7b" testId="cc4f8100-58c9-5b75-1d07-4ffac49e0314" testName="QuickLap.Tests.InMemory.WithClassFixture.UserRepositoryTests.RegisterUserAsync_ShouldThrowEntityAlreadyExistsException_WhenUserWithEmailAlreadyExists" computerName="LAPTOP-1EMVEQGB" duration="00:00:00.0021219" startTime="2024-01-05T15:43:30.0860434+01:00" endTime="2024-01-05T15:43:30.0860436+01:00" testType="13cdc9d9-ddb5-4fa4-a97d-d965ccfc6d4b" outcome="Passed" testListId="8c84fa94-04c1-424b-9868-57a2d4851a1d" relativeResultsDirectory="39a632dd-3edd-469e-afda-8ea39eca4c7b" />
    <UnitTestResult executionId="0169f031-04ae-47f8-9ef1-0f9874c44e19" testId="ae353b48-4582-95f4-6ed3-77358877b5d5" testName="QuickLap.Tests.TempDatabase.WithClassFixture.UserRepositoryTests.CompleteProfileAsync_ShouldUpdateUserDetails_WhenUserExists" computerName="LAPTOP-1EMVEQGB" duration="00:00:00.0084843" startTime="2024-01-05T15:43:35.5020113+01:00" endTime="2024-01-05T15:43:35.5020115+01:00" testType="13cdc9d9-ddb5-4fa4-a97d-d965ccfc6d4b" outcome="Passed" testListId="8c84fa94-04c1-424b-9868-57a2d4851a1d" relativeResultsDirectory="0169f031-04ae-47f8-9ef1-0f9874c44e19" />
    <UnitTestResult executionId="8555ad1f-6d13-4b75-94ec-c46427f534cd" testId="6c74461b-c721-c6fa-74ed-1a09f55f2b69" testName="QuickLap.Tests.InMemory.WithoutClassFixture.UserRepositoryTests.CompleteProfileAsync_ShouldUpdateUserDetails_WhenUserExists" computerName="LAPTOP-1EMVEQGB" duration="00:00:00.0109894" startTime="2024-01-05T15:43:29.9820117+01:00" endTime="2024-01-05T15:43:29.9820119+01:00" testType="13cdc9d9-ddb5-4fa4-a97d-d965ccfc6d4b" outcome="Passed" testListId="8c84fa94-04c1-424b-9868-57a2d4851a1d" relativeResultsDirectory="8555ad1f-6d13-4b75-94ec-c46427f534cd" />
    <UnitTestResult executionId="9fa44f84-13cc-4972-894d-e514efc424c0" testId="bdb8d388-b713-24aa-5807-ccebce3003f2" testName="QuickLap.Tests.TempDatabase.WithoutClassFixture.UserRepositoryTests.RegisterUserAsync_ShouldAddNewUserAndReturnUserId" computerName="LAPTOP-1EMVEQGB" duration="00:00:02.0943911" startTime="2024-01-05T15:43:31.1193616+01:00" endTime="2024-01-05T15:43:31.1193619+01:00" testType="13cdc9d9-ddb5-4fa4-a97d-d965ccfc6d4b" outcome="Passed" testListId="8c84fa94-04c1-424b-9868-57a2d4851a1d" relativeResultsDirectory="9fa44f84-13cc-4972-894d-e514efc424c0" />
    <UnitTestResult executionId="1582d3bb-6c5e-48e0-ba16-5643b441d0ff" testId="a776eefd-6596-e19f-c31f-844ddaf01d85" testName="QuickLap.Tests.TempDatabase.WithClassFixture.ProductRepositoryTests.GetByIdAsync_ShouldReturnProduct_WhenProductExists" computerName="LAPTOP-1EMVEQGB" duration="00:00:00.0108519" startTime="2024-01-05T15:43:34.7905792+01:00" endTime="2024-01-05T15:43:34.7905794+01:00" testType="13cdc9d9-ddb5-4fa4-a97d-d965ccfc6d4b" outcome="Passed" testListId="8c84fa94-04c1-424b-9868-57a2d4851a1d" relativeResultsDirectory="1582d3bb-6c5e-48e0-ba16-5643b441d0ff" />
    <UnitTestResult executionId="194eaf47-f980-403e-ba5b-1197413ca8bb" testId="b4542277-6809-6c2d-048c-f7cc829b890f" testName="QuickLap.Tests.InMemory.WithClassFixture.ProductRepositoryTests.GetByIdAsync_ShouldThrowNotFoundException_WhenProductDoesNotExist" computerName="LAPTOP-1EMVEQGB" duration="00:00:00.0020361" startTime="2024-01-05T15:43:30.0714432+01:00" endTime="2024-01-05T15:43:30.0714434+01:00" testType="13cdc9d9-ddb5-4fa4-a97d-d965ccfc6d4b" outcome="Passed" testListId="8c84fa94-04c1-424b-9868-57a2d4851a1d" relativeResultsDirectory="194eaf47-f980-403e-ba5b-1197413ca8bb" />
    <UnitTestResult executionId="77e15d92-81d7-4a79-bbbe-d86de0c6faa0" testId="f69291b4-d9ff-622f-6c5a-ed33c0734cd5" testName="QuickLap.Tests.TempDatabase.WithoutClassFixture.UserRepositoryTests.LoginAsync_ShouldReturnFalse_WhenUserDoesNotExistWithMatchingCredentials" computerName="LAPTOP-1EMVEQGB" duration="00:00:00.5465024" startTime="2024-01-05T15:43:34.9452398+01:00" endTime="2024-01-05T15:43:34.9452400+01:00" testType="13cdc9d9-ddb5-4fa4-a97d-d965ccfc6d4b" outcome="Passed" testListId="8c84fa94-04c1-424b-9868-57a2d4851a1d" relativeResultsDirectory="77e15d92-81d7-4a79-bbbe-d86de0c6faa0" />
    <UnitTestResult executionId="2d0fd795-1d76-48d3-8663-f8fca879331a" testId="8fe41210-0ea1-c313-d8e7-2ecca0c2dbd5" testName="QuickLap.Tests.TempDatabase.WithoutClassFixture.OrderRepositoryTests.AddOrderItemAsync_ShouldIncrementOrderItem_WhenOrderAlreadyHasProduct" computerName="LAPTOP-1EMVEQGB" duration="00:00:02.0989834" startTime="2024-01-05T15:43:31.1239038+01:00" endTime="2024-01-05T15:43:31.1239040+01:00" testType="13cdc9d9-ddb5-4fa4-a97d-d965ccfc6d4b" outcome="Passed" testListId="8c84fa94-04c1-424b-9868-57a2d4851a1d" relativeResultsDirectory="2d0fd795-1d76-48d3-8663-f8fca879331a" />
    <UnitTestResult executionId="e7f653f4-95d1-443f-9c16-074de24b42a7" testId="0b54f752-dd2f-3968-0389-a10204700fe8" testName="QuickLap.Tests.InMemory.WithClassFixture.ProductRepositoryTests.GetAllAsync_ShouldReturnListOfProducts" computerName="LAPTOP-1EMVEQGB" duration="00:00:00.0025526" startTime="2024-01-05T15:43:30.0740794+01:00" endTime="2024-01-05T15:43:30.0740796+01:00" testType="13cdc9d9-ddb5-4fa4-a97d-d965ccfc6d4b" outcome="Passed" testListId="8c84fa94-04c1-424b-9868-57a2d4851a1d" relativeResultsDirectory="e7f653f4-95d1-443f-9c16-074de24b42a7" />
    <UnitTestResult executionId="76606bb4-1184-4e6e-98a6-9303dd879d2f" testId="5756351e-1cf7-6f28-2835-4cd55f0154d2" testName="QuickLap.Tests.InMemory.WithoutClassFixture.ProductRepositoryTests.GetByIdAsync_ShouldThrowNotFoundException_WhenProductDoesNotExist" computerName="LAPTOP-1EMVEQGB" duration="00:00:00.0039049" startTime="2024-01-05T15:43:30.0464819+01:00" endTime="2024-01-05T15:43:30.0464820+01:00" testType="13cdc9d9-ddb5-4fa4-a97d-d965ccfc6d4b" outcome="Passed" testListId="8c84fa94-04c1-424b-9868-57a2d4851a1d" relativeResultsDirectory="76606bb4-1184-4e6e-98a6-9303dd879d2f" />
    <UnitTestResult executionId="ce536a33-f552-49c4-a832-d59116743613" testId="3b75b512-251c-f426-eca2-062a7bced349" testName="QuickLap.Tests.InMemory.WithoutClassFixture.UserRepositoryTests.RegisterUserAsync_ShouldThrowEntityAlreadyExistsException_WhenUserWithEmailAlreadyExists" computerName="LAPTOP-1EMVEQGB" duration="00:00:00.0042468" startTime="2024-01-05T15:43:29.9952842+01:00" endTime="2024-01-05T15:43:29.9952844+01:00" testType="13cdc9d9-ddb5-4fa4-a97d-d965ccfc6d4b" outcome="Passed" testListId="8c84fa94-04c1-424b-9868-57a2d4851a1d" relativeResultsDirectory="ce536a33-f552-49c4-a832-d59116743613" />
    <UnitTestResult executionId="75090d52-0ea4-4dcc-b2bc-f9d0c2734f28" testId="e2503fc9-71c3-5edf-9444-22f1ede2d00c" testName="QuickLap.Tests.TempDatabase.WithoutClassFixture.OrderRepositoryTests.AddOrderItemAsync_ShouldAddOrderItem_WhenOrderDoesntHaveProductYet" computerName="LAPTOP-1EMVEQGB" duration="00:00:00.8849075" startTime="2024-01-05T15:43:32.0091082+01:00" endTime="2024-01-05T15:43:32.0091084+01:00" testType="13cdc9d9-ddb5-4fa4-a97d-d965ccfc6d4b" outcome="Passed" testListId="8c84fa94-04c1-424b-9868-57a2d4851a1d" relativeResultsDirectory="75090d52-0ea4-4dcc-b2bc-f9d0c2734f28" />
    <UnitTestResult executionId="cfaf2184-957f-4b57-aece-093c029e9bc2" testId="7b19220b-bf5e-9c34-1517-803d7389fc6d" testName="QuickLap.Tests.TempDatabase.WithoutClassFixture.UserRepositoryTests.RegisterUserAsync_ShouldThrowEntityAlreadyExistsException_WhenUserWithEmailAlreadyExists" computerName="LAPTOP-1EMVEQGB" duration="00:00:00.9774667" startTime="2024-01-05T15:43:33.0644676+01:00" endTime="2024-01-05T15:43:33.0644679+01:00" testType="13cdc9d9-ddb5-4fa4-a97d-d965ccfc6d4b" outcome="Passed" testListId="8c84fa94-04c1-424b-9868-57a2d4851a1d" relativeResultsDirectory="cfaf2184-957f-4b57-aece-093c029e9bc2" />
  </Results>
  <TestDefinitions>
    <UnitTest name="QuickLap.Tests.InMemory.WithoutClassFixture.UserRepositoryTests.RegisterUserAsync_ShouldAddNewUserAndReturnUserId" storage="c:\repos\quicklap\quicklap.tests\bin\debug\net7.0\quicklap.tests.dll" id="f27469e9-43f0-6ebf-d1b9-a71d754c65d0">
      <Execution id="8515ea9d-53a6-4bb8-ac9a-7f0e6e48a3ab" />
      <TestMethod codeBase="C:\repos\QuickLap\QuickLap.Tests\bin\Debug\net7.0\QuickLap.Tests.dll" adapterTypeName="executor://xunit/VsTestRunner2/netcoreapp" className="QuickLap.Tests.InMemory.WithoutClassFixture.UserRepositoryTests" name="RegisterUserAsync_ShouldAddNewUserAndReturnUserId" />
    </UnitTest>
    <UnitTest name="QuickLap.Tests.InMemory.WithoutClassFixture.OrderRepositoryTests.AddOrderItemAsync_ShouldAddOrderItem_WhenOrderDoesntHaveProductYet" storage="c:\repos\quicklap\quicklap.tests\bin\debug\net7.0\quicklap.tests.dll" id="f8f79563-3b33-6a2c-4d9d-5921e3775d57">
      <Execution id="1e67ba6c-6c61-4ca1-8e60-5930cc78c09d" />
      <TestMethod codeBase="C:\repos\QuickLap\QuickLap.Tests\bin\Debug\net7.0\QuickLap.Tests.dll" adapterTypeName="executor://xunit/VsTestRunner2/netcoreapp" className="QuickLap.Tests.InMemory.WithoutClassFixture.OrderRepositoryTests" name="AddOrderItemAsync_ShouldAddOrderItem_WhenOrderDoesntHaveProductYet" />
    </UnitTest>
    <UnitTest name="QuickLap.Tests.InMemory.WithClassFixture.UserRepositoryTests.CompleteProfileAsync_ShouldThrowNotFoundException_WhenUserDoesNotExist" storage="c:\repos\quicklap\quicklap.tests\bin\debug\net7.0\quicklap.tests.dll" id="905d6018-869c-38e0-c062-b2bc05ec69f9">
      <Execution id="58539c81-0577-4ad0-80b6-dbe72f04cf67" />
      <TestMethod codeBase="C:\repos\QuickLap\QuickLap.Tests\bin\Debug\net7.0\QuickLap.Tests.dll" adapterTypeName="executor://xunit/VsTestRunner2/netcoreapp" className="QuickLap.Tests.InMemory.WithClassFixture.UserRepositoryTests" name="CompleteProfileAsync_ShouldThrowNotFoundException_WhenUserDoesNotExist" />
    </UnitTest>
    <UnitTest name="QuickLap.Tests.TempDatabase.WithoutClassFixture.CustomerRepositoryTests.RegisterCustomerAsync_ShouldRegisterCustomerAndReturnCustomerId" storage="c:\repos\quicklap\quicklap.tests\bin\debug\net7.0\quicklap.tests.dll" id="ad5d8362-40af-9427-71a3-2f821ca85ab7">
      <Execution id="18117e1a-f8d4-4467-bba4-50112e969832" />
      <TestMethod codeBase="C:\repos\QuickLap\QuickLap.Tests\bin\Debug\net7.0\QuickLap.Tests.dll" adapterTypeName="executor://xunit/VsTestRunner2/netcoreapp" className="QuickLap.Tests.TempDatabase.WithoutClassFixture.CustomerRepositoryTests" name="RegisterCustomerAsync_ShouldRegisterCustomerAndReturnCustomerId" />
    </UnitTest>
    <UnitTest name="QuickLap.Tests.TempDatabase.WithoutClassFixture.UserRepositoryTests.CompleteProfileAsync_ShouldUpdateUserDetails_WhenUserExists" storage="c:\repos\quicklap\quicklap.tests\bin\debug\net7.0\quicklap.tests.dll" id="a02524af-43bd-b2a2-47ad-803ed7126c48">
      <Execution id="bf1d251e-2438-4241-98db-f3fa40a55c9a" />
      <TestMethod codeBase="C:\repos\QuickLap\QuickLap.Tests\bin\Debug\net7.0\QuickLap.Tests.dll" adapterTypeName="executor://xunit/VsTestRunner2/netcoreapp" className="QuickLap.Tests.TempDatabase.WithoutClassFixture.UserRepositoryTests" name="CompleteProfileAsync_ShouldUpdateUserDetails_WhenUserExists" />
    </UnitTest>
    <UnitTest name="QuickLap.Tests.InMemory.WithClassFixture.UserRepositoryTests.LoginAsync_ShouldReturnTrue_WhenUserExistsWithMatchingCredentials" storage="c:\repos\quicklap\quicklap.tests\bin\debug\net7.0\quicklap.tests.dll" id="acc3284d-1420-0d7b-41bc-aa95c6df0173">
      <Execution id="a041e19a-a77f-400d-ba94-d318a3ace4a8" />
      <TestMethod codeBase="C:\repos\QuickLap\QuickLap.Tests\bin\Debug\net7.0\QuickLap.Tests.dll" adapterTypeName="executor://xunit/VsTestRunner2/netcoreapp" className="QuickLap.Tests.InMemory.WithClassFixture.UserRepositoryTests" name="LoginAsync_ShouldReturnTrue_WhenUserExistsWithMatchingCredentials" />
    </UnitTest>
    <UnitTest name="QuickLap.Tests.InMemory.WithClassFixture.OrderRepositoryTests.AddOrderItemAsync_ShouldAddOrderItem_WhenOrderDoesntHaveProductYet" storage="c:\repos\quicklap\quicklap.tests\bin\debug\net7.0\quicklap.tests.dll" id="91d5ff86-719d-b058-4dd2-8c8cff7f4977">
      <Execution id="0a563eaa-1fcf-4c5b-9ef6-32518fb52a1d" />
      <TestMethod codeBase="C:\repos\QuickLap\QuickLap.Tests\bin\Debug\net7.0\QuickLap.Tests.dll" adapterTypeName="executor://xunit/VsTestRunner2/netcoreapp" className="QuickLap.Tests.InMemory.WithClassFixture.OrderRepositoryTests" name="AddOrderItemAsync_ShouldAddOrderItem_WhenOrderDoesntHaveProductYet" />
    </UnitTest>
    <UnitTest name="QuickLap.Tests.TempDatabase.WithoutClassFixture.UserRepositoryTests.RegisterUserAsync_ShouldAddNewUserAndReturnUserId" storage="c:\repos\quicklap\quicklap.tests\bin\debug\net7.0\quicklap.tests.dll" id="bdb8d388-b713-24aa-5807-ccebce3003f2">
      <Execution id="9fa44f84-13cc-4972-894d-e514efc424c0" />
      <TestMethod codeBase="C:\repos\QuickLap\QuickLap.Tests\bin\Debug\net7.0\QuickLap.Tests.dll" adapterTypeName="executor://xunit/VsTestRunner2/netcoreapp" className="QuickLap.Tests.TempDatabase.WithoutClassFixture.UserRepositoryTests" name="RegisterUserAsync_ShouldAddNewUserAndReturnUserId" />
    </UnitTest>
    <UnitTest name="QuickLap.Tests.TempDatabase.WithClassFixture.OrderRepositoryTests.AddOrderItemAsync_ShouldIncrementOrderItem_WhenOrderAlreadyHasProduct" storage="c:\repos\quicklap\quicklap.tests\bin\debug\net7.0\quicklap.tests.dll" id="95d06feb-42b2-fa49-f3af-a6f132c45fb9">
      <Execution id="976291bf-07f8-4e01-a4af-025d0cdfa826" />
      <TestMethod codeBase="C:\repos\QuickLap\QuickLap.Tests\bin\Debug\net7.0\QuickLap.Tests.dll" adapterTypeName="executor://xunit/VsTestRunner2/netcoreapp" className="QuickLap.Tests.TempDatabase.WithClassFixture.OrderRepositoryTests" name="AddOrderItemAsync_ShouldIncrementOrderItem_WhenOrderAlreadyHasProduct" />
    </UnitTest>
    <UnitTest name="QuickLap.Tests.TempDatabase.WithClassFixture.UserRepositoryTests.CompleteProfileAsync_ShouldThrowNotFoundException_WhenUserDoesNotExist" storage="c:\repos\quicklap\quicklap.tests\bin\debug\net7.0\quicklap.tests.dll" id="39734f60-401d-f84c-7987-74bb30b8c344">
      <Execution id="2ea1cbd5-0d07-4493-aedd-56fc3f69d5a9" />
      <TestMethod codeBase="C:\repos\QuickLap\QuickLap.Tests\bin\Debug\net7.0\QuickLap.Tests.dll" adapterTypeName="executor://xunit/VsTestRunner2/netcoreapp" className="QuickLap.Tests.TempDatabase.WithClassFixture.UserRepositoryTests" name="CompleteProfileAsync_ShouldThrowNotFoundException_WhenUserDoesNotExist" />
    </UnitTest>
    <UnitTest name="QuickLap.Tests.InMemory.WithClassFixture.ProductRepositoryTests.AddProductAsync_ShouldAddProductAndReturnProductId" storage="c:\repos\quicklap\quicklap.tests\bin\debug\net7.0\quicklap.tests.dll" id="87948de4-9d20-5a73-e5b9-b63baec58b80">
      <Execution id="7ec564c7-d27d-406a-8eb1-d112862c94a0" />
      <TestMethod codeBase="C:\repos\QuickLap\QuickLap.Tests\bin\Debug\net7.0\QuickLap.Tests.dll" adapterTypeName="executor://xunit/VsTestRunner2/netcoreapp" className="QuickLap.Tests.InMemory.WithClassFixture.ProductRepositoryTests" name="AddProductAsync_ShouldAddProductAndReturnProductId" />
    </UnitTest>
    <UnitTest name="QuickLap.Tests.InMemory.WithClassFixture.OrderRepositoryTests.CreateOrderAsync_ShouldCreateOrderAndReturnOrderId" storage="c:\repos\quicklap\quicklap.tests\bin\debug\net7.0\quicklap.tests.dll" id="46cd4733-3f00-6947-5995-d24d8e6c32b3">
      <Execution id="ddd7f517-f6e6-4cac-9f57-231603d14cb5" />
      <TestMethod codeBase="C:\repos\QuickLap\QuickLap.Tests\bin\Debug\net7.0\QuickLap.Tests.dll" adapterTypeName="executor://xunit/VsTestRunner2/netcoreapp" className="QuickLap.Tests.InMemory.WithClassFixture.OrderRepositoryTests" name="CreateOrderAsync_ShouldCreateOrderAndReturnOrderId" />
    </UnitTest>
    <UnitTest name="QuickLap.Tests.InMemory.WithoutClassFixture.UserRepositoryTests.RegisterUserAsync_ShouldThrowEntityAlreadyExistsException_WhenUserWithEmailAlreadyExists" storage="c:\repos\quicklap\quicklap.tests\bin\debug\net7.0\quicklap.tests.dll" id="3b75b512-251c-f426-eca2-062a7bced349">
      <Execution id="ce536a33-f552-49c4-a832-d59116743613" />
      <TestMethod codeBase="C:\repos\QuickLap\QuickLap.Tests\bin\Debug\net7.0\QuickLap.Tests.dll" adapterTypeName="executor://xunit/VsTestRunner2/netcoreapp" className="QuickLap.Tests.InMemory.WithoutClassFixture.UserRepositoryTests" name="RegisterUserAsync_ShouldThrowEntityAlreadyExistsException_WhenUserWithEmailAlreadyExists" />
    </UnitTest>
    <UnitTest name="QuickLap.Tests.TempDatabase.WithClassFixture.CustomerRepositoryTests.RegisterCustomerAsync_ShouldRegisterCustomerAndReturnCustomerId" storage="c:\repos\quicklap\quicklap.tests\bin\debug\net7.0\quicklap.tests.dll" id="5a7c2469-1e04-f5dc-baac-f6dfaa1d46e4">
      <Execution id="12f09b08-5c77-4dd5-b5dc-ccb013bded5d" />
      <TestMethod codeBase="C:\repos\QuickLap\QuickLap.Tests\bin\Debug\net7.0\QuickLap.Tests.dll" adapterTypeName="executor://xunit/VsTestRunner2/netcoreapp" className="QuickLap.Tests.TempDatabase.WithClassFixture.CustomerRepositoryTests" name="RegisterCustomerAsync_ShouldRegisterCustomerAndReturnCustomerId" />
    </UnitTest>
    <UnitTest name="QuickLap.Tests.InMemory.WithClassFixture.CustomerRepositoryTests.RegisterCustomerAsync_ShouldThrowEntityAlreadyExistsException_WhenCustomerWithEmailAlreadyExists" storage="c:\repos\quicklap\quicklap.tests\bin\debug\net7.0\quicklap.tests.dll" id="8a0bfc88-7ee3-3d0b-4a12-3a518ab90276">
      <Execution id="e482bce2-e95f-43f4-8ad2-c892441b183f" />
      <TestMethod codeBase="C:\repos\QuickLap\QuickLap.Tests\bin\Debug\net7.0\QuickLap.Tests.dll" adapterTypeName="executor://xunit/VsTestRunner2/netcoreapp" className="QuickLap.Tests.InMemory.WithClassFixture.CustomerRepositoryTests" name="RegisterCustomerAsync_ShouldThrowEntityAlreadyExistsException_WhenCustomerWithEmailAlreadyExists" />
    </UnitTest>
    <UnitTest name="QuickLap.Tests.InMemory.WithoutClassFixture.ProductRepositoryTests.AddProductAsync_ShouldAddProductAndReturnProductId" storage="c:\repos\quicklap\quicklap.tests\bin\debug\net7.0\quicklap.tests.dll" id="40c86054-1385-fad6-2667-fe02b9793bec">
      <Execution id="4451a2c8-5a4b-47f6-8d91-e31073f0ec72" />
      <TestMethod codeBase="C:\repos\QuickLap\QuickLap.Tests\bin\Debug\net7.0\QuickLap.Tests.dll" adapterTypeName="executor://xunit/VsTestRunner2/netcoreapp" className="QuickLap.Tests.InMemory.WithoutClassFixture.ProductRepositoryTests" name="AddProductAsync_ShouldAddProductAndReturnProductId" />
    </UnitTest>
    <UnitTest name="QuickLap.Tests.InMemory.WithClassFixture.ProductRepositoryTests.GetByIdAsync_ShouldThrowNotFoundException_WhenProductDoesNotExist" storage="c:\repos\quicklap\quicklap.tests\bin\debug\net7.0\quicklap.tests.dll" id="b4542277-6809-6c2d-048c-f7cc829b890f">
      <Execution id="194eaf47-f980-403e-ba5b-1197413ca8bb" />
      <TestMethod codeBase="C:\repos\QuickLap\QuickLap.Tests\bin\Debug\net7.0\QuickLap.Tests.dll" adapterTypeName="executor://xunit/VsTestRunner2/netcoreapp" className="QuickLap.Tests.InMemory.WithClassFixture.ProductRepositoryTests" name="GetByIdAsync_ShouldThrowNotFoundException_WhenProductDoesNotExist" />
    </UnitTest>
    <UnitTest name="QuickLap.Tests.TempDatabase.WithClassFixture.UserRepositoryTests.LoginAsync_ShouldReturnTrue_WhenUserExistsWithMatchingCredentials" storage="c:\repos\quicklap\quicklap.tests\bin\debug\net7.0\quicklap.tests.dll" id="c884c42f-7db6-eac8-2502-dfd7a63da7ae">
      <Execution id="9aae5631-66ae-43d3-9be1-97d7b3a1c090" />
      <TestMethod codeBase="C:\repos\QuickLap\QuickLap.Tests\bin\Debug\net7.0\QuickLap.Tests.dll" adapterTypeName="executor://xunit/VsTestRunner2/netcoreapp" className="QuickLap.Tests.TempDatabase.WithClassFixture.UserRepositoryTests" name="LoginAsync_ShouldReturnTrue_WhenUserExistsWithMatchingCredentials" />
    </UnitTest>
    <UnitTest name="QuickLap.Tests.InMemory.WithoutClassFixture.CustomerRepositoryTests.RegisterCustomerAsync_ShouldRegisterCustomerAndReturnCustomerId" storage="c:\repos\quicklap\quicklap.tests\bin\debug\net7.0\quicklap.tests.dll" id="4f69fe12-90de-841d-6b23-9fab0acbe0d1">
      <Execution id="14bebd09-971f-40f3-8567-64f1c2ef26ae" />
      <TestMethod codeBase="C:\repos\QuickLap\QuickLap.Tests\bin\Debug\net7.0\QuickLap.Tests.dll" adapterTypeName="executor://xunit/VsTestRunner2/netcoreapp" className="QuickLap.Tests.InMemory.WithoutClassFixture.CustomerRepositoryTests" name="RegisterCustomerAsync_ShouldRegisterCustomerAndReturnCustomerId" />
    </UnitTest>
    <UnitTest name="QuickLap.Tests.InMemory.WithClassFixture.UserRepositoryTests.RegisterUserAsync_ShouldAddNewUserAndReturnUserId" storage="c:\repos\quicklap\quicklap.tests\bin\debug\net7.0\quicklap.tests.dll" id="d54318f1-4ee1-ea7d-c831-d97ce15fd952">
      <Execution id="99a3efd7-2e2e-48da-96c0-9546b190dc65" />
      <TestMethod codeBase="C:\repos\QuickLap\QuickLap.Tests\bin\Debug\net7.0\QuickLap.Tests.dll" adapterTypeName="executor://xunit/VsTestRunner2/netcoreapp" className="QuickLap.Tests.InMemory.WithClassFixture.UserRepositoryTests" name="RegisterUserAsync_ShouldAddNewUserAndReturnUserId" />
    </UnitTest>
    <UnitTest name="QuickLap.Tests.InMemory.WithClassFixture.ProductRepositoryTests.GetAllAsync_ShouldReturnListOfProducts" storage="c:\repos\quicklap\quicklap.tests\bin\debug\net7.0\quicklap.tests.dll" id="0b54f752-dd2f-3968-0389-a10204700fe8">
      <Execution id="e7f653f4-95d1-443f-9c16-074de24b42a7" />
      <TestMethod codeBase="C:\repos\QuickLap\QuickLap.Tests\bin\Debug\net7.0\QuickLap.Tests.dll" adapterTypeName="executor://xunit/VsTestRunner2/netcoreapp" className="QuickLap.Tests.InMemory.WithClassFixture.ProductRepositoryTests" name="GetAllAsync_ShouldReturnListOfProducts" />
    </UnitTest>
    <UnitTest name="QuickLap.Tests.TempDatabase.WithClassFixture.UserRepositoryTests.LoginAsync_ShouldReturnFalse_WhenUserDoesNotExistWithMatchingCredentials" storage="c:\repos\quicklap\quicklap.tests\bin\debug\net7.0\quicklap.tests.dll" id="d1b45ebd-f980-5fd0-5274-b58e4f0e2775">
      <Execution id="1901442b-eeb7-4c3e-9150-c3f0e614c90e" />
      <TestMethod codeBase="C:\repos\QuickLap\QuickLap.Tests\bin\Debug\net7.0\QuickLap.Tests.dll" adapterTypeName="executor://xunit/VsTestRunner2/netcoreapp" className="QuickLap.Tests.TempDatabase.WithClassFixture.UserRepositoryTests" name="LoginAsync_ShouldReturnFalse_WhenUserDoesNotExistWithMatchingCredentials" />
    </UnitTest>
    <UnitTest name="QuickLap.Tests.InMemory.WithoutClassFixture.UserRepositoryTests.LoginAsync_ShouldReturnTrue_WhenUserExistsWithMatchingCredentials" storage="c:\repos\quicklap\quicklap.tests\bin\debug\net7.0\quicklap.tests.dll" id="17ad132b-5f7c-912f-f4c3-4ece8c258e12">
      <Execution id="08611e83-4cb0-4733-a3a4-297d4144684f" />
      <TestMethod codeBase="C:\repos\QuickLap\QuickLap.Tests\bin\Debug\net7.0\QuickLap.Tests.dll" adapterTypeName="executor://xunit/VsTestRunner2/netcoreapp" className="QuickLap.Tests.InMemory.WithoutClassFixture.UserRepositoryTests" name="LoginAsync_ShouldReturnTrue_WhenUserExistsWithMatchingCredentials" />
    </UnitTest>
    <UnitTest name="QuickLap.Tests.InMemory.WithoutClassFixture.UserRepositoryTests.CompleteProfileAsync_ShouldUpdateUserDetails_WhenUserExists" storage="c:\repos\quicklap\quicklap.tests\bin\debug\net7.0\quicklap.tests.dll" id="6c74461b-c721-c6fa-74ed-1a09f55f2b69">
      <Execution id="8555ad1f-6d13-4b75-94ec-c46427f534cd" />
      <TestMethod codeBase="C:\repos\QuickLap\QuickLap.Tests\bin\Debug\net7.0\QuickLap.Tests.dll" adapterTypeName="executor://xunit/VsTestRunner2/netcoreapp" className="QuickLap.Tests.InMemory.WithoutClassFixture.UserRepositoryTests" name="CompleteProfileAsync_ShouldUpdateUserDetails_WhenUserExists" />
    </UnitTest>
    <UnitTest name="QuickLap.Tests.TempDatabase.WithoutClassFixture.ProductRepositoryTests.GetAllAsync_ShouldReturnListOfProducts" storage="c:\repos\quicklap\quicklap.tests\bin\debug\net7.0\quicklap.tests.dll" id="f4fde79a-7299-05a3-237e-926ead7d2471">
      <Execution id="6f1f6a93-ad2a-4cb1-81b7-f7f04a9c7006" />
      <TestMethod codeBase="C:\repos\QuickLap\QuickLap.Tests\bin\Debug\net7.0\QuickLap.Tests.dll" adapterTypeName="executor://xunit/VsTestRunner2/netcoreapp" className="QuickLap.Tests.TempDatabase.WithoutClassFixture.ProductRepositoryTests" name="GetAllAsync_ShouldReturnListOfProducts" />
    </UnitTest>
    <UnitTest name="QuickLap.Tests.InMemory.WithoutClassFixture.ProductRepositoryTests.GetAllAsync_ShouldReturnListOfProducts" storage="c:\repos\quicklap\quicklap.tests\bin\debug\net7.0\quicklap.tests.dll" id="1b5f022a-5d30-81ba-1561-a3d481ccfa87">
      <Execution id="3a0db0cb-e021-4e95-b8e6-c70b6bc22c47" />
      <TestMethod codeBase="C:\repos\QuickLap\QuickLap.Tests\bin\Debug\net7.0\QuickLap.Tests.dll" adapterTypeName="executor://xunit/VsTestRunner2/netcoreapp" className="QuickLap.Tests.InMemory.WithoutClassFixture.ProductRepositoryTests" name="GetAllAsync_ShouldReturnListOfProducts" />
    </UnitTest>
    <UnitTest name="QuickLap.Tests.TempDatabase.WithoutClassFixture.UserRepositoryTests.LoginAsync_ShouldReturnTrue_WhenUserExistsWithMatchingCredentials" storage="c:\repos\quicklap\quicklap.tests\bin\debug\net7.0\quicklap.tests.dll" id="55aac076-097c-3f88-8435-383763ce4eb7">
      <Execution id="e3956cb7-dda1-42ed-a007-ef70da601aae" />
      <TestMethod codeBase="C:\repos\QuickLap\QuickLap.Tests\bin\Debug\net7.0\QuickLap.Tests.dll" adapterTypeName="executor://xunit/VsTestRunner2/netcoreapp" className="QuickLap.Tests.TempDatabase.WithoutClassFixture.UserRepositoryTests" name="LoginAsync_ShouldReturnTrue_WhenUserExistsWithMatchingCredentials" />
    </UnitTest>
    <UnitTest name="QuickLap.Tests.InMemory.WithClassFixture.UserRepositoryTests.CompleteProfileAsync_ShouldUpdateUserDetails_WhenUserExists" storage="c:\repos\quicklap\quicklap.tests\bin\debug\net7.0\quicklap.tests.dll" id="3b338677-1775-15e6-a14f-4766662acc57">
      <Execution id="4486de6e-c4ad-4392-8a8d-9c6db0df9af5" />
      <TestMethod codeBase="C:\repos\QuickLap\QuickLap.Tests\bin\Debug\net7.0\QuickLap.Tests.dll" adapterTypeName="executor://xunit/VsTestRunner2/netcoreapp" className="QuickLap.Tests.InMemory.WithClassFixture.UserRepositoryTests" name="CompleteProfileAsync_ShouldUpdateUserDetails_WhenUserExists" />
    </UnitTest>
    <UnitTest name="QuickLap.Tests.InMemory.WithoutClassFixture.OrderRepositoryTests.AddOrderItemAsync_ShouldIncrementOrderItem_WhenOrderAlreadyHasProduct" storage="c:\repos\quicklap\quicklap.tests\bin\debug\net7.0\quicklap.tests.dll" id="e3a06078-0b50-7fbf-f666-aaffc96526a5">
      <Execution id="48fd259b-b9c2-433c-933a-3a4c54a8ff70" />
      <TestMethod codeBase="C:\repos\QuickLap\QuickLap.Tests\bin\Debug\net7.0\QuickLap.Tests.dll" adapterTypeName="executor://xunit/VsTestRunner2/netcoreapp" className="QuickLap.Tests.InMemory.WithoutClassFixture.OrderRepositoryTests" name="AddOrderItemAsync_ShouldIncrementOrderItem_WhenOrderAlreadyHasProduct" />
    </UnitTest>
    <UnitTest name="QuickLap.Tests.TempDatabase.WithoutClassFixture.ProductRepositoryTests.AddProductAsync_ShouldAddProductAndReturnProductId" storage="c:\repos\quicklap\quicklap.tests\bin\debug\net7.0\quicklap.tests.dll" id="6956cea8-3b70-ab4d-0a70-44021c4d03be">
      <Execution id="aadb7cc4-5c83-4b3b-bb47-c29c0370252e" />
      <TestMethod codeBase="C:\repos\QuickLap\QuickLap.Tests\bin\Debug\net7.0\QuickLap.Tests.dll" adapterTypeName="executor://xunit/VsTestRunner2/netcoreapp" className="QuickLap.Tests.TempDatabase.WithoutClassFixture.ProductRepositoryTests" name="AddProductAsync_ShouldAddProductAndReturnProductId" />
    </UnitTest>
    <UnitTest name="QuickLap.Tests.InMemory.WithoutClassFixture.ProductRepositoryTests.GetByIdAsync_ShouldThrowNotFoundException_WhenProductDoesNotExist" storage="c:\repos\quicklap\quicklap.tests\bin\debug\net7.0\quicklap.tests.dll" id="5756351e-1cf7-6f28-2835-4cd55f0154d2">
      <Execution id="76606bb4-1184-4e6e-98a6-9303dd879d2f" />
      <TestMethod codeBase="C:\repos\QuickLap\QuickLap.Tests\bin\Debug\net7.0\QuickLap.Tests.dll" adapterTypeName="executor://xunit/VsTestRunner2/netcoreapp" className="QuickLap.Tests.InMemory.WithoutClassFixture.ProductRepositoryTests" name="GetByIdAsync_ShouldThrowNotFoundException_WhenProductDoesNotExist" />
    </UnitTest>
    <UnitTest name="QuickLap.Tests.TempDatabase.WithClassFixture.OrderRepositoryTests.CreateOrderAsync_ShouldCreateOrderAndReturnOrderId" storage="c:\repos\quicklap\quicklap.tests\bin\debug\net7.0\quicklap.tests.dll" id="62f51c8a-217e-863f-ca17-944dcaffe5fa">
      <Execution id="39028971-5d75-40ca-b0f5-1dd652b0922f" />
      <TestMethod codeBase="C:\repos\QuickLap\QuickLap.Tests\bin\Debug\net7.0\QuickLap.Tests.dll" adapterTypeName="executor://xunit/VsTestRunner2/netcoreapp" className="QuickLap.Tests.TempDatabase.WithClassFixture.OrderRepositoryTests" name="CreateOrderAsync_ShouldCreateOrderAndReturnOrderId" />
    </UnitTest>
    <UnitTest name="QuickLap.Tests.TempDatabase.WithClassFixture.OrderRepositoryTests.AddOrderItemAsync_ShouldAddOrderItem_WhenOrderDoesntHaveProductYet" storage="c:\repos\quicklap\quicklap.tests\bin\debug\net7.0\quicklap.tests.dll" id="15a30c8d-3a7b-2f18-e0ee-eccdfdcd25a1">
      <Execution id="645630aa-ad52-4b40-83b0-13f7fd53f1e1" />
      <TestMethod codeBase="C:\repos\QuickLap\QuickLap.Tests\bin\Debug\net7.0\QuickLap.Tests.dll" adapterTypeName="executor://xunit/VsTestRunner2/netcoreapp" className="QuickLap.Tests.TempDatabase.WithClassFixture.OrderRepositoryTests" name="AddOrderItemAsync_ShouldAddOrderItem_WhenOrderDoesntHaveProductYet" />
    </UnitTest>
    <UnitTest name="QuickLap.Tests.InMemory.WithoutClassFixture.OrderRepositoryTests.CreateOrderAsync_ShouldCreateOrderAndReturnOrderId" storage="c:\repos\quicklap\quicklap.tests\bin\debug\net7.0\quicklap.tests.dll" id="2c7f51d8-210a-701e-efee-996d6690a153">
      <Execution id="121f5abf-b4d6-4d3b-8940-2e4deb2a6e17" />
      <TestMethod codeBase="C:\repos\QuickLap\QuickLap.Tests\bin\Debug\net7.0\QuickLap.Tests.dll" adapterTypeName="executor://xunit/VsTestRunner2/netcoreapp" className="QuickLap.Tests.InMemory.WithoutClassFixture.OrderRepositoryTests" name="CreateOrderAsync_ShouldCreateOrderAndReturnOrderId" />
    </UnitTest>
    <UnitTest name="QuickLap.Tests.InMemory.WithoutClassFixture.ProductRepositoryTests.GetByIdAsync_ShouldReturnProduct_WhenProductExists" storage="c:\repos\quicklap\quicklap.tests\bin\debug\net7.0\quicklap.tests.dll" id="75dbc904-454d-3fba-c563-bb7ebffd7ca8">
      <Execution id="41bee4db-caa4-4670-9a15-8a97703c77c3" />
      <TestMethod codeBase="C:\repos\QuickLap\QuickLap.Tests\bin\Debug\net7.0\QuickLap.Tests.dll" adapterTypeName="executor://xunit/VsTestRunner2/netcoreapp" className="QuickLap.Tests.InMemory.WithoutClassFixture.ProductRepositoryTests" name="GetByIdAsync_ShouldReturnProduct_WhenProductExists" />
    </UnitTest>
    <UnitTest name="QuickLap.Tests.InMemory.WithClassFixture.UserRepositoryTests.LoginAsync_ShouldReturnFalse_WhenUserDoesNotExistWithMatchingCredentials" storage="c:\repos\quicklap\quicklap.tests\bin\debug\net7.0\quicklap.tests.dll" id="9c8225fd-c605-93c4-36cc-b14173f9b898">
      <Execution id="543003b7-fb3c-4c36-b3f5-ca92032fc503" />
      <TestMethod codeBase="C:\repos\QuickLap\QuickLap.Tests\bin\Debug\net7.0\QuickLap.Tests.dll" adapterTypeName="executor://xunit/VsTestRunner2/netcoreapp" className="QuickLap.Tests.InMemory.WithClassFixture.UserRepositoryTests" name="LoginAsync_ShouldReturnFalse_WhenUserDoesNotExistWithMatchingCredentials" />
    </UnitTest>
    <UnitTest name="QuickLap.Tests.TempDatabase.WithClassFixture.UserRepositoryTests.CompleteProfileAsync_ShouldUpdateUserDetails_WhenUserExists" storage="c:\repos\quicklap\quicklap.tests\bin\debug\net7.0\quicklap.tests.dll" id="ae353b48-4582-95f4-6ed3-77358877b5d5">
      <Execution id="0169f031-04ae-47f8-9ef1-0f9874c44e19" />
      <TestMethod codeBase="C:\repos\QuickLap\QuickLap.Tests\bin\Debug\net7.0\QuickLap.Tests.dll" adapterTypeName="executor://xunit/VsTestRunner2/netcoreapp" className="QuickLap.Tests.TempDatabase.WithClassFixture.UserRepositoryTests" name="CompleteProfileAsync_ShouldUpdateUserDetails_WhenUserExists" />
    </UnitTest>
    <UnitTest name="QuickLap.Tests.TempDatabase.WithoutClassFixture.UserRepositoryTests.CompleteProfileAsync_ShouldThrowNotFoundException_WhenUserDoesNotExist" storage="c:\repos\quicklap\quicklap.tests\bin\debug\net7.0\quicklap.tests.dll" id="995d70cd-2baa-a5b0-5fca-b41d05709a0d">
      <Execution id="6d6de74a-7e1f-49ce-a24d-f4875a2cccfa" />
      <TestMethod codeBase="C:\repos\QuickLap\QuickLap.Tests\bin\Debug\net7.0\QuickLap.Tests.dll" adapterTypeName="executor://xunit/VsTestRunner2/netcoreapp" className="QuickLap.Tests.TempDatabase.WithoutClassFixture.UserRepositoryTests" name="CompleteProfileAsync_ShouldThrowNotFoundException_WhenUserDoesNotExist" />
    </UnitTest>
    <UnitTest name="QuickLap.Tests.TempDatabase.WithClassFixture.CustomerRepositoryTests.RegisterCustomerAsync_ShouldThrowEntityAlreadyExistsException_WhenCustomerWithEmailAlreadyExists" storage="c:\repos\quicklap\quicklap.tests\bin\debug\net7.0\quicklap.tests.dll" id="1ca4d800-a8da-27e1-b1e3-d6e6f0fadfa2">
      <Execution id="c9a4f516-29ed-4bc7-acad-c5746b22c30e" />
      <TestMethod codeBase="C:\repos\QuickLap\QuickLap.Tests\bin\Debug\net7.0\QuickLap.Tests.dll" adapterTypeName="executor://xunit/VsTestRunner2/netcoreapp" className="QuickLap.Tests.TempDatabase.WithClassFixture.CustomerRepositoryTests" name="RegisterCustomerAsync_ShouldThrowEntityAlreadyExistsException_WhenCustomerWithEmailAlreadyExists" />
    </UnitTest>
    <UnitTest name="QuickLap.Tests.TempDatabase.WithClassFixture.UserRepositoryTests.RegisterUserAsync_ShouldAddNewUserAndReturnUserId" storage="c:\repos\quicklap\quicklap.tests\bin\debug\net7.0\quicklap.tests.dll" id="bcccf3df-639e-e23d-1a55-0702a2507011">
      <Execution id="a8ee65f2-56e5-460b-a912-5740b3b1ff93" />
      <TestMethod codeBase="C:\repos\QuickLap\QuickLap.Tests\bin\Debug\net7.0\QuickLap.Tests.dll" adapterTypeName="executor://xunit/VsTestRunner2/netcoreapp" className="QuickLap.Tests.TempDatabase.WithClassFixture.UserRepositoryTests" name="RegisterUserAsync_ShouldAddNewUserAndReturnUserId" />
    </UnitTest>
    <UnitTest name="QuickLap.Tests.TempDatabase.WithClassFixture.ProductRepositoryTests.GetByIdAsync_ShouldReturnProduct_WhenProductExists" storage="c:\repos\quicklap\quicklap.tests\bin\debug\net7.0\quicklap.tests.dll" id="a776eefd-6596-e19f-c31f-844ddaf01d85">
      <Execution id="1582d3bb-6c5e-48e0-ba16-5643b441d0ff" />
      <TestMethod codeBase="C:\repos\QuickLap\QuickLap.Tests\bin\Debug\net7.0\QuickLap.Tests.dll" adapterTypeName="executor://xunit/VsTestRunner2/netcoreapp" className="QuickLap.Tests.TempDatabase.WithClassFixture.ProductRepositoryTests" name="GetByIdAsync_ShouldReturnProduct_WhenProductExists" />
    </UnitTest>
    <UnitTest name="QuickLap.Tests.TempDatabase.WithoutClassFixture.UserRepositoryTests.RegisterUserAsync_ShouldThrowEntityAlreadyExistsException_WhenUserWithEmailAlreadyExists" storage="c:\repos\quicklap\quicklap.tests\bin\debug\net7.0\quicklap.tests.dll" id="7b19220b-bf5e-9c34-1517-803d7389fc6d">
      <Execution id="cfaf2184-957f-4b57-aece-093c029e9bc2" />
      <TestMethod codeBase="C:\repos\QuickLap\QuickLap.Tests\bin\Debug\net7.0\QuickLap.Tests.dll" adapterTypeName="executor://xunit/VsTestRunner2/netcoreapp" className="QuickLap.Tests.TempDatabase.WithoutClassFixture.UserRepositoryTests" name="RegisterUserAsync_ShouldThrowEntityAlreadyExistsException_WhenUserWithEmailAlreadyExists" />
    </UnitTest>
    <UnitTest name="QuickLap.Tests.TempDatabase.WithoutClassFixture.ProductRepositoryTests.GetByIdAsync_ShouldReturnProduct_WhenProductExists" storage="c:\repos\quicklap\quicklap.tests\bin\debug\net7.0\quicklap.tests.dll" id="c8848481-7ad0-8453-ece5-9433c79d6bfd">
      <Execution id="8bca7eb8-3c30-4adb-b62b-4b6c560cdc90" />
      <TestMethod codeBase="C:\repos\QuickLap\QuickLap.Tests\bin\Debug\net7.0\QuickLap.Tests.dll" adapterTypeName="executor://xunit/VsTestRunner2/netcoreapp" className="QuickLap.Tests.TempDatabase.WithoutClassFixture.ProductRepositoryTests" name="GetByIdAsync_ShouldReturnProduct_WhenProductExists" />
    </UnitTest>
    <UnitTest name="QuickLap.Tests.InMemory.WithClassFixture.UserRepositoryTests.RegisterUserAsync_ShouldThrowEntityAlreadyExistsException_WhenUserWithEmailAlreadyExists" storage="c:\repos\quicklap\quicklap.tests\bin\debug\net7.0\quicklap.tests.dll" id="cc4f8100-58c9-5b75-1d07-4ffac49e0314">
      <Execution id="39a632dd-3edd-469e-afda-8ea39eca4c7b" />
      <TestMethod codeBase="C:\repos\QuickLap\QuickLap.Tests\bin\Debug\net7.0\QuickLap.Tests.dll" adapterTypeName="executor://xunit/VsTestRunner2/netcoreapp" className="QuickLap.Tests.InMemory.WithClassFixture.UserRepositoryTests" name="RegisterUserAsync_ShouldThrowEntityAlreadyExistsException_WhenUserWithEmailAlreadyExists" />
    </UnitTest>
    <UnitTest name="QuickLap.Tests.InMemory.WithoutClassFixture.UserRepositoryTests.LoginAsync_ShouldReturnFalse_WhenUserDoesNotExistWithMatchingCredentials" storage="c:\repos\quicklap\quicklap.tests\bin\debug\net7.0\quicklap.tests.dll" id="6fe46184-1535-b2e1-5609-eae0409a9281">
      <Execution id="5fb29109-e461-42e2-bb58-e6f540ca558d" />
      <TestMethod codeBase="C:\repos\QuickLap\QuickLap.Tests\bin\Debug\net7.0\QuickLap.Tests.dll" adapterTypeName="executor://xunit/VsTestRunner2/netcoreapp" className="QuickLap.Tests.InMemory.WithoutClassFixture.UserRepositoryTests" name="LoginAsync_ShouldReturnFalse_WhenUserDoesNotExistWithMatchingCredentials" />
    </UnitTest>
    <UnitTest name="QuickLap.Tests.TempDatabase.WithoutClassFixture.UserRepositoryTests.LoginAsync_ShouldReturnFalse_WhenUserDoesNotExistWithMatchingCredentials" storage="c:\repos\quicklap\quicklap.tests\bin\debug\net7.0\quicklap.tests.dll" id="f69291b4-d9ff-622f-6c5a-ed33c0734cd5">
      <Execution id="77e15d92-81d7-4a79-bbbe-d86de0c6faa0" />
      <TestMethod codeBase="C:\repos\QuickLap\QuickLap.Tests\bin\Debug\net7.0\QuickLap.Tests.dll" adapterTypeName="executor://xunit/VsTestRunner2/netcoreapp" className="QuickLap.Tests.TempDatabase.WithoutClassFixture.UserRepositoryTests" name="LoginAsync_ShouldReturnFalse_WhenUserDoesNotExistWithMatchingCredentials" />
    </UnitTest>
    <UnitTest name="QuickLap.Tests.TempDatabase.WithoutClassFixture.OrderRepositoryTests.AddOrderItemAsync_ShouldAddOrderItem_WhenOrderDoesntHaveProductYet" storage="c:\repos\quicklap\quicklap.tests\bin\debug\net7.0\quicklap.tests.dll" id="e2503fc9-71c3-5edf-9444-22f1ede2d00c">
      <Execution id="75090d52-0ea4-4dcc-b2bc-f9d0c2734f28" />
      <TestMethod codeBase="C:\repos\QuickLap\QuickLap.Tests\bin\Debug\net7.0\QuickLap.Tests.dll" adapterTypeName="executor://xunit/VsTestRunner2/netcoreapp" className="QuickLap.Tests.TempDatabase.WithoutClassFixture.OrderRepositoryTests" name="AddOrderItemAsync_ShouldAddOrderItem_WhenOrderDoesntHaveProductYet" />
    </UnitTest>
    <UnitTest name="QuickLap.Tests.InMemory.WithClassFixture.CustomerRepositoryTests.RegisterCustomerAsync_ShouldRegisterCustomerAndReturnCustomerId" storage="c:\repos\quicklap\quicklap.tests\bin\debug\net7.0\quicklap.tests.dll" id="482aa2ce-7d31-9887-f0e4-d179e27c2ce8">
      <Execution id="8aab791a-c02f-48a3-8dbc-ab0ccbbd5bec" />
      <TestMethod codeBase="C:\repos\QuickLap\QuickLap.Tests\bin\Debug\net7.0\QuickLap.Tests.dll" adapterTypeName="executor://xunit/VsTestRunner2/netcoreapp" className="QuickLap.Tests.InMemory.WithClassFixture.CustomerRepositoryTests" name="RegisterCustomerAsync_ShouldRegisterCustomerAndReturnCustomerId" />
    </UnitTest>
    <UnitTest name="QuickLap.Tests.InMemory.WithClassFixture.OrderRepositoryTests.AddOrderItemAsync_ShouldIncrementOrderItem_WhenOrderAlreadyHasProduct" storage="c:\repos\quicklap\quicklap.tests\bin\debug\net7.0\quicklap.tests.dll" id="cb1fe8fb-11af-cc48-d956-4ad557f4be3f">
      <Execution id="2ace4e68-8cd2-4e20-8773-b6836f0c5661" />
      <TestMethod codeBase="C:\repos\QuickLap\QuickLap.Tests\bin\Debug\net7.0\QuickLap.Tests.dll" adapterTypeName="executor://xunit/VsTestRunner2/netcoreapp" className="QuickLap.Tests.InMemory.WithClassFixture.OrderRepositoryTests" name="AddOrderItemAsync_ShouldIncrementOrderItem_WhenOrderAlreadyHasProduct" />
    </UnitTest>
    <UnitTest name="QuickLap.Tests.TempDatabase.WithoutClassFixture.ProductRepositoryTests.GetByIdAsync_ShouldThrowNotFoundException_WhenProductDoesNotExist" storage="c:\repos\quicklap\quicklap.tests\bin\debug\net7.0\quicklap.tests.dll" id="1ce97ed8-fb10-3854-70b8-17871fddcff4">
      <Execution id="6693deed-8ee0-495e-bbef-cd4e25d79453" />
      <TestMethod codeBase="C:\repos\QuickLap\QuickLap.Tests\bin\Debug\net7.0\QuickLap.Tests.dll" adapterTypeName="executor://xunit/VsTestRunner2/netcoreapp" className="QuickLap.Tests.TempDatabase.WithoutClassFixture.ProductRepositoryTests" name="GetByIdAsync_ShouldThrowNotFoundException_WhenProductDoesNotExist" />
    </UnitTest>
    <UnitTest name="QuickLap.Tests.TempDatabase.WithoutClassFixture.OrderRepositoryTests.CreateOrderAsync_ShouldCreateOrderAndReturnOrderId" storage="c:\repos\quicklap\quicklap.tests\bin\debug\net7.0\quicklap.tests.dll" id="3e21f879-ddde-e3cc-eecb-52ab7bff2b5f">
      <Execution id="9c5be93b-4fbf-45c6-b5fe-cec1b8660fbb" />
      <TestMethod codeBase="C:\repos\QuickLap\QuickLap.Tests\bin\Debug\net7.0\QuickLap.Tests.dll" adapterTypeName="executor://xunit/VsTestRunner2/netcoreapp" className="QuickLap.Tests.TempDatabase.WithoutClassFixture.OrderRepositoryTests" name="CreateOrderAsync_ShouldCreateOrderAndReturnOrderId" />
    </UnitTest>
    <UnitTest name="QuickLap.Tests.TempDatabase.WithClassFixture.ProductRepositoryTests.GetAllAsync_ShouldReturnListOfProducts" storage="c:\repos\quicklap\quicklap.tests\bin\debug\net7.0\quicklap.tests.dll" id="5620cac4-1a62-1cbb-b4d5-46e269ca5a0e">
      <Execution id="2bfec2f4-5679-42d2-88b5-b6ed3feddc82" />
      <TestMethod codeBase="C:\repos\QuickLap\QuickLap.Tests\bin\Debug\net7.0\QuickLap.Tests.dll" adapterTypeName="executor://xunit/VsTestRunner2/netcoreapp" className="QuickLap.Tests.TempDatabase.WithClassFixture.ProductRepositoryTests" name="GetAllAsync_ShouldReturnListOfProducts" />
    </UnitTest>
    <UnitTest name="QuickLap.Tests.TempDatabase.WithoutClassFixture.OrderRepositoryTests.AddOrderItemAsync_ShouldIncrementOrderItem_WhenOrderAlreadyHasProduct" storage="c:\repos\quicklap\quicklap.tests\bin\debug\net7.0\quicklap.tests.dll" id="8fe41210-0ea1-c313-d8e7-2ecca0c2dbd5">
      <Execution id="2d0fd795-1d76-48d3-8663-f8fca879331a" />
      <TestMethod codeBase="C:\repos\QuickLap\QuickLap.Tests\bin\Debug\net7.0\QuickLap.Tests.dll" adapterTypeName="executor://xunit/VsTestRunner2/netcoreapp" className="QuickLap.Tests.TempDatabase.WithoutClassFixture.OrderRepositoryTests" name="AddOrderItemAsync_ShouldIncrementOrderItem_WhenOrderAlreadyHasProduct" />
    </UnitTest>
    <UnitTest name="QuickLap.Tests.InMemory.WithClassFixture.ProductRepositoryTests.GetByIdAsync_ShouldReturnProduct_WhenProductExists" storage="c:\repos\quicklap\quicklap.tests\bin\debug\net7.0\quicklap.tests.dll" id="77dcc98d-6b07-895c-8129-9b4d9c09ef23">
      <Execution id="9716be6b-2276-4412-a059-056ed8cd763c" />
      <TestMethod codeBase="C:\repos\QuickLap\QuickLap.Tests\bin\Debug\net7.0\QuickLap.Tests.dll" adapterTypeName="executor://xunit/VsTestRunner2/netcoreapp" className="QuickLap.Tests.InMemory.WithClassFixture.ProductRepositoryTests" name="GetByIdAsync_ShouldReturnProduct_WhenProductExists" />
    </UnitTest>
    <UnitTest name="QuickLap.Tests.InMemory.WithoutClassFixture.UserRepositoryTests.CompleteProfileAsync_ShouldThrowNotFoundException_WhenUserDoesNotExist" storage="c:\repos\quicklap\quicklap.tests\bin\debug\net7.0\quicklap.tests.dll" id="e64f1770-c79d-2f14-5308-66c63eb26b9a">
      <Execution id="bd9fc02f-dd8d-489c-8764-d3b7ab9c4fe3" />
      <TestMethod codeBase="C:\repos\QuickLap\QuickLap.Tests\bin\Debug\net7.0\QuickLap.Tests.dll" adapterTypeName="executor://xunit/VsTestRunner2/netcoreapp" className="QuickLap.Tests.InMemory.WithoutClassFixture.UserRepositoryTests" name="CompleteProfileAsync_ShouldThrowNotFoundException_WhenUserDoesNotExist" />
    </UnitTest>
    <UnitTest name="QuickLap.Tests.TempDatabase.WithClassFixture.ProductRepositoryTests.AddProductAsync_ShouldAddProductAndReturnProductId" storage="c:\repos\quicklap\quicklap.tests\bin\debug\net7.0\quicklap.tests.dll" id="024fae90-899a-19fa-0c93-3ef90e82a44f">
      <Execution id="bb50b952-504a-49fd-8d24-9c009e255bac" />
      <TestMethod codeBase="C:\repos\QuickLap\QuickLap.Tests\bin\Debug\net7.0\QuickLap.Tests.dll" adapterTypeName="executor://xunit/VsTestRunner2/netcoreapp" className="QuickLap.Tests.TempDatabase.WithClassFixture.ProductRepositoryTests" name="AddProductAsync_ShouldAddProductAndReturnProductId" />
    </UnitTest>
    <UnitTest name="QuickLap.Tests.InMemory.WithoutClassFixture.CustomerRepositoryTests.RegisterCustomerAsync_ShouldThrowEntityAlreadyExistsException_WhenCustomerWithEmailAlreadyExists" storage="c:\repos\quicklap\quicklap.tests\bin\debug\net7.0\quicklap.tests.dll" id="514b1ae5-96ca-d420-7127-107633ef9f36">
      <Execution id="719b6851-c838-4276-a050-79c7f91b48b0" />
      <TestMethod codeBase="C:\repos\QuickLap\QuickLap.Tests\bin\Debug\net7.0\QuickLap.Tests.dll" adapterTypeName="executor://xunit/VsTestRunner2/netcoreapp" className="QuickLap.Tests.InMemory.WithoutClassFixture.CustomerRepositoryTests" name="RegisterCustomerAsync_ShouldThrowEntityAlreadyExistsException_WhenCustomerWithEmailAlreadyExists" />
    </UnitTest>
    <UnitTest name="QuickLap.Tests.TempDatabase.WithClassFixture.UserRepositoryTests.RegisterUserAsync_ShouldThrowEntityAlreadyExistsException_WhenUserWithEmailAlreadyExists" storage="c:\repos\quicklap\quicklap.tests\bin\debug\net7.0\quicklap.tests.dll" id="1ecadd98-b7c7-5952-2d0b-4875486944ab">
      <Execution id="9d3ab9e6-e15b-4ec2-a9d2-9356e72882df" />
      <TestMethod codeBase="C:\repos\QuickLap\QuickLap.Tests\bin\Debug\net7.0\QuickLap.Tests.dll" adapterTypeName="executor://xunit/VsTestRunner2/netcoreapp" className="QuickLap.Tests.TempDatabase.WithClassFixture.UserRepositoryTests" name="RegisterUserAsync_ShouldThrowEntityAlreadyExistsException_WhenUserWithEmailAlreadyExists" />
    </UnitTest>
    <UnitTest name="QuickLap.Tests.TempDatabase.WithClassFixture.ProductRepositoryTests.GetByIdAsync_ShouldThrowNotFoundException_WhenProductDoesNotExist" storage="c:\repos\quicklap\quicklap.tests\bin\debug\net7.0\quicklap.tests.dll" id="f9893a2a-2520-d3da-e820-f067a2d2028c">
      <Execution id="d79cec15-7245-48bb-823d-9c9ff48beab8" />
      <TestMethod codeBase="C:\repos\QuickLap\QuickLap.Tests\bin\Debug\net7.0\QuickLap.Tests.dll" adapterTypeName="executor://xunit/VsTestRunner2/netcoreapp" className="QuickLap.Tests.TempDatabase.WithClassFixture.ProductRepositoryTests" name="GetByIdAsync_ShouldThrowNotFoundException_WhenProductDoesNotExist" />
    </UnitTest>
    <UnitTest name="QuickLap.Tests.TempDatabase.WithoutClassFixture.CustomerRepositoryTests.RegisterCustomerAsync_ShouldThrowEntityAlreadyExistsException_WhenCustomerWithEmailAlreadyExists" storage="c:\repos\quicklap\quicklap.tests\bin\debug\net7.0\quicklap.tests.dll" id="d763b7c7-90ea-1ab9-0c18-2741901564c6">
      <Execution id="99c3e4d0-b8d2-4aa9-a56e-34c36087b497" />
      <TestMethod codeBase="C:\repos\QuickLap\QuickLap.Tests\bin\Debug\net7.0\QuickLap.Tests.dll" adapterTypeName="executor://xunit/VsTestRunner2/netcoreapp" className="QuickLap.Tests.TempDatabase.WithoutClassFixture.CustomerRepositoryTests" name="RegisterCustomerAsync_ShouldThrowEntityAlreadyExistsException_WhenCustomerWithEmailAlreadyExists" />
    </UnitTest>
  </TestDefinitions>
  <TestEntries>
    <TestEntry testId="995d70cd-2baa-a5b0-5fca-b41d05709a0d" executionId="6d6de74a-7e1f-49ce-a24d-f4875a2cccfa" testListId="8c84fa94-04c1-424b-9868-57a2d4851a1d" />
    <TestEntry testId="e3a06078-0b50-7fbf-f666-aaffc96526a5" executionId="48fd259b-b9c2-433c-933a-3a4c54a8ff70" testListId="8c84fa94-04c1-424b-9868-57a2d4851a1d" />
    <TestEntry testId="d763b7c7-90ea-1ab9-0c18-2741901564c6" executionId="99c3e4d0-b8d2-4aa9-a56e-34c36087b497" testListId="8c84fa94-04c1-424b-9868-57a2d4851a1d" />
    <TestEntry testId="2c7f51d8-210a-701e-efee-996d6690a153" executionId="121f5abf-b4d6-4d3b-8940-2e4deb2a6e17" testListId="8c84fa94-04c1-424b-9868-57a2d4851a1d" />
    <TestEntry testId="91d5ff86-719d-b058-4dd2-8c8cff7f4977" executionId="0a563eaa-1fcf-4c5b-9ef6-32518fb52a1d" testListId="8c84fa94-04c1-424b-9868-57a2d4851a1d" />
    <TestEntry testId="39734f60-401d-f84c-7987-74bb30b8c344" executionId="2ea1cbd5-0d07-4493-aedd-56fc3f69d5a9" testListId="8c84fa94-04c1-424b-9868-57a2d4851a1d" />
    <TestEntry testId="d1b45ebd-f980-5fd0-5274-b58e4f0e2775" executionId="1901442b-eeb7-4c3e-9150-c3f0e614c90e" testListId="8c84fa94-04c1-424b-9868-57a2d4851a1d" />
    <TestEntry testId="4f69fe12-90de-841d-6b23-9fab0acbe0d1" executionId="14bebd09-971f-40f3-8567-64f1c2ef26ae" testListId="8c84fa94-04c1-424b-9868-57a2d4851a1d" />
    <TestEntry testId="a02524af-43bd-b2a2-47ad-803ed7126c48" executionId="bf1d251e-2438-4241-98db-f3fa40a55c9a" testListId="8c84fa94-04c1-424b-9868-57a2d4851a1d" />
    <TestEntry testId="514b1ae5-96ca-d420-7127-107633ef9f36" executionId="719b6851-c838-4276-a050-79c7f91b48b0" testListId="8c84fa94-04c1-424b-9868-57a2d4851a1d" />
    <TestEntry testId="ad5d8362-40af-9427-71a3-2f821ca85ab7" executionId="18117e1a-f8d4-4467-bba4-50112e969832" testListId="8c84fa94-04c1-424b-9868-57a2d4851a1d" />
    <TestEntry testId="cb1fe8fb-11af-cc48-d956-4ad557f4be3f" executionId="2ace4e68-8cd2-4e20-8773-b6836f0c5661" testListId="8c84fa94-04c1-424b-9868-57a2d4851a1d" />
    <TestEntry testId="905d6018-869c-38e0-c062-b2bc05ec69f9" executionId="58539c81-0577-4ad0-80b6-dbe72f04cf67" testListId="8c84fa94-04c1-424b-9868-57a2d4851a1d" />
    <TestEntry testId="3b338677-1775-15e6-a14f-4766662acc57" executionId="4486de6e-c4ad-4392-8a8d-9c6db0df9af5" testListId="8c84fa94-04c1-424b-9868-57a2d4851a1d" />
    <TestEntry testId="1b5f022a-5d30-81ba-1561-a3d481ccfa87" executionId="3a0db0cb-e021-4e95-b8e6-c70b6bc22c47" testListId="8c84fa94-04c1-424b-9868-57a2d4851a1d" />
    <TestEntry testId="75dbc904-454d-3fba-c563-bb7ebffd7ca8" executionId="41bee4db-caa4-4670-9a15-8a97703c77c3" testListId="8c84fa94-04c1-424b-9868-57a2d4851a1d" />
    <TestEntry testId="95d06feb-42b2-fa49-f3af-a6f132c45fb9" executionId="976291bf-07f8-4e01-a4af-025d0cdfa826" testListId="8c84fa94-04c1-424b-9868-57a2d4851a1d" />
    <TestEntry testId="87948de4-9d20-5a73-e5b9-b63baec58b80" executionId="7ec564c7-d27d-406a-8eb1-d112862c94a0" testListId="8c84fa94-04c1-424b-9868-57a2d4851a1d" />
    <TestEntry testId="1ca4d800-a8da-27e1-b1e3-d6e6f0fadfa2" executionId="c9a4f516-29ed-4bc7-acad-c5746b22c30e" testListId="8c84fa94-04c1-424b-9868-57a2d4851a1d" />
    <TestEntry testId="bcccf3df-639e-e23d-1a55-0702a2507011" executionId="a8ee65f2-56e5-460b-a912-5740b3b1ff93" testListId="8c84fa94-04c1-424b-9868-57a2d4851a1d" />
    <TestEntry testId="40c86054-1385-fad6-2667-fe02b9793bec" executionId="4451a2c8-5a4b-47f6-8d91-e31073f0ec72" testListId="8c84fa94-04c1-424b-9868-57a2d4851a1d" />
    <TestEntry testId="77dcc98d-6b07-895c-8129-9b4d9c09ef23" executionId="9716be6b-2276-4412-a059-056ed8cd763c" testListId="8c84fa94-04c1-424b-9868-57a2d4851a1d" />
    <TestEntry testId="f27469e9-43f0-6ebf-d1b9-a71d754c65d0" executionId="8515ea9d-53a6-4bb8-ac9a-7f0e6e48a3ab" testListId="8c84fa94-04c1-424b-9868-57a2d4851a1d" />
    <TestEntry testId="f9893a2a-2520-d3da-e820-f067a2d2028c" executionId="d79cec15-7245-48bb-823d-9c9ff48beab8" testListId="8c84fa94-04c1-424b-9868-57a2d4851a1d" />
    <TestEntry testId="17ad132b-5f7c-912f-f4c3-4ece8c258e12" executionId="08611e83-4cb0-4733-a3a4-297d4144684f" testListId="8c84fa94-04c1-424b-9868-57a2d4851a1d" />
    <TestEntry testId="6956cea8-3b70-ab4d-0a70-44021c4d03be" executionId="aadb7cc4-5c83-4b3b-bb47-c29c0370252e" testListId="8c84fa94-04c1-424b-9868-57a2d4851a1d" />
    <TestEntry testId="d54318f1-4ee1-ea7d-c831-d97ce15fd952" executionId="99a3efd7-2e2e-48da-96c0-9546b190dc65" testListId="8c84fa94-04c1-424b-9868-57a2d4851a1d" />
    <TestEntry testId="62f51c8a-217e-863f-ca17-944dcaffe5fa" executionId="39028971-5d75-40ca-b0f5-1dd652b0922f" testListId="8c84fa94-04c1-424b-9868-57a2d4851a1d" />
    <TestEntry testId="f8f79563-3b33-6a2c-4d9d-5921e3775d57" executionId="1e67ba6c-6c61-4ca1-8e60-5930cc78c09d" testListId="8c84fa94-04c1-424b-9868-57a2d4851a1d" />
    <TestEntry testId="5a7c2469-1e04-f5dc-baac-f6dfaa1d46e4" executionId="12f09b08-5c77-4dd5-b5dc-ccb013bded5d" testListId="8c84fa94-04c1-424b-9868-57a2d4851a1d" />
    <TestEntry testId="024fae90-899a-19fa-0c93-3ef90e82a44f" executionId="bb50b952-504a-49fd-8d24-9c009e255bac" testListId="8c84fa94-04c1-424b-9868-57a2d4851a1d" />
    <TestEntry testId="46cd4733-3f00-6947-5995-d24d8e6c32b3" executionId="ddd7f517-f6e6-4cac-9f57-231603d14cb5" testListId="8c84fa94-04c1-424b-9868-57a2d4851a1d" />
    <TestEntry testId="f4fde79a-7299-05a3-237e-926ead7d2471" executionId="6f1f6a93-ad2a-4cb1-81b7-f7f04a9c7006" testListId="8c84fa94-04c1-424b-9868-57a2d4851a1d" />
    <TestEntry testId="acc3284d-1420-0d7b-41bc-aa95c6df0173" executionId="a041e19a-a77f-400d-ba94-d318a3ace4a8" testListId="8c84fa94-04c1-424b-9868-57a2d4851a1d" />
    <TestEntry testId="8a0bfc88-7ee3-3d0b-4a12-3a518ab90276" executionId="e482bce2-e95f-43f4-8ad2-c892441b183f" testListId="8c84fa94-04c1-424b-9868-57a2d4851a1d" />
    <TestEntry testId="e64f1770-c79d-2f14-5308-66c63eb26b9a" executionId="bd9fc02f-dd8d-489c-8764-d3b7ab9c4fe3" testListId="8c84fa94-04c1-424b-9868-57a2d4851a1d" />
    <TestEntry testId="1ecadd98-b7c7-5952-2d0b-4875486944ab" executionId="9d3ab9e6-e15b-4ec2-a9d2-9356e72882df" testListId="8c84fa94-04c1-424b-9868-57a2d4851a1d" />
    <TestEntry testId="482aa2ce-7d31-9887-f0e4-d179e27c2ce8" executionId="8aab791a-c02f-48a3-8dbc-ab0ccbbd5bec" testListId="8c84fa94-04c1-424b-9868-57a2d4851a1d" />
    <TestEntry testId="c884c42f-7db6-eac8-2502-dfd7a63da7ae" executionId="9aae5631-66ae-43d3-9be1-97d7b3a1c090" testListId="8c84fa94-04c1-424b-9868-57a2d4851a1d" />
    <TestEntry testId="5620cac4-1a62-1cbb-b4d5-46e269ca5a0e" executionId="2bfec2f4-5679-42d2-88b5-b6ed3feddc82" testListId="8c84fa94-04c1-424b-9868-57a2d4851a1d" />
    <TestEntry testId="1ce97ed8-fb10-3854-70b8-17871fddcff4" executionId="6693deed-8ee0-495e-bbef-cd4e25d79453" testListId="8c84fa94-04c1-424b-9868-57a2d4851a1d" />
    <TestEntry testId="9c8225fd-c605-93c4-36cc-b14173f9b898" executionId="543003b7-fb3c-4c36-b3f5-ca92032fc503" testListId="8c84fa94-04c1-424b-9868-57a2d4851a1d" />
    <TestEntry testId="55aac076-097c-3f88-8435-383763ce4eb7" executionId="e3956cb7-dda1-42ed-a007-ef70da601aae" testListId="8c84fa94-04c1-424b-9868-57a2d4851a1d" />
    <TestEntry testId="c8848481-7ad0-8453-ece5-9433c79d6bfd" executionId="8bca7eb8-3c30-4adb-b62b-4b6c560cdc90" testListId="8c84fa94-04c1-424b-9868-57a2d4851a1d" />
    <TestEntry testId="3e21f879-ddde-e3cc-eecb-52ab7bff2b5f" executionId="9c5be93b-4fbf-45c6-b5fe-cec1b8660fbb" testListId="8c84fa94-04c1-424b-9868-57a2d4851a1d" />
    <TestEntry testId="6fe46184-1535-b2e1-5609-eae0409a9281" executionId="5fb29109-e461-42e2-bb58-e6f540ca558d" testListId="8c84fa94-04c1-424b-9868-57a2d4851a1d" />
    <TestEntry testId="15a30c8d-3a7b-2f18-e0ee-eccdfdcd25a1" executionId="645630aa-ad52-4b40-83b0-13f7fd53f1e1" testListId="8c84fa94-04c1-424b-9868-57a2d4851a1d" />
    <TestEntry testId="cc4f8100-58c9-5b75-1d07-4ffac49e0314" executionId="39a632dd-3edd-469e-afda-8ea39eca4c7b" testListId="8c84fa94-04c1-424b-9868-57a2d4851a1d" />
    <TestEntry testId="ae353b48-4582-95f4-6ed3-77358877b5d5" executionId="0169f031-04ae-47f8-9ef1-0f9874c44e19" testListId="8c84fa94-04c1-424b-9868-57a2d4851a1d" />
    <TestEntry testId="6c74461b-c721-c6fa-74ed-1a09f55f2b69" executionId="8555ad1f-6d13-4b75-94ec-c46427f534cd" testListId="8c84fa94-04c1-424b-9868-57a2d4851a1d" />
    <TestEntry testId="bdb8d388-b713-24aa-5807-ccebce3003f2" executionId="9fa44f84-13cc-4972-894d-e514efc424c0" testListId="8c84fa94-04c1-424b-9868-57a2d4851a1d" />
    <TestEntry testId="a776eefd-6596-e19f-c31f-844ddaf01d85" executionId="1582d3bb-6c5e-48e0-ba16-5643b441d0ff" testListId="8c84fa94-04c1-424b-9868-57a2d4851a1d" />
    <TestEntry testId="b4542277-6809-6c2d-048c-f7cc829b890f" executionId="194eaf47-f980-403e-ba5b-1197413ca8bb" testListId="8c84fa94-04c1-424b-9868-57a2d4851a1d" />
    <TestEntry testId="f69291b4-d9ff-622f-6c5a-ed33c0734cd5" executionId="77e15d92-81d7-4a79-bbbe-d86de0c6faa0" testListId="8c84fa94-04c1-424b-9868-57a2d4851a1d" />
    <TestEntry testId="8fe41210-0ea1-c313-d8e7-2ecca0c2dbd5" executionId="2d0fd795-1d76-48d3-8663-f8fca879331a" testListId="8c84fa94-04c1-424b-9868-57a2d4851a1d" />
    <TestEntry testId="0b54f752-dd2f-3968-0389-a10204700fe8" executionId="e7f653f4-95d1-443f-9c16-074de24b42a7" testListId="8c84fa94-04c1-424b-9868-57a2d4851a1d" />
    <TestEntry testId="5756351e-1cf7-6f28-2835-4cd55f0154d2" executionId="76606bb4-1184-4e6e-98a6-9303dd879d2f" testListId="8c84fa94-04c1-424b-9868-57a2d4851a1d" />
    <TestEntry testId="3b75b512-251c-f426-eca2-062a7bced349" executionId="ce536a33-f552-49c4-a832-d59116743613" testListId="8c84fa94-04c1-424b-9868-57a2d4851a1d" />
    <TestEntry testId="e2503fc9-71c3-5edf-9444-22f1ede2d00c" executionId="75090d52-0ea4-4dcc-b2bc-f9d0c2734f28" testListId="8c84fa94-04c1-424b-9868-57a2d4851a1d" />
    <TestEntry testId="7b19220b-bf5e-9c34-1517-803d7389fc6d" executionId="cfaf2184-957f-4b57-aece-093c029e9bc2" testListId="8c84fa94-04c1-424b-9868-57a2d4851a1d" />
  </TestEntries>
  <TestLists>
    <TestList name="Results Not in a List" id="8c84fa94-04c1-424b-9868-57a2d4851a1d" />
    <TestList name="All Loaded Results" id="19431567-8539-422a-85d7-44ee4e166bda" />
  </TestLists>
  <ResultSummary outcome="Completed">
    <Counters total="60" executed="60" passed="60" failed="0" error="0" timeout="0" aborted="0" inconclusive="0" passedButRunAborted="0" notRunnable="0" notExecuted="0" disconnected="0" warning="0" completed="0" inProgress="0" pending="0" />
    <Output>
      <StdOut>[xUnit.net 00:00:00.00] xUnit.net VSTest Adapter v2.5.4.1+b9eacec401 (64-bit .NET 7.0.14)&#xD;
[xUnit.net 00:00:00.11]   Discovering: QuickLap.Tests&#xD;
[xUnit.net 00:00:00.15]   Discovered:  QuickLap.Tests&#xD;
[xUnit.net 00:00:00.16]   Starting:    QuickLap.Tests&#xD;
[xUnit.net 00:00:06.77]   Finished:    QuickLap.Tests&#xD;
</StdOut>
    </Output>
  </ResultSummary>
</TestRun>